#
# There is insufficient memory for the Java Runtime Environment to continue.
# Native memory allocation (mmap) failed to map 257949696 bytes for G1 virtual space
# Possible reasons:
#   The system is out of physical RAM or swap space
#   The process is running with CompressedOops enabled, and the Java Heap may be blocking the growth of the native heap
# Possible solutions:
#   Reduce memory load on the system
#   Increase physical memory or swap space
#   Check if swap backing store is full
#   Decrease Java heap size (-Xmx/-Xms)
#   Decrease number of Java threads
#   Decrease Java thread stack sizes (-Xss)
#   Set larger code cache with -XX:ReservedCodeCacheSize=
#   JVM is running with Zero Based Compressed Oops mode in which the Java heap is
#     placed in the first 32GB address space. The Java Heap base address is the
#     maximum limit for the native heap growth. Please use -XX:HeapBaseMinAddress
#     to set the Java Heap base and to place the Java Heap above 32GB virtual address.
# This output file may be truncated or incomplete.
#
#  Out of Memory Error (os_windows.cpp:3552), pid=15908, tid=25188
#
# JRE version:  (17.0.9+11) (build )
# Java VM: Java HotSpot(TM) 64-Bit Server VM (17.0.9+11-LTS-201, mixed mode, sharing, tiered, compressed oops, compressed class ptrs, g1 gc, windows-amd64)
# No core dump will be written. Minidumps are not enabled by default on client versions of Windows
#

---------------  S U M M A R Y ------------

Command Line: org.jetbrains.kotlin.cli.jvm.K2JVMCompiler @C:\Users\Debasis\Desktop\hesham\faceflip\node_modules\react-native-safe-area-context\android\build\20250305_16904180194517725523.compiler.options

Host: AMD Ryzen 5 5500U with Radeon Graphics         , 12 cores, 15G,  Windows 11 , 64 bit Build 22621 (10.0.22621.4830)
Time: Wed Mar  5 13:48:30 2025 India Standard Time elapsed time: 0.014276 seconds (0d 0h 0m 0s)

---------------  T H R E A D  ---------------

Current thread (0x000001a511b19fd0):  JavaThread "Unknown thread" [_thread_in_vm, id=25188, stack(0x00000044f0200000,0x00000044f0300000)]

Stack: [0x00000044f0200000,0x00000044f0300000]
Native frames: (J=compiled Java code, j=interpreted, Vv=VM code, C=native code)
V  [jvm.dll+0x678a4a]
V  [jvm.dll+0x7d9cfd]
V  [jvm.dll+0x7db60e]
V  [jvm.dll+0x7dbc73]
V  [jvm.dll+0x245e1f]
V  [jvm.dll+0x6758f9]
V  [jvm.dll+0x66a2a2]
V  [jvm.dll+0x303686]
V  [jvm.dll+0x30ac06]
V  [jvm.dll+0x35a48e]
V  [jvm.dll+0x35a6bf]
V  [jvm.dll+0x2da678]
V  [jvm.dll+0x2db5e4]
V  [jvm.dll+0x7ab6b1]
V  [jvm.dll+0x368041]
V  [jvm.dll+0x78a749]
V  [jvm.dll+0x3ebd4f]
V  [jvm.dll+0x3ed7d1]
C  [jli.dll+0x5297]
C  [ucrtbase.dll+0x29333]
C  [KERNEL32.DLL+0x1259d]
C  [ntdll.dll+0x5af38]


---------------  P R O C E S S  ---------------

Threads class SMR info:
_java_thread_list=0x00007ffff00389d8, length=0, elements={
}

Java Threads: ( => current thread )

Other Threads:
  0x000001a513cc0630 GCTaskThread "GC Thread#0" [stack: 0x00000044f0300000,0x00000044f0400000] [id=15036]
  0x000001a513cd0a00 ConcurrentGCThread "G1 Main Marker" [stack: 0x00000044f0400000,0x00000044f0500000] [id=21468]
  0x000001a513cd1310 ConcurrentGCThread "G1 Conc#0" [stack: 0x00000044f0500000,0x00000044f0600000] [id=25616]

[error occurred during error reporting (printing all threads), id 0xc0000005, EXCEPTION_ACCESS_VIOLATION (0xc0000005) at pc=0x00007fffef86b2d7]

VM state: not at safepoint (not fully initialized)

VM Mutex/Monitor currently owned by a thread:  ([mutex/lock_event])
[0x000001a513c5a170] Heap_lock - owner thread: 0x000001a511b19fd0

Heap address: 0x000000070a800000, size: 3928 MB, Compressed Oops mode: Zero based, Oop shift amount: 3

CDS archive(s) mapped at: [0x0000000000000000-0x0000000000000000-0x0000000000000000), size 0, SharedBaseAddress: 0x0000000800000000, ArchiveRelocationMode: 1.
Narrow klass base: 0x0000000000000000, Narrow klass shift: 0, Narrow klass range: 0x0

GC Precious Log:
<Empty>

Heap:
 garbage-first heap   total 0K, used 0K [0x000000070a800000, 0x0000000800000000)
  region size 2048K, 0 young (0K), 0 survivors (0K)

[error occurred during error reporting (printing heap information), id 0xc0000005, EXCEPTION_ACCESS_VIOLATION (0xc0000005) at pc=0x00007fffefc52229]

GC Heap History (0 events):
No events

Deoptimization events (0 events):
No events

Classes unloaded (0 events):
No events

Classes redefined (0 events):
No events

Internal exceptions (0 events):
No events

VM Operations (0 events):
No events

Events (1 events):
Event: 0.009 Loaded shared library C:\Program Files\Java\jdk-17\bin\java.dll


Dynamic libraries:
0x00007ff731460000 - 0x00007ff731470000 	C:\Program Files\Java\jdk-17\bin\java.exe
0x00007ff8364d0000 - 0x00007ff8366e7000 	C:\Windows\SYSTEM32\ntdll.dll
0x00007ff834390000 - 0x00007ff834454000 	C:\Windows\System32\KERNEL32.DLL
0x00007ff833a40000 - 0x00007ff833e10000 	C:\Windows\System32\KERNELBASE.dll
0x00007ff833920000 - 0x00007ff833a31000 	C:\Windows\System32\ucrtbase.dll
0x00007ff82e7b0000 - 0x00007ff82e7cb000 	C:\Program Files\Java\jdk-17\bin\VCRUNTIME140.dll
0x00007ff82e7d0000 - 0x00007ff82e7e9000 	C:\Program Files\Java\jdk-17\bin\jli.dll
0x00007ff835f50000 - 0x00007ff836001000 	C:\Windows\System32\ADVAPI32.dll
0x00007ff8355f0000 - 0x00007ff835697000 	C:\Windows\System32\msvcrt.dll
0x00007ff835ea0000 - 0x00007ff835f47000 	C:\Windows\System32\sechost.dll
0x00007ff834190000 - 0x00007ff8341b8000 	C:\Windows\System32\bcrypt.dll
0x00007ff8345e0000 - 0x00007ff8346f4000 	C:\Windows\System32\RPCRT4.dll
0x00007ff835440000 - 0x00007ff8355ee000 	C:\Windows\System32\USER32.dll
0x00007ff833e10000 - 0x00007ff833e36000 	C:\Windows\System32\win32u.dll
0x00007ff82a9d0000 - 0x00007ff82ac62000 	C:\Windows\WinSxS\amd64_microsoft.windows.common-controls_6595b64144ccf1df_6.0.22621.4830_none_270fe7d773858e80\COMCTL32.dll
0x00007ff835a30000 - 0x00007ff835a59000 	C:\Windows\System32\GDI32.dll
0x00007ff833800000 - 0x00007ff83391b000 	C:\Windows\System32\gdi32full.dll
0x00007ff8340f0000 - 0x00007ff83418a000 	C:\Windows\System32\msvcp_win.dll
0x00007ff82a9c0000 - 0x00007ff82a9ca000 	C:\Windows\SYSTEM32\VERSION.dll
0x00007ff835110000 - 0x00007ff835141000 	C:\Windows\System32\IMM32.DLL
0x00007ff82e8c0000 - 0x00007ff82e8cc000 	C:\Program Files\Java\jdk-17\bin\vcruntime140_1.dll
0x00007ff827c40000 - 0x00007ff827cce000 	C:\Program Files\Java\jdk-17\bin\msvcp140.dll
0x00007fffef580000 - 0x00007ffff0161000 	C:\Program Files\Java\jdk-17\bin\server\jvm.dll
0x00007ff834460000 - 0x00007ff834468000 	C:\Windows\System32\PSAPI.DLL
0x00007ff82e660000 - 0x00007ff82e669000 	C:\Windows\SYSTEM32\WSOCK32.dll
0x00007ff82e5e0000 - 0x00007ff82e614000 	C:\Windows\SYSTEM32\WINMM.dll
0x00007ff835150000 - 0x00007ff8351c1000 	C:\Windows\System32\WS2_32.dll
0x00007ff832830000 - 0x00007ff832848000 	C:\Windows\SYSTEM32\kernel.appcore.dll
0x00007ff82e650000 - 0x00007ff82e65a000 	C:\Program Files\Java\jdk-17\bin\jimage.dll
0x00007ff8310b0000 - 0x00007ff8312e2000 	C:\Windows\SYSTEM32\DBGHELP.DLL
0x00007ff8356a0000 - 0x00007ff835a30000 	C:\Windows\System32\combase.dll
0x00007ff8352b0000 - 0x00007ff835387000 	C:\Windows\System32\OLEAUT32.dll
0x00007ff828080000 - 0x00007ff8280b2000 	C:\Windows\SYSTEM32\dbgcore.DLL
0x00007ff833780000 - 0x00007ff8337fb000 	C:\Windows\System32\bcryptPrimitives.dll
0x00007ff82e0e0000 - 0x00007ff82e105000 	C:\Program Files\Java\jdk-17\bin\java.dll

dbghelp: loaded successfully - version: 4.0.5 - missing functions: none
symbol engine: initialized successfully - sym options: 0x614 - pdb path: .;C:\Program Files\Java\jdk-17\bin;C:\Windows\SYSTEM32;C:\Windows\WinSxS\amd64_microsoft.windows.common-controls_6595b64144ccf1df_6.0.22621.4830_none_270fe7d773858e80;C:\Program Files\Java\jdk-17\bin\server

VM Arguments:
java_command: org.jetbrains.kotlin.cli.jvm.K2JVMCompiler @C:\Users\Debasis\Desktop\hesham\faceflip\node_modules\react-native-safe-area-context\android\build\20250305_16904180194517725523.compiler.options
java_class_path (initial): C:\Users\Debasis\.gradle\caches\modules-2\files-2.1\org.jetbrains.kotlin\kotlin-compiler-embeddable\1.9.24\78dab849090e6c5e2eadb6e59a11cdc28fb67a08\kotlin-compiler-embeddable-1.9.24.jar;C:\Users\Debasis\.gradle\caches\modules-2\files-2.1\org.jetbrains.kotlin\kotlin-stdlib\1.9.24\9928532f12c66ad816a625b3f9984f8368ca6d2b\kotlin-stdlib-1.9.24.jar;C:\Users\Debasis\.gradle\caches\modules-2\files-2.1\org.jetbrains.kotlin\kotlin-script-runtime\1.9.24\96771497da90fbc5af1c90fce148db2595a62502\kotlin-script-runtime-1.9.24.jar;C:\Users\Debasis\.gradle\caches\modules-2\files-2.1\org.jetbrains.kotlin\kotlin-reflect\1.6.10\1cbe9c92c12a94eea200d23c2bbaedaf3daf5132\kotlin-reflect-1.6.10.jar;C:\Users\Debasis\.gradle\caches\modules-2\files-2.1\org.jetbrains.kotlin\kotlin-daemon-embeddable\1.9.24\86685b9c5e8d170925bd9ddbdc263374a6a73281\kotlin-daemon-embeddable-1.9.24.jar;C:\Users\Debasis\.gradle\caches\modules-2\files-2.1\org.jetbrains.intellij.deps\trove4j\1.0.20200330\3afb14d5f9ceb459d724e907a21145e8ff394f02\trove4j-1.0.20200330.jar;C:\Users\Debasis\.gradle\caches\modules-2\files-2.1\org.jetbrains\annotations\13.0\919f0dfe192fb4e063e7dacadee7f8bb9a2672a9\annotations-13.0.jar
Launcher Type: SUN_STANDARD

[Global flags]
     intx CICompilerCount                          = 4                                         {product} {ergonomic}
     uint ConcGCThreads                            = 3                                         {product} {ergonomic}
     uint G1ConcRefinementThreads                  = 10                                        {product} {ergonomic}
   size_t G1HeapRegionSize                         = 2097152                                   {product} {ergonomic}
    uintx GCDrainStackTargetSize                   = 64                                        {product} {ergonomic}
   size_t InitialHeapSize                          = 257949696                                 {product} {ergonomic}
   size_t MarkStackSize                            = 4194304                                   {product} {ergonomic}
   size_t MaxHeapSize                              = 4118806528                                {product} {ergonomic}
   size_t MinHeapDeltaBytes                        = 2097152                                   {product} {ergonomic}
   size_t MinHeapSize                              = 8388608                                   {product} {ergonomic}
    uintx NonNMethodCodeHeapSize                   = 5839372                                {pd product} {ergonomic}
    uintx NonProfiledCodeHeapSize                  = 122909434                              {pd product} {ergonomic}
    uintx ProfiledCodeHeapSize                     = 122909434                              {pd product} {ergonomic}
    uintx ReservedCodeCacheSize                    = 251658240                              {pd product} {ergonomic}
     bool SegmentedCodeCache                       = true                                      {product} {ergonomic}
   size_t SoftMaxHeapSize                          = 4118806528                             {manageable} {ergonomic}
     bool UseCompressedClassPointers               = true                           {product lp64_product} {ergonomic}
     bool UseCompressedOops                        = true                           {product lp64_product} {ergonomic}
     bool UseG1GC                                  = true                                      {product} {ergonomic}
     bool UseLargePagesIndividualAllocation        = false                                  {pd product} {ergonomic}

Logging:
Log output configuration:
 #0: stdout all=warning uptime,level,tags
 #1: stderr all=off uptime,level,tags

Environment Variables:
JAVA_HOME=C:\Program Files\Java\jdk-17
CLASSPATH=C:\Users\Debasis\Desktop\hesham\faceflip\android\\gradle\wrapper\gradle-wrapper.jar
PATH=C:\Users\Debasis\Desktop\hesham\faceflip\node_modules\.bin;C:\Users\Debasis\Desktop\hesham\node_modules\.bin;C:\Users\Debasis\Desktop\node_modules\.bin;C:\Users\Debasis\node_modules\.bin;C:\Users\node_modules\.bin;C:\node_modules\.bin;C:\Users\deepa\AppData\Roaming\nvm\v20.11.1\node_modules\npm\node_modules\@npmcli\run-script\lib\node-gyp-bin;C:\Python313\Scripts\;C:\Python313\;C:\Program Files\Eclipse Adoptium\jdk-21.0.6.7-hotspot\bin;C:\Windows\system32;C:\Windows;C:\Windows\System32\Wbem;C:\Windows\System32\WindowsPowerShell\v1.0\;C:\Windows\System32\OpenSSH\;C:\Users\Debasis\AppData\Local\android\Sdk\platform-tools;C:\src\flutter\bin;C:\Program Files\Java\jdk-11\bin;C:\Users\deepa\AppData\Roaming\nvm;C:\Program Files\nodejs;C:\Program Files\Docker\Docker\resources\bin;C:\Program Files\PuTTY\;C:\Program Files\nodejs\;C:\ProgramData\chocolatey\bin;C:\Users\Debasis\AppData\Local\Microsoft\WindowsApps;C:\Users\Debasis\AppData\Local\Programs\Git\cmd;C:\Users\Debasis\AppData\Local\Programs\Microsoft VS Code\bin;C:\Users\Debasis\AppData\Local\android\Sdk;C:\Users\Debasis\AppData\Roaming\npm
USERNAME=Debasis
OS=Windows_NT
PROCESSOR_IDENTIFIER=AMD64 Family 23 Model 104 Stepping 1, AuthenticAMD



---------------  S Y S T E M  ---------------

OS:
 Windows 11 , 64 bit Build 22621 (10.0.22621.4830)
OS uptime: 0 days 17:50 hours
Hyper-V role detected

CPU: total 12 (initial active 12) (12 cores per cpu, 2 threads per core) family 23 model 104 stepping 1 microcode 0x0, cx8, cmov, fxsr, ht, mmx, 3dnowpref, sse, sse2, sse3, ssse3, sse4a, sse4.1, sse4.2, popcnt, lzcnt, tsc, tscinvbit, avx, avx2, aes, clmul, bmi1, bmi2, adx, sha, fma, vzeroupper, clflush, clflushopt, hv

Memory: 4k page, system-wide physical 15706M (3813M free)
TotalPageFile size 15706M (AvailPageFile size 127M)
current process WorkingSet (physical memory assigned to process): 11M, peak: 11M
current process commit charge ("private bytes"): 64M, peak: 310M

vm_info: Java HotSpot(TM) 64-Bit Server VM (17.0.9+11-LTS-201) for windows-amd64 JRE (17.0.9+11-LTS-201), built on Oct 10 2023 23:16:06 by "mach5one" with MS VC++ 17.1 (VS2022)

END.
