#
# There is insufficient memory for the Java Runtime Environment to continue.
# Native memory allocation (malloc) failed to allocate 2252640 bytes for Chunk::new
# Possible reasons:
#   The system is out of physical RAM or swap space
#   The process is running with CompressedOops enabled, and the Java Heap may be blocking the growth of the native heap
# Possible solutions:
#   Reduce memory load on the system
#   Increase physical memory or swap space
#   Check if swap backing store is full
#   Decrease Java heap size (-Xmx/-Xms)
#   Decrease number of Java threads
#   Decrease Java thread stack sizes (-Xss)
#   Set larger code cache with -XX:ReservedCodeCacheSize=
#   JVM is running with Zero Based Compressed Oops mode in which the Java heap is
#     placed in the first 32GB address space. The Java Heap base address is the
#     maximum limit for the native heap growth. Please use -XX:HeapBaseMinAddress
#     to set the Java Heap base and to place the Java Heap above 32GB virtual address.
# This output file may be truncated or incomplete.
#
#  Out of Memory Error (arena.cpp:189), pid=24844, tid=24940
#
# JRE version: Java(TM) SE Runtime Environment (17.0.9+11) (build 17.0.9+11-LTS-201)
# Java VM: Java HotSpot(TM) 64-Bit Server VM (17.0.9+11-LTS-201, mixed mode, sharing, tiered, compressed oops, compressed class ptrs, g1 gc, windows-amd64)
# No core dump will be written. Minidumps are not enabled by default on client versions of Windows
#

---------------  S U M M A R Y ------------

Command Line: -XX:MaxMetaspaceSize=512m --add-opens=java.base/java.util=ALL-UNNAMED --add-opens=java.base/java.lang=ALL-UNNAMED --add-opens=java.base/java.lang.invoke=ALL-UNNAMED --add-opens=java.prefs/java.util.prefs=ALL-UNNAMED --add-exports=jdk.compiler/com.sun.tools.javac.api=ALL-UNNAMED --add-exports=jdk.compiler/com.sun.tools.javac.util=ALL-UNNAMED --add-opens=java.base/java.nio.charset=ALL-UNNAMED --add-opens=java.base/java.net=ALL-UNNAMED --add-opens=java.base/java.util.concurrent.atomic=ALL-UNNAMED -Xmx4096m -Dfile.encoding=windows-1252 -Duser.country=IN -Duser.language=en -Duser.variant -javaagent:C:\Users\Debasis\.gradle\wrapper\dists\gradle-8.10.2-all\7iv73wktx1xtkvlq19urqw1wm\gradle-8.10.2\lib\agents\gradle-instrumentation-agent-8.10.2.jar org.gradle.launcher.daemon.bootstrap.GradleDaemon 8.10.2

Host: AMD Ryzen 5 5500U with Radeon Graphics         , 12 cores, 15G,  Windows 11 , 64 bit Build 22621 (10.0.22621.4830)
Time: Wed Mar  5 12:43:49 2025 India Standard Time elapsed time: 13.221576 seconds (0d 0h 0m 13s)

---------------  T H R E A D  ---------------

Current thread (0x000001797fc3c9e0):  JavaThread "C2 CompilerThread0" daemon [_thread_in_native, id=24940, stack(0x00000027a4500000,0x00000027a4600000)]


Current CompileTask:
C2:  13221 11515   !   4       org.gradle.internal.classloader.VisitableURLClassLoader$InstrumentingVisitableURLClassLoader::findClass (36 bytes)

Stack: [0x00000027a4500000,0x00000027a4600000]
Native frames: (J=compiled Java code, j=interpreted, Vv=VM code, C=native code)
V  [jvm.dll+0x678a4a]
V  [jvm.dll+0x7d9cfd]
V  [jvm.dll+0x7db60e]
V  [jvm.dll+0x7dbc73]
V  [jvm.dll+0x245e1f]
V  [jvm.dll+0xaaafb]
V  [jvm.dll+0xab09c]
V  [jvm.dll+0x36237e]
V  [jvm.dll+0x32ca01]
V  [jvm.dll+0x32be9a]
V  [jvm.dll+0x21812f]
V  [jvm.dll+0x217561]
V  [jvm.dll+0x1a3bc0]
V  [jvm.dll+0x2272de]
V  [jvm.dll+0x22548b]
V  [jvm.dll+0x78f58c]
V  [jvm.dll+0x78998a]
V  [jvm.dll+0x677875]
C  [ucrtbase.dll+0x29333]
C  [KERNEL32.DLL+0x1259d]
C  [ntdll.dll+0x5af38]


---------------  P R O C E S S  ---------------

Threads class SMR info:
_java_thread_list=0x000001792f0f6970, length=192, elements={
0x00000179699fa3e0, 0x000001797fc244f0, 0x000001797fc25170, 0x000001797fc38d20,
0x000001797fc398b0, 0x000001797fc3b280, 0x000001797fc3bc40, 0x000001797fc3c9e0,
0x000001797fc3daa0, 0x000001792e000490, 0x000001792e109b70, 0x000001792e20c000,
0x000001792e85e270, 0x000001792e85d340, 0x000001792e85ce30, 0x000001792e85e780,
0x000001792e85ec90, 0x000001792e8605e0, 0x000001792e85d850, 0x000001792e85dd60,
0x000001792e8600d0, 0x000001792e85f6b0, 0x000001792f4f7eb0, 0x000001792f4f83c0,
0x000001792f4f6050, 0x000001792f4f7490, 0x000001792f4f6560, 0x000001792f4f88d0,
0x000001792f4f6a70, 0x000001792f4f6f80, 0x000001792f4f79a0, 0x000001792f4f92f0,
0x00000179321bbdd0, 0x00000179321b9f70, 0x00000179321ba990, 0x00000179321baea0,
0x00000179321bc7f0, 0x00000179321b9a60, 0x00000179321bb3b0, 0x00000179321bf580,
0x00000179321bb8c0, 0x00000179321bd210, 0x00000179321bfa90, 0x00000179321bf070,
0x00000179321bcd00, 0x00000179321bd720, 0x00000179321c09c0, 0x00000179321beb60,
0x00000179321be650, 0x00000179321bffa0, 0x00000179321b9550, 0x000001792e85fbc0,
0x0000017930575fa0, 0x0000017930574140, 0x000001793056f040, 0x00000179305718c0,
0x0000017930571dd0, 0x00000179305727f0, 0x0000017930572d00, 0x0000017930574650,
0x00000179305764b0, 0x0000017930575070, 0x0000017930573210, 0x00000179305769c0,
0x0000017930574b60, 0x00000179305713b0, 0x0000017930573720, 0x000001793056f550,
0x0000017930573c30, 0x0000017930575580, 0x0000017930575a90, 0x000001793056fa60,
0x000001793056ff70, 0x0000017930570480, 0x0000017930570990, 0x0000017930570ea0,
0x000001792e05f480, 0x000001792e05e040, 0x000001792e05fea0, 0x000001792e05d620,
0x000001792e05bcd0, 0x000001792e05ada0, 0x000001792e05db30, 0x000001792e060dd0,
0x000001792e05cc00, 0x000001792e0617f0, 0x000001792e05c6f0, 0x000001792e05ef70,
0x000001792e0608c0, 0x000001792e061d00, 0x000001792e05c1e0, 0x000001792e062210,
0x000001792e0603b0, 0x000001792e05b7c0, 0x000001792e05e550, 0x000001792e05ea60,
0x000001792e0612e0, 0x000001792e062720, 0x000001792e05b2b0, 0x000001792e05f990,
0x00000179322963e0, 0x00000179322968f0, 0x00000179322903b0, 0x0000017932293b60,
0x0000017932294fa0, 0x0000017932293140, 0x0000017932291d00, 0x000001793228f480,
0x00000179322917f0, 0x00000179322954b0, 0x0000017932294070, 0x0000017932292c30,
0x0000017932292210, 0x00000179322912e0, 0x0000017932292720, 0x0000017932293650,
0x0000017932294580, 0x00000179322959c0, 0x0000017932294a90, 0x0000017932296e00,
0x000001793228f990, 0x000001793228fea0, 0x0000017932290dd0, 0x00000179322908c0,
0x0000017931e5bab0, 0x0000017931e5e330, 0x0000017931e5bfc0, 0x0000017931e573d0,
0x0000017931e5cef0, 0x0000017931e59230, 0x0000017931e5ab80, 0x0000017931e56ec0,
0x0000017931e5c4d0, 0x0000017931e5de20, 0x0000017931e5c9e0, 0x0000017931e5d400,
0x0000017931e5d910, 0x0000017931e5e840, 0x0000017931e578e0, 0x0000017931e57df0,
0x0000017931e59740, 0x0000017931e59c50, 0x0000017931e58300, 0x0000017931e5b5a0,
0x0000017931e5a160, 0x0000017931e5a670, 0x0000017931e58810, 0x0000017931e5b090,
0x0000017931e58d20, 0x0000017930fed910, 0x0000017930fe8810, 0x0000017930fe73d0,
0x0000017930fea670, 0x0000017930fecef0, 0x0000017930fec4d0, 0x0000017930fed400,
0x0000017930feab80, 0x0000017930fede20, 0x0000017930fee330, 0x0000017930fee840,
0x0000017930fe8d20, 0x0000017930feed50, 0x0000017930fe78e0, 0x0000017930fe7df0,
0x0000017930fe8300, 0x0000017930fe9230, 0x0000017930fe9740, 0x0000017930fe9c50,
0x0000017930fea160, 0x0000017930fec9e0, 0x0000017930feb090, 0x0000017930feb5a0,
0x0000017930febab0, 0x0000017930febfc0, 0x000001792f4f5b40, 0x000001792e85f1a0,
0x000001792f11ee90, 0x000001792f11df60, 0x000001792f118440, 0x000001792f11bbf0,
0x000001792f11f3a0, 0x000001792f119880, 0x000001792f11cb20, 0x000001792f11a7b0,
0x000001792f118950, 0x000001792f11b6e0, 0x000001792f11d540, 0x000001792f11acc0,
0x000001792f11f8b0, 0x000001792e3c88c0, 0x00000179345c6fc0, 0x000001792f11c100
}

Java Threads: ( => current thread )
  0x00000179699fa3e0 JavaThread "main" [_thread_blocked, id=26560, stack(0x00000027a3800000,0x00000027a3900000)]
  0x000001797fc244f0 JavaThread "Reference Handler" daemon [_thread_blocked, id=10024, stack(0x00000027a3f00000,0x00000027a4000000)]
  0x000001797fc25170 JavaThread "Finalizer" daemon [_thread_blocked, id=10472, stack(0x00000027a4000000,0x00000027a4100000)]
  0x000001797fc38d20 JavaThread "Signal Dispatcher" daemon [_thread_blocked, id=10320, stack(0x00000027a4100000,0x00000027a4200000)]
  0x000001797fc398b0 JavaThread "Attach Listener" daemon [_thread_blocked, id=26152, stack(0x00000027a4200000,0x00000027a4300000)]
  0x000001797fc3b280 JavaThread "Service Thread" daemon [_thread_blocked, id=24680, stack(0x00000027a4300000,0x00000027a4400000)]
  0x000001797fc3bc40 JavaThread "Monitor Deflation Thread" daemon [_thread_blocked, id=9468, stack(0x00000027a4400000,0x00000027a4500000)]
=>0x000001797fc3c9e0 JavaThread "C2 CompilerThread0" daemon [_thread_in_native, id=24940, stack(0x00000027a4500000,0x00000027a4600000)]
  0x000001797fc3daa0 JavaThread "C1 CompilerThread0" daemon [_thread_in_native, id=21020, stack(0x00000027a4600000,0x00000027a4700000)]
  0x000001792e000490 JavaThread "Sweeper thread" daemon [_thread_blocked, id=7740, stack(0x00000027a4700000,0x00000027a4800000)]
  0x000001792e109b70 JavaThread "Common-Cleaner" daemon [_thread_blocked, id=13116, stack(0x00000027a4800000,0x00000027a4900000)]
  0x000001792e20c000 JavaThread "Notification Thread" daemon [_thread_blocked, id=20792, stack(0x00000027a4a00000,0x00000027a4b00000)]
  0x000001792e85e270 JavaThread "Daemon health stats" [_thread_blocked, id=16344, stack(0x00000027a5100000,0x00000027a5200000)]
  0x000001792e85d340 JavaThread "Incoming local TCP Connector on port 2406" [_thread_in_native, id=7864, stack(0x00000027a5200000,0x00000027a5300000)]
  0x000001792e85ce30 JavaThread "Daemon periodic checks" [_thread_blocked, id=23656, stack(0x00000027a5300000,0x00000027a5400000)]
  0x000001792e85e780 JavaThread "Daemon" [_thread_blocked, id=16276, stack(0x00000027a5400000,0x00000027a5500000)]
  0x000001792e85ec90 JavaThread "Handler for socket connection from /127.0.0.1:2406 to /127.0.0.1:2407" [_thread_in_native, id=11168, stack(0x00000027a5500000,0x00000027a5600000)]
  0x000001792e8605e0 JavaThread "Cancel handler" [_thread_blocked, id=28656, stack(0x00000027a5600000,0x00000027a5700000)]
  0x000001792e85d850 JavaThread "Daemon worker" [_thread_in_Java, id=27996, stack(0x00000027a5700000,0x00000027a5800000)]
  0x000001792e85dd60 JavaThread "Asynchronous log dispatcher for DefaultDaemonConnection: socket connection from /127.0.0.1:2406 to /127.0.0.1:2407" [_thread_blocked, id=19656, stack(0x00000027a5800000,0x00000027a5900000)]
  0x000001792e8600d0 JavaThread "Stdin handler" [_thread_blocked, id=19536, stack(0x00000027a5900000,0x00000027a5a00000)]
  0x000001792e85f6b0 JavaThread "Daemon client event forwarder" [_thread_blocked, id=14204, stack(0x00000027a5a00000,0x00000027a5b00000)]
  0x000001792f4f7eb0 JavaThread "Cache worker for journal cache (C:\Users\Debasis\.gradle\caches\journal-1)" [_thread_blocked, id=10616, stack(0x00000027a5b00000,0x00000027a5c00000)]
  0x000001792f4f83c0 JavaThread "File lock request listener" [_thread_in_native, id=15484, stack(0x00000027a5c00000,0x00000027a5d00000)]
  0x000001792f4f6050 JavaThread "Cache worker for file hash cache (C:\Users\Debasis\.gradle\caches\8.10.2\fileHashes)" [_thread_blocked, id=1724, stack(0x00000027a5d00000,0x00000027a5e00000)]
  0x000001792f4f7490 JavaThread "Cache worker for file hash cache (C:\Users\Debasis\Desktop\hesham\faceflip\android\.gradle\8.10.2\fileHashes)" [_thread_blocked, id=2452, stack(0x00000027a5f00000,0x00000027a6000000)]
  0x000001792f4f6560 JavaThread "Cache worker for Build Output Cleanup Cache (C:\Users\Debasis\Desktop\hesham\faceflip\android\.gradle\buildOutputCleanup)" [_thread_blocked, id=25460, stack(0x00000027a6000000,0x00000027a6100000)]
  0x000001792f4f88d0 JavaThread "File watcher server" daemon [_thread_in_native, id=28764, stack(0x00000027a6700000,0x00000027a6800000)]
  0x000001792f4f6a70 JavaThread "File watcher consumer" daemon [_thread_blocked, id=28408, stack(0x00000027a6800000,0x00000027a6900000)]
  0x000001792f4f6f80 JavaThread "Cache worker for checksums cache (C:\Users\Debasis\Desktop\hesham\faceflip\android\.gradle\8.10.2\checksums)" [_thread_blocked, id=11996, stack(0x00000027a6900000,0x00000027a6a00000)]
  0x000001792f4f79a0 JavaThread "Cache worker for file content cache (C:\Users\Debasis\.gradle\caches\8.10.2\fileContent)" [_thread_blocked, id=26028, stack(0x00000027a6a00000,0x00000027a6b00000)]
  0x000001792f4f92f0 JavaThread "Cache worker for cache directory md-rule (C:\Users\Debasis\.gradle\caches\8.10.2\md-rule)" [_thread_blocked, id=29684, stack(0x00000027a6b00000,0x00000027a6c00000)]
  0x00000179321bbdd0 JavaThread "Cache worker for cache directory md-supplier (C:\Users\Debasis\.gradle\caches\8.10.2\md-supplier)" [_thread_blocked, id=2380, stack(0x00000027a6c00000,0x00000027a6d00000)]
  0x00000179321b9f70 JavaThread "jar transforms" [_thread_blocked, id=10676, stack(0x00000027a6d00000,0x00000027a6e00000)]
  0x00000179321ba990 JavaThread "Cache worker for Build Output Cleanup Cache (C:\Users\Debasis\Desktop\hesham\faceflip\node_modules\@react-native\gradle-plugin\.gradle\buildOutputCleanup)" [_thread_blocked, id=25396, stack(0x00000027a6e00000,0x00000027a6f00000)]
  0x00000179321baea0 JavaThread "Unconstrained build operations" [_thread_blocked, id=3308, stack(0x00000027a6f00000,0x00000027a7000000)]
  0x00000179321bc7f0 JavaThread "Unconstrained build operations Thread 2" [_thread_blocked, id=26436, stack(0x00000027a7000000,0x00000027a7100000)]
  0x00000179321b9a60 JavaThread "Unconstrained build operations Thread 3" [_thread_blocked, id=21328, stack(0x00000027a7100000,0x00000027a7200000)]
  0x00000179321bb3b0 JavaThread "Unconstrained build operations Thread 4" [_thread_blocked, id=13420, stack(0x00000027a7200000,0x00000027a7300000)]
  0x00000179321bf580 JavaThread "Unconstrained build operations Thread 5" [_thread_blocked, id=7664, stack(0x00000027a7300000,0x00000027a7400000)]
  0x00000179321bb8c0 JavaThread "Unconstrained build operations Thread 6" [_thread_blocked, id=9116, stack(0x00000027a7400000,0x00000027a7500000)]
  0x00000179321bd210 JavaThread "Unconstrained build operations Thread 7" [_thread_blocked, id=24532, stack(0x00000027a7500000,0x00000027a7600000)]
  0x00000179321bfa90 JavaThread "Unconstrained build operations Thread 8" [_thread_blocked, id=27944, stack(0x00000027a7600000,0x00000027a7700000)]
  0x00000179321bf070 JavaThread "Unconstrained build operations Thread 9" [_thread_blocked, id=26500, stack(0x00000027a7700000,0x00000027a7800000)]
  0x00000179321bcd00 JavaThread "Unconstrained build operations Thread 10" [_thread_blocked, id=28588, stack(0x00000027a7800000,0x00000027a7900000)]
  0x00000179321bd720 JavaThread "Unconstrained build operations Thread 11" [_thread_blocked, id=15736, stack(0x00000027a7900000,0x00000027a7a00000)]
  0x00000179321c09c0 JavaThread "Unconstrained build operations Thread 12" [_thread_blocked, id=16148, stack(0x00000027a7a00000,0x00000027a7b00000)]
  0x00000179321beb60 JavaThread "Unconstrained build operations Thread 13" [_thread_blocked, id=2556, stack(0x00000027a7b00000,0x00000027a7c00000)]
  0x00000179321be650 JavaThread "Unconstrained build operations Thread 14" [_thread_blocked, id=23864, stack(0x00000027a7c00000,0x00000027a7d00000)]
  0x00000179321bffa0 JavaThread "Unconstrained build operations Thread 15" [_thread_blocked, id=27428, stack(0x00000027a7d00000,0x00000027a7e00000)]
  0x00000179321b9550 JavaThread "Unconstrained build operations Thread 16" [_thread_blocked, id=26088, stack(0x00000027a7e00000,0x00000027a7f00000)]
  0x000001792e85fbc0 JavaThread "Unconstrained build operations Thread 17" [_thread_blocked, id=2136, stack(0x00000027a7f00000,0x00000027a8000000)]
  0x0000017930575fa0 JavaThread "Unconstrained build operations Thread 18" [_thread_blocked, id=13632, stack(0x00000027a8000000,0x00000027a8100000)]
  0x0000017930574140 JavaThread "Unconstrained build operations Thread 19" [_thread_blocked, id=5252, stack(0x00000027a8100000,0x00000027a8200000)]
  0x000001793056f040 JavaThread "Unconstrained build operations Thread 20" [_thread_blocked, id=18912, stack(0x00000027a8200000,0x00000027a8300000)]
  0x00000179305718c0 JavaThread "Unconstrained build operations Thread 21" [_thread_blocked, id=23896, stack(0x00000027a8300000,0x00000027a8400000)]
  0x0000017930571dd0 JavaThread "Unconstrained build operations Thread 22" [_thread_blocked, id=6080, stack(0x00000027a8400000,0x00000027a8500000)]
  0x00000179305727f0 JavaThread "Unconstrained build operations Thread 23" [_thread_blocked, id=24160, stack(0x00000027a8500000,0x00000027a8600000)]
  0x0000017930572d00 JavaThread "Unconstrained build operations Thread 24" [_thread_blocked, id=8604, stack(0x00000027a8600000,0x00000027a8700000)]
  0x0000017930574650 JavaThread "Unconstrained build operations Thread 25" [_thread_blocked, id=4484, stack(0x00000027a8700000,0x00000027a8800000)]
  0x00000179305764b0 JavaThread "Unconstrained build operations Thread 26" [_thread_blocked, id=8124, stack(0x00000027a8800000,0x00000027a8900000)]
  0x0000017930575070 JavaThread "Unconstrained build operations Thread 27" [_thread_blocked, id=24820, stack(0x00000027a8900000,0x00000027a8a00000)]
  0x0000017930573210 JavaThread "Unconstrained build operations Thread 28" [_thread_blocked, id=676, stack(0x00000027a8a00000,0x00000027a8b00000)]
  0x00000179305769c0 JavaThread "Unconstrained build operations Thread 29" [_thread_blocked, id=26608, stack(0x00000027a8b00000,0x00000027a8c00000)]
  0x0000017930574b60 JavaThread "Unconstrained build operations Thread 30" [_thread_blocked, id=3320, stack(0x00000027a8c00000,0x00000027a8d00000)]
  0x00000179305713b0 JavaThread "Unconstrained build operations Thread 31" [_thread_blocked, id=2104, stack(0x00000027a8d00000,0x00000027a8e00000)]
  0x0000017930573720 JavaThread "Unconstrained build operations Thread 32" [_thread_blocked, id=6060, stack(0x00000027a8e00000,0x00000027a8f00000)]
  0x000001793056f550 JavaThread "Unconstrained build operations Thread 33" [_thread_blocked, id=20516, stack(0x00000027a8f00000,0x00000027a9000000)]
  0x0000017930573c30 JavaThread "Unconstrained build operations Thread 34" [_thread_blocked, id=18520, stack(0x00000027a9000000,0x00000027a9100000)]
  0x0000017930575580 JavaThread "Unconstrained build operations Thread 35" [_thread_blocked, id=17528, stack(0x00000027a9100000,0x00000027a9200000)]
  0x0000017930575a90 JavaThread "Unconstrained build operations Thread 36" [_thread_blocked, id=13008, stack(0x00000027a9200000,0x00000027a9300000)]
  0x000001793056fa60 JavaThread "Unconstrained build operations Thread 37" [_thread_blocked, id=7348, stack(0x00000027a9300000,0x00000027a9400000)]
  0x000001793056ff70 JavaThread "Unconstrained build operations Thread 38" [_thread_blocked, id=10032, stack(0x00000027a9400000,0x00000027a9500000)]
  0x0000017930570480 JavaThread "Unconstrained build operations Thread 39" [_thread_blocked, id=7580, stack(0x00000027a9500000,0x00000027a9600000)]
  0x0000017930570990 JavaThread "Memory manager" [_thread_blocked, id=9824, stack(0x00000027a9600000,0x00000027a9700000)]
  0x0000017930570ea0 JavaThread "build event listener" [_thread_blocked, id=20772, stack(0x00000027a9700000,0x00000027a9800000)]
  0x000001792e05f480 JavaThread "ForkJoinPool.commonPool-worker-1" daemon [_thread_blocked, id=24452, stack(0x00000027a9800000,0x00000027a9900000)]
  0x000001792e05e040 JavaThread "ForkJoinPool.commonPool-worker-2" daemon [_thread_blocked, id=22076, stack(0x00000027a9900000,0x00000027a9a00000)]
  0x000001792e05fea0 JavaThread "ForkJoinPool.commonPool-worker-3" daemon [_thread_blocked, id=18472, stack(0x00000027a9a00000,0x00000027a9b00000)]
  0x000001792e05d620 JavaThread "ForkJoinPool.commonPool-worker-4" daemon [_thread_blocked, id=25988, stack(0x00000027a9b00000,0x00000027a9c00000)]
  0x000001792e05bcd0 JavaThread "ForkJoinPool.commonPool-worker-5" daemon [_thread_blocked, id=27400, stack(0x00000027a9c00000,0x00000027a9d00000)]
  0x000001792e05ada0 JavaThread "ForkJoinPool.commonPool-worker-6" daemon [_thread_blocked, id=13908, stack(0x00000027a9d00000,0x00000027a9e00000)]
  0x000001792e05db30 JavaThread "ForkJoinPool.commonPool-worker-8" daemon [_thread_blocked, id=2796, stack(0x00000027a9e00000,0x00000027a9f00000)]
  0x000001792e060dd0 JavaThread "ForkJoinPool.commonPool-worker-7" daemon [_thread_blocked, id=24224, stack(0x00000027a9f00000,0x00000027aa000000)]
  0x000001792e05cc00 JavaThread "ForkJoinPool.commonPool-worker-9" daemon [_thread_blocked, id=27992, stack(0x00000027aa000000,0x00000027aa100000)]
  0x000001792e0617f0 JavaThread "ForkJoinPool.commonPool-worker-10" daemon [_thread_blocked, id=27572, stack(0x00000027aa100000,0x00000027aa200000)]
  0x000001792e05c6f0 JavaThread "ForkJoinPool.commonPool-worker-11" daemon [_thread_blocked, id=5188, stack(0x00000027aa200000,0x00000027aa300000)]
  0x000001792e05ef70 JavaThread "Exec process" daemon [_thread_blocked, id=23172, stack(0x00000027aa300000,0x00000027aa400000)]
  0x000001792e0608c0 JavaThread "Exec process Thread 2" daemon [_thread_blocked, id=7832, stack(0x00000027aa400000,0x00000027aa500000)]
  0x000001792e061d00 JavaThread "Exec process Thread 3" daemon [_thread_blocked, id=21624, stack(0x00000027aa500000,0x00000027aa600000)]
  0x000001792e05c1e0 JavaThread "included builds" [_thread_blocked, id=22904, stack(0x00000027aa600000,0x00000027aa700000)]
  0x000001792e062210 JavaThread "Execution worker" [_thread_blocked, id=17764, stack(0x00000027aa700000,0x00000027aa800000)]
  0x000001792e0603b0 JavaThread "Execution worker Thread 2" [_thread_blocked, id=5224, stack(0x00000027aa800000,0x00000027aa900000)]
  0x000001792e05b7c0 JavaThread "Execution worker Thread 3" [_thread_blocked, id=2724, stack(0x00000027aa900000,0x00000027aaa00000)]
  0x000001792e05e550 JavaThread "Execution worker Thread 4" [_thread_blocked, id=27052, stack(0x00000027aaa00000,0x00000027aab00000)]
  0x000001792e05ea60 JavaThread "Execution worker Thread 5" [_thread_blocked, id=10964, stack(0x00000027aab00000,0x00000027aac00000)]
  0x000001792e0612e0 JavaThread "Execution worker Thread 6" [_thread_blocked, id=6716, stack(0x00000027aac00000,0x00000027aad00000)]
  0x000001792e062720 JavaThread "Execution worker Thread 7" [_thread_blocked, id=27756, stack(0x00000027aad00000,0x00000027aae00000)]
  0x000001792e05b2b0 JavaThread "Execution worker Thread 8" [_thread_blocked, id=23344, stack(0x00000027aae00000,0x00000027aaf00000)]
  0x000001792e05f990 JavaThread "Execution worker Thread 9" [_thread_blocked, id=11720, stack(0x00000027aaf00000,0x00000027ab000000)]
  0x00000179322963e0 JavaThread "Execution worker Thread 10" [_thread_blocked, id=25588, stack(0x00000027ab000000,0x00000027ab100000)]
  0x00000179322968f0 JavaThread "Execution worker Thread 11" [_thread_blocked, id=28244, stack(0x00000027ab100000,0x00000027ab200000)]
  0x00000179322903b0 JavaThread "Cache worker for execution history cache (C:\Users\Debasis\Desktop\hesham\faceflip\node_modules\@react-native\gradle-plugin\.gradle\8.10.2\executionHistory)" [_thread_blocked, id=25648, stack(0x00000027ab200000,0x00000027ab300000)]
  0x0000017932293b60 JavaThread "Unconstrained build operations Thread 40" [_thread_blocked, id=14112, stack(0x00000027ab300000,0x00000027ab400000)]
  0x0000017932294fa0 JavaThread "Unconstrained build operations Thread 41" [_thread_blocked, id=17108, stack(0x00000027ab400000,0x00000027ab500000)]
  0x0000017932293140 JavaThread "Unconstrained build operations Thread 42" [_thread_blocked, id=25752, stack(0x00000027ab500000,0x00000027ab600000)]
  0x0000017932291d00 JavaThread "Unconstrained build operations Thread 43" [_thread_blocked, id=22880, stack(0x00000027ab600000,0x00000027ab700000)]
  0x000001793228f480 JavaThread "Unconstrained build operations Thread 44" [_thread_blocked, id=5804, stack(0x00000027ab700000,0x00000027ab800000)]
  0x00000179322917f0 JavaThread "Unconstrained build operations Thread 45" [_thread_blocked, id=8024, stack(0x00000027ab800000,0x00000027ab900000)]
  0x00000179322954b0 JavaThread "Unconstrained build operations Thread 46" [_thread_blocked, id=16688, stack(0x00000027ab900000,0x00000027aba00000)]
  0x0000017932294070 JavaThread "Unconstrained build operations Thread 47" [_thread_blocked, id=19896, stack(0x00000027aba00000,0x00000027abb00000)]
  0x0000017932292c30 JavaThread "Unconstrained build operations Thread 48" [_thread_blocked, id=9208, stack(0x00000027abb00000,0x00000027abc00000)]
  0x0000017932292210 JavaThread "Unconstrained build operations Thread 49" [_thread_blocked, id=29640, stack(0x00000027abc00000,0x00000027abd00000)]
  0x00000179322912e0 JavaThread "Unconstrained build operations Thread 50" [_thread_blocked, id=904, stack(0x00000027abd00000,0x00000027abe00000)]
  0x0000017932292720 JavaThread "Unconstrained build operations Thread 51" [_thread_blocked, id=19444, stack(0x00000027abe00000,0x00000027abf00000)]
  0x0000017932293650 JavaThread "Unconstrained build operations Thread 52" [_thread_blocked, id=12204, stack(0x00000027abf00000,0x00000027ac000000)]
  0x0000017932294580 JavaThread "Unconstrained build operations Thread 53" [_thread_blocked, id=18200, stack(0x00000027ac000000,0x00000027ac100000)]
  0x00000179322959c0 JavaThread "Unconstrained build operations Thread 54" [_thread_blocked, id=26252, stack(0x00000027ac100000,0x00000027ac200000)]
  0x0000017932294a90 JavaThread "Unconstrained build operations Thread 55" [_thread_blocked, id=15112, stack(0x00000027ac200000,0x00000027ac300000)]
  0x0000017932296e00 JavaThread "Unconstrained build operations Thread 56" [_thread_blocked, id=724, stack(0x00000027ac300000,0x00000027ac400000)]
  0x000001793228f990 JavaThread "Unconstrained build operations Thread 57" [_thread_blocked, id=8796, stack(0x00000027ac400000,0x00000027ac500000)]
  0x000001793228fea0 JavaThread "Unconstrained build operations Thread 58" [_thread_blocked, id=7224, stack(0x00000027ac500000,0x00000027ac600000)]
  0x0000017932290dd0 JavaThread "Unconstrained build operations Thread 59" [_thread_blocked, id=28068, stack(0x00000027ac600000,0x00000027ac700000)]
  0x00000179322908c0 JavaThread "Unconstrained build operations Thread 60" [_thread_blocked, id=26160, stack(0x00000027ac700000,0x00000027ac800000)]
  0x0000017931e5bab0 JavaThread "Unconstrained build operations Thread 61" [_thread_blocked, id=23764, stack(0x00000027ac800000,0x00000027ac900000)]
  0x0000017931e5e330 JavaThread "Unconstrained build operations Thread 62" [_thread_blocked, id=2240, stack(0x00000027ac900000,0x00000027aca00000)]
  0x0000017931e5bfc0 JavaThread "Unconstrained build operations Thread 63" [_thread_blocked, id=18692, stack(0x00000027aca00000,0x00000027acb00000)]
  0x0000017931e573d0 JavaThread "Unconstrained build operations Thread 64" [_thread_blocked, id=27232, stack(0x00000027acb00000,0x00000027acc00000)]
  0x0000017931e5cef0 JavaThread "Unconstrained build operations Thread 65" [_thread_blocked, id=13380, stack(0x00000027acc00000,0x00000027acd00000)]
  0x0000017931e59230 JavaThread "Unconstrained build operations Thread 66" [_thread_blocked, id=10924, stack(0x00000027acd00000,0x00000027ace00000)]
  0x0000017931e5ab80 JavaThread "Unconstrained build operations Thread 67" [_thread_blocked, id=844, stack(0x00000027ace00000,0x00000027acf00000)]
  0x0000017931e56ec0 JavaThread "Unconstrained build operations Thread 68" [_thread_blocked, id=28992, stack(0x00000027acf00000,0x00000027ad000000)]
  0x0000017931e5c4d0 JavaThread "Unconstrained build operations Thread 69" [_thread_blocked, id=9256, stack(0x00000027ad000000,0x00000027ad100000)]
  0x0000017931e5de20 JavaThread "Unconstrained build operations Thread 70" [_thread_blocked, id=21976, stack(0x00000027ad100000,0x00000027ad200000)]
  0x0000017931e5c9e0 JavaThread "Unconstrained build operations Thread 71" [_thread_blocked, id=15548, stack(0x00000027ad200000,0x00000027ad300000)]
  0x0000017931e5d400 JavaThread "Unconstrained build operations Thread 72" [_thread_blocked, id=1708, stack(0x00000027ad300000,0x00000027ad400000)]
  0x0000017931e5d910 JavaThread "Unconstrained build operations Thread 73" [_thread_blocked, id=15368, stack(0x00000027ad400000,0x00000027ad500000)]
  0x0000017931e5e840 JavaThread "Unconstrained build operations Thread 74" [_thread_blocked, id=15096, stack(0x00000027ad500000,0x00000027ad600000)]
  0x0000017931e578e0 JavaThread "Unconstrained build operations Thread 75" [_thread_blocked, id=21872, stack(0x00000027ad600000,0x00000027ad700000)]
  0x0000017931e57df0 JavaThread "Unconstrained build operations Thread 76" [_thread_blocked, id=26076, stack(0x00000027ad700000,0x00000027ad800000)]
  0x0000017931e59740 JavaThread "Unconstrained build operations Thread 77" [_thread_blocked, id=22964, stack(0x00000027ad800000,0x00000027ad900000)]
  0x0000017931e59c50 JavaThread "Unconstrained build operations Thread 78" [_thread_blocked, id=5884, stack(0x00000027ad900000,0x00000027ada00000)]
  0x0000017931e58300 JavaThread "Unconstrained build operations Thread 79" [_thread_blocked, id=15660, stack(0x00000027ada00000,0x00000027adb00000)]
  0x0000017931e5b5a0 JavaThread "Unconstrained build operations Thread 80" [_thread_blocked, id=24280, stack(0x00000027adb00000,0x00000027adc00000)]
  0x0000017931e5a160 JavaThread "Unconstrained build operations Thread 81" [_thread_blocked, id=29660, stack(0x00000027adc00000,0x00000027add00000)]
  0x0000017931e5a670 JavaThread "Unconstrained build operations Thread 82" [_thread_blocked, id=2612, stack(0x00000027add00000,0x00000027ade00000)]
  0x0000017931e58810 JavaThread "Unconstrained build operations Thread 83" [_thread_blocked, id=29192, stack(0x00000027ade00000,0x00000027adf00000)]
  0x0000017931e5b090 JavaThread "Unconstrained build operations Thread 84" [_thread_blocked, id=17708, stack(0x00000027adf00000,0x00000027ae000000)]
  0x0000017931e58d20 JavaThread "Unconstrained build operations Thread 85" [_thread_blocked, id=17688, stack(0x00000027ae000000,0x00000027ae100000)]
  0x0000017930fed910 JavaThread "Unconstrained build operations Thread 86" [_thread_blocked, id=15648, stack(0x00000027ae100000,0x00000027ae200000)]
  0x0000017930fe8810 JavaThread "Unconstrained build operations Thread 87" [_thread_blocked, id=26992, stack(0x00000027ae200000,0x00000027ae300000)]
  0x0000017930fe73d0 JavaThread "Unconstrained build operations Thread 88" [_thread_blocked, id=12396, stack(0x00000027ae300000,0x00000027ae400000)]
  0x0000017930fea670 JavaThread "Unconstrained build operations Thread 89" [_thread_blocked, id=21880, stack(0x00000027ae400000,0x00000027ae500000)]
  0x0000017930fecef0 JavaThread "Unconstrained build operations Thread 90" [_thread_blocked, id=18816, stack(0x00000027ae500000,0x00000027ae600000)]
  0x0000017930fec4d0 JavaThread "Unconstrained build operations Thread 91" [_thread_blocked, id=17284, stack(0x00000027ae600000,0x00000027ae700000)]
  0x0000017930fed400 JavaThread "Unconstrained build operations Thread 92" [_thread_blocked, id=20668, stack(0x00000027ae700000,0x00000027ae800000)]
  0x0000017930feab80 JavaThread "Unconstrained build operations Thread 93" [_thread_blocked, id=1488, stack(0x00000027ae800000,0x00000027ae900000)]
  0x0000017930fede20 JavaThread "Unconstrained build operations Thread 94" [_thread_blocked, id=16700, stack(0x00000027ae900000,0x00000027aea00000)]
  0x0000017930fee330 JavaThread "Unconstrained build operations Thread 95" [_thread_blocked, id=8140, stack(0x00000027aea00000,0x00000027aeb00000)]
  0x0000017930fee840 JavaThread "Unconstrained build operations Thread 96" [_thread_blocked, id=2216, stack(0x00000027aeb00000,0x00000027aec00000)]
  0x0000017930fe8d20 JavaThread "Unconstrained build operations Thread 97" [_thread_blocked, id=23792, stack(0x00000027aec00000,0x00000027aed00000)]
  0x0000017930feed50 JavaThread "Unconstrained build operations Thread 98" [_thread_blocked, id=10808, stack(0x00000027aed00000,0x00000027aee00000)]
  0x0000017930fe78e0 JavaThread "Unconstrained build operations Thread 99" [_thread_blocked, id=26292, stack(0x00000027aee00000,0x00000027aef00000)]
  0x0000017930fe7df0 JavaThread "Unconstrained build operations Thread 100" [_thread_blocked, id=25232, stack(0x00000027aef00000,0x00000027af000000)]
  0x0000017930fe8300 JavaThread "Unconstrained build operations Thread 101" [_thread_blocked, id=14512, stack(0x00000027af000000,0x00000027af100000)]
  0x0000017930fe9230 JavaThread "Unconstrained build operations Thread 102" [_thread_blocked, id=9340, stack(0x00000027af100000,0x00000027af200000)]
  0x0000017930fe9740 JavaThread "Unconstrained build operations Thread 103" [_thread_blocked, id=27256, stack(0x00000027af200000,0x00000027af300000)]
  0x0000017930fe9c50 JavaThread "Unconstrained build operations Thread 104" [_thread_blocked, id=23952, stack(0x00000027af300000,0x00000027af400000)]
  0x0000017930fea160 JavaThread "Unconstrained build operations Thread 105" [_thread_blocked, id=11912, stack(0x00000027af400000,0x00000027af500000)]
  0x0000017930fec9e0 JavaThread "Unconstrained build operations Thread 106" [_thread_blocked, id=26664, stack(0x00000027af500000,0x00000027af600000)]
  0x0000017930feb090 JavaThread "jar transforms Thread 2" [_thread_blocked, id=28668, stack(0x00000027af600000,0x00000027af700000)]
  0x0000017930feb5a0 JavaThread "jar transforms Thread 3" [_thread_blocked, id=28044, stack(0x00000027af700000,0x00000027af800000)]
  0x0000017930febab0 JavaThread "Unconstrained build operations Thread 107" [_thread_blocked, id=24824, stack(0x00000027af800000,0x00000027af900000)]
  0x0000017930febfc0 JavaThread "Unconstrained build operations Thread 108" [_thread_blocked, id=10396, stack(0x00000027af900000,0x00000027afa00000)]
  0x000001792f4f5b40 JavaThread "Unconstrained build operations Thread 109" [_thread_blocked, id=14348, stack(0x00000027afa00000,0x00000027afb00000)]
  0x000001792e85f1a0 JavaThread "Unconstrained build operations Thread 110" [_thread_blocked, id=14252, stack(0x00000027afb00000,0x00000027afc00000)]
  0x000001792f11ee90 JavaThread "Unconstrained build operations Thread 111" [_thread_blocked, id=20572, stack(0x00000027afc00000,0x00000027afd00000)]
  0x000001792f11df60 JavaThread "Unconstrained build operations Thread 112" [_thread_blocked, id=27908, stack(0x00000027afd00000,0x00000027afe00000)]
  0x000001792f118440 JavaThread "Unconstrained build operations Thread 113" [_thread_blocked, id=23192, stack(0x00000027afe00000,0x00000027aff00000)]
  0x000001792f11bbf0 JavaThread "Unconstrained build operations Thread 114" [_thread_blocked, id=20664, stack(0x00000027aff00000,0x00000027b0000000)]
  0x000001792f11f3a0 JavaThread "Unconstrained build operations Thread 115" [_thread_blocked, id=27244, stack(0x00000027b0000000,0x00000027b0100000)]
  0x000001792f119880 JavaThread "Unconstrained build operations Thread 116" [_thread_blocked, id=25136, stack(0x00000027b0100000,0x00000027b0200000)]
  0x000001792f11cb20 JavaThread "Unconstrained build operations Thread 117" [_thread_blocked, id=26392, stack(0x00000027b0200000,0x00000027b0300000)]
  0x000001792f11a7b0 JavaThread "Unconstrained build operations Thread 118" [_thread_blocked, id=13156, stack(0x00000027b0300000,0x00000027b0400000)]
  0x000001792f118950 JavaThread "Unconstrained build operations Thread 119" [_thread_blocked, id=17668, stack(0x00000027b0400000,0x00000027b0500000)]
  0x000001792f11b6e0 JavaThread "Unconstrained build operations Thread 120" [_thread_blocked, id=16024, stack(0x00000027b0500000,0x00000027b0600000)]
  0x000001792f11d540 JavaThread "jar transforms Thread 4" [_thread_blocked, id=18540, stack(0x00000027b0600000,0x00000027b0700000)]
  0x000001792f11acc0 JavaThread "jar transforms Thread 5" [_thread_blocked, id=24916, stack(0x00000027b0700000,0x00000027b0800000)]
  0x000001792f11f8b0 JavaThread "jar transforms Thread 6" [_thread_blocked, id=25444, stack(0x00000027b0800000,0x00000027b0900000)]
  0x000001792e3c88c0 JavaThread "C2 CompilerThread1" daemon [_thread_in_native, id=28180, stack(0x00000027a4900000,0x00000027a4a00000)]
  0x00000179345c6fc0 JavaThread "C2 CompilerThread2" daemon [_thread_in_native, id=9716, stack(0x00000027a5e00000,0x00000027a5f00000)]
  0x000001792f11c100 JavaThread "build event listener" [_thread_blocked, id=13344, stack(0x00000027b0900000,0x00000027b0a00000)]

Other Threads:
  0x000001797fc21d50 VMThread "VM Thread" [stack: 0x00000027a3e00000,0x00000027a3f00000] [id=19008]
  0x000001792e207830 WatcherThread [stack: 0x00000027a4b00000,0x00000027a4c00000] [id=26768]
  0x0000017969a67f50 GCTaskThread "GC Thread#0" [stack: 0x00000027a3900000,0x00000027a3a00000] [id=10640]
  0x000001792ebdfbb0 GCTaskThread "GC Thread#1" [stack: 0x00000027a4d00000,0x00000027a4e00000] [id=28392]
  0x000001792e9aa570 GCTaskThread "GC Thread#2" [stack: 0x00000027a4e00000,0x00000027a4f00000] [id=25340]
  0x000001792e9aa830 GCTaskThread "GC Thread#3" [stack: 0x00000027a4f00000,0x00000027a5000000] [id=23972]
  0x000001792e9aaaf0 GCTaskThread "GC Thread#4" [stack: 0x00000027a5000000,0x00000027a5100000] [id=25816]
  0x000001792fea7b20 GCTaskThread "GC Thread#5" [stack: 0x00000027a4c00000,0x00000027a4d00000] [id=29440]
  0x000001792f334ea0 GCTaskThread "GC Thread#6" [stack: 0x00000027a6100000,0x00000027a6200000] [id=5436]
  0x000001792f3335e0 GCTaskThread "GC Thread#7" [stack: 0x00000027a6200000,0x00000027a6300000] [id=10388]
  0x000001792f334660 GCTaskThread "GC Thread#8" [stack: 0x00000027a6300000,0x00000027a6400000] [id=6916]
  0x000001792f333320 GCTaskThread "GC Thread#9" [stack: 0x00000027a6400000,0x00000027a6500000] [id=11240]
  0x0000017969a78da0 ConcurrentGCThread "G1 Main Marker" [stack: 0x00000027a3a00000,0x00000027a3b00000] [id=28036]
  0x0000017969a796b0 ConcurrentGCThread "G1 Conc#0" [stack: 0x00000027a3b00000,0x00000027a3c00000] [id=28268]
  0x000001792f3338a0 ConcurrentGCThread "G1 Conc#1" [stack: 0x00000027a6500000,0x00000027a6600000] [id=10776]
  0x000001792f333b60 ConcurrentGCThread "G1 Conc#2" [stack: 0x00000027a6600000,0x00000027a6700000] [id=29452]
  0x0000017969abe670 ConcurrentGCThread "G1 Refine#0" [stack: 0x00000027a3c00000,0x00000027a3d00000] [id=12016]
  0x000001797fadf150 ConcurrentGCThread "G1 Service" [stack: 0x00000027a3d00000,0x00000027a3e00000] [id=9240]

Threads with active compile tasks:
C2 CompilerThread0    13249 11515   !   4       org.gradle.internal.classloader.VisitableURLClassLoader$InstrumentingVisitableURLClassLoader::findClass (36 bytes)
C2 CompilerThread1    13249 11624       4       groovy.lang.MetaClassImpl::addMetaMethodToIndex (65 bytes)
C2 CompilerThread2    13250 11619       4       java.util.AbstractList::listIterator (6 bytes)

VM state: not at safepoint (normal execution)

VM Mutex/Monitor currently owned by a thread: None

Heap address: 0x0000000700000000, size: 4096 MB, Compressed Oops mode: Zero based, Oop shift amount: 3

CDS archive(s) mapped at: [0x000001790f000000-0x000001790fbd0000-0x000001790fbd0000), size 12386304, SharedBaseAddress: 0x000001790f000000, ArchiveRelocationMode: 1.
Compressed class space mapped at: 0x0000017910000000-0x000001792a000000, reserved size: 436207616
Narrow klass base: 0x000001790f000000, Narrow klass shift: 0, Narrow klass range: 0x100000000

GC Precious Log:
 CPUs: 12 total, 12 available
 Memory: 15706M
 Large Page Support: Disabled
 NUMA Support: Disabled
 Compressed Oops: Enabled (Zero based)
 Heap Region Size: 2M
 Heap Min Capacity: 8M
 Heap Initial Capacity: 246M
 Heap Max Capacity: 4G
 Pre-touch: Disabled
 Parallel Workers: 10
 Concurrent Workers: 3
 Concurrent Refinement Workers: 10
 Periodic GC: Disabled

Heap:
 garbage-first heap   total 319488K, used 151540K [0x0000000700000000, 0x0000000800000000)
  region size 2048K, 29 young (59392K), 6 survivors (12288K)
 Metaspace       used 85777K, committed 86656K, reserved 557056K
  class space    used 11847K, committed 12288K, reserved 425984K

Heap Regions: E=young(eden), S=young(survivor), O=old, HS=humongous(starts), HC=humongous(continues), CS=collection set, F=free, OA=open archive, CA=closed archive, TAMS=top-at-mark-start (previous, next)
|   0|0x0000000700000000, 0x0000000700200000, 0x0000000700200000|100%|HS|  |TAMS 0x0000000700200000, 0x0000000700000000| Complete 
|   1|0x0000000700200000, 0x0000000700400000, 0x0000000700400000|100%|HC|  |TAMS 0x0000000700400000, 0x0000000700200000| Complete 
|   2|0x0000000700400000, 0x0000000700600000, 0x0000000700600000|100%| O|  |TAMS 0x0000000700600000, 0x0000000700400000| Untracked 
|   3|0x0000000700600000, 0x0000000700800000, 0x0000000700800000|100%| O|  |TAMS 0x0000000700800000, 0x0000000700600000| Untracked 
|   4|0x0000000700800000, 0x0000000700a00000, 0x0000000700a00000|100%| O|  |TAMS 0x0000000700a00000, 0x0000000700800000| Untracked 
|   5|0x0000000700a00000, 0x0000000700c00000, 0x0000000700c00000|100%| O|  |TAMS 0x0000000700c00000, 0x0000000700a00000| Untracked 
|   6|0x0000000700c00000, 0x0000000700e00000, 0x0000000700e00000|100%| O|  |TAMS 0x0000000700e00000, 0x0000000700c00000| Untracked 
|   7|0x0000000700e00000, 0x0000000701000000, 0x0000000701000000|100%| O|  |TAMS 0x0000000701000000, 0x0000000700e00000| Untracked 
|   8|0x0000000701000000, 0x0000000701200000, 0x0000000701200000|100%| O|  |TAMS 0x0000000701200000, 0x0000000701000000| Untracked 
|   9|0x0000000701200000, 0x0000000701400000, 0x0000000701400000|100%| O|  |TAMS 0x0000000701400000, 0x0000000701200000| Untracked 
|  10|0x0000000701400000, 0x0000000701600000, 0x0000000701600000|100%| O|  |TAMS 0x0000000701600000, 0x0000000701400000| Untracked 
|  11|0x0000000701600000, 0x0000000701800000, 0x0000000701800000|100%| O|  |TAMS 0x0000000701800000, 0x0000000701600000| Untracked 
|  12|0x0000000701800000, 0x0000000701a00000, 0x0000000701a00000|100%| O|  |TAMS 0x0000000701a00000, 0x0000000701800000| Untracked 
|  13|0x0000000701a00000, 0x0000000701c00000, 0x0000000701c00000|100%| O|  |TAMS 0x0000000701c00000, 0x0000000701a00000| Untracked 
|  14|0x0000000701c00000, 0x0000000701e00000, 0x0000000701e00000|100%| O|  |TAMS 0x0000000701e00000, 0x0000000701c00000| Untracked 
|  15|0x0000000701e00000, 0x0000000702000000, 0x0000000702000000|100%| O|  |TAMS 0x0000000702000000, 0x0000000701e00000| Untracked 
|  16|0x0000000702000000, 0x0000000702200000, 0x0000000702200000|100%| O|  |TAMS 0x0000000702200000, 0x0000000702000000| Untracked 
|  17|0x0000000702200000, 0x0000000702400000, 0x0000000702400000|100%| O|  |TAMS 0x0000000702400000, 0x0000000702200000| Untracked 
|  18|0x0000000702400000, 0x0000000702600000, 0x0000000702600000|100%|HS|  |TAMS 0x0000000702600000, 0x0000000702400000| Complete 
|  19|0x0000000702600000, 0x0000000702800000, 0x0000000702800000|100%|HS|  |TAMS 0x0000000702800000, 0x0000000702600000| Complete 
|  20|0x0000000702800000, 0x0000000702a00000, 0x0000000702a00000|100%|HS|  |TAMS 0x0000000702a00000, 0x0000000702800000| Complete 
|  21|0x0000000702a00000, 0x0000000702c00000, 0x0000000702c00000|100%|HC|  |TAMS 0x0000000702c00000, 0x0000000702a00000| Complete 
|  22|0x0000000702c00000, 0x0000000702e00000, 0x0000000702e00000|100%|HS|  |TAMS 0x0000000702e00000, 0x0000000702c00000| Complete 
|  23|0x0000000702e00000, 0x0000000703000000, 0x0000000703000000|100%|HC|  |TAMS 0x0000000703000000, 0x0000000702e00000| Complete 
|  24|0x0000000703000000, 0x0000000703200000, 0x0000000703200000|100%| O|  |TAMS 0x0000000703200000, 0x0000000703000000| Untracked 
|  25|0x0000000703200000, 0x0000000703400000, 0x0000000703400000|100%| O|  |TAMS 0x0000000703400000, 0x0000000703200000| Untracked 
|  26|0x0000000703400000, 0x0000000703600000, 0x0000000703600000|100%| O|  |TAMS 0x0000000703400000, 0x0000000703400000| Untracked 
|  27|0x0000000703600000, 0x0000000703800000, 0x0000000703800000|100%| O|  |TAMS 0x0000000703800000, 0x0000000703600000| Untracked 
|  28|0x0000000703800000, 0x0000000703a00000, 0x0000000703a00000|100%| O|  |TAMS 0x0000000703a00000, 0x0000000703800000| Untracked 
|  29|0x0000000703a00000, 0x0000000703c00000, 0x0000000703c00000|100%| O|  |TAMS 0x0000000703c00000, 0x0000000703a00000| Untracked 
|  30|0x0000000703c00000, 0x0000000703e00000, 0x0000000703e00000|100%|HS|  |TAMS 0x0000000703c00000, 0x0000000703c00000| Complete 
|  31|0x0000000703e00000, 0x0000000704000000, 0x0000000704000000|100%| O|  |TAMS 0x0000000704000000, 0x0000000703e00000| Untracked 
|  32|0x0000000704000000, 0x0000000704200000, 0x0000000704200000|100%| O|  |TAMS 0x0000000704200000, 0x0000000704000000| Untracked 
|  33|0x0000000704200000, 0x0000000704400000, 0x0000000704400000|100%| O|  |TAMS 0x0000000704400000, 0x0000000704200000| Untracked 
|  34|0x0000000704400000, 0x0000000704600000, 0x0000000704600000|100%| O|  |TAMS 0x0000000704600000, 0x0000000704400000| Untracked 
|  35|0x0000000704600000, 0x0000000704800000, 0x0000000704800000|100%| O|  |TAMS 0x0000000704800000, 0x0000000704600000| Untracked 
|  36|0x0000000704800000, 0x0000000704a00000, 0x0000000704a00000|100%| O|  |TAMS 0x0000000704a00000, 0x0000000704800000| Untracked 
|  37|0x0000000704a00000, 0x0000000704c00000, 0x0000000704c00000|100%| O|  |TAMS 0x0000000704c00000, 0x0000000704a00000| Untracked 
|  38|0x0000000704c00000, 0x0000000704e00000, 0x0000000704e00000|100%| O|  |TAMS 0x0000000704e00000, 0x0000000704c00000| Untracked 
|  39|0x0000000704e00000, 0x0000000705000000, 0x0000000705000000|100%| O|  |TAMS 0x0000000705000000, 0x0000000704e00000| Untracked 
|  40|0x0000000705000000, 0x0000000705200000, 0x0000000705200000|100%| O|  |TAMS 0x00000007051ffc00, 0x0000000705000000| Untracked 
|  41|0x0000000705200000, 0x0000000705400000, 0x0000000705400000|100%| O|  |TAMS 0x0000000705200000, 0x0000000705200000| Untracked 
|  42|0x0000000705400000, 0x0000000705600000, 0x0000000705600000|100%| O|  |TAMS 0x0000000705400000, 0x0000000705400000| Untracked 
|  43|0x0000000705600000, 0x0000000705800000, 0x0000000705800000|100%| O|  |TAMS 0x0000000705600000, 0x0000000705600000| Untracked 
|  44|0x0000000705800000, 0x0000000705a00000, 0x0000000705a00000|100%| O|  |TAMS 0x0000000705800000, 0x0000000705800000| Untracked 
|  45|0x0000000705a00000, 0x0000000705c00000, 0x0000000705c00000|100%| O|  |TAMS 0x0000000705a00000, 0x0000000705a00000| Untracked 
|  46|0x0000000705c00000, 0x0000000705ca6400, 0x0000000705e00000| 32%| O|  |TAMS 0x0000000705c00000, 0x0000000705c00000| Untracked 
|  47|0x0000000705e00000, 0x0000000705e00000, 0x0000000706000000|  0%| F|  |TAMS 0x0000000705e00000, 0x0000000705e00000| Untracked 
|  48|0x0000000706000000, 0x0000000706000000, 0x0000000706200000|  0%| F|  |TAMS 0x0000000706000000, 0x0000000706000000| Untracked 
|  49|0x0000000706200000, 0x0000000706200000, 0x0000000706400000|  0%| F|  |TAMS 0x0000000706200000, 0x0000000706200000| Untracked 
|  50|0x0000000706400000, 0x0000000706400000, 0x0000000706600000|  0%| F|  |TAMS 0x0000000706400000, 0x0000000706400000| Untracked 
|  51|0x0000000706600000, 0x0000000706600000, 0x0000000706800000|  0%| F|  |TAMS 0x0000000706600000, 0x0000000706600000| Untracked 
|  52|0x0000000706800000, 0x0000000706800000, 0x0000000706a00000|  0%| F|  |TAMS 0x0000000706800000, 0x0000000706800000| Untracked 
|  53|0x0000000706a00000, 0x0000000706a00000, 0x0000000706c00000|  0%| F|  |TAMS 0x0000000706a00000, 0x0000000706a00000| Untracked 
|  54|0x0000000706c00000, 0x0000000706c00000, 0x0000000706e00000|  0%| F|  |TAMS 0x0000000706c00000, 0x0000000706c00000| Untracked 
|  55|0x0000000706e00000, 0x0000000706e00000, 0x0000000707000000|  0%| F|  |TAMS 0x0000000706e00000, 0x0000000706e00000| Untracked 
|  56|0x0000000707000000, 0x0000000707000000, 0x0000000707200000|  0%| F|  |TAMS 0x0000000707000000, 0x0000000707000000| Untracked 
|  57|0x0000000707200000, 0x0000000707200000, 0x0000000707400000|  0%| F|  |TAMS 0x0000000707200000, 0x0000000707200000| Untracked 
|  58|0x0000000707400000, 0x0000000707400000, 0x0000000707600000|  0%| F|  |TAMS 0x0000000707400000, 0x0000000707400000| Untracked 
|  59|0x0000000707600000, 0x0000000707600000, 0x0000000707800000|  0%| F|  |TAMS 0x0000000707600000, 0x0000000707600000| Untracked 
|  60|0x0000000707800000, 0x0000000707800000, 0x0000000707a00000|  0%| F|  |TAMS 0x0000000707800000, 0x0000000707800000| Untracked 
|  61|0x0000000707a00000, 0x0000000707a00000, 0x0000000707c00000|  0%| F|  |TAMS 0x0000000707a00000, 0x0000000707a00000| Untracked 
|  62|0x0000000707c00000, 0x0000000707c00000, 0x0000000707e00000|  0%| F|  |TAMS 0x0000000707c00000, 0x0000000707c00000| Untracked 
|  63|0x0000000707e00000, 0x0000000707e00000, 0x0000000708000000|  0%| F|  |TAMS 0x0000000707e00000, 0x0000000707e00000| Untracked 
|  64|0x0000000708000000, 0x0000000708000000, 0x0000000708200000|  0%| F|  |TAMS 0x0000000708000000, 0x0000000708000000| Untracked 
|  65|0x0000000708200000, 0x0000000708200000, 0x0000000708400000|  0%| F|  |TAMS 0x0000000708200000, 0x0000000708200000| Untracked 
|  66|0x0000000708400000, 0x0000000708400000, 0x0000000708600000|  0%| F|  |TAMS 0x0000000708400000, 0x0000000708400000| Untracked 
|  67|0x0000000708600000, 0x0000000708600000, 0x0000000708800000|  0%| F|  |TAMS 0x0000000708600000, 0x0000000708600000| Untracked 
|  68|0x0000000708800000, 0x0000000708800000, 0x0000000708a00000|  0%| F|  |TAMS 0x0000000708800000, 0x0000000708800000| Untracked 
|  69|0x0000000708a00000, 0x0000000708a00000, 0x0000000708c00000|  0%| F|  |TAMS 0x0000000708a00000, 0x0000000708a00000| Untracked 
|  70|0x0000000708c00000, 0x0000000708c00000, 0x0000000708e00000|  0%| F|  |TAMS 0x0000000708c00000, 0x0000000708c00000| Untracked 
|  71|0x0000000708e00000, 0x0000000708e00000, 0x0000000709000000|  0%| F|  |TAMS 0x0000000708e00000, 0x0000000708e00000| Untracked 
|  72|0x0000000709000000, 0x0000000709000000, 0x0000000709200000|  0%| F|  |TAMS 0x0000000709000000, 0x0000000709000000| Untracked 
|  73|0x0000000709200000, 0x0000000709200000, 0x0000000709400000|  0%| F|  |TAMS 0x0000000709200000, 0x0000000709200000| Untracked 
|  74|0x0000000709400000, 0x0000000709556d20, 0x0000000709600000| 66%| S|CS|TAMS 0x0000000709400000, 0x0000000709400000| Complete 
|  75|0x0000000709600000, 0x0000000709800000, 0x0000000709800000|100%| S|CS|TAMS 0x0000000709600000, 0x0000000709600000| Complete 
|  76|0x0000000709800000, 0x0000000709a00000, 0x0000000709a00000|100%| S|CS|TAMS 0x0000000709800000, 0x0000000709800000| Complete 
|  77|0x0000000709a00000, 0x0000000709c00000, 0x0000000709c00000|100%| S|CS|TAMS 0x0000000709a00000, 0x0000000709a00000| Complete 
|  78|0x0000000709c00000, 0x0000000709e00000, 0x0000000709e00000|100%| S|CS|TAMS 0x0000000709c00000, 0x0000000709c00000| Complete 
|  79|0x0000000709e00000, 0x000000070a000000, 0x000000070a000000|100%| S|CS|TAMS 0x0000000709e00000, 0x0000000709e00000| Complete 
|  80|0x000000070a000000, 0x000000070a000000, 0x000000070a200000|  0%| F|  |TAMS 0x000000070a000000, 0x000000070a000000| Untracked 
|  81|0x000000070a200000, 0x000000070a200000, 0x000000070a400000|  0%| F|  |TAMS 0x000000070a200000, 0x000000070a200000| Untracked 
|  82|0x000000070a400000, 0x000000070a400000, 0x000000070a600000|  0%| F|  |TAMS 0x000000070a400000, 0x000000070a400000| Untracked 
|  83|0x000000070a600000, 0x000000070a600000, 0x000000070a800000|  0%| F|  |TAMS 0x000000070a600000, 0x000000070a600000| Untracked 
|  84|0x000000070a800000, 0x000000070a800000, 0x000000070aa00000|  0%| F|  |TAMS 0x000000070a800000, 0x000000070a800000| Untracked 
|  85|0x000000070aa00000, 0x000000070aa00000, 0x000000070ac00000|  0%| F|  |TAMS 0x000000070aa00000, 0x000000070aa00000| Untracked 
|  86|0x000000070ac00000, 0x000000070ac00000, 0x000000070ae00000|  0%| F|  |TAMS 0x000000070ac00000, 0x000000070ac00000| Untracked 
|  87|0x000000070ae00000, 0x000000070ae00000, 0x000000070b000000|  0%| F|  |TAMS 0x000000070ae00000, 0x000000070ae00000| Untracked 
|  88|0x000000070b000000, 0x000000070b000000, 0x000000070b200000|  0%| F|  |TAMS 0x000000070b000000, 0x000000070b000000| Untracked 
|  89|0x000000070b200000, 0x000000070b200000, 0x000000070b400000|  0%| F|  |TAMS 0x000000070b200000, 0x000000070b200000| Untracked 
|  90|0x000000070b400000, 0x000000070b400000, 0x000000070b600000|  0%| F|  |TAMS 0x000000070b400000, 0x000000070b400000| Untracked 
|  91|0x000000070b600000, 0x000000070b600000, 0x000000070b800000|  0%| F|  |TAMS 0x000000070b600000, 0x000000070b600000| Untracked 
|  92|0x000000070b800000, 0x000000070b800000, 0x000000070ba00000|  0%| F|  |TAMS 0x000000070b800000, 0x000000070b800000| Untracked 
|  93|0x000000070ba00000, 0x000000070ba00000, 0x000000070bc00000|  0%| F|  |TAMS 0x000000070ba00000, 0x000000070ba00000| Untracked 
|  94|0x000000070bc00000, 0x000000070bc00000, 0x000000070be00000|  0%| F|  |TAMS 0x000000070bc00000, 0x000000070bc00000| Untracked 
|  95|0x000000070be00000, 0x000000070be00000, 0x000000070c000000|  0%| F|  |TAMS 0x000000070be00000, 0x000000070be00000| Untracked 
|  96|0x000000070c000000, 0x000000070c000000, 0x000000070c200000|  0%| F|  |TAMS 0x000000070c000000, 0x000000070c000000| Untracked 
|  97|0x000000070c200000, 0x000000070c200000, 0x000000070c400000|  0%| F|  |TAMS 0x000000070c200000, 0x000000070c200000| Untracked 
|  98|0x000000070c400000, 0x000000070c400000, 0x000000070c600000|  0%| F|  |TAMS 0x000000070c400000, 0x000000070c400000| Untracked 
|  99|0x000000070c600000, 0x000000070c600000, 0x000000070c800000|  0%| F|  |TAMS 0x000000070c600000, 0x000000070c600000| Untracked 
| 100|0x000000070c800000, 0x000000070c800000, 0x000000070ca00000|  0%| F|  |TAMS 0x000000070c800000, 0x000000070c800000| Untracked 
| 101|0x000000070ca00000, 0x000000070ca00000, 0x000000070cc00000|  0%| F|  |TAMS 0x000000070ca00000, 0x000000070ca00000| Untracked 
| 102|0x000000070cc00000, 0x000000070cc00000, 0x000000070ce00000|  0%| F|  |TAMS 0x000000070cc00000, 0x000000070cc00000| Untracked 
| 103|0x000000070ce00000, 0x000000070ce00000, 0x000000070d000000|  0%| F|  |TAMS 0x000000070ce00000, 0x000000070ce00000| Untracked 
| 104|0x000000070d000000, 0x000000070d000000, 0x000000070d200000|  0%| F|  |TAMS 0x000000070d000000, 0x000000070d000000| Untracked 
| 105|0x000000070d200000, 0x000000070d200000, 0x000000070d400000|  0%| F|  |TAMS 0x000000070d200000, 0x000000070d200000| Untracked 
| 106|0x000000070d400000, 0x000000070d400000, 0x000000070d600000|  0%| F|  |TAMS 0x000000070d400000, 0x000000070d400000| Untracked 
| 107|0x000000070d600000, 0x000000070d600000, 0x000000070d800000|  0%| F|  |TAMS 0x000000070d600000, 0x000000070d600000| Untracked 
| 108|0x000000070d800000, 0x000000070d800000, 0x000000070da00000|  0%| F|  |TAMS 0x000000070d800000, 0x000000070d800000| Untracked 
| 109|0x000000070da00000, 0x000000070da00000, 0x000000070dc00000|  0%| F|  |TAMS 0x000000070da00000, 0x000000070da00000| Untracked 
| 110|0x000000070dc00000, 0x000000070dc00000, 0x000000070de00000|  0%| F|  |TAMS 0x000000070dc00000, 0x000000070dc00000| Untracked 
| 111|0x000000070de00000, 0x000000070de00000, 0x000000070e000000|  0%| F|  |TAMS 0x000000070de00000, 0x000000070de00000| Untracked 
| 112|0x000000070e000000, 0x000000070e000000, 0x000000070e200000|  0%| F|  |TAMS 0x000000070e000000, 0x000000070e000000| Untracked 
| 113|0x000000070e200000, 0x000000070e200000, 0x000000070e400000|  0%| F|  |TAMS 0x000000070e200000, 0x000000070e200000| Untracked 
| 114|0x000000070e400000, 0x000000070e400000, 0x000000070e600000|  0%| F|  |TAMS 0x000000070e400000, 0x000000070e400000| Untracked 
| 115|0x000000070e600000, 0x000000070e600000, 0x000000070e800000|  0%| F|  |TAMS 0x000000070e600000, 0x000000070e600000| Untracked 
| 116|0x000000070e800000, 0x000000070e800000, 0x000000070ea00000|  0%| F|  |TAMS 0x000000070e800000, 0x000000070e800000| Untracked 
| 117|0x000000070ea00000, 0x000000070ea00000, 0x000000070ec00000|  0%| F|  |TAMS 0x000000070ea00000, 0x000000070ea00000| Untracked 
| 118|0x000000070ec00000, 0x000000070ec00000, 0x000000070ee00000|  0%| F|  |TAMS 0x000000070ec00000, 0x000000070ec00000| Untracked 
| 119|0x000000070ee00000, 0x000000070ee00000, 0x000000070f000000|  0%| F|  |TAMS 0x000000070ee00000, 0x000000070ee00000| Untracked 
| 120|0x000000070f000000, 0x000000070f000000, 0x000000070f200000|  0%| F|  |TAMS 0x000000070f000000, 0x000000070f000000| Untracked 
| 121|0x000000070f200000, 0x000000070f200000, 0x000000070f400000|  0%| F|  |TAMS 0x000000070f200000, 0x000000070f200000| Untracked 
| 122|0x000000070f400000, 0x000000070f400000, 0x000000070f600000|  0%| F|  |TAMS 0x000000070f400000, 0x000000070f400000| Untracked 
| 123|0x000000070f600000, 0x000000070f600000, 0x000000070f800000|  0%| F|  |TAMS 0x000000070f600000, 0x000000070f600000| Untracked 
| 124|0x000000070f800000, 0x000000070f800000, 0x000000070fa00000|  0%| F|  |TAMS 0x000000070f800000, 0x000000070f800000| Untracked 
| 125|0x000000070fa00000, 0x000000070fa00000, 0x000000070fc00000|  0%| F|  |TAMS 0x000000070fa00000, 0x000000070fa00000| Untracked 
| 126|0x000000070fc00000, 0x000000070fc00000, 0x000000070fe00000|  0%| F|  |TAMS 0x000000070fc00000, 0x000000070fc00000| Untracked 
| 127|0x000000070fe00000, 0x000000070fe00000, 0x0000000710000000|  0%| F|  |TAMS 0x000000070fe00000, 0x000000070fe00000| Untracked 
| 128|0x0000000710000000, 0x0000000710000000, 0x0000000710200000|  0%| F|  |TAMS 0x0000000710000000, 0x0000000710000000| Untracked 
| 129|0x0000000710200000, 0x0000000710200000, 0x0000000710400000|  0%| F|  |TAMS 0x0000000710200000, 0x0000000710200000| Untracked 
| 130|0x0000000710400000, 0x0000000710400000, 0x0000000710600000|  0%| F|  |TAMS 0x0000000710400000, 0x0000000710400000| Untracked 
| 131|0x0000000710600000, 0x0000000710600000, 0x0000000710800000|  0%| F|  |TAMS 0x0000000710600000, 0x0000000710600000| Untracked 
| 132|0x0000000710800000, 0x0000000710800000, 0x0000000710a00000|  0%| F|  |TAMS 0x0000000710800000, 0x0000000710800000| Untracked 
| 133|0x0000000710a00000, 0x0000000710b20828, 0x0000000710c00000| 56%| E|  |TAMS 0x0000000710a00000, 0x0000000710a00000| Complete 
| 134|0x0000000710c00000, 0x0000000710e00000, 0x0000000710e00000|100%| E|CS|TAMS 0x0000000710c00000, 0x0000000710c00000| Complete 
| 135|0x0000000710e00000, 0x0000000711000000, 0x0000000711000000|100%| E|CS|TAMS 0x0000000710e00000, 0x0000000710e00000| Complete 
| 136|0x0000000711000000, 0x0000000711200000, 0x0000000711200000|100%| E|CS|TAMS 0x0000000711000000, 0x0000000711000000| Complete 
| 137|0x0000000711200000, 0x0000000711400000, 0x0000000711400000|100%| E|CS|TAMS 0x0000000711200000, 0x0000000711200000| Complete 
| 138|0x0000000711400000, 0x0000000711600000, 0x0000000711600000|100%| E|CS|TAMS 0x0000000711400000, 0x0000000711400000| Complete 
| 139|0x0000000711600000, 0x0000000711800000, 0x0000000711800000|100%| E|CS|TAMS 0x0000000711600000, 0x0000000711600000| Complete 
| 140|0x0000000711800000, 0x0000000711a00000, 0x0000000711a00000|100%| E|CS|TAMS 0x0000000711800000, 0x0000000711800000| Complete 
| 141|0x0000000711a00000, 0x0000000711c00000, 0x0000000711c00000|100%| E|CS|TAMS 0x0000000711a00000, 0x0000000711a00000| Complete 
| 142|0x0000000711c00000, 0x0000000711e00000, 0x0000000711e00000|100%| E|CS|TAMS 0x0000000711c00000, 0x0000000711c00000| Complete 
| 143|0x0000000711e00000, 0x0000000712000000, 0x0000000712000000|100%| E|CS|TAMS 0x0000000711e00000, 0x0000000711e00000| Complete 
| 144|0x0000000712000000, 0x0000000712200000, 0x0000000712200000|100%| E|CS|TAMS 0x0000000712000000, 0x0000000712000000| Complete 
| 145|0x0000000712200000, 0x0000000712400000, 0x0000000712400000|100%| E|CS|TAMS 0x0000000712200000, 0x0000000712200000| Complete 
| 146|0x0000000712400000, 0x0000000712600000, 0x0000000712600000|100%| E|CS|TAMS 0x0000000712400000, 0x0000000712400000| Complete 
| 147|0x0000000712600000, 0x0000000712800000, 0x0000000712800000|100%| E|CS|TAMS 0x0000000712600000, 0x0000000712600000| Complete 
| 148|0x0000000712800000, 0x0000000712a00000, 0x0000000712a00000|100%| E|CS|TAMS 0x0000000712800000, 0x0000000712800000| Complete 
| 149|0x0000000712a00000, 0x0000000712c00000, 0x0000000712c00000|100%| E|CS|TAMS 0x0000000712a00000, 0x0000000712a00000| Complete 
| 150|0x0000000712c00000, 0x0000000712e00000, 0x0000000712e00000|100%| E|CS|TAMS 0x0000000712c00000, 0x0000000712c00000| Complete 
| 151|0x0000000712e00000, 0x0000000713000000, 0x0000000713000000|100%| E|CS|TAMS 0x0000000712e00000, 0x0000000712e00000| Complete 
| 152|0x0000000713000000, 0x0000000713200000, 0x0000000713200000|100%| E|CS|TAMS 0x0000000713000000, 0x0000000713000000| Complete 
| 153|0x0000000713200000, 0x0000000713400000, 0x0000000713400000|100%| E|CS|TAMS 0x0000000713200000, 0x0000000713200000| Complete 
| 154|0x0000000713400000, 0x0000000713600000, 0x0000000713600000|100%| E|CS|TAMS 0x0000000713400000, 0x0000000713400000| Complete 
| 155|0x0000000713600000, 0x0000000713800000, 0x0000000713800000|100%| E|CS|TAMS 0x0000000713600000, 0x0000000713600000| Complete 

Card table byte_map: [0x0000017973f10000,0x0000017974710000] _byte_map_base: 0x0000017970710000

Marking Bits (Prev, Next): (CMBitMap*) 0x0000017969a68470, (CMBitMap*) 0x0000017969a684b0
 Prev Bits: [0x0000017974f10000, 0x0000017978f10000)
 Next Bits: [0x0000017978f10000, 0x000001797cf10000)

Polling page: 0x0000017969ac0000

Metaspace:

Usage:
  Non-class:     72.21 MB used.
      Class:     11.57 MB used.
       Both:     83.78 MB used.

Virtual space:
  Non-class space:      128.00 MB reserved,      72.69 MB ( 57%) committed,  2 nodes.
      Class space:      416.00 MB reserved,      12.00 MB (  3%) committed,  1 nodes.
             Both:      544.00 MB reserved,      84.69 MB ( 16%) committed. 

Chunk freelists:
   Non-Class:  7.16 MB
       Class:  3.84 MB
        Both:  11.00 MB

MaxMetaspaceSize: 512.00 MB
CompressedClassSpaceSize: 416.00 MB
Initial GC threshold: 21.00 MB
Current GC threshold: 117.94 MB
CDS: on
MetaspaceReclaimPolicy: balanced
 - commit_granule_bytes: 65536.
 - commit_granule_words: 8192.
 - virtual_space_node_default_size: 8388608.
 - enlarge_chunks_in_place: 1.
 - new_chunks_are_fully_committed: 0.
 - uncommit_free_chunks: 1.
 - use_allocation_guard: 0.
 - handle_deallocations: 1.


Internal statistics:

num_allocs_failed_limit: 9.
num_arena_births: 1156.
num_arena_deaths: 0.
num_vsnodes_births: 3.
num_vsnodes_deaths: 0.
num_space_committed: 1355.
num_space_uncommitted: 0.
num_chunks_returned_to_freelist: 9.
num_chunks_taken_from_freelist: 4874.
num_chunk_merges: 9.
num_chunk_splits: 3168.
num_chunks_enlarged: 2053.
num_inconsistent_stats: 0.

CodeHeap 'non-profiled nmethods': size=120000Kb used=6189Kb max_used=6189Kb free=113810Kb
 bounds [0x0000017907ad0000, 0x00000179080e0000, 0x000001790f000000]
CodeHeap 'profiled nmethods': size=120000Kb used=19317Kb max_used=19317Kb free=100682Kb
 bounds [0x0000017900000000, 0x00000179012e0000, 0x0000017907530000]
CodeHeap 'non-nmethods': size=5760Kb used=2390Kb max_used=2442Kb free=3369Kb
 bounds [0x0000017907530000, 0x00000179077a0000, 0x0000017907ad0000]
 total_blobs=11051 nmethods=10130 adapters=833
 compilation: enabled
              stopped_count=0, restarted_count=0
 full_count=0

Compilation events (20 events):
Event: 13.176 Thread 0x000001797fc3daa0 11582       3       org.gradle.api.internal.provider.DefaultValueSourceProviderFactory$ValueSourceProvider::<init> (6 bytes)
Event: 13.176 Thread 0x000001797fc3daa0 nmethod 11582 0x00000179012c7090 code [0x00000179012c7240, 0x00000179012c74d8]
Event: 13.177 Thread 0x000001797fc3daa0 11583       3       org.gradle.api.internal.provider.DefaultValueSourceProviderFactory$ValueSourceProvider::<init> (10 bytes)
Event: 13.177 Thread 0x000001797fc3daa0 nmethod 11583 0x00000179012c7610 code [0x00000179012c77c0, 0x00000179012c79f8]
Event: 13.185 Thread 0x000001797fc3daa0 11584       3       org.gradle.api.internal.provider.DefaultValueSourceProviderFactory$DefaultValueSourceSpec_Decorated::<init> (10 bytes)
Event: 13.185 Thread 0x00000179345c6fc0 11588       4       org.gradle.api.internal.provider.EvaluationContext$PerThreadContext::push (34 bytes)
Event: 13.186 Thread 0x000001797fc3daa0 nmethod 11584 0x00000179012c7b10 code [0x00000179012c7e00, 0x00000179012c8fa8]
Event: 13.186 Thread 0x000001797fc3daa0 11585       3       org.gradle.api.internal.provider.DefaultValueSourceProviderFactory$DefaultValueSourceSpec::<init> (10 bytes)
Event: 13.186 Thread 0x000001797fc3daa0 nmethod 11585 0x00000179012c9490 code [0x00000179012c9620, 0x00000179012c97d8]
Event: 13.186 Thread 0x000001797fc3daa0 11586       3       org.gradle.api.internal.provider.DefaultValueSourceProviderFactory$LazilyObtainedValue::<init> (10 bytes)
Event: 13.186 Thread 0x000001797fc3daa0 nmethod 11586 0x00000179012c9890 code [0x00000179012c9a20, 0x00000179012c9b68]
Event: 13.186 Thread 0x000001797fc3daa0 11587       3       org.gradle.api.internal.provider.DefaultValueSourceProviderFactory$LazilyObtainedValue::<init> (62 bytes)
Event: 13.187 Thread 0x000001797fc3daa0 nmethod 11587 0x00000179012c9c10 code [0x00000179012c9e80, 0x00000179012cabd8]
Event: 13.189 Thread 0x00000179345c6fc0 nmethod 11588 0x00000179080cf090 code [0x00000179080cf240, 0x00000179080cf7c8]
Event: 13.196 Thread 0x000001797fc3daa0 11589       3       java.util.concurrent.atomic.AtomicReferenceFieldUpdater$AtomicReferenceFieldUpdaterImpl::compareAndSet (24 bytes)
Event: 13.197 Thread 0x000001797fc3daa0 nmethod 11589 0x00000179012cb090 code [0x00000179012cb280, 0x00000179012cb778]
Event: 13.202 Thread 0x00000179345c6fc0 11590       4       java.util.regex.Pattern::peek (26 bytes)
Event: 13.203 Thread 0x00000179345c6fc0 nmethod 11590 0x00000179080cfb90 code [0x00000179080cfd00, 0x00000179080cfdf8]
Event: 13.205 Thread 0x00000179345c6fc0 11591       4       it.unimi.dsi.fastutil.objects.ReferenceArrayList::remove (138 bytes)
Event: 13.207 Thread 0x00000179345c6fc0 nmethod 11591 0x00000179080cff10 code [0x00000179080d00a0, 0x00000179080d0218]

GC Heap History (20 events):
Event: 9.023 GC heap before
{Heap before GC invocations=21 (full 0):
 garbage-first heap   total 159744K, used 124374K [0x0000000700000000, 0x0000000800000000)
  region size 2048K, 32 young (65536K), 3 survivors (6144K)
 Metaspace       used 65931K, committed 66624K, reserved 491520K
  class space    used 9358K, committed 9664K, reserved 425984K
}
Event: 9.029 GC heap after
{Heap after GC invocations=22 (full 0):
 garbage-first heap   total 159744K, used 71334K [0x0000000700000000, 0x0000000800000000)
  region size 2048K, 4 young (8192K), 4 survivors (8192K)
 Metaspace       used 65931K, committed 66624K, reserved 491520K
  class space    used 9358K, committed 9664K, reserved 425984K
}
Event: 9.916 GC heap before
{Heap before GC invocations=22 (full 0):
 garbage-first heap   total 159744K, used 124582K [0x0000000700000000, 0x0000000800000000)
  region size 2048K, 30 young (61440K), 4 survivors (8192K)
 Metaspace       used 69521K, committed 70272K, reserved 491520K
  class space    used 9939K, committed 10304K, reserved 425984K
}
Event: 9.922 GC heap after
{Heap after GC invocations=23 (full 0):
 garbage-first heap   total 159744K, used 75227K [0x0000000700000000, 0x0000000800000000)
  region size 2048K, 3 young (6144K), 3 survivors (6144K)
 Metaspace       used 69521K, committed 70272K, reserved 491520K
  class space    used 9939K, committed 10304K, reserved 425984K
}
Event: 10.565 GC heap before
{Heap before GC invocations=23 (full 0):
 garbage-first heap   total 159744K, used 126427K [0x0000000700000000, 0x0000000800000000)
  region size 2048K, 28 young (57344K), 3 survivors (6144K)
 Metaspace       used 71195K, committed 72000K, reserved 491520K
  class space    used 10136K, committed 10496K, reserved 425984K
}
Event: 10.572 GC heap after
{Heap after GC invocations=24 (full 0):
 garbage-first heap   total 159744K, used 81327K [0x0000000700000000, 0x0000000800000000)
  region size 2048K, 4 young (8192K), 4 survivors (8192K)
 Metaspace       used 71195K, committed 72000K, reserved 491520K
  class space    used 10136K, committed 10496K, reserved 425984K
}
Event: 10.876 GC heap before
{Heap before GC invocations=24 (full 0):
 garbage-first heap   total 159744K, used 124335K [0x0000000700000000, 0x0000000800000000)
  region size 2048K, 26 young (53248K), 4 survivors (8192K)
 Metaspace       used 71541K, committed 72448K, reserved 491520K
  class space    used 10139K, committed 10560K, reserved 425984K
}
Event: 10.881 GC heap after
{Heap after GC invocations=25 (full 0):
 garbage-first heap   total 159744K, used 83268K [0x0000000700000000, 0x0000000800000000)
  region size 2048K, 3 young (6144K), 3 survivors (6144K)
 Metaspace       used 71541K, committed 72448K, reserved 491520K
  class space    used 10139K, committed 10560K, reserved 425984K
}
Event: 11.014 GC heap before
{Heap before GC invocations=26 (full 0):
 garbage-first heap   total 163840K, used 124228K [0x0000000700000000, 0x0000000800000000)
  region size 2048K, 24 young (49152K), 3 survivors (6144K)
 Metaspace       used 71617K, committed 72512K, reserved 491520K
  class space    used 10139K, committed 10560K, reserved 425984K
}
Event: 11.018 GC heap after
{Heap after GC invocations=27 (full 0):
 garbage-first heap   total 163840K, used 84690K [0x0000000700000000, 0x0000000800000000)
  region size 2048K, 2 young (4096K), 2 survivors (4096K)
 Metaspace       used 71617K, committed 72512K, reserved 491520K
  class space    used 10139K, committed 10560K, reserved 425984K
}
Event: 11.029 GC heap before
{Heap before GC invocations=27 (full 0):
 garbage-first heap   total 163840K, used 86738K [0x0000000700000000, 0x0000000800000000)
  region size 2048K, 4 young (8192K), 2 survivors (4096K)
 Metaspace       used 71617K, committed 72512K, reserved 491520K
  class space    used 10139K, committed 10560K, reserved 425984K
}
Event: 11.031 GC heap after
{Heap after GC invocations=28 (full 0):
 garbage-first heap   total 163840K, used 83455K [0x0000000700000000, 0x0000000800000000)
  region size 2048K, 1 young (2048K), 1 survivors (2048K)
 Metaspace       used 71617K, committed 72512K, reserved 491520K
  class space    used 10139K, committed 10560K, reserved 425984K
}
Event: 11.123 GC heap before
{Heap before GC invocations=28 (full 0):
 garbage-first heap   total 163840K, used 128511K [0x0000000700000000, 0x0000000800000000)
  region size 2048K, 24 young (49152K), 1 survivors (2048K)
 Metaspace       used 71626K, committed 72512K, reserved 491520K
  class space    used 10140K, committed 10560K, reserved 425984K
}
Event: 11.126 GC heap after
{Heap after GC invocations=29 (full 0):
 garbage-first heap   total 163840K, used 85382K [0x0000000700000000, 0x0000000800000000)
  region size 2048K, 2 young (4096K), 2 survivors (4096K)
 Metaspace       used 71626K, committed 72512K, reserved 491520K
  class space    used 10140K, committed 10560K, reserved 425984K
}
Event: 11.396 GC heap before
{Heap before GC invocations=30 (full 0):
 garbage-first heap   total 182272K, used 130438K [0x0000000700000000, 0x0000000800000000)
  region size 2048K, 25 young (51200K), 2 survivors (4096K)
 Metaspace       used 71695K, committed 72576K, reserved 491520K
  class space    used 10151K, committed 10560K, reserved 425984K
}
Event: 11.401 GC heap after
{Heap after GC invocations=31 (full 0):
 garbage-first heap   total 182272K, used 94275K [0x0000000700000000, 0x0000000800000000)
  region size 2048K, 4 young (8192K), 4 survivors (8192K)
 Metaspace       used 71695K, committed 72576K, reserved 491520K
  class space    used 10151K, committed 10560K, reserved 425984K
}
Event: 11.412 GC heap before
{Heap before GC invocations=31 (full 0):
 garbage-first heap   total 182272K, used 96323K [0x0000000700000000, 0x0000000800000000)
  region size 2048K, 5 young (10240K), 4 survivors (8192K)
 Metaspace       used 71759K, committed 72576K, reserved 491520K
  class space    used 10157K, committed 10560K, reserved 425984K
}
Event: 11.416 GC heap after
{Heap after GC invocations=32 (full 0):
 garbage-first heap   total 319488K, used 94504K [0x0000000700000000, 0x0000000800000000)
  region size 2048K, 1 young (2048K), 1 survivors (2048K)
 Metaspace       used 71759K, committed 72576K, reserved 491520K
  class space    used 10157K, committed 10560K, reserved 425984K
}
Event: 12.845 GC heap before
{Heap before GC invocations=32 (full 0):
 garbage-first heap   total 319488K, used 246056K [0x0000000700000000, 0x0000000800000000)
  region size 2048K, 76 young (155648K), 1 survivors (2048K)
 Metaspace       used 82757K, committed 83584K, reserved 557056K
  class space    used 11415K, committed 11840K, reserved 425984K
}
Event: 12.851 GC heap after
{Heap after GC invocations=33 (full 0):
 garbage-first heap   total 319488K, used 104436K [0x0000000700000000, 0x0000000800000000)
  region size 2048K, 6 young (12288K), 6 survivors (12288K)
 Metaspace       used 82757K, committed 83584K, reserved 557056K
  class space    used 11415K, committed 11840K, reserved 425984K
}

Deoptimization events (20 events):
Event: 12.989 Thread 0x000001792e85d850 Uncommon trap: trap_request=0xffffffd6 fr.pc=0x0000017907fb4b4c relative=0x000000000000068c
Event: 12.989 Thread 0x000001792e85d850 Uncommon trap: reason=array_check action=maybe_recompile pc=0x0000017907fb4b4c method=java.util.TimSort.binarySort([Ljava/lang/Object;IIILjava/util/Comparator;)V @ 215 c2
Event: 12.989 Thread 0x000001792e85d850 DEOPT PACKING pc=0x0000017907fb4b4c sp=0x00000027a57f4a00
Event: 12.989 Thread 0x000001792e85d850 DEOPT UNPACKING pc=0x00000179075823a3 sp=0x00000027a57f4998 mode 2
Event: 13.141 Thread 0x000001792e85d850 Uncommon trap: trap_request=0xffffffde fr.pc=0x0000017907c1e7a4 relative=0x0000000000000c84
Event: 13.141 Thread 0x000001792e85d850 Uncommon trap: reason=class_check action=maybe_recompile pc=0x0000017907c1e7a4 method=org.gradle.internal.snapshot.impl.AbstractValueProcessor.processValue(Ljava/lang/Object;Lorg/gradle/internal/snapshot/impl/AbstractValueProcessor$ValueVisitor;)Ljava/lan
Event: 13.141 Thread 0x000001792e85d850 DEOPT PACKING pc=0x0000017907c1e7a4 sp=0x00000027a57f36c0
Event: 13.141 Thread 0x000001792e85d850 DEOPT UNPACKING pc=0x00000179075823a3 sp=0x00000027a57f3668 mode 2
Event: 13.142 Thread 0x000001792e85d850 Uncommon trap: trap_request=0xffffffde fr.pc=0x0000017907c1e7a4 relative=0x0000000000000c84
Event: 13.142 Thread 0x000001792e85d850 Uncommon trap: reason=class_check action=maybe_recompile pc=0x0000017907c1e7a4 method=org.gradle.internal.snapshot.impl.AbstractValueProcessor.processValue(Ljava/lang/Object;Lorg/gradle/internal/snapshot/impl/AbstractValueProcessor$ValueVisitor;)Ljava/lan
Event: 13.142 Thread 0x000001792e85d850 DEOPT PACKING pc=0x0000017907c1e7a4 sp=0x00000027a57f36c0
Event: 13.142 Thread 0x000001792e85d850 DEOPT UNPACKING pc=0x00000179075823a3 sp=0x00000027a57f3668 mode 2
Event: 13.143 Thread 0x000001792e85d850 Uncommon trap: trap_request=0xffffffde fr.pc=0x0000017907c1e7a4 relative=0x0000000000000c84
Event: 13.143 Thread 0x000001792e85d850 Uncommon trap: reason=class_check action=maybe_recompile pc=0x0000017907c1e7a4 method=org.gradle.internal.snapshot.impl.AbstractValueProcessor.processValue(Ljava/lang/Object;Lorg/gradle/internal/snapshot/impl/AbstractValueProcessor$ValueVisitor;)Ljava/lan
Event: 13.143 Thread 0x000001792e85d850 DEOPT PACKING pc=0x0000017907c1e7a4 sp=0x00000027a57f36c0
Event: 13.143 Thread 0x000001792e85d850 DEOPT UNPACKING pc=0x00000179075823a3 sp=0x00000027a57f3668 mode 2
Event: 13.143 Thread 0x000001792e85d850 Uncommon trap: trap_request=0xffffffde fr.pc=0x0000017907c1e7a4 relative=0x0000000000000c84
Event: 13.143 Thread 0x000001792e85d850 Uncommon trap: reason=class_check action=maybe_recompile pc=0x0000017907c1e7a4 method=org.gradle.internal.snapshot.impl.AbstractValueProcessor.processValue(Ljava/lang/Object;Lorg/gradle/internal/snapshot/impl/AbstractValueProcessor$ValueVisitor;)Ljava/lan
Event: 13.143 Thread 0x000001792e85d850 DEOPT PACKING pc=0x0000017907c1e7a4 sp=0x00000027a57f36c0
Event: 13.143 Thread 0x000001792e85d850 DEOPT UNPACKING pc=0x00000179075823a3 sp=0x00000027a57f3668 mode 2

Classes unloaded (0 events):
No events

Classes redefined (0 events):
No events

Internal exceptions (20 events):
Event: 11.244 Thread 0x000001792e85d850 Exception <a 'java/lang/ClassNotFoundException'{0x000000070a440268}: build_7wk1n4dbuy5hjwbujglt9bta2Customizer> (0x000000070a440268) 
thrown [s\open\src\hotspot\share\classfile\systemDictionary.cpp, line 256]
Event: 11.356 Thread 0x000001792e85d850 Exception <a 'java/lang/ClassNotFoundException'{0x0000000708723260}: org/gradle/api/internal/plugins/DefaultObjectConfigurationActionBeanInfo> (0x0000000708723260) 
thrown [s\open\src\hotspot\share\classfile\systemDictionary.cpp, line 256]
Event: 11.357 Thread 0x000001792e85d850 Exception <a 'java/lang/ClassNotFoundException'{0x0000000708737720}: org/gradle/api/internal/plugins/DefaultObjectConfigurationActionCustomizer> (0x0000000708737720) 
thrown [s\open\src\hotspot\share\classfile\systemDictionary.cpp, line 256]
Event: 11.386 Thread 0x000001792e85d850 Exception <a 'java/lang/ClassNotFoundException'{0x0000000708533178}: build_bs35j15sdjykizjcda9f8ndd4BeanInfo> (0x0000000708533178) 
thrown [s\open\src\hotspot\share\classfile\systemDictionary.cpp, line 256]
Event: 11.387 Thread 0x000001792e85d850 Exception <a 'java/lang/ClassNotFoundException'{0x00000007085400d0}: build_bs35j15sdjykizjcda9f8ndd4Customizer> (0x00000007085400d0) 
thrown [s\open\src\hotspot\share\classfile\systemDictionary.cpp, line 256]
Event: 12.216 Thread 0x000001792e85d850 Implicit null exception at 0x0000017907ced80c to 0x0000017907ced93e
Event: 12.304 Thread 0x000001792e85d850 Exception <a 'sun/nio/fs/WindowsException'{0x000000070d4d8770}> (0x000000070d4d8770) 
thrown [s\open\src\hotspot\share\prims\jni.cpp, line 516]
Event: 12.838 Thread 0x000001792e85d850 Implicit null exception at 0x0000017907de04c9 to 0x0000017907de058c
Event: 12.932 Thread 0x000001792e85d850 Exception <a 'java/lang/NoSuchMethodError'{0x0000000712ef9cd0}: static Lorg/jetbrains/kotlin/gradle/plugin/internal/DefaultConfigurationTimePropertiesAccessorVariantFactory;.<clinit>()V> (0x0000000712ef9cd0) 
thrown [s\open\src\hotspot\share\prims\jni.cpp, line 1107]
Event: 12.933 Thread 0x000001792e85d850 Exception <a 'java/lang/NoSuchMethodError'{0x0000000712f19828}: static Lorg/jetbrains/kotlin/gradle/plugin/internal/DefaultProjectIsolationStartParameterAccessorVariantFactory;.<clinit>()V> (0x0000000712f19828) 
thrown [s\open\src\hotspot\share\prims\jni.cpp, line 1107]
Event: 12.935 Thread 0x000001792e85d850 Exception <a 'java/lang/NoSuchMethodError'{0x0000000712f42648}: static Lorg/jetbrains/kotlin/gradle/plugin/internal/DefaultArtifactTypeAttributeAccessorVariantFactory;.<clinit>()V> (0x0000000712f42648) 
thrown [s\open\src\hotspot\share\prims\jni.cpp, line 1107]
Event: 12.936 Thread 0x000001792e85d850 Exception <a 'java/lang/NoSuchMethodError'{0x0000000712f6b168}: static Lorg/jetbrains/kotlin/gradle/plugin/internal/DefaultCompatibilityConventionRegistrar$Factory;.<clinit>()V> (0x0000000712f6b168) 
thrown [s\open\src\hotspot\share\prims\jni.cpp, line 1107]
Event: 12.937 Thread 0x000001792e85d850 Exception <a 'java/lang/NoSuchMethodError'{0x0000000712f8b5f0}: static Lorg/jetbrains/kotlin/gradle/plugin/internal/DefaultJavaSourceSetsAccessorVariantFactory;.<clinit>()V> (0x0000000712f8b5f0) 
thrown [s\open\src\hotspot\share\prims\jni.cpp, line 1107]
Event: 12.938 Thread 0x000001792e85d850 Exception <a 'java/lang/NoSuchMethodError'{0x0000000712fab140}: static Lorg/jetbrains/kotlin/gradle/plugin/internal/DefaultIdeaSyncDetectorVariantFactory;.<clinit>()V> (0x0000000712fab140) 
thrown [s\open\src\hotspot\share\prims\jni.cpp, line 1107]
Event: 12.939 Thread 0x000001792e85d850 Exception <a 'java/lang/NoSuchMethodError'{0x0000000712fcc100}: static Lorg/jetbrains/kotlin/gradle/plugin/internal/DefaultKotlinTestReportCompatibilityHelperVariantFactory;.<clinit>()V> (0x0000000712fcc100) 
thrown [s\open\src\hotspot\share\prims\jni.cpp, line 1107]
Event: 12.940 Thread 0x000001792e85d850 Exception <a 'java/lang/NoSuchMethodError'{0x0000000712fecb20}: static Lorg/jetbrains/kotlin/gradle/plugin/internal/DefaultMppTestReportHelperVariantFactory;.<clinit>()V> (0x0000000712fecb20) 
thrown [s\open\src\hotspot\share\prims\jni.cpp, line 1107]
Event: 12.941 Thread 0x000001792e85d850 Exception <a 'java/lang/NoSuchMethodError'{0x0000000712c164f0}: static Lorg/jetbrains/kotlin/gradle/plugin/internal/DefaultConfigurationCacheStartParameterAccessorVariantFactory;.<clinit>()V> (0x0000000712c164f0) 
thrown [s\open\src\hotspot\share\prims\jni.cpp, line 1107]
Event: 12.942 Thread 0x000001792e85d850 Exception <a 'java/lang/NoSuchMethodError'{0x0000000712c37b80}: static Lorg/jetbrains/kotlin/gradle/plugin/internal/MavenPluginConfigurator$DefaultMavenPluginConfiguratorVariantFactory;.<clinit>()V> (0x0000000712c37b80) 
thrown [s\open\src\hotspot\share\prims\jni.cpp, line 1107]
Event: 12.943 Thread 0x000001792e85d850 Exception <a 'java/lang/NoSuchMethodError'{0x0000000712c57728}: static Lorg/jetbrains/kotlin/gradle/targets/js/nodejs/DefaultUnameExecutorVariantFactory;.<clinit>()V> (0x0000000712c57728) 
thrown [s\open\src\hotspot\share\prims\jni.cpp, line 1107]
Event: 12.944 Thread 0x000001792e85d850 Exception <a 'java/lang/NoSuchMethodError'{0x0000000712c77cd0}: static Lorg/jetbrains/kotlin/gradle/plugin/internal/DefaultBasePluginConfigurationVariantFactory;.<clinit>()V> (0x0000000712c77cd0) 
thrown [s\open\src\hotspot\share\prims\jni.cpp, line 1107]

VM Operations (20 events):
Event: 11.278 Executing VM operation: HandshakeAllThreads
Event: 11.278 Executing VM operation: HandshakeAllThreads done
Event: 11.396 Executing VM operation: G1CollectForAllocation
Event: 11.401 Executing VM operation: G1CollectForAllocation done
Event: 11.412 Executing VM operation: G1CollectForAllocation
Event: 11.416 Executing VM operation: G1CollectForAllocation done
Event: 11.802 Executing VM operation: HandshakeAllThreads
Event: 11.802 Executing VM operation: HandshakeAllThreads done
Event: 11.804 Executing VM operation: HandshakeAllThreads
Event: 11.804 Executing VM operation: HandshakeAllThreads done
Event: 12.193 Executing VM operation: HandshakeAllThreads
Event: 12.193 Executing VM operation: HandshakeAllThreads done
Event: 12.221 Executing VM operation: HandshakeAllThreads
Event: 12.221 Executing VM operation: HandshakeAllThreads done
Event: 12.222 Executing VM operation: HandshakeAllThreads
Event: 12.222 Executing VM operation: HandshakeAllThreads done
Event: 12.531 Executing VM operation: ICBufferFull
Event: 12.531 Executing VM operation: ICBufferFull done
Event: 12.845 Executing VM operation: G1CollectForAllocation
Event: 12.851 Executing VM operation: G1CollectForAllocation done

Events (20 events):
Event: 12.250 loading class java/util/Base64
Event: 12.250 loading class java/util/Base64 done
Event: 12.250 loading class java/util/Base64$Decoder
Event: 12.250 loading class java/util/Base64$Decoder done
Event: 12.250 loading class java/util/Base64$Encoder
Event: 12.250 loading class java/util/Base64$Encoder done
Event: 12.251 loading class java/util/jar/JarVerifier$VerifierStream
Event: 12.251 loading class java/util/jar/JarVerifier$VerifierStream done
Event: 12.251 loading class sun/security/util/ManifestEntryVerifier$SunProviderHolder
Event: 12.251 loading class sun/security/util/ManifestEntryVerifier$SunProviderHolder done
Event: 12.303 loading class java/security/KeyStore$ProtectionParameter
Event: 12.303 loading class java/security/KeyStore$ProtectionParameter done
Event: 12.466 Thread 0x00000179345c6fc0 Thread added: 0x00000179345c6fc0
Event: 12.671 loading class java/security/KeyStore
Event: 12.672 loading class java/security/KeyStore done
Event: 12.672 loading class java/security/KeyStore$1
Event: 12.672 loading class java/security/KeyStore$1 done
Event: 12.798 loading class javax/xml/stream/XMLStreamException
Event: 12.798 loading class javax/xml/stream/XMLStreamException done
Event: 12.951 Thread 0x000001792f11c100 Thread added: 0x000001792f11c100


Dynamic libraries:
0x00007ff731460000 - 0x00007ff731470000 	C:\Program Files\Java\jdk-17\bin\java.exe
0x00007ff8364d0000 - 0x00007ff8366e7000 	C:\Windows\SYSTEM32\ntdll.dll
0x00007ff834390000 - 0x00007ff834454000 	C:\Windows\System32\KERNEL32.DLL
0x00007ff833a40000 - 0x00007ff833e10000 	C:\Windows\System32\KERNELBASE.dll
0x00007ff833920000 - 0x00007ff833a31000 	C:\Windows\System32\ucrtbase.dll
0x00007ff82e7d0000 - 0x00007ff82e7e9000 	C:\Program Files\Java\jdk-17\bin\jli.dll
0x00007ff82e7b0000 - 0x00007ff82e7cb000 	C:\Program Files\Java\jdk-17\bin\VCRUNTIME140.dll
0x00007ff835f50000 - 0x00007ff836001000 	C:\Windows\System32\ADVAPI32.dll
0x00007ff8355f0000 - 0x00007ff835697000 	C:\Windows\System32\msvcrt.dll
0x00007ff835ea0000 - 0x00007ff835f47000 	C:\Windows\System32\sechost.dll
0x00007ff834190000 - 0x00007ff8341b8000 	C:\Windows\System32\bcrypt.dll
0x00007ff8345e0000 - 0x00007ff8346f4000 	C:\Windows\System32\RPCRT4.dll
0x00007ff835440000 - 0x00007ff8355ee000 	C:\Windows\System32\USER32.dll
0x00007ff833e10000 - 0x00007ff833e36000 	C:\Windows\System32\win32u.dll
0x00007ff835a30000 - 0x00007ff835a59000 	C:\Windows\System32\GDI32.dll
0x00007ff82a9d0000 - 0x00007ff82ac62000 	C:\Windows\WinSxS\amd64_microsoft.windows.common-controls_6595b64144ccf1df_6.0.22621.4830_none_270fe7d773858e80\COMCTL32.dll
0x00007ff833800000 - 0x00007ff83391b000 	C:\Windows\System32\gdi32full.dll
0x00007ff8340f0000 - 0x00007ff83418a000 	C:\Windows\System32\msvcp_win.dll
0x00007ff82a9c0000 - 0x00007ff82a9ca000 	C:\Windows\SYSTEM32\VERSION.dll
0x00007ff835110000 - 0x00007ff835141000 	C:\Windows\System32\IMM32.DLL
0x00007ff82e8c0000 - 0x00007ff82e8cc000 	C:\Program Files\Java\jdk-17\bin\vcruntime140_1.dll
0x00007ff827c40000 - 0x00007ff827cce000 	C:\Program Files\Java\jdk-17\bin\msvcp140.dll
0x00007fffef580000 - 0x00007ffff0161000 	C:\Program Files\Java\jdk-17\bin\server\jvm.dll
0x00007ff834460000 - 0x00007ff834468000 	C:\Windows\System32\PSAPI.DLL
0x00007ff82e660000 - 0x00007ff82e669000 	C:\Windows\SYSTEM32\WSOCK32.dll
0x00007ff82e5e0000 - 0x00007ff82e614000 	C:\Windows\SYSTEM32\WINMM.dll
0x00007ff835150000 - 0x00007ff8351c1000 	C:\Windows\System32\WS2_32.dll
0x00007ff832830000 - 0x00007ff832848000 	C:\Windows\SYSTEM32\kernel.appcore.dll
0x00007ff82e650000 - 0x00007ff82e65a000 	C:\Program Files\Java\jdk-17\bin\jimage.dll
0x00007ff8310b0000 - 0x00007ff8312e2000 	C:\Windows\SYSTEM32\DBGHELP.DLL
0x00007ff8356a0000 - 0x00007ff835a30000 	C:\Windows\System32\combase.dll
0x00007ff8352b0000 - 0x00007ff835387000 	C:\Windows\System32\OLEAUT32.dll
0x00007ff828080000 - 0x00007ff8280b2000 	C:\Windows\SYSTEM32\dbgcore.DLL
0x00007ff833780000 - 0x00007ff8337fb000 	C:\Windows\System32\bcryptPrimitives.dll
0x00007ff8279a0000 - 0x00007ff8279ae000 	C:\Program Files\Java\jdk-17\bin\instrument.dll
0x00007ff82e0e0000 - 0x00007ff82e105000 	C:\Program Files\Java\jdk-17\bin\java.dll
0x00007ff822850000 - 0x00007ff822927000 	C:\Program Files\Java\jdk-17\bin\jsvml.dll
0x00007ff834780000 - 0x00007ff834ff8000 	C:\Windows\System32\SHELL32.dll
0x00007ff831690000 - 0x00007ff831fa0000 	C:\Windows\SYSTEM32\windows.storage.dll
0x00007ff831550000 - 0x00007ff83168f000 	C:\Windows\SYSTEM32\wintypes.dll
0x00007ff835bc0000 - 0x00007ff835cca000 	C:\Windows\System32\SHCORE.dll
0x00007ff834570000 - 0x00007ff8345ce000 	C:\Windows\System32\shlwapi.dll
0x00007ff8336b0000 - 0x00007ff8336db000 	C:\Windows\SYSTEM32\profapi.dll
0x00007ff8279e0000 - 0x00007ff8279f8000 	C:\Program Files\Java\jdk-17\bin\zip.dll
0x00007ff82c1e0000 - 0x00007ff82c1f9000 	C:\Program Files\Java\jdk-17\bin\net.dll
0x00007ff82fb20000 - 0x00007ff82fc4c000 	C:\Windows\SYSTEM32\WINHTTP.dll
0x00007ff832cb0000 - 0x00007ff832d1a000 	C:\Windows\system32\mswsock.dll
0x00007ff827a00000 - 0x00007ff827a16000 	C:\Program Files\Java\jdk-17\bin\nio.dll
0x00007ff82e640000 - 0x00007ff82e650000 	C:\Program Files\Java\jdk-17\bin\verify.dll
0x00007ff8279b0000 - 0x00007ff8279d7000 	C:\Users\Debasis\.gradle\native\c067742578af261105cb4f569cf0c3c89f3d7b1fecec35dd04571415982c5e48\windows-amd64\native-platform.dll
0x00007ff822700000 - 0x00007ff822844000 	C:\Users\Debasis\.gradle\native\100fb08df4bc3b14c8652ba06237920a3bd2aa13389f12d3474272988ae205f9\windows-amd64\native-platform-file-events.dll
0x00007ff82e210000 - 0x00007ff82e21a000 	C:\Program Files\Java\jdk-17\bin\management.dll
0x00007ff82e160000 - 0x00007ff82e16b000 	C:\Program Files\Java\jdk-17\bin\management_ext.dll
0x00007ff832f80000 - 0x00007ff832f9b000 	C:\Windows\SYSTEM32\CRYPTSP.dll
0x00007ff832720000 - 0x00007ff832755000 	C:\Windows\system32\rsaenh.dll
0x00007ff832dd0000 - 0x00007ff832df8000 	C:\Windows\SYSTEM32\USERENV.dll
0x00007ff832fa0000 - 0x00007ff832fac000 	C:\Windows\SYSTEM32\CRYPTBASE.dll
0x00007ff832240000 - 0x00007ff83226d000 	C:\Windows\SYSTEM32\IPHLPAPI.DLL
0x00007ff8351d0000 - 0x00007ff8351d9000 	C:\Windows\System32\NSI.dll
0x00007ff82f9b0000 - 0x00007ff82f9c9000 	C:\Windows\SYSTEM32\dhcpcsvc6.DLL
0x00007ff82f970000 - 0x00007ff82f98f000 	C:\Windows\SYSTEM32\dhcpcsvc.DLL
0x00007ff832270000 - 0x00007ff832372000 	C:\Windows\SYSTEM32\DNSAPI.dll
0x00007ff827990000 - 0x00007ff82799e000 	C:\Program Files\Java\jdk-17\bin\sunmscapi.dll
0x00007ff833f00000 - 0x00007ff834066000 	C:\Windows\System32\CRYPT32.dll
0x00007ff833140000 - 0x00007ff83316d000 	C:\Windows\SYSTEM32\ncrypt.dll
0x00007ff833100000 - 0x00007ff833137000 	C:\Windows\SYSTEM32\NTASN1.dll
0x00007ff8232d0000 - 0x00007ff8232d8000 	C:\Windows\system32\wshunix.dll
0x00007ff800b60000 - 0x00007ff800b77000 	C:\Windows\system32\napinsp.dll
0x00007ff800210000 - 0x00007ff80022b000 	C:\Windows\system32\pnrpnsp.dll
0x00007ffffd070000 - 0x00007ffffd081000 	C:\Windows\System32\winrnr.dll
0x00007ff809ff0000 - 0x00007ff80a005000 	C:\Windows\system32\wshbth.dll
0x00007ff827b50000 - 0x00007ff827b77000 	C:\Windows\system32\nlansp_c.dll
0x00007ff82e630000 - 0x00007ff82e63a000 	C:\Windows\System32\rasadhlp.dll
0x00007ff82e830000 - 0x00007ff82e8b3000 	C:\Windows\System32\fwpuclnt.dll

dbghelp: loaded successfully - version: 4.0.5 - missing functions: none
symbol engine: initialized successfully - sym options: 0x614 - pdb path: .;C:\Program Files\Java\jdk-17\bin;C:\Windows\SYSTEM32;C:\Windows\WinSxS\amd64_microsoft.windows.common-controls_6595b64144ccf1df_6.0.22621.4830_none_270fe7d773858e80;C:\Program Files\Java\jdk-17\bin\server;C:\Users\Debasis\.gradle\native\c067742578af261105cb4f569cf0c3c89f3d7b1fecec35dd04571415982c5e48\windows-amd64;C:\Users\Debasis\.gradle\native\100fb08df4bc3b14c8652ba06237920a3bd2aa13389f12d3474272988ae205f9\windows-amd64

VM Arguments:
jvm_args: -XX:MaxMetaspaceSize=512m --add-opens=java.base/java.util=ALL-UNNAMED --add-opens=java.base/java.lang=ALL-UNNAMED --add-opens=java.base/java.lang.invoke=ALL-UNNAMED --add-opens=java.prefs/java.util.prefs=ALL-UNNAMED --add-exports=jdk.compiler/com.sun.tools.javac.api=ALL-UNNAMED --add-exports=jdk.compiler/com.sun.tools.javac.util=ALL-UNNAMED --add-opens=java.base/java.nio.charset=ALL-UNNAMED --add-opens=java.base/java.net=ALL-UNNAMED --add-opens=java.base/java.util.concurrent.atomic=ALL-UNNAMED -Xmx4096m -Dfile.encoding=windows-1252 -Duser.country=IN -Duser.language=en -Duser.variant -javaagent:C:\Users\Debasis\.gradle\wrapper\dists\gradle-8.10.2-all\7iv73wktx1xtkvlq19urqw1wm\gradle-8.10.2\lib\agents\gradle-instrumentation-agent-8.10.2.jar 
java_command: org.gradle.launcher.daemon.bootstrap.GradleDaemon 8.10.2
java_class_path (initial): C:\Users\Debasis\.gradle\wrapper\dists\gradle-8.10.2-all\7iv73wktx1xtkvlq19urqw1wm\gradle-8.10.2\lib\gradle-daemon-main-8.10.2.jar
Launcher Type: SUN_STANDARD

[Global flags]
     intx CICompilerCount                          = 4                                         {product} {ergonomic}
   size_t CompressedClassSpaceSize                 = 436207616                                 {product} {ergonomic}
     uint ConcGCThreads                            = 3                                         {product} {ergonomic}
     uint G1ConcRefinementThreads                  = 10                                        {product} {ergonomic}
   size_t G1HeapRegionSize                         = 2097152                                   {product} {ergonomic}
    uintx GCDrainStackTargetSize                   = 64                                        {product} {ergonomic}
   size_t InitialHeapSize                          = 257949696                                 {product} {ergonomic}
   size_t MarkStackSize                            = 4194304                                   {product} {ergonomic}
   size_t MaxHeapSize                              = 4294967296                                {product} {command line}
   size_t MaxMetaspaceSize                         = 536870912                                 {product} {command line}
   size_t MaxNewSize                               = 2575302656                                {product} {ergonomic}
   size_t MinHeapDeltaBytes                        = 2097152                                   {product} {ergonomic}
   size_t MinHeapSize                              = 8388608                                   {product} {ergonomic}
    uintx NonNMethodCodeHeapSize                   = 5839372                                {pd product} {ergonomic}
    uintx NonProfiledCodeHeapSize                  = 122909434                              {pd product} {ergonomic}
    uintx ProfiledCodeHeapSize                     = 122909434                              {pd product} {ergonomic}
    uintx ReservedCodeCacheSize                    = 251658240                              {pd product} {ergonomic}
     bool SegmentedCodeCache                       = true                                      {product} {ergonomic}
   size_t SoftMaxHeapSize                          = 4294967296                             {manageable} {ergonomic}
     bool UseCompressedClassPointers               = true                           {product lp64_product} {ergonomic}
     bool UseCompressedOops                        = true                           {product lp64_product} {ergonomic}
     bool UseG1GC                                  = true                                      {product} {ergonomic}
     bool UseLargePagesIndividualAllocation        = false                                  {pd product} {ergonomic}

Logging:
Log output configuration:
 #0: stdout all=warning uptime,level,tags
 #1: stderr all=off uptime,level,tags

Environment Variables:
JAVA_HOME=C:\Program Files\Java\jdk-17
CLASSPATH=C:\Users\Debasis\Desktop\hesham\faceflip\android\\gradle\wrapper\gradle-wrapper.jar
PATH=C:\Users\Debasis\Desktop\hesham\faceflip\node_modules\.bin;C:\Users\Debasis\Desktop\hesham\node_modules\.bin;C:\Users\Debasis\Desktop\node_modules\.bin;C:\Users\Debasis\node_modules\.bin;C:\Users\node_modules\.bin;C:\node_modules\.bin;C:\Users\deepa\AppData\Roaming\nvm\v20.11.1\node_modules\npm\node_modules\@npmcli\run-script\lib\node-gyp-bin;C:\Python313\Scripts\;C:\Python313\;C:\Program Files\Eclipse Adoptium\jdk-21.0.6.7-hotspot\bin;C:\Windows\system32;C:\Windows;C:\Windows\System32\Wbem;C:\Windows\System32\WindowsPowerShell\v1.0\;C:\Windows\System32\OpenSSH\;C:\Users\Debasis\AppData\Local\android\Sdk\platform-tools;C:\src\flutter\bin;C:\Program Files\Java\jdk-11\bin;C:\Users\deepa\AppData\Roaming\nvm;C:\Program Files\nodejs;C:\Program Files\Docker\Docker\resources\bin;C:\Program Files\PuTTY\;C:\Program Files\nodejs\;C:\ProgramData\chocolatey\bin;C:\Users\Debasis\AppData\Local\Microsoft\WindowsApps;C:\Users\Debasis\AppData\Local\Programs\Git\cmd;C:\Users\Debasis\AppData\Local\Programs\Microsoft VS Code\bin;C:\Users\Debasis\AppData\Local\android\Sdk;C:\Users\Debasis\AppData\Roaming\npm
USERNAME=Debasis
OS=Windows_NT
PROCESSOR_IDENTIFIER=AMD64 Family 23 Model 104 Stepping 1, AuthenticAMD



---------------  S Y S T E M  ---------------

OS:
 Windows 11 , 64 bit Build 22621 (10.0.22621.4830)
OS uptime: 0 days 16:46 hours
Hyper-V role detected

CPU: total 12 (initial active 12) (12 cores per cpu, 2 threads per core) family 23 model 104 stepping 1 microcode 0x0, cx8, cmov, fxsr, ht, mmx, 3dnowpref, sse, sse2, sse3, ssse3, sse4a, sse4.1, sse4.2, popcnt, lzcnt, tsc, tscinvbit, avx, avx2, aes, clmul, bmi1, bmi2, adx, sha, fma, vzeroupper, clflush, clflushopt, hv

Memory: 4k page, system-wide physical 15706M (3857M free)
TotalPageFile size 15706M (AvailPageFile size 15M)
current process WorkingSet (physical memory assigned to process): 582M, peak: 583M
current process commit charge ("private bytes"): 639M, peak: 642M

vm_info: Java HotSpot(TM) 64-Bit Server VM (17.0.9+11-LTS-201) for windows-amd64 JRE (17.0.9+11-LTS-201), built on Oct 10 2023 23:16:06 by "mach5one" with MS VC++ 17.1 (VS2022)

END.
