#
# There is insufficient memory for the Java Runtime Environment to continue.
# Native memory allocation (mmap) failed to map 335544320 bytes for G1 virtual space
# Possible reasons:
#   The system is out of physical RAM or swap space
#   The process is running with CompressedOops enabled, and the Java Heap may be blocking the growth of the native heap
# Possible solutions:
#   Reduce memory load on the system
#   Increase physical memory or swap space
#   Check if swap backing store is full
#   Decrease Java heap size (-Xmx/-Xms)
#   Decrease number of Java threads
#   Decrease Java thread stack sizes (-Xss)
#   Set larger code cache with -XX:ReservedCodeCacheSize=
#   JVM is running with Zero Based Compressed Oops mode in which the Java heap is
#     placed in the first 32GB address space. The Java Heap base address is the
#     maximum limit for the native heap growth. Please use -XX:HeapBaseMinAddress
#     to set the Java Heap base and to place the Java Heap above 32GB virtual address.
# This output file may be truncated or incomplete.
#
#  Out of Memory Error (os_windows.cpp:3552), pid=26460, tid=27316
#
# JRE version: Java(TM) SE Runtime Environment (17.0.9+11) (build 17.0.9+11-LTS-201)
# Java VM: Java HotSpot(TM) 64-Bit Server VM (17.0.9+11-LTS-201, mixed mode, sharing, tiered, compressed oops, compressed class ptrs, g1 gc, windows-amd64)
# No core dump will be written. Minidumps are not enabled by default on client versions of Windows
#

---------------  S U M M A R Y ------------

Command Line: -XX:MaxMetaspaceSize=512m --add-opens=java.base/java.util=ALL-UNNAMED --add-opens=java.base/java.lang=ALL-UNNAMED --add-opens=java.base/java.lang.invoke=ALL-UNNAMED --add-opens=java.prefs/java.util.prefs=ALL-UNNAMED --add-exports=jdk.compiler/com.sun.tools.javac.api=ALL-UNNAMED --add-exports=jdk.compiler/com.sun.tools.javac.util=ALL-UNNAMED --add-opens=java.base/java.nio.charset=ALL-UNNAMED --add-opens=java.base/java.net=ALL-UNNAMED --add-opens=java.base/java.util.concurrent.atomic=ALL-UNNAMED -Xmx4096m -Dfile.encoding=windows-1252 -Duser.country=IN -Duser.language=en -Duser.variant -javaagent:C:\Users\Debasis\.gradle\wrapper\dists\gradle-8.10.2-all\7iv73wktx1xtkvlq19urqw1wm\gradle-8.10.2\lib\agents\gradle-instrumentation-agent-8.10.2.jar org.gradle.launcher.daemon.bootstrap.GradleDaemon 8.10.2

Host: AMD Ryzen 5 5500U with Radeon Graphics         , 12 cores, 15G,  Windows 11 , 64 bit Build 22621 (10.0.22621.4830)
Time: Wed Mar  5 12:39:14 2025 India Standard Time elapsed time: 20.724881 seconds (0d 0h 0m 20s)

---------------  T H R E A D  ---------------

Current thread (0x000001fd7f8001d0):  VMThread "VM Thread" [stack: 0x0000008f37600000,0x0000008f37700000] [id=27316]

Stack: [0x0000008f37600000,0x0000008f37700000]
Native frames: (J=compiled Java code, j=interpreted, Vv=VM code, C=native code)
V  [jvm.dll+0x678a4a]
V  [jvm.dll+0x7d9cfd]
V  [jvm.dll+0x7db60e]
V  [jvm.dll+0x7dbc73]
V  [jvm.dll+0x245e1f]
V  [jvm.dll+0x6758f9]
V  [jvm.dll+0x66a2a2]
V  [jvm.dll+0x303686]
V  [jvm.dll+0x30ac06]
V  [jvm.dll+0x35a48e]
V  [jvm.dll+0x35a6bf]
V  [jvm.dll+0x2da678]
V  [jvm.dll+0x2d8a85]
V  [jvm.dll+0x2d808c]
V  [jvm.dll+0x31b97b]
V  [jvm.dll+0x7e048b]
V  [jvm.dll+0x7e11c4]
V  [jvm.dll+0x7e16dd]
V  [jvm.dll+0x7e1ab4]
V  [jvm.dll+0x7e1b80]
V  [jvm.dll+0x78998a]
V  [jvm.dll+0x677875]
C  [ucrtbase.dll+0x29333]
C  [KERNEL32.DLL+0x1259d]
C  [ntdll.dll+0x5af38]

VM_Operation (0x0000008f38ff7db0): G1CollectForAllocation, mode: safepoint, requested by thread 0x000001fd28b74060


---------------  P R O C E S S  ---------------

Threads class SMR info:
_java_thread_list=0x000001fd2cf28570, length=197, elements={
0x000001fd645884b0, 0x000001fd7f804ea0, 0x000001fd7f805c30, 0x000001fd7f819d40,
0x000001fd7f81d630, 0x000001fd7f81df00, 0x000001fd7f81e7d0, 0x000001fd7f9207a0,
0x000001fd7f9210b0, 0x000001fd7f9239d0, 0x000001fd7f7f1700, 0x000001fd7fadf3e0,
0x000001fd7fba4b70, 0x000001fd289406d0, 0x000001fd28ba7960, 0x000001fd28b4a6a0,
0x000001fd28a52870, 0x000001fd28ba4730, 0x000001fd28b763d0, 0x000001fd28b74060,
0x000001fd28b77810, 0x000001fd28b74f90, 0x000001fd28b74570, 0x000001fd28b759b0,
0x000001fd28b76df0, 0x000001fd28b74a80, 0x000001fd28c10060, 0x000001fd28c0ec20,
0x000001fd28c0c3a0, 0x000001fd28c0e200, 0x000001fd28c0d2d0, 0x000001fd28c0a030,
0x000001fd28c10570, 0x000001fd28c10a80, 0x000001fd28c10f90, 0x000001fd28c0fb50,
0x000001fd28c0f640, 0x000001fd28c114a0, 0x000001fd28c0a540, 0x000001fd28c0b980,
0x000001fd28c0cdc0, 0x000001fd7fa43de0, 0x000001fd7fa40630, 0x000001fd7fa42490,
0x000001fd7fa3ddb0, 0x000001fd7fa45730, 0x000001fd7fa3ece0, 0x000001fd7fa3e2c0,
0x000001fd7fa41560, 0x000001fd7fa41a70, 0x000001fd7fa438d0, 0x000001fd7fa40b40,
0x000001fd7fa442f0, 0x000001fd7fa41f80, 0x000001fd7fa44800, 0x000001fd7fa429a0,
0x000001fd7fa42eb0, 0x000001fd7fa3e7d0, 0x000001fd7fa44d10, 0x000001fd7fa45220,
0x000001fd7fa3f1f0, 0x000001fd7fa433c0, 0x000001fd7fa3f700, 0x000001fd7fa3fc10,
0x000001fd7fa40120, 0x000001fd2c498f70, 0x000001fd2c49db60, 0x000001fd2c498550,
0x000001fd2c49a3b0, 0x000001fd2c49ea90, 0x000001fd2c49efa0, 0x000001fd2c499480,
0x000001fd2c498a60, 0x000001fd2c49e070, 0x000001fd2c499990, 0x000001fd2c49c210,
0x000001fd2c49f4b0, 0x000001fd2c49a8c0, 0x000001fd2c49b2e0, 0x000001fd2c49cc30,
0x000001fd2c49b7f0, 0x000001fd2c49bd00, 0x000001fd2c49c720, 0x000001fd2c49d140,
0x000001fd2c49d650, 0x000001fd2ccfb300, 0x000001fd2ccfb810, 0x000001fd2ccf8060,
0x000001fd2ccfc230, 0x000001fd2ccff4d0, 0x000001fd2ccff9e0, 0x000001fd2ccfeab0,
0x000001fd2ccfcc50, 0x000001fd2ccfc740, 0x000001fd2ccfdb80, 0x000001fd2ccfd160,
0x000001fd2ccf8570, 0x000001fd2ccfefc0, 0x000001fd2ccfe090, 0x000001fd2ccf8a80,
0x000001fd2ccf9ec0, 0x000001fd2ccfbd20, 0x000001fd2ccf8f90, 0x000001fd2ccfe5a0,
0x000001fd2ccfadf0, 0x000001fd2ccf94a0, 0x000001fd2ccfd670, 0x000001fd2ccf99b0,
0x000001fd2ccfa3d0, 0x000001fd2ccfa8e0, 0x000001fd2ab869a0, 0x000001fd2ab8ab70,
0x000001fd2ab8b080, 0x000001fd2ab86eb0, 0x000001fd2ab89220, 0x000001fd2ab86490,
0x000001fd2ab85050, 0x000001fd2ab85560, 0x000001fd2ab89c40, 0x000001fd2ab87de0,
0x000001fd2ab8bfb0, 0x000001fd2ab85f80, 0x000001fd2ab8a660, 0x000001fd2ab878d0,
0x000001fd2ab8baa0, 0x000001fd2ab88d10, 0x000001fd2ab89730, 0x000001fd2ab8a150,
0x000001fd2ab8b590, 0x000001fd2ab84b40, 0x000001fd2ab8c4c0, 0x000001fd2ab882f0,
0x000001fd2ab88800, 0x000001fd2ab873c0, 0x000001fd2ab85a70, 0x000001fd2b446100,
0x000001fd2b4451d0, 0x000001fd2b4498b0, 0x000001fd2b4456e0, 0x000001fd2b446b20,
0x000001fd2b443880, 0x000001fd2b445bf0, 0x000001fd2b4442a0, 0x000001fd2b4447b0,
0x000001fd2b447540, 0x000001fd2b446610, 0x000001fd2b443370, 0x000001fd2b4493a0,
0x000001fd2b449dc0, 0x000001fd2b448e90, 0x000001fd2b447030, 0x000001fd2b447a50,
0x000001fd2b44a2d0, 0x000001fd2b444cc0, 0x000001fd2b442e60, 0x000001fd2b443d90,
0x000001fd2b447f60, 0x000001fd2b448980, 0x000001fd2b448470, 0x000001fd2ba1ac00,
0x000001fd2ba1b110, 0x000001fd2ba1cf70, 0x000001fd2ba1b620, 0x000001fd2ba16a30,
0x000001fd2ba16520, 0x000001fd2ba1bb30, 0x000001fd2ba18da0, 0x000001fd2ba1a6f0,
0x000001fd2ba16f40, 0x000001fd2ba197c0, 0x000001fd2ba17450, 0x000001fd2ba1d990,
0x000001fd2ba17960, 0x000001fd2ba1c040, 0x000001fd2ba1c550, 0x000001fd2ba192b0,
0x000001fd2ba1ca60, 0x000001fd2ba17e70, 0x000001fd2ba18380, 0x000001fd2ba18890,
0x000001fd2ba19cd0, 0x000001fd2ba1a1e0, 0x000001fd2b44a7e0, 0x000001fd2b98b670,
0x000001fd2b98d4d0, 0x000001fd2b98bb80, 0x000001fd2b9916a0, 0x000001fd2b98def0,
0x000001fd2b98d9e0, 0x000001fd2b98e910, 0x000001fd2a478050, 0x000001fd2b98cfc0,
0x000001fd2b990260, 0x000001fd2b991bb0, 0x000001fd2b9920c0, 0x000001fd28c0be90,
0x000001fd2dd18a30
}

Java Threads: ( => current thread )
  0x000001fd645884b0 JavaThread "main" [_thread_blocked, id=14964, stack(0x0000008f37000000,0x0000008f37100000)]
  0x000001fd7f804ea0 JavaThread "Reference Handler" daemon [_thread_blocked, id=14172, stack(0x0000008f37700000,0x0000008f37800000)]
  0x000001fd7f805c30 JavaThread "Finalizer" daemon [_thread_blocked, id=25148, stack(0x0000008f37800000,0x0000008f37900000)]
  0x000001fd7f819d40 JavaThread "Signal Dispatcher" daemon [_thread_blocked, id=26476, stack(0x0000008f37900000,0x0000008f37a00000)]
  0x000001fd7f81d630 JavaThread "Attach Listener" daemon [_thread_blocked, id=17832, stack(0x0000008f37a00000,0x0000008f37b00000)]
  0x000001fd7f81df00 JavaThread "Service Thread" daemon [_thread_blocked, id=15516, stack(0x0000008f37b00000,0x0000008f37c00000)]
  0x000001fd7f81e7d0 JavaThread "Monitor Deflation Thread" daemon [_thread_blocked, id=20176, stack(0x0000008f37c00000,0x0000008f37d00000)]
  0x000001fd7f9207a0 JavaThread "C2 CompilerThread0" daemon [_thread_blocked, id=2016, stack(0x0000008f37d00000,0x0000008f37e00000)]
  0x000001fd7f9210b0 JavaThread "C1 CompilerThread0" daemon [_thread_blocked, id=11708, stack(0x0000008f37e00000,0x0000008f37f00000)]
  0x000001fd7f9239d0 JavaThread "Sweeper thread" daemon [_thread_blocked, id=9656, stack(0x0000008f37f00000,0x0000008f38000000)]
  0x000001fd7f7f1700 JavaThread "Common-Cleaner" daemon [_thread_blocked, id=22536, stack(0x0000008f38000000,0x0000008f38100000)]
  0x000001fd7fadf3e0 JavaThread "Notification Thread" daemon [_thread_blocked, id=17888, stack(0x0000008f38100000,0x0000008f38200000)]
  0x000001fd7fba4b70 JavaThread "C2 CompilerThread1" daemon [_thread_blocked, id=28908, stack(0x0000008f38300000,0x0000008f38400000)]
  0x000001fd289406d0 JavaThread "Daemon health stats" [_thread_blocked, id=16516, stack(0x0000008f38900000,0x0000008f38a00000)]
  0x000001fd28ba7960 JavaThread "Incoming local TCP Connector on port 2298" [_thread_in_native, id=6736, stack(0x0000008f38a00000,0x0000008f38b00000)]
  0x000001fd28b4a6a0 JavaThread "Daemon periodic checks" [_thread_blocked, id=18344, stack(0x0000008f38b00000,0x0000008f38c00000)]
  0x000001fd28a52870 JavaThread "Daemon" [_thread_blocked, id=1344, stack(0x0000008f38c00000,0x0000008f38d00000)]
  0x000001fd28ba4730 JavaThread "Handler for socket connection from /127.0.0.1:2298 to /127.0.0.1:2299" [_thread_in_native, id=24652, stack(0x0000008f38d00000,0x0000008f38e00000)]
  0x000001fd28b763d0 JavaThread "Cancel handler" [_thread_blocked, id=28812, stack(0x0000008f38e00000,0x0000008f38f00000)]
  0x000001fd28b74060 JavaThread "Daemon worker" [_thread_blocked, id=12216, stack(0x0000008f38f00000,0x0000008f39000000)]
  0x000001fd28b77810 JavaThread "Asynchronous log dispatcher for DefaultDaemonConnection: socket connection from /127.0.0.1:2298 to /127.0.0.1:2299" [_thread_blocked, id=25160, stack(0x0000008f39000000,0x0000008f39100000)]
  0x000001fd28b74f90 JavaThread "Stdin handler" [_thread_blocked, id=22232, stack(0x0000008f39100000,0x0000008f39200000)]
  0x000001fd28b74570 JavaThread "Daemon client event forwarder" [_thread_blocked, id=6248, stack(0x0000008f39200000,0x0000008f39300000)]
  0x000001fd28b759b0 JavaThread "Cache worker for journal cache (C:\Users\Debasis\.gradle\caches\journal-1)" [_thread_blocked, id=3368, stack(0x0000008f39300000,0x0000008f39400000)]
  0x000001fd28b76df0 JavaThread "File lock request listener" [_thread_in_native, id=13440, stack(0x0000008f39400000,0x0000008f39500000)]
  0x000001fd28b74a80 JavaThread "Cache worker for file hash cache (C:\Users\Debasis\.gradle\caches\8.10.2\fileHashes)" [_thread_blocked, id=19740, stack(0x0000008f39500000,0x0000008f39600000)]
  0x000001fd28c10060 JavaThread "Cache worker for file hash cache (C:\Users\Debasis\Desktop\hesham\faceflip\android\.gradle\8.10.2\fileHashes)" [_thread_blocked, id=22032, stack(0x0000008f39600000,0x0000008f39700000)]
  0x000001fd28c0ec20 JavaThread "Cache worker for Build Output Cleanup Cache (C:\Users\Debasis\Desktop\hesham\faceflip\android\.gradle\buildOutputCleanup)" [_thread_blocked, id=25880, stack(0x0000008f39700000,0x0000008f39800000)]
  0x000001fd28c0c3a0 JavaThread "File watcher server" daemon [_thread_blocked, id=23892, stack(0x0000008f39f00000,0x0000008f3a000000)]
  0x000001fd28c0e200 JavaThread "File watcher consumer" daemon [_thread_blocked, id=25780, stack(0x0000008f3a000000,0x0000008f3a100000)]
  0x000001fd28c0d2d0 JavaThread "Cache worker for checksums cache (C:\Users\Debasis\Desktop\hesham\faceflip\android\.gradle\8.10.2\checksums)" [_thread_blocked, id=17432, stack(0x0000008f3a100000,0x0000008f3a200000)]
  0x000001fd28c0a030 JavaThread "Cache worker for file content cache (C:\Users\Debasis\.gradle\caches\8.10.2\fileContent)" [_thread_blocked, id=22116, stack(0x0000008f3a200000,0x0000008f3a300000)]
  0x000001fd28c10570 JavaThread "Cache worker for cache directory md-rule (C:\Users\Debasis\.gradle\caches\8.10.2\md-rule)" [_thread_blocked, id=9144, stack(0x0000008f3a300000,0x0000008f3a400000)]
  0x000001fd28c10a80 JavaThread "Cache worker for cache directory md-supplier (C:\Users\Debasis\.gradle\caches\8.10.2\md-supplier)" [_thread_blocked, id=13240, stack(0x0000008f3a400000,0x0000008f3a500000)]
  0x000001fd28c10f90 JavaThread "jar transforms" [_thread_blocked, id=16880, stack(0x0000008f3a600000,0x0000008f3a700000)]
  0x000001fd28c0fb50 JavaThread "Cache worker for Build Output Cleanup Cache (C:\Users\Debasis\Desktop\hesham\faceflip\node_modules\@react-native\gradle-plugin\.gradle\buildOutputCleanup)" [_thread_blocked, id=2508, stack(0x0000008f3a700000,0x0000008f3a800000)]
  0x000001fd28c0f640 JavaThread "Unconstrained build operations" [_thread_blocked, id=18896, stack(0x0000008f3a800000,0x0000008f3a900000)]
  0x000001fd28c114a0 JavaThread "Unconstrained build operations Thread 2" [_thread_blocked, id=3612, stack(0x0000008f3a900000,0x0000008f3aa00000)]
  0x000001fd28c0a540 JavaThread "Unconstrained build operations Thread 3" [_thread_blocked, id=27176, stack(0x0000008f3aa00000,0x0000008f3ab00000)]
  0x000001fd28c0b980 JavaThread "Unconstrained build operations Thread 4" [_thread_blocked, id=14056, stack(0x0000008f3ab00000,0x0000008f3ac00000)]
  0x000001fd28c0cdc0 JavaThread "Unconstrained build operations Thread 5" [_thread_blocked, id=8428, stack(0x0000008f3ac00000,0x0000008f3ad00000)]
  0x000001fd7fa43de0 JavaThread "Unconstrained build operations Thread 6" [_thread_blocked, id=28492, stack(0x0000008f3ad00000,0x0000008f3ae00000)]
  0x000001fd7fa40630 JavaThread "Unconstrained build operations Thread 7" [_thread_blocked, id=29524, stack(0x0000008f3ae00000,0x0000008f3af00000)]
  0x000001fd7fa42490 JavaThread "Unconstrained build operations Thread 8" [_thread_blocked, id=9544, stack(0x0000008f3af00000,0x0000008f3b000000)]
  0x000001fd7fa3ddb0 JavaThread "Unconstrained build operations Thread 9" [_thread_blocked, id=22368, stack(0x0000008f3b000000,0x0000008f3b100000)]
  0x000001fd7fa45730 JavaThread "Unconstrained build operations Thread 10" [_thread_blocked, id=22584, stack(0x0000008f3b100000,0x0000008f3b200000)]
  0x000001fd7fa3ece0 JavaThread "Unconstrained build operations Thread 11" [_thread_blocked, id=21464, stack(0x0000008f3b200000,0x0000008f3b300000)]
  0x000001fd7fa3e2c0 JavaThread "Unconstrained build operations Thread 12" [_thread_blocked, id=21696, stack(0x0000008f3b300000,0x0000008f3b400000)]
  0x000001fd7fa41560 JavaThread "Unconstrained build operations Thread 13" [_thread_blocked, id=23300, stack(0x0000008f3b400000,0x0000008f3b500000)]
  0x000001fd7fa41a70 JavaThread "Unconstrained build operations Thread 14" [_thread_blocked, id=26468, stack(0x0000008f3b500000,0x0000008f3b600000)]
  0x000001fd7fa438d0 JavaThread "Unconstrained build operations Thread 15" [_thread_blocked, id=25556, stack(0x0000008f3b600000,0x0000008f3b700000)]
  0x000001fd7fa40b40 JavaThread "Unconstrained build operations Thread 16" [_thread_blocked, id=2900, stack(0x0000008f3b700000,0x0000008f3b800000)]
  0x000001fd7fa442f0 JavaThread "Unconstrained build operations Thread 17" [_thread_blocked, id=25984, stack(0x0000008f3b800000,0x0000008f3b900000)]
  0x000001fd7fa41f80 JavaThread "Unconstrained build operations Thread 18" [_thread_blocked, id=25668, stack(0x0000008f3b900000,0x0000008f3ba00000)]
  0x000001fd7fa44800 JavaThread "Unconstrained build operations Thread 19" [_thread_blocked, id=6412, stack(0x0000008f3ba00000,0x0000008f3bb00000)]
  0x000001fd7fa429a0 JavaThread "Unconstrained build operations Thread 20" [_thread_blocked, id=2752, stack(0x0000008f3bb00000,0x0000008f3bc00000)]
  0x000001fd7fa42eb0 JavaThread "Unconstrained build operations Thread 21" [_thread_blocked, id=17104, stack(0x0000008f3bc00000,0x0000008f3bd00000)]
  0x000001fd7fa3e7d0 JavaThread "Unconstrained build operations Thread 22" [_thread_blocked, id=8728, stack(0x0000008f3bd00000,0x0000008f3be00000)]
  0x000001fd7fa44d10 JavaThread "Unconstrained build operations Thread 23" [_thread_blocked, id=11620, stack(0x0000008f3be00000,0x0000008f3bf00000)]
  0x000001fd7fa45220 JavaThread "Unconstrained build operations Thread 24" [_thread_blocked, id=22328, stack(0x0000008f3bf00000,0x0000008f3c000000)]
  0x000001fd7fa3f1f0 JavaThread "Unconstrained build operations Thread 25" [_thread_blocked, id=27520, stack(0x0000008f3c000000,0x0000008f3c100000)]
  0x000001fd7fa433c0 JavaThread "Unconstrained build operations Thread 26" [_thread_blocked, id=26164, stack(0x0000008f3c100000,0x0000008f3c200000)]
  0x000001fd7fa3f700 JavaThread "Unconstrained build operations Thread 27" [_thread_blocked, id=9196, stack(0x0000008f3c200000,0x0000008f3c300000)]
  0x000001fd7fa3fc10 JavaThread "Unconstrained build operations Thread 28" [_thread_blocked, id=28084, stack(0x0000008f3c300000,0x0000008f3c400000)]
  0x000001fd7fa40120 JavaThread "Unconstrained build operations Thread 29" [_thread_blocked, id=10684, stack(0x0000008f3c400000,0x0000008f3c500000)]
  0x000001fd2c498f70 JavaThread "Unconstrained build operations Thread 30" [_thread_blocked, id=21376, stack(0x0000008f3c500000,0x0000008f3c600000)]
  0x000001fd2c49db60 JavaThread "Unconstrained build operations Thread 31" [_thread_blocked, id=16484, stack(0x0000008f3c600000,0x0000008f3c700000)]
  0x000001fd2c498550 JavaThread "Unconstrained build operations Thread 32" [_thread_blocked, id=14184, stack(0x0000008f3c700000,0x0000008f3c800000)]
  0x000001fd2c49a3b0 JavaThread "Unconstrained build operations Thread 33" [_thread_blocked, id=7464, stack(0x0000008f3c800000,0x0000008f3c900000)]
  0x000001fd2c49ea90 JavaThread "Unconstrained build operations Thread 34" [_thread_blocked, id=13776, stack(0x0000008f3c900000,0x0000008f3ca00000)]
  0x000001fd2c49efa0 JavaThread "Unconstrained build operations Thread 35" [_thread_blocked, id=10128, stack(0x0000008f3ca00000,0x0000008f3cb00000)]
  0x000001fd2c499480 JavaThread "Unconstrained build operations Thread 36" [_thread_blocked, id=2880, stack(0x0000008f3cb00000,0x0000008f3cc00000)]
  0x000001fd2c498a60 JavaThread "Unconstrained build operations Thread 37" [_thread_blocked, id=11800, stack(0x0000008f3cc00000,0x0000008f3cd00000)]
  0x000001fd2c49e070 JavaThread "Unconstrained build operations Thread 38" [_thread_blocked, id=7152, stack(0x0000008f3cd00000,0x0000008f3ce00000)]
  0x000001fd2c499990 JavaThread "Unconstrained build operations Thread 39" [_thread_blocked, id=29352, stack(0x0000008f3ce00000,0x0000008f3cf00000)]
  0x000001fd2c49c210 JavaThread "Memory manager" [_thread_blocked, id=29396, stack(0x0000008f3cf00000,0x0000008f3d000000)]
  0x000001fd2c49f4b0 JavaThread "build event listener" [_thread_blocked, id=3500, stack(0x0000008f3d000000,0x0000008f3d100000)]
  0x000001fd2c49a8c0 JavaThread "ForkJoinPool.commonPool-worker-1" daemon [_thread_blocked, id=17696, stack(0x0000008f3d100000,0x0000008f3d200000)]
  0x000001fd2c49b2e0 JavaThread "ForkJoinPool.commonPool-worker-2" daemon [_thread_blocked, id=3560, stack(0x0000008f3d200000,0x0000008f3d300000)]
  0x000001fd2c49cc30 JavaThread "ForkJoinPool.commonPool-worker-3" daemon [_thread_blocked, id=13932, stack(0x0000008f3d300000,0x0000008f3d400000)]
  0x000001fd2c49b7f0 JavaThread "ForkJoinPool.commonPool-worker-4" daemon [_thread_blocked, id=29264, stack(0x0000008f3d400000,0x0000008f3d500000)]
  0x000001fd2c49bd00 JavaThread "ForkJoinPool.commonPool-worker-5" daemon [_thread_blocked, id=17080, stack(0x0000008f3d500000,0x0000008f3d600000)]
  0x000001fd2c49c720 JavaThread "ForkJoinPool.commonPool-worker-7" daemon [_thread_blocked, id=5652, stack(0x0000008f3d600000,0x0000008f3d700000)]
  0x000001fd2c49d140 JavaThread "ForkJoinPool.commonPool-worker-6" daemon [_thread_blocked, id=29504, stack(0x0000008f3d700000,0x0000008f3d800000)]
  0x000001fd2c49d650 JavaThread "ForkJoinPool.commonPool-worker-8" daemon [_thread_blocked, id=27456, stack(0x0000008f3d800000,0x0000008f3d900000)]
  0x000001fd2ccfb300 JavaThread "ForkJoinPool.commonPool-worker-9" daemon [_thread_blocked, id=29460, stack(0x0000008f3d900000,0x0000008f3da00000)]
  0x000001fd2ccfb810 JavaThread "ForkJoinPool.commonPool-worker-10" daemon [_thread_blocked, id=22556, stack(0x0000008f3da00000,0x0000008f3db00000)]
  0x000001fd2ccf8060 JavaThread "Exec process" [_thread_blocked, id=16768, stack(0x0000008f3db00000,0x0000008f3dc00000)]
  0x000001fd2ccfc230 JavaThread "Exec process Thread 2" [_thread_blocked, id=16216, stack(0x0000008f3dc00000,0x0000008f3dd00000)]
  0x000001fd2ccff4d0 JavaThread "Exec process Thread 3" [_thread_blocked, id=23328, stack(0x0000008f3dd00000,0x0000008f3de00000)]
  0x000001fd2ccff9e0 JavaThread "included builds" [_thread_blocked, id=23480, stack(0x0000008f3de00000,0x0000008f3df00000)]
  0x000001fd2ccfeab0 JavaThread "Execution worker" [_thread_blocked, id=23452, stack(0x0000008f3df00000,0x0000008f3e000000)]
  0x000001fd2ccfcc50 JavaThread "Execution worker Thread 2" [_thread_blocked, id=14196, stack(0x0000008f3e000000,0x0000008f3e100000)]
  0x000001fd2ccfc740 JavaThread "Execution worker Thread 3" [_thread_blocked, id=19960, stack(0x0000008f3e100000,0x0000008f3e200000)]
  0x000001fd2ccfdb80 JavaThread "Execution worker Thread 4" [_thread_blocked, id=8432, stack(0x0000008f3e200000,0x0000008f3e300000)]
  0x000001fd2ccfd160 JavaThread "Execution worker Thread 5" [_thread_blocked, id=11024, stack(0x0000008f3e300000,0x0000008f3e400000)]
  0x000001fd2ccf8570 JavaThread "Execution worker Thread 6" [_thread_blocked, id=28208, stack(0x0000008f3e400000,0x0000008f3e500000)]
  0x000001fd2ccfefc0 JavaThread "Execution worker Thread 7" [_thread_blocked, id=312, stack(0x0000008f3e500000,0x0000008f3e600000)]
  0x000001fd2ccfe090 JavaThread "Execution worker Thread 8" [_thread_blocked, id=5312, stack(0x0000008f3e600000,0x0000008f3e700000)]
  0x000001fd2ccf8a80 JavaThread "Execution worker Thread 9" [_thread_blocked, id=11788, stack(0x0000008f3e700000,0x0000008f3e800000)]
  0x000001fd2ccf9ec0 JavaThread "Execution worker Thread 10" [_thread_blocked, id=15456, stack(0x0000008f3e800000,0x0000008f3e900000)]
  0x000001fd2ccfbd20 JavaThread "Execution worker Thread 11" [_thread_blocked, id=5524, stack(0x0000008f3e900000,0x0000008f3ea00000)]
  0x000001fd2ccf8f90 JavaThread "Cache worker for execution history cache (C:\Users\Debasis\Desktop\hesham\faceflip\node_modules\@react-native\gradle-plugin\.gradle\8.10.2\executionHistory)" [_thread_blocked, id=3828, stack(0x0000008f3ea00000,0x0000008f3eb00000)]
  0x000001fd2ccfe5a0 JavaThread "Unconstrained build operations Thread 40" [_thread_blocked, id=27748, stack(0x0000008f3eb00000,0x0000008f3ec00000)]
  0x000001fd2ccfadf0 JavaThread "Unconstrained build operations Thread 41" [_thread_blocked, id=17664, stack(0x0000008f3ec00000,0x0000008f3ed00000)]
  0x000001fd2ccf94a0 JavaThread "Unconstrained build operations Thread 42" [_thread_blocked, id=27100, stack(0x0000008f3ed00000,0x0000008f3ee00000)]
  0x000001fd2ccfd670 JavaThread "Unconstrained build operations Thread 43" [_thread_blocked, id=16324, stack(0x0000008f3ee00000,0x0000008f3ef00000)]
  0x000001fd2ccf99b0 JavaThread "Unconstrained build operations Thread 44" [_thread_blocked, id=21164, stack(0x0000008f3ef00000,0x0000008f3f000000)]
  0x000001fd2ccfa3d0 JavaThread "Unconstrained build operations Thread 45" [_thread_blocked, id=21288, stack(0x0000008f3f000000,0x0000008f3f100000)]
  0x000001fd2ccfa8e0 JavaThread "Unconstrained build operations Thread 46" [_thread_blocked, id=26060, stack(0x0000008f3f100000,0x0000008f3f200000)]
  0x000001fd2ab869a0 JavaThread "Unconstrained build operations Thread 47" [_thread_blocked, id=4872, stack(0x0000008f3f200000,0x0000008f3f300000)]
  0x000001fd2ab8ab70 JavaThread "Unconstrained build operations Thread 48" [_thread_blocked, id=12392, stack(0x0000008f3f300000,0x0000008f3f400000)]
  0x000001fd2ab8b080 JavaThread "Unconstrained build operations Thread 49" [_thread_blocked, id=13684, stack(0x0000008f3f400000,0x0000008f3f500000)]
  0x000001fd2ab86eb0 JavaThread "Unconstrained build operations Thread 50" [_thread_blocked, id=14680, stack(0x0000008f3f500000,0x0000008f3f600000)]
  0x000001fd2ab89220 JavaThread "Unconstrained build operations Thread 51" [_thread_blocked, id=10888, stack(0x0000008f3f600000,0x0000008f3f700000)]
  0x000001fd2ab86490 JavaThread "Unconstrained build operations Thread 52" [_thread_blocked, id=12800, stack(0x0000008f3f700000,0x0000008f3f800000)]
  0x000001fd2ab85050 JavaThread "Unconstrained build operations Thread 53" [_thread_blocked, id=10408, stack(0x0000008f3f800000,0x0000008f3f900000)]
  0x000001fd2ab85560 JavaThread "Unconstrained build operations Thread 54" [_thread_blocked, id=18224, stack(0x0000008f3f900000,0x0000008f3fa00000)]
  0x000001fd2ab89c40 JavaThread "Unconstrained build operations Thread 55" [_thread_blocked, id=14836, stack(0x0000008f3fa00000,0x0000008f3fb00000)]
  0x000001fd2ab87de0 JavaThread "Unconstrained build operations Thread 56" [_thread_blocked, id=22520, stack(0x0000008f3fb00000,0x0000008f3fc00000)]
  0x000001fd2ab8bfb0 JavaThread "Unconstrained build operations Thread 57" [_thread_blocked, id=28064, stack(0x0000008f3fc00000,0x0000008f3fd00000)]
  0x000001fd2ab85f80 JavaThread "Unconstrained build operations Thread 58" [_thread_blocked, id=18056, stack(0x0000008f3fd00000,0x0000008f3fe00000)]
  0x000001fd2ab8a660 JavaThread "Unconstrained build operations Thread 59" [_thread_blocked, id=23932, stack(0x0000008f3fe00000,0x0000008f3ff00000)]
  0x000001fd2ab878d0 JavaThread "Unconstrained build operations Thread 60" [_thread_blocked, id=25412, stack(0x0000008f3ff00000,0x0000008f40000000)]
  0x000001fd2ab8baa0 JavaThread "Unconstrained build operations Thread 61" [_thread_blocked, id=26000, stack(0x0000008f40000000,0x0000008f40100000)]
  0x000001fd2ab88d10 JavaThread "Unconstrained build operations Thread 62" [_thread_blocked, id=24248, stack(0x0000008f40100000,0x0000008f40200000)]
  0x000001fd2ab89730 JavaThread "Unconstrained build operations Thread 63" [_thread_blocked, id=4924, stack(0x0000008f40200000,0x0000008f40300000)]
  0x000001fd2ab8a150 JavaThread "Unconstrained build operations Thread 64" [_thread_blocked, id=24252, stack(0x0000008f40300000,0x0000008f40400000)]
  0x000001fd2ab8b590 JavaThread "Unconstrained build operations Thread 65" [_thread_blocked, id=1120, stack(0x0000008f40400000,0x0000008f40500000)]
  0x000001fd2ab84b40 JavaThread "Unconstrained build operations Thread 66" [_thread_blocked, id=26584, stack(0x0000008f40500000,0x0000008f40600000)]
  0x000001fd2ab8c4c0 JavaThread "Unconstrained build operations Thread 67" [_thread_blocked, id=16716, stack(0x0000008f40600000,0x0000008f40700000)]
  0x000001fd2ab882f0 JavaThread "Unconstrained build operations Thread 68" [_thread_blocked, id=8164, stack(0x0000008f40700000,0x0000008f40800000)]
  0x000001fd2ab88800 JavaThread "Unconstrained build operations Thread 69" [_thread_blocked, id=6884, stack(0x0000008f40800000,0x0000008f40900000)]
  0x000001fd2ab873c0 JavaThread "Unconstrained build operations Thread 70" [_thread_blocked, id=23056, stack(0x0000008f40900000,0x0000008f40a00000)]
  0x000001fd2ab85a70 JavaThread "Unconstrained build operations Thread 71" [_thread_blocked, id=23284, stack(0x0000008f40a00000,0x0000008f40b00000)]
  0x000001fd2b446100 JavaThread "Unconstrained build operations Thread 72" [_thread_blocked, id=11652, stack(0x0000008f40b00000,0x0000008f40c00000)]
  0x000001fd2b4451d0 JavaThread "Unconstrained build operations Thread 73" [_thread_blocked, id=19712, stack(0x0000008f40c00000,0x0000008f40d00000)]
  0x000001fd2b4498b0 JavaThread "Unconstrained build operations Thread 74" [_thread_blocked, id=22564, stack(0x0000008f40d00000,0x0000008f40e00000)]
  0x000001fd2b4456e0 JavaThread "Unconstrained build operations Thread 75" [_thread_blocked, id=10216, stack(0x0000008f40e00000,0x0000008f40f00000)]
  0x000001fd2b446b20 JavaThread "Unconstrained build operations Thread 76" [_thread_blocked, id=7436, stack(0x0000008f40f00000,0x0000008f41000000)]
  0x000001fd2b443880 JavaThread "Unconstrained build operations Thread 77" [_thread_blocked, id=5584, stack(0x0000008f41000000,0x0000008f41100000)]
  0x000001fd2b445bf0 JavaThread "Unconstrained build operations Thread 78" [_thread_blocked, id=25532, stack(0x0000008f41100000,0x0000008f41200000)]
  0x000001fd2b4442a0 JavaThread "Unconstrained build operations Thread 79" [_thread_blocked, id=16348, stack(0x0000008f41200000,0x0000008f41300000)]
  0x000001fd2b4447b0 JavaThread "Unconstrained build operations Thread 80" [_thread_blocked, id=25376, stack(0x0000008f41300000,0x0000008f41400000)]
  0x000001fd2b447540 JavaThread "Unconstrained build operations Thread 81" [_thread_blocked, id=11928, stack(0x0000008f41400000,0x0000008f41500000)]
  0x000001fd2b446610 JavaThread "Unconstrained build operations Thread 82" [_thread_blocked, id=12732, stack(0x0000008f41500000,0x0000008f41600000)]
  0x000001fd2b443370 JavaThread "Unconstrained build operations Thread 83" [_thread_blocked, id=2368, stack(0x0000008f41600000,0x0000008f41700000)]
  0x000001fd2b4493a0 JavaThread "Unconstrained build operations Thread 84" [_thread_blocked, id=27568, stack(0x0000008f41700000,0x0000008f41800000)]
  0x000001fd2b449dc0 JavaThread "Unconstrained build operations Thread 85" [_thread_blocked, id=9944, stack(0x0000008f41800000,0x0000008f41900000)]
  0x000001fd2b448e90 JavaThread "Unconstrained build operations Thread 86" [_thread_blocked, id=28344, stack(0x0000008f41900000,0x0000008f41a00000)]
  0x000001fd2b447030 JavaThread "Unconstrained build operations Thread 87" [_thread_blocked, id=26944, stack(0x0000008f41a00000,0x0000008f41b00000)]
  0x000001fd2b447a50 JavaThread "Unconstrained build operations Thread 88" [_thread_blocked, id=25076, stack(0x0000008f41b00000,0x0000008f41c00000)]
  0x000001fd2b44a2d0 JavaThread "Unconstrained build operations Thread 89" [_thread_blocked, id=8264, stack(0x0000008f41c00000,0x0000008f41d00000)]
  0x000001fd2b444cc0 JavaThread "Unconstrained build operations Thread 90" [_thread_blocked, id=29400, stack(0x0000008f41d00000,0x0000008f41e00000)]
  0x000001fd2b442e60 JavaThread "Unconstrained build operations Thread 91" [_thread_blocked, id=7140, stack(0x0000008f41e00000,0x0000008f41f00000)]
  0x000001fd2b443d90 JavaThread "Unconstrained build operations Thread 92" [_thread_blocked, id=6152, stack(0x0000008f41f00000,0x0000008f42000000)]
  0x000001fd2b447f60 JavaThread "Unconstrained build operations Thread 93" [_thread_blocked, id=1832, stack(0x0000008f42000000,0x0000008f42100000)]
  0x000001fd2b448980 JavaThread "Unconstrained build operations Thread 94" [_thread_blocked, id=29236, stack(0x0000008f42100000,0x0000008f42200000)]
  0x000001fd2b448470 JavaThread "Unconstrained build operations Thread 95" [_thread_blocked, id=16832, stack(0x0000008f42200000,0x0000008f42300000)]
  0x000001fd2ba1ac00 JavaThread "Unconstrained build operations Thread 96" [_thread_blocked, id=29368, stack(0x0000008f42300000,0x0000008f42400000)]
  0x000001fd2ba1b110 JavaThread "Unconstrained build operations Thread 97" [_thread_blocked, id=27856, stack(0x0000008f42400000,0x0000008f42500000)]
  0x000001fd2ba1cf70 JavaThread "Unconstrained build operations Thread 98" [_thread_blocked, id=22332, stack(0x0000008f42500000,0x0000008f42600000)]
  0x000001fd2ba1b620 JavaThread "Unconstrained build operations Thread 99" [_thread_blocked, id=12432, stack(0x0000008f42600000,0x0000008f42700000)]
  0x000001fd2ba16a30 JavaThread "Unconstrained build operations Thread 100" [_thread_blocked, id=23504, stack(0x0000008f42700000,0x0000008f42800000)]
  0x000001fd2ba16520 JavaThread "Unconstrained build operations Thread 101" [_thread_blocked, id=12868, stack(0x0000008f42800000,0x0000008f42900000)]
  0x000001fd2ba1bb30 JavaThread "Unconstrained build operations Thread 102" [_thread_blocked, id=24836, stack(0x0000008f42900000,0x0000008f42a00000)]
  0x000001fd2ba18da0 JavaThread "Unconstrained build operations Thread 103" [_thread_blocked, id=21456, stack(0x0000008f42a00000,0x0000008f42b00000)]
  0x000001fd2ba1a6f0 JavaThread "Unconstrained build operations Thread 104" [_thread_blocked, id=1840, stack(0x0000008f42b00000,0x0000008f42c00000)]
  0x000001fd2ba16f40 JavaThread "Unconstrained build operations Thread 105" [_thread_blocked, id=13864, stack(0x0000008f42c00000,0x0000008f42d00000)]
  0x000001fd2ba197c0 JavaThread "Unconstrained build operations Thread 106" [_thread_blocked, id=22044, stack(0x0000008f42d00000,0x0000008f42e00000)]
  0x000001fd2ba17450 JavaThread "jar transforms Thread 2" [_thread_blocked, id=28280, stack(0x0000008f42e00000,0x0000008f42f00000)]
  0x000001fd2ba1d990 JavaThread "jar transforms Thread 3" [_thread_blocked, id=29252, stack(0x0000008f42f00000,0x0000008f43000000)]
  0x000001fd2ba17960 JavaThread "Unconstrained build operations Thread 107" [_thread_blocked, id=28092, stack(0x0000008f43000000,0x0000008f43100000)]
  0x000001fd2ba1c040 JavaThread "Unconstrained build operations Thread 108" [_thread_blocked, id=28048, stack(0x0000008f43100000,0x0000008f43200000)]
  0x000001fd2ba1c550 JavaThread "Unconstrained build operations Thread 109" [_thread_blocked, id=5448, stack(0x0000008f43200000,0x0000008f43300000)]
  0x000001fd2ba192b0 JavaThread "Unconstrained build operations Thread 110" [_thread_blocked, id=1568, stack(0x0000008f43300000,0x0000008f43400000)]
  0x000001fd2ba1ca60 JavaThread "Unconstrained build operations Thread 111" [_thread_blocked, id=25996, stack(0x0000008f43400000,0x0000008f43500000)]
  0x000001fd2ba17e70 JavaThread "Unconstrained build operations Thread 112" [_thread_blocked, id=13876, stack(0x0000008f43500000,0x0000008f43600000)]
  0x000001fd2ba18380 JavaThread "Unconstrained build operations Thread 113" [_thread_blocked, id=29468, stack(0x0000008f43600000,0x0000008f43700000)]
  0x000001fd2ba18890 JavaThread "Unconstrained build operations Thread 114" [_thread_blocked, id=10660, stack(0x0000008f43700000,0x0000008f43800000)]
  0x000001fd2ba19cd0 JavaThread "Unconstrained build operations Thread 115" [_thread_blocked, id=7392, stack(0x0000008f43800000,0x0000008f43900000)]
  0x000001fd2ba1a1e0 JavaThread "Unconstrained build operations Thread 116" [_thread_blocked, id=3028, stack(0x0000008f43900000,0x0000008f43a00000)]
  0x000001fd2b44a7e0 JavaThread "Unconstrained build operations Thread 117" [_thread_blocked, id=5752, stack(0x0000008f43a00000,0x0000008f43b00000)]
  0x000001fd2b98b670 JavaThread "Unconstrained build operations Thread 118" [_thread_blocked, id=25832, stack(0x0000008f43b00000,0x0000008f43c00000)]
  0x000001fd2b98d4d0 JavaThread "Unconstrained build operations Thread 119" [_thread_blocked, id=2644, stack(0x0000008f43c00000,0x0000008f43d00000)]
  0x000001fd2b98bb80 JavaThread "Unconstrained build operations Thread 120" [_thread_blocked, id=11404, stack(0x0000008f43d00000,0x0000008f43e00000)]
  0x000001fd2b9916a0 JavaThread "jar transforms Thread 4" [_thread_blocked, id=21836, stack(0x0000008f43e00000,0x0000008f43f00000)]
  0x000001fd2b98def0 JavaThread "jar transforms Thread 5" [_thread_blocked, id=8116, stack(0x0000008f43f00000,0x0000008f44000000)]
  0x000001fd2b98d9e0 JavaThread "jar transforms Thread 6" [_thread_blocked, id=2632, stack(0x0000008f44000000,0x0000008f44100000)]
  0x000001fd2b98e910 JavaThread "build event listener" [_thread_blocked, id=1272, stack(0x0000008f44100000,0x0000008f44200000)]
  0x000001fd2a478050 JavaThread "C2 CompilerThread2" daemon [_thread_in_native, id=4448, stack(0x0000008f39800000,0x0000008f39900000)]
  0x000001fd2b98cfc0 JavaThread "jar transforms Thread 7" [_thread_blocked, id=27312, stack(0x0000008f44200000,0x0000008f44300000)]
  0x000001fd2b990260 JavaThread "jar transforms Thread 8" [_thread_blocked, id=15764, stack(0x0000008f44300000,0x0000008f44400000)]
  0x000001fd2b991bb0 JavaThread "jar transforms Thread 9" [_thread_blocked, id=27108, stack(0x0000008f44400000,0x0000008f44500000)]
  0x000001fd2b9920c0 JavaThread "jar transforms Thread 10" [_thread_blocked, id=22816, stack(0x0000008f44500000,0x0000008f44600000)]
  0x000001fd28c0be90 JavaThread "jar transforms Thread 11" [_thread_blocked, id=740, stack(0x0000008f44600000,0x0000008f44700000)]
  0x000001fd2dd18a30 JavaThread "jar transforms Thread 12" [_thread_blocked, id=11480, stack(0x0000008f44700000,0x0000008f44800000)]

Other Threads:
=>0x000001fd7f8001d0 VMThread "VM Thread" [stack: 0x0000008f37600000,0x0000008f37700000] [id=27316]
  0x000001fd64610a80 WatcherThread [stack: 0x0000008f38200000,0x0000008f38300000] [id=20948]
  0x000001fd645f7370 GCTaskThread "GC Thread#0" [stack: 0x0000008f37100000,0x0000008f37200000] [id=23856]
  0x000001fd274b8950 GCTaskThread "GC Thread#1" [stack: 0x0000008f38500000,0x0000008f38600000] [id=27744]
  0x000001fd27430ec0 GCTaskThread "GC Thread#2" [stack: 0x0000008f38600000,0x0000008f38700000] [id=14124]
  0x000001fd2734d720 GCTaskThread "GC Thread#3" [stack: 0x0000008f38700000,0x0000008f38800000] [id=5568]
  0x000001fd2734d9e0 GCTaskThread "GC Thread#4" [stack: 0x0000008f38800000,0x0000008f38900000] [id=29592]
  0x000001fd28498d10 GCTaskThread "GC Thread#5" [stack: 0x0000008f38400000,0x0000008f38500000] [id=28228]
  0x000001fd2a1a4f70 GCTaskThread "GC Thread#6" [stack: 0x0000008f39900000,0x0000008f39a00000] [id=14792]
  0x000001fd28d4bb60 GCTaskThread "GC Thread#7" [stack: 0x0000008f39a00000,0x0000008f39b00000] [id=7744]
  0x000001fd2957e130 GCTaskThread "GC Thread#8" [stack: 0x0000008f39b00000,0x0000008f39c00000] [id=8316]
  0x000001fd29062a10 GCTaskThread "GC Thread#9" [stack: 0x0000008f39c00000,0x0000008f39d00000] [id=23216]
  0x000001fd646081d0 ConcurrentGCThread "G1 Main Marker" [stack: 0x0000008f37200000,0x0000008f37300000] [id=25044]
  0x000001fd64608af0 ConcurrentGCThread "G1 Conc#0" [stack: 0x0000008f37300000,0x0000008f37400000] [id=6572]
  0x000001fd29063250 ConcurrentGCThread "G1 Conc#1" [stack: 0x0000008f39d00000,0x0000008f39e00000] [id=28024]
  0x000001fd29062f90 ConcurrentGCThread "G1 Conc#2" [stack: 0x0000008f39e00000,0x0000008f39f00000] [id=2568]
  0x000001fd6464e960 ConcurrentGCThread "G1 Refine#0" [stack: 0x0000008f37400000,0x0000008f37500000] [id=3820]
  0x000001fd2b15ccc0 ConcurrentGCThread "G1 Refine#1" [stack: 0x0000008f3a500000,0x0000008f3a600000] [id=28288]
  0x000001fd7f6be940 ConcurrentGCThread "G1 Service" [stack: 0x0000008f37500000,0x0000008f37600000] [id=8040]

Threads with active compile tasks:
C2 CompilerThread0    20752 15380       4       org.gradle.api.internal.artifacts.ivyservice.resolveengine.result.DesugaredAttributeContainerSerializer::read (155 bytes)
C1 CompilerThread0    20752 15435       3       org.gradle.api.internal.artifacts.configurations.DefaultUnlockedConfiguration_Decorated::getAllArtifacts (39 bytes)
C2 CompilerThread1    20752 15426       4       org.gradle.api.internal.collections.AbstractIterationOrderRetainingElementSource$RealizedElementCollectionIterator::updateNext (157 bytes)
C2 CompilerThread2    20752 15235   !   4       java.lang.reflect.Field::declaredAnnotations (82 bytes)

VM state: at safepoint (normal execution)

VM Mutex/Monitor currently owned by a thread:  ([mutex/lock_event])
[0x000001fd64583b70] Threads_lock - owner thread: 0x000001fd7f8001d0
[0x000001fd64582d60] Heap_lock - owner thread: 0x000001fd28b74060

Heap address: 0x0000000700000000, size: 4096 MB, Compressed Oops mode: Zero based, Oop shift amount: 3

CDS archive(s) mapped at: [0x000001fd08000000-0x000001fd08bd0000-0x000001fd08bd0000), size 12386304, SharedBaseAddress: 0x000001fd08000000, ArchiveRelocationMode: 1.
Compressed class space mapped at: 0x000001fd09000000-0x000001fd23000000, reserved size: 436207616
Narrow klass base: 0x000001fd08000000, Narrow klass shift: 0, Narrow klass range: 0x100000000

GC Precious Log:
 CPUs: 12 total, 12 available
 Memory: 15706M
 Large Page Support: Disabled
 NUMA Support: Disabled
 Compressed Oops: Enabled (Zero based)
 Heap Region Size: 2M
 Heap Min Capacity: 8M
 Heap Initial Capacity: 246M
 Heap Max Capacity: 4G
 Pre-touch: Disabled
 Parallel Workers: 10
 Concurrent Workers: 3
 Concurrent Refinement Workers: 10
 Periodic GC: Disabled

Heap:
 garbage-first heap   total 356352K, used 189060K [0x0000000700000000, 0x0000000800000000)
  region size 2048K, 7 young (14336K), 7 survivors (14336K)
 Metaspace       used 108210K, committed 109632K, reserved 557056K
  class space    used 15075K, committed 15680K, reserved 425984K

Heap Regions: E=young(eden), S=young(survivor), O=old, HS=humongous(starts), HC=humongous(continues), CS=collection set, F=free, OA=open archive, CA=closed archive, TAMS=top-at-mark-start (previous, next)
|   0|0x0000000700000000, 0x0000000700200000, 0x0000000700200000|100%|HS|  |TAMS 0x0000000700200000, 0x0000000700000000| Complete 
|   1|0x0000000700200000, 0x0000000700400000, 0x0000000700400000|100%|HC|  |TAMS 0x0000000700400000, 0x0000000700200000| Complete 
|   2|0x0000000700400000, 0x0000000700600000, 0x0000000700600000|100%| O|  |TAMS 0x0000000700600000, 0x0000000700400000| Untracked 
|   3|0x0000000700600000, 0x0000000700800000, 0x0000000700800000|100%| O|  |TAMS 0x0000000700800000, 0x0000000700600000| Untracked 
|   4|0x0000000700800000, 0x0000000700a00000, 0x0000000700a00000|100%| O|  |TAMS 0x0000000700a00000, 0x0000000700800000| Untracked 
|   5|0x0000000700a00000, 0x0000000700c00000, 0x0000000700c00000|100%| O|  |TAMS 0x0000000700c00000, 0x0000000700a00000| Untracked 
|   6|0x0000000700c00000, 0x0000000700e00000, 0x0000000700e00000|100%| O|  |TAMS 0x0000000700e00000, 0x0000000700c00000| Untracked 
|   7|0x0000000700e00000, 0x0000000701000000, 0x0000000701000000|100%| O|  |TAMS 0x0000000701000000, 0x0000000700e00000| Untracked 
|   8|0x0000000701000000, 0x0000000701200000, 0x0000000701200000|100%| O|  |TAMS 0x0000000701200000, 0x0000000701000000| Untracked 
|   9|0x0000000701200000, 0x0000000701400000, 0x0000000701400000|100%| O|  |TAMS 0x0000000701400000, 0x0000000701200000| Untracked 
|  10|0x0000000701400000, 0x0000000701600000, 0x0000000701600000|100%| O|  |TAMS 0x0000000701600000, 0x0000000701400000| Untracked 
|  11|0x0000000701600000, 0x0000000701800000, 0x0000000701800000|100%| O|  |TAMS 0x0000000701800000, 0x0000000701600000| Untracked 
|  12|0x0000000701800000, 0x0000000701a00000, 0x0000000701a00000|100%| O|  |TAMS 0x0000000701a00000, 0x0000000701800000| Untracked 
|  13|0x0000000701a00000, 0x0000000701c00000, 0x0000000701c00000|100%| O|  |TAMS 0x0000000701c00000, 0x0000000701a00000| Untracked 
|  14|0x0000000701c00000, 0x0000000701e00000, 0x0000000701e00000|100%| O|  |TAMS 0x0000000701e00000, 0x0000000701c00000| Untracked 
|  15|0x0000000701e00000, 0x0000000702000000, 0x0000000702000000|100%| O|  |TAMS 0x0000000702000000, 0x0000000701e00000| Untracked 
|  16|0x0000000702000000, 0x0000000702200000, 0x0000000702200000|100%| O|  |TAMS 0x0000000702200000, 0x0000000702000000| Untracked 
|  17|0x0000000702200000, 0x0000000702400000, 0x0000000702400000|100%| O|  |TAMS 0x0000000702400000, 0x0000000702200000| Untracked 
|  18|0x0000000702400000, 0x0000000702600000, 0x0000000702600000|100%| O|  |TAMS 0x0000000702600000, 0x0000000702400000| Untracked 
|  19|0x0000000702600000, 0x0000000702800000, 0x0000000702800000|100%| O|  |TAMS 0x0000000702800000, 0x0000000702600000| Untracked 
|  20|0x0000000702800000, 0x0000000702a00000, 0x0000000702a00000|100%|HS|  |TAMS 0x0000000702a00000, 0x0000000702800000| Complete 
|  21|0x0000000702a00000, 0x0000000702c00000, 0x0000000702c00000|100%|HS|  |TAMS 0x0000000702c00000, 0x0000000702a00000| Complete 
|  22|0x0000000702c00000, 0x0000000702e00000, 0x0000000702e00000|100%| O|  |TAMS 0x0000000702e00000, 0x0000000702c00000| Untracked 
|  23|0x0000000702e00000, 0x0000000703000000, 0x0000000703000000|100%| O|  |TAMS 0x0000000703000000, 0x0000000702e00000| Untracked 
|  24|0x0000000703000000, 0x0000000703200000, 0x0000000703200000|100%|HS|  |TAMS 0x0000000703200000, 0x0000000703000000| Complete 
|  25|0x0000000703200000, 0x0000000703400000, 0x0000000703400000|100%|HC|  |TAMS 0x0000000703400000, 0x0000000703200000| Complete 
|  26|0x0000000703400000, 0x0000000703600000, 0x0000000703600000|100%|HS|  |TAMS 0x0000000703600000, 0x0000000703400000| Complete 
|  27|0x0000000703600000, 0x0000000703800000, 0x0000000703800000|100%|HC|  |TAMS 0x0000000703800000, 0x0000000703600000| Complete 
|  28|0x0000000703800000, 0x0000000703a00000, 0x0000000703a00000|100%| O|  |TAMS 0x0000000703a00000, 0x0000000703800000| Untracked 
|  29|0x0000000703a00000, 0x0000000703c00000, 0x0000000703c00000|100%| O|  |TAMS 0x0000000703c00000, 0x0000000703a00000| Untracked 
|  30|0x0000000703c00000, 0x0000000703e00000, 0x0000000703e00000|100%| O|  |TAMS 0x0000000703e00000, 0x0000000703c00000| Untracked 
|  31|0x0000000703e00000, 0x0000000704000000, 0x0000000704000000|100%| O|  |TAMS 0x0000000704000000, 0x0000000703e00000| Untracked 
|  32|0x0000000704000000, 0x0000000704200000, 0x0000000704200000|100%| O|  |TAMS 0x0000000704200000, 0x0000000704000000| Untracked 
|  33|0x0000000704200000, 0x0000000704400000, 0x0000000704400000|100%| O|  |TAMS 0x0000000704200000, 0x0000000704200000| Untracked 
|  34|0x0000000704400000, 0x0000000704600000, 0x0000000704600000|100%| O|  |TAMS 0x0000000704600000, 0x0000000704400000| Untracked 
|  35|0x0000000704600000, 0x0000000704800000, 0x0000000704800000|100%| O|  |TAMS 0x0000000704800000, 0x0000000704600000| Untracked 
|  36|0x0000000704800000, 0x0000000704a00000, 0x0000000704a00000|100%| O|  |TAMS 0x0000000704a00000, 0x0000000704800000| Untracked 
|  37|0x0000000704a00000, 0x0000000704c00000, 0x0000000704c00000|100%| O|  |TAMS 0x0000000704c00000, 0x0000000704a00000| Untracked 
|  38|0x0000000704c00000, 0x0000000704e00000, 0x0000000704e00000|100%| O|  |TAMS 0x0000000704e00000, 0x0000000704c00000| Untracked 
|  39|0x0000000704e00000, 0x0000000705000000, 0x0000000705000000|100%| O|  |TAMS 0x0000000705000000, 0x0000000704e00000| Untracked 
|  40|0x0000000705000000, 0x0000000705200000, 0x0000000705200000|100%| O|  |TAMS 0x0000000705200000, 0x0000000705000000| Untracked 
|  41|0x0000000705200000, 0x0000000705400000, 0x0000000705400000|100%| O|  |TAMS 0x0000000705200000, 0x0000000705200000| Untracked 
|  42|0x0000000705400000, 0x00000007055ee400, 0x0000000705600000| 96%| O|  |TAMS 0x0000000705400000, 0x0000000705400000| Untracked 
|  43|0x0000000705600000, 0x0000000705800000, 0x0000000705800000|100%|HS|  |TAMS 0x0000000705600000, 0x0000000705600000| Complete 
|  44|0x0000000705800000, 0x0000000705a00000, 0x0000000705a00000|100%| O|  |TAMS 0x0000000705800000, 0x0000000705800000| Untracked 
|  45|0x0000000705a00000, 0x0000000705c00000, 0x0000000705c00000|100%| O|  |TAMS 0x0000000705a00000, 0x0000000705a00000| Untracked 
|  46|0x0000000705c00000, 0x0000000705e00000, 0x0000000705e00000|100%| O|  |TAMS 0x0000000705c00000, 0x0000000705c00000| Untracked 
|  47|0x0000000705e00000, 0x0000000706000000, 0x0000000706000000|100%| O|  |TAMS 0x0000000705e00000, 0x0000000705e00000| Untracked 
|  48|0x0000000706000000, 0x0000000706200000, 0x0000000706200000|100%| O|  |TAMS 0x0000000706000000, 0x0000000706000000| Untracked 
|  49|0x0000000706200000, 0x0000000706400000, 0x0000000706400000|100%| O|  |TAMS 0x0000000706200000, 0x0000000706200000| Untracked 
|  50|0x0000000706400000, 0x0000000706600000, 0x0000000706600000|100%| O|  |TAMS 0x0000000706400000, 0x0000000706400000| Untracked 
|  51|0x0000000706600000, 0x0000000706800000, 0x0000000706800000|100%| O|  |TAMS 0x0000000706600000, 0x0000000706600000| Untracked 
|  52|0x0000000706800000, 0x0000000706a00000, 0x0000000706a00000|100%| O|  |TAMS 0x0000000706800000, 0x0000000706800000| Untracked 
|  53|0x0000000706a00000, 0x0000000706c00000, 0x0000000706c00000|100%| O|  |TAMS 0x0000000706a00000, 0x0000000706a00000| Untracked 
|  54|0x0000000706c00000, 0x0000000706e00000, 0x0000000706e00000|100%| O|  |TAMS 0x0000000706c00000, 0x0000000706c00000| Untracked 
|  55|0x0000000706e00000, 0x0000000707000000, 0x0000000707000000|100%| O|  |TAMS 0x0000000706e00000, 0x0000000706e00000| Untracked 
|  56|0x0000000707000000, 0x0000000707200000, 0x0000000707200000|100%| O|  |TAMS 0x0000000707000000, 0x0000000707000000| Untracked 
|  57|0x0000000707200000, 0x0000000707400000, 0x0000000707400000|100%| O|  |TAMS 0x0000000707200000, 0x0000000707200000| Untracked 
|  58|0x0000000707400000, 0x0000000707600000, 0x0000000707600000|100%| O|  |TAMS 0x0000000707400000, 0x0000000707400000| Untracked 
|  59|0x0000000707600000, 0x0000000707800000, 0x0000000707800000|100%| O|  |TAMS 0x0000000707600000, 0x0000000707600000| Untracked 
|  60|0x0000000707800000, 0x0000000707a00000, 0x0000000707a00000|100%| O|  |TAMS 0x0000000707800000, 0x0000000707800000| Untracked 
|  61|0x0000000707a00000, 0x0000000707c00000, 0x0000000707c00000|100%| O|  |TAMS 0x0000000707a00000, 0x0000000707a00000| Untracked 
|  62|0x0000000707c00000, 0x0000000707e00000, 0x0000000707e00000|100%| O|  |TAMS 0x0000000707c00000, 0x0000000707c00000| Untracked 
|  63|0x0000000707e00000, 0x0000000708000000, 0x0000000708000000|100%|HS|  |TAMS 0x0000000707e00000, 0x0000000707e00000| Complete 
|  64|0x0000000708000000, 0x0000000708200000, 0x0000000708200000|100%| O|  |TAMS 0x0000000708000000, 0x0000000708000000| Untracked 
|  65|0x0000000708200000, 0x0000000708400000, 0x0000000708400000|100%| O|  |TAMS 0x0000000708200000, 0x0000000708200000| Untracked 
|  66|0x0000000708400000, 0x0000000708600000, 0x0000000708600000|100%| O|  |TAMS 0x0000000708400000, 0x0000000708400000| Untracked 
|  67|0x0000000708600000, 0x0000000708800000, 0x0000000708800000|100%| O|  |TAMS 0x0000000708600000, 0x0000000708600000| Untracked 
|  68|0x0000000708800000, 0x0000000708a00000, 0x0000000708a00000|100%| O|  |TAMS 0x0000000708800000, 0x0000000708800000| Untracked 
|  69|0x0000000708a00000, 0x0000000708c00000, 0x0000000708c00000|100%| O|  |TAMS 0x0000000708a00000, 0x0000000708a00000| Untracked 
|  70|0x0000000708c00000, 0x0000000708e00000, 0x0000000708e00000|100%| O|  |TAMS 0x0000000708c00000, 0x0000000708c00000| Untracked 
|  71|0x0000000708e00000, 0x0000000709000000, 0x0000000709000000|100%| O|  |TAMS 0x0000000708e00000, 0x0000000708e00000| Untracked 
|  72|0x0000000709000000, 0x0000000709200000, 0x0000000709200000|100%| O|  |TAMS 0x0000000709000000, 0x0000000709000000| Untracked 
|  73|0x0000000709200000, 0x0000000709400000, 0x0000000709400000|100%| O|  |TAMS 0x0000000709200000, 0x0000000709200000| Untracked 
|  74|0x0000000709400000, 0x0000000709600000, 0x0000000709600000|100%| O|  |TAMS 0x0000000709400000, 0x0000000709400000| Untracked 
|  75|0x0000000709600000, 0x0000000709800000, 0x0000000709800000|100%| O|  |TAMS 0x0000000709600000, 0x0000000709600000| Untracked 
|  76|0x0000000709800000, 0x0000000709a00000, 0x0000000709a00000|100%| O|  |TAMS 0x0000000709800000, 0x0000000709800000| Untracked 
|  77|0x0000000709a00000, 0x0000000709c00000, 0x0000000709c00000|100%| O|  |TAMS 0x0000000709a00000, 0x0000000709a00000| Untracked 
|  78|0x0000000709c00000, 0x0000000709e00000, 0x0000000709e00000|100%| O|  |TAMS 0x0000000709c00000, 0x0000000709c00000| Untracked 
|  79|0x0000000709e00000, 0x000000070a000000, 0x000000070a000000|100%| O|  |TAMS 0x0000000709e00000, 0x0000000709e00000| Untracked 
|  80|0x000000070a000000, 0x000000070a200000, 0x000000070a200000|100%| O|  |TAMS 0x000000070a000000, 0x000000070a000000| Untracked 
|  81|0x000000070a200000, 0x000000070a400000, 0x000000070a400000|100%| O|  |TAMS 0x000000070a200000, 0x000000070a200000| Untracked 
|  82|0x000000070a400000, 0x000000070a600000, 0x000000070a600000|100%|HS|  |TAMS 0x000000070a400000, 0x000000070a400000| Complete 
|  83|0x000000070a600000, 0x000000070a800000, 0x000000070a800000|100%|HS|  |TAMS 0x000000070a600000, 0x000000070a600000| Complete 
|  84|0x000000070a800000, 0x000000070aa00000, 0x000000070aa00000|100%| O|  |TAMS 0x000000070a800000, 0x000000070a800000| Untracked 
|  85|0x000000070aa00000, 0x000000070aab2c00, 0x000000070ac00000| 34%| O|  |TAMS 0x000000070aa00000, 0x000000070aa00000| Untracked 
|  86|0x000000070ac00000, 0x000000070ac00000, 0x000000070ae00000|  0%| F|  |TAMS 0x000000070ac00000, 0x000000070ac00000| Untracked 
|  87|0x000000070ae00000, 0x000000070ae00000, 0x000000070b000000|  0%| F|  |TAMS 0x000000070ae00000, 0x000000070ae00000| Untracked 
|  88|0x000000070b000000, 0x000000070b000000, 0x000000070b200000|  0%| F|  |TAMS 0x000000070b000000, 0x000000070b000000| Untracked 
|  89|0x000000070b200000, 0x000000070b200000, 0x000000070b400000|  0%| F|  |TAMS 0x000000070b200000, 0x000000070b200000| Untracked 
|  90|0x000000070b400000, 0x000000070b400000, 0x000000070b600000|  0%| F|  |TAMS 0x000000070b400000, 0x000000070b400000| Untracked 
|  91|0x000000070b600000, 0x000000070b600000, 0x000000070b800000|  0%| F|  |TAMS 0x000000070b600000, 0x000000070b600000| Untracked 
|  92|0x000000070b800000, 0x000000070b800000, 0x000000070ba00000|  0%| F|  |TAMS 0x000000070b800000, 0x000000070b800000| Untracked 
|  93|0x000000070ba00000, 0x000000070ba00000, 0x000000070bc00000|  0%| F|  |TAMS 0x000000070ba00000, 0x000000070ba00000| Untracked 
|  94|0x000000070bc00000, 0x000000070bc00000, 0x000000070be00000|  0%| F|  |TAMS 0x000000070bc00000, 0x000000070bc00000| Untracked 
|  95|0x000000070be00000, 0x000000070be00000, 0x000000070c000000|  0%| F|  |TAMS 0x000000070be00000, 0x000000070be00000| Untracked 
|  96|0x000000070c000000, 0x000000070c000000, 0x000000070c200000|  0%| F|  |TAMS 0x000000070c000000, 0x000000070c000000| Untracked 
|  97|0x000000070c200000, 0x000000070c200000, 0x000000070c400000|  0%| F|  |TAMS 0x000000070c200000, 0x000000070c200000| Untracked 
|  98|0x000000070c400000, 0x000000070c400000, 0x000000070c600000|  0%| F|  |TAMS 0x000000070c400000, 0x000000070c400000| Untracked 
|  99|0x000000070c600000, 0x000000070c600000, 0x000000070c800000|  0%| F|  |TAMS 0x000000070c600000, 0x000000070c600000| Untracked 
| 100|0x000000070c800000, 0x000000070c800000, 0x000000070ca00000|  0%| F|  |TAMS 0x000000070c800000, 0x000000070c800000| Untracked 
| 101|0x000000070ca00000, 0x000000070ca00000, 0x000000070cc00000|  0%| F|  |TAMS 0x000000070ca00000, 0x000000070ca00000| Untracked 
| 102|0x000000070cc00000, 0x000000070cc00000, 0x000000070ce00000|  0%| F|  |TAMS 0x000000070cc00000, 0x000000070cc00000| Untracked 
| 103|0x000000070ce00000, 0x000000070ce00000, 0x000000070d000000|  0%| F|  |TAMS 0x000000070ce00000, 0x000000070ce00000| Untracked 
| 104|0x000000070d000000, 0x000000070d000000, 0x000000070d200000|  0%| F|  |TAMS 0x000000070d000000, 0x000000070d000000| Untracked 
| 105|0x000000070d200000, 0x000000070d200000, 0x000000070d400000|  0%| F|  |TAMS 0x000000070d200000, 0x000000070d200000| Untracked 
| 106|0x000000070d400000, 0x000000070d400000, 0x000000070d600000|  0%| F|  |TAMS 0x000000070d400000, 0x000000070d400000| Untracked 
| 107|0x000000070d600000, 0x000000070d800000, 0x000000070d800000|100%| S|CS|TAMS 0x000000070d600000, 0x000000070d600000| Complete 
| 108|0x000000070d800000, 0x000000070da00000, 0x000000070da00000|100%| S|CS|TAMS 0x000000070d800000, 0x000000070d800000| Complete 
| 109|0x000000070da00000, 0x000000070dc00000, 0x000000070dc00000|100%| S|CS|TAMS 0x000000070da00000, 0x000000070da00000| Complete 
| 110|0x000000070dc00000, 0x000000070de00000, 0x000000070de00000|100%| S|CS|TAMS 0x000000070dc00000, 0x000000070dc00000| Complete 
| 111|0x000000070de00000, 0x000000070e000000, 0x000000070e000000|100%| S|CS|TAMS 0x000000070de00000, 0x000000070de00000| Complete 
| 112|0x000000070e000000, 0x000000070e000000, 0x000000070e200000|  0%| F|  |TAMS 0x000000070e000000, 0x000000070e000000| Untracked 
| 113|0x000000070e200000, 0x000000070e200000, 0x000000070e400000|  0%| F|  |TAMS 0x000000070e200000, 0x000000070e200000| Untracked 
| 114|0x000000070e400000, 0x000000070e400000, 0x000000070e600000|  0%| F|  |TAMS 0x000000070e400000, 0x000000070e400000| Untracked 
| 115|0x000000070e600000, 0x000000070e600000, 0x000000070e800000|  0%| F|  |TAMS 0x000000070e600000, 0x000000070e600000| Untracked 
| 116|0x000000070e800000, 0x000000070ea00000, 0x000000070ea00000|100%| S|CS|TAMS 0x000000070e800000, 0x000000070e800000| Complete 
| 117|0x000000070ea00000, 0x000000070ec00000, 0x000000070ec00000|100%| S|CS|TAMS 0x000000070ea00000, 0x000000070ea00000| Complete 
| 118|0x000000070ec00000, 0x000000070ec00000, 0x000000070ee00000|  0%| F|  |TAMS 0x000000070ec00000, 0x000000070ec00000| Untracked 
| 119|0x000000070ee00000, 0x000000070ee00000, 0x000000070f000000|  0%| F|  |TAMS 0x000000070ee00000, 0x000000070ee00000| Untracked 
| 120|0x000000070f000000, 0x000000070f000000, 0x000000070f200000|  0%| F|  |TAMS 0x000000070f000000, 0x000000070f000000| Untracked 
| 121|0x000000070f200000, 0x000000070f200000, 0x000000070f400000|  0%| F|  |TAMS 0x000000070f200000, 0x000000070f200000| Untracked 
| 122|0x000000070f400000, 0x000000070f400000, 0x000000070f600000|  0%| F|  |TAMS 0x000000070f400000, 0x000000070f400000| Untracked 
| 123|0x000000070f600000, 0x000000070f600000, 0x000000070f800000|  0%| F|  |TAMS 0x000000070f600000, 0x000000070f600000| Untracked 
| 124|0x000000070f800000, 0x000000070f800000, 0x000000070fa00000|  0%| F|  |TAMS 0x000000070f800000, 0x000000070f800000| Untracked 
| 125|0x000000070fa00000, 0x000000070fa00000, 0x000000070fc00000|  0%| F|  |TAMS 0x000000070fa00000, 0x000000070fa00000| Untracked 
| 126|0x000000070fc00000, 0x000000070fc00000, 0x000000070fe00000|  0%| F|  |TAMS 0x000000070fc00000, 0x000000070fc00000| Untracked 
| 127|0x000000070fe00000, 0x000000070fe00000, 0x0000000710000000|  0%| F|  |TAMS 0x000000070fe00000, 0x000000070fe00000| Untracked 
| 128|0x0000000710000000, 0x0000000710000000, 0x0000000710200000|  0%| F|  |TAMS 0x0000000710000000, 0x0000000710000000| Untracked 
| 129|0x0000000710200000, 0x0000000710200000, 0x0000000710400000|  0%| F|  |TAMS 0x0000000710200000, 0x0000000710200000| Untracked 
| 130|0x0000000710400000, 0x0000000710400000, 0x0000000710600000|  0%| F|  |TAMS 0x0000000710400000, 0x0000000710400000| Untracked 
| 131|0x0000000710600000, 0x0000000710600000, 0x0000000710800000|  0%| F|  |TAMS 0x0000000710600000, 0x0000000710600000| Untracked 
| 132|0x0000000710800000, 0x0000000710800000, 0x0000000710a00000|  0%| F|  |TAMS 0x0000000710800000, 0x0000000710800000| Untracked 
| 133|0x0000000710a00000, 0x0000000710a00000, 0x0000000710c00000|  0%| F|  |TAMS 0x0000000710a00000, 0x0000000710a00000| Untracked 
| 134|0x0000000710c00000, 0x0000000710c00000, 0x0000000710e00000|  0%| F|  |TAMS 0x0000000710c00000, 0x0000000710c00000| Untracked 
| 135|0x0000000710e00000, 0x0000000710e00000, 0x0000000711000000|  0%| F|  |TAMS 0x0000000710e00000, 0x0000000710e00000| Untracked 
| 136|0x0000000711000000, 0x0000000711000000, 0x0000000711200000|  0%| F|  |TAMS 0x0000000711000000, 0x0000000711000000| Untracked 
| 137|0x0000000711200000, 0x0000000711200000, 0x0000000711400000|  0%| F|  |TAMS 0x0000000711200000, 0x0000000711200000| Untracked 
| 138|0x0000000711400000, 0x0000000711400000, 0x0000000711600000|  0%| F|  |TAMS 0x0000000711400000, 0x0000000711400000| Untracked 
| 139|0x0000000711600000, 0x0000000711600000, 0x0000000711800000|  0%| F|  |TAMS 0x0000000711600000, 0x0000000711600000| Untracked 
| 140|0x0000000711800000, 0x0000000711800000, 0x0000000711a00000|  0%| F|  |TAMS 0x0000000711800000, 0x0000000711800000| Untracked 
| 141|0x0000000711a00000, 0x0000000711a00000, 0x0000000711c00000|  0%| F|  |TAMS 0x0000000711a00000, 0x0000000711a00000| Untracked 
| 142|0x0000000711c00000, 0x0000000711c00000, 0x0000000711e00000|  0%| F|  |TAMS 0x0000000711c00000, 0x0000000711c00000| Untracked 
| 143|0x0000000711e00000, 0x0000000711e00000, 0x0000000712000000|  0%| F|  |TAMS 0x0000000711e00000, 0x0000000711e00000| Untracked 
| 144|0x0000000712000000, 0x0000000712000000, 0x0000000712200000|  0%| F|  |TAMS 0x0000000712000000, 0x0000000712000000| Untracked 
| 145|0x0000000712200000, 0x0000000712200000, 0x0000000712400000|  0%| F|  |TAMS 0x0000000712200000, 0x0000000712200000| Untracked 
| 146|0x0000000712400000, 0x0000000712400000, 0x0000000712600000|  0%| F|  |TAMS 0x0000000712400000, 0x0000000712400000| Untracked 
| 147|0x0000000712600000, 0x0000000712600000, 0x0000000712800000|  0%| F|  |TAMS 0x0000000712600000, 0x0000000712600000| Untracked 
| 148|0x0000000712800000, 0x0000000712800000, 0x0000000712a00000|  0%| F|  |TAMS 0x0000000712800000, 0x0000000712800000| Untracked 
| 149|0x0000000712a00000, 0x0000000712a00000, 0x0000000712c00000|  0%| F|  |TAMS 0x0000000712a00000, 0x0000000712a00000| Untracked 
| 150|0x0000000712c00000, 0x0000000712c00000, 0x0000000712e00000|  0%| F|  |TAMS 0x0000000712c00000, 0x0000000712c00000| Untracked 
| 151|0x0000000712e00000, 0x0000000712e00000, 0x0000000713000000|  0%| F|  |TAMS 0x0000000712e00000, 0x0000000712e00000| Untracked 
| 152|0x0000000713000000, 0x0000000713000000, 0x0000000713200000|  0%| F|  |TAMS 0x0000000713000000, 0x0000000713000000| Untracked 
| 153|0x0000000713200000, 0x0000000713200000, 0x0000000713400000|  0%| F|  |TAMS 0x0000000713200000, 0x0000000713200000| Untracked 
| 154|0x0000000713400000, 0x0000000713400000, 0x0000000713600000|  0%| F|  |TAMS 0x0000000713400000, 0x0000000713400000| Untracked 
| 155|0x0000000713600000, 0x0000000713600000, 0x0000000713800000|  0%| F|  |TAMS 0x0000000713600000, 0x0000000713600000| Untracked 
| 156|0x0000000713800000, 0x0000000713800000, 0x0000000713a00000|  0%| F|  |TAMS 0x0000000713800000, 0x0000000713800000| Untracked 
| 157|0x0000000713a00000, 0x0000000713a00000, 0x0000000713c00000|  0%| F|  |TAMS 0x0000000713a00000, 0x0000000713a00000| Untracked 
| 158|0x0000000713c00000, 0x0000000713c00000, 0x0000000713e00000|  0%| F|  |TAMS 0x0000000713c00000, 0x0000000713c00000| Untracked 
| 159|0x0000000713e00000, 0x0000000713e00000, 0x0000000714000000|  0%| F|  |TAMS 0x0000000713e00000, 0x0000000713e00000| Untracked 
| 160|0x0000000714000000, 0x0000000714000000, 0x0000000714200000|  0%| F|  |TAMS 0x0000000714000000, 0x0000000714000000| Untracked 
| 161|0x0000000714200000, 0x0000000714200000, 0x0000000714400000|  0%| F|  |TAMS 0x0000000714200000, 0x0000000714200000| Untracked 
| 162|0x0000000714400000, 0x0000000714400000, 0x0000000714600000|  0%| F|  |TAMS 0x0000000714400000, 0x0000000714400000| Untracked 
| 163|0x0000000714600000, 0x0000000714600000, 0x0000000714800000|  0%| F|  |TAMS 0x0000000714600000, 0x0000000714600000| Untracked 
| 164|0x0000000714800000, 0x0000000714800000, 0x0000000714a00000|  0%| F|  |TAMS 0x0000000714800000, 0x0000000714800000| Untracked 
| 165|0x0000000714a00000, 0x0000000714a00000, 0x0000000714c00000|  0%| F|  |TAMS 0x0000000714a00000, 0x0000000714a00000| Untracked 
| 166|0x0000000714c00000, 0x0000000714c00000, 0x0000000714e00000|  0%| F|  |TAMS 0x0000000714c00000, 0x0000000714c00000| Untracked 
| 167|0x0000000714e00000, 0x0000000714e00000, 0x0000000715000000|  0%| F|  |TAMS 0x0000000714e00000, 0x0000000714e00000| Untracked 
| 168|0x0000000715000000, 0x0000000715000000, 0x0000000715200000|  0%| F|  |TAMS 0x0000000715000000, 0x0000000715000000| Untracked 
| 169|0x0000000715200000, 0x0000000715200000, 0x0000000715400000|  0%| F|  |TAMS 0x0000000715200000, 0x0000000715200000| Untracked 
| 170|0x0000000715400000, 0x0000000715400000, 0x0000000715600000|  0%| F|  |TAMS 0x0000000715400000, 0x0000000715400000| Untracked 
| 171|0x0000000715600000, 0x0000000715600000, 0x0000000715800000|  0%| F|  |TAMS 0x0000000715600000, 0x0000000715600000| Untracked 
| 172|0x0000000715800000, 0x0000000715800000, 0x0000000715a00000|  0%| F|  |TAMS 0x0000000715800000, 0x0000000715800000| Untracked 
| 173|0x0000000715a00000, 0x0000000715a00000, 0x0000000715c00000|  0%| F|  |TAMS 0x0000000715a00000, 0x0000000715a00000| Untracked 

Card table byte_map: [0x000001fd7bb70000,0x000001fd7c370000] _byte_map_base: 0x000001fd78370000

Marking Bits (Prev, Next): (CMBitMap*) 0x000001fd645f78a0, (CMBitMap*) 0x000001fd645f78e0
 Prev Bits: [0x000001fd00000000, 0x000001fd04000000)
 Next Bits: [0x000001fd04000000, 0x000001fd08000000)

Polling page: 0x000001fd63d50000

Metaspace:

Usage:
  Non-class:     90.95 MB used.
      Class:     14.72 MB used.
       Both:    105.67 MB used.

Virtual space:
  Non-class space:      128.00 MB reserved,      91.75 MB ( 72%) committed,  2 nodes.
      Class space:      416.00 MB reserved,      15.31 MB (  4%) committed,  1 nodes.
             Both:      544.00 MB reserved,     107.06 MB ( 20%) committed. 

Chunk freelists:
   Non-Class:  3.72 MB
       Class:  666.00 KB
        Both:  4.38 MB

MaxMetaspaceSize: 512.00 MB
CompressedClassSpaceSize: 416.00 MB
Initial GC threshold: 21.00 MB
Current GC threshold: 119.19 MB
CDS: on
MetaspaceReclaimPolicy: balanced
 - commit_granule_bytes: 65536.
 - commit_granule_words: 8192.
 - virtual_space_node_default_size: 8388608.
 - enlarge_chunks_in_place: 1.
 - new_chunks_are_fully_committed: 0.
 - uncommit_free_chunks: 1.
 - use_allocation_guard: 0.
 - handle_deallocations: 1.


Internal statistics:

num_allocs_failed_limit: 6.
num_arena_births: 1770.
num_arena_deaths: 0.
num_vsnodes_births: 3.
num_vsnodes_deaths: 0.
num_space_committed: 1713.
num_space_uncommitted: 0.
num_chunks_returned_to_freelist: 6.
num_chunks_taken_from_freelist: 6689.
num_chunk_merges: 6.
num_chunk_splits: 4243.
num_chunks_enlarged: 2605.
num_inconsistent_stats: 0.

CodeHeap 'non-profiled nmethods': size=120000Kb used=9116Kb max_used=9116Kb free=110883Kb
 bounds [0x000001fd738f0000, 0x000001fd741e0000, 0x000001fd7ae20000]
CodeHeap 'profiled nmethods': size=120000Kb used=26378Kb max_used=26378Kb free=93621Kb
 bounds [0x000001fd6be20000, 0x000001fd6d7f0000, 0x000001fd73350000]
CodeHeap 'non-nmethods': size=5760Kb used=2439Kb max_used=2492Kb free=3320Kb
 bounds [0x000001fd73350000, 0x000001fd735d0000, 0x000001fd738f0000]
 total_blobs=14129 nmethods=13157 adapters=883
 compilation: enabled
              stopped_count=0, restarted_count=0
 full_count=0

Compilation events (20 events):
Event: 20.711 Thread 0x000001fd7f9210b0 nmethod 15425 0x000001fd741d6990 code [0x000001fd741d6b20, 0x000001fd741d6bf8]
Event: 20.711 Thread 0x000001fd7f9210b0 15427       3       org.gradle.api.internal.CompositeDomainObjectSet$DomainObjectCompositeCollection::iterator (58 bytes)
Event: 20.711 Thread 0x000001fd7f9210b0 nmethod 15427 0x000001fd6d7df990 code [0x000001fd6d7dfbc0, 0x000001fd6d7e0338]
Event: 20.711 Thread 0x000001fd7f9210b0 15428       3       org.gradle.api.internal.CompositeDomainObjectSet$DomainObjectCompositeCollection::estimatedSize (43 bytes)
Event: 20.711 Thread 0x000001fd7fba4b70 nmethod 15419 0x000001fd741d6c90 code [0x000001fd741d6e00, 0x000001fd741d6ed8]
Event: 20.711 Thread 0x000001fd7fba4b70 15426       4       org.gradle.api.internal.collections.AbstractIterationOrderRetainingElementSource$RealizedElementCollectionIterator::updateNext (157 bytes)
Event: 20.712 Thread 0x000001fd7f9210b0 nmethod 15428 0x000001fd6d7e0510 code [0x000001fd6d7e0740, 0x000001fd6d7e1158]
Event: 20.712 Thread 0x000001fd7f9210b0 15429       3       org.gradle.api.internal.artifacts.configurations.Configurations::collectCapabilities (73 bytes)
Event: 20.712 Thread 0x000001fd7f9210b0 nmethod 15429 0x000001fd6d7e1390 code [0x000001fd6d7e15e0, 0x000001fd6d7e1f48]
Event: 20.712 Thread 0x000001fd7f9210b0 15432       3       org.gradle.api.internal.CompositeDomainObjectSet$DomainObjectCompositeCollection::containsCollection (41 bytes)
Event: 20.713 Thread 0x000001fd7f9210b0 nmethod 15432 0x000001fd6d7e2210 code [0x000001fd6d7e2400, 0x000001fd6d7e29a8]
Event: 20.713 Thread 0x000001fd7f9210b0 15430       3       org.gradle.api.internal.artifacts.configurations.DefaultConfigurationPublications_Decorated::getCapabilities (39 bytes)
Event: 20.713 Thread 0x000001fd7f9210b0 nmethod 15430 0x000001fd6d7e2b10 code [0x000001fd6d7e2d20, 0x000001fd6d7e3358]
Event: 20.713 Thread 0x000001fd7f9210b0 15431       3       org.gradle.api.internal.artifacts.configurations.DefaultConfigurationPublications::getCapabilities (21 bytes)
Event: 20.713 Thread 0x000001fd7f9210b0 nmethod 15431 0x000001fd6d7e3590 code [0x000001fd6d7e3740, 0x000001fd6d7e3948]
Event: 20.713 Thread 0x000001fd7f9210b0 15434       3       org.gradle.api.internal.artifacts.configurations.DefaultConfiguration::preventUsageMutation (6 bytes)
Event: 20.713 Thread 0x000001fd7f9210b0 nmethod 15434 0x000001fd6d7e3a10 code [0x000001fd6d7e3ba0, 0x000001fd6d7e3cb8]
Event: 20.713 Thread 0x000001fd7f9210b0 15433       1       org.gradle.internal.snapshot.impl.IsolatedEnumValueSnapshot::isolate (5 bytes)
Event: 20.714 Thread 0x000001fd7f9210b0 nmethod 15433 0x000001fd741d6f90 code [0x000001fd741d7120, 0x000001fd741d71f8]
Event: 20.714 Thread 0x000001fd7f9210b0 15435       3       org.gradle.api.internal.artifacts.configurations.DefaultUnlockedConfiguration_Decorated::getAllArtifacts (39 bytes)

GC Heap History (20 events):
Event: 12.237 GC heap after
{Heap after GC invocations=35 (full 0):
 garbage-first heap   total 178176K, used 85101K [0x0000000700000000, 0x0000000800000000)
  region size 2048K, 1 young (2048K), 1 survivors (2048K)
 Metaspace       used 71665K, committed 72512K, reserved 491520K
  class space    used 10144K, committed 10560K, reserved 425984K
}
Event: 12.533 GC heap before
{Heap before GC invocations=35 (full 0):
 garbage-first heap   total 178176K, used 140397K [0x0000000700000000, 0x0000000800000000)
  region size 2048K, 29 young (59392K), 1 survivors (2048K)
 Metaspace       used 72067K, committed 72960K, reserved 491520K
  class space    used 10212K, committed 10624K, reserved 425984K
}
Event: 12.538 GC heap after
{Heap after GC invocations=36 (full 0):
 garbage-first heap   total 356352K, used 96185K [0x0000000700000000, 0x0000000800000000)
  region size 2048K, 4 young (8192K), 4 survivors (8192K)
 Metaspace       used 72067K, committed 72960K, reserved 491520K
  class space    used 10212K, committed 10624K, reserved 425984K
}
Event: 14.133 GC heap before
{Heap before GC invocations=37 (full 0):
 garbage-first heap   total 342016K, used 280505K [0x0000000700000000, 0x0000000800000000)
  region size 2048K, 94 young (192512K), 4 survivors (8192K)
 Metaspace       used 85199K, committed 86144K, reserved 557056K
  class space    used 11766K, committed 12224K, reserved 425984K
}
Event: 14.140 GC heap after
{Heap after GC invocations=38 (full 0):
 garbage-first heap   total 342016K, used 110509K [0x0000000700000000, 0x0000000800000000)
  region size 2048K, 10 young (20480K), 10 survivors (20480K)
 Metaspace       used 85199K, committed 86144K, reserved 557056K
  class space    used 11766K, committed 12224K, reserved 425984K
}
Event: 14.154 GC heap before
{Heap before GC invocations=38 (full 0):
 garbage-first heap   total 342016K, used 112557K [0x0000000700000000, 0x0000000800000000)
  region size 2048K, 11 young (22528K), 10 survivors (20480K)
 Metaspace       used 85345K, committed 86208K, reserved 557056K
  class space    used 11789K, committed 12224K, reserved 425984K
}
Event: 14.160 GC heap after
{Heap after GC invocations=39 (full 0):
 garbage-first heap   total 342016K, used 109172K [0x0000000700000000, 0x0000000800000000)
  region size 2048K, 1 young (2048K), 1 survivors (2048K)
 Metaspace       used 85345K, committed 86208K, reserved 557056K
  class space    used 11789K, committed 12224K, reserved 425984K
}
Event: 15.580 GC heap before
{Heap before GC invocations=39 (full 0):
 garbage-first heap   total 342016K, used 270964K [0x0000000700000000, 0x0000000800000000)
  region size 2048K, 80 young (163840K), 1 survivors (2048K)
 Metaspace       used 93102K, committed 94016K, reserved 557056K
  class space    used 13032K, committed 13440K, reserved 425984K
}
Event: 15.585 GC heap after
{Heap after GC invocations=40 (full 0):
 garbage-first heap   total 342016K, used 115179K [0x0000000700000000, 0x0000000800000000)
  region size 2048K, 4 young (8192K), 4 survivors (8192K)
 Metaspace       used 93102K, committed 94016K, reserved 557056K
  class space    used 13032K, committed 13440K, reserved 425984K
}
Event: 17.326 GC heap before
{Heap before GC invocations=40 (full 0):
 garbage-first heap   total 342016K, used 272875K [0x0000000700000000, 0x0000000800000000)
  region size 2048K, 81 young (165888K), 4 survivors (8192K)
 Metaspace       used 101009K, committed 102080K, reserved 557056K
  class space    used 14077K, committed 14592K, reserved 425984K
}
Event: 17.338 GC heap after
{Heap after GC invocations=41 (full 0):
 garbage-first heap   total 342016K, used 130998K [0x0000000700000000, 0x0000000800000000)
  region size 2048K, 11 young (22528K), 11 survivors (22528K)
 Metaspace       used 101009K, committed 102080K, reserved 557056K
  class space    used 14077K, committed 14592K, reserved 425984K
}
Event: 17.605 GC heap before
{Heap before GC invocations=41 (full 0):
 garbage-first heap   total 342016K, used 270262K [0x0000000700000000, 0x0000000800000000)
  region size 2048K, 80 young (163840K), 11 survivors (22528K)
 Metaspace       used 101037K, committed 102144K, reserved 557056K
  class space    used 14077K, committed 14592K, reserved 425984K
}
Event: 17.616 GC heap after
{Heap after GC invocations=42 (full 0):
 garbage-first heap   total 342016K, used 135758K [0x0000000700000000, 0x0000000800000000)
  region size 2048K, 4 young (8192K), 4 survivors (8192K)
 Metaspace       used 101037K, committed 102144K, reserved 557056K
  class space    used 14077K, committed 14592K, reserved 425984K
}
Event: 18.328 GC heap before
{Heap before GC invocations=42 (full 0):
 garbage-first heap   total 342016K, used 275022K [0x0000000700000000, 0x0000000800000000)
  region size 2048K, 72 young (147456K), 4 survivors (8192K)
 Metaspace       used 101665K, committed 102720K, reserved 557056K
  class space    used 14149K, committed 14656K, reserved 425984K
}
Event: 18.336 GC heap after
{Heap after GC invocations=43 (full 0):
 garbage-first heap   total 342016K, used 152089K [0x0000000700000000, 0x0000000800000000)
  region size 2048K, 9 young (18432K), 9 survivors (18432K)
 Metaspace       used 101665K, committed 102720K, reserved 557056K
  class space    used 14149K, committed 14656K, reserved 425984K
}
Event: 19.089 GC heap before
{Heap before GC invocations=43 (full 0):
 garbage-first heap   total 342016K, used 270873K [0x0000000700000000, 0x0000000800000000)
  region size 2048K, 68 young (139264K), 9 survivors (18432K)
 Metaspace       used 102489K, committed 103744K, reserved 557056K
  class space    used 14239K, committed 14784K, reserved 425984K
}
Event: 19.101 GC heap after
{Heap after GC invocations=44 (full 0):
 garbage-first heap   total 342016K, used 168113K [0x0000000700000000, 0x0000000800000000)
  region size 2048K, 9 young (18432K), 9 survivors (18432K)
 Metaspace       used 102489K, committed 103744K, reserved 557056K
  class space    used 14239K, committed 14784K, reserved 425984K
}
Event: 19.556 GC heap before
{Heap before GC invocations=44 (full 0):
 garbage-first heap   total 342016K, used 270513K [0x0000000700000000, 0x0000000800000000)
  region size 2048K, 60 young (122880K), 9 survivors (18432K)
 Metaspace       used 103130K, committed 104512K, reserved 557056K
  class space    used 14357K, committed 14976K, reserved 425984K
}
Event: 19.566 GC heap after
{Heap after GC invocations=45 (full 0):
 garbage-first heap   total 342016K, used 174834K [0x0000000700000000, 0x0000000800000000)
  region size 2048K, 4 young (8192K), 4 survivors (8192K)
 Metaspace       used 103130K, committed 104512K, reserved 557056K
  class space    used 14357K, committed 14976K, reserved 425984K
}
Event: 20.714 GC heap before
{Heap before GC invocations=45 (full 0):
 garbage-first heap   total 342016K, used 279282K [0x0000000700000000, 0x0000000800000000)
  region size 2048K, 53 young (108544K), 4 survivors (8192K)
 Metaspace       used 108210K, committed 109632K, reserved 557056K
  class space    used 15075K, committed 15680K, reserved 425984K
}

Deoptimization events (20 events):
Event: 20.680 Thread 0x000001fd28b74060 Uncommon trap: trap_request=0xffffffde fr.pc=0x000001fd73faccbc relative=0x000000000000071c
Event: 20.680 Thread 0x000001fd28b74060 Uncommon trap: reason=class_check action=maybe_recompile pc=0x000001fd73faccbc method=kotlin.text.StringsKt__StringsKt.indexOf(Ljava/lang/CharSequence;Ljava/lang/String;IZ)I @ 18 c2
Event: 20.680 Thread 0x000001fd28b74060 DEOPT PACKING pc=0x000001fd73faccbc sp=0x0000008f38ff98c0
Event: 20.680 Thread 0x000001fd28b74060 DEOPT UNPACKING pc=0x000001fd733a23a3 sp=0x0000008f38ff9870 mode 2
Event: 20.680 Thread 0x000001fd28b74060 Uncommon trap: trap_request=0xffffffde fr.pc=0x000001fd73faccbc relative=0x000000000000071c
Event: 20.680 Thread 0x000001fd28b74060 Uncommon trap: reason=class_check action=maybe_recompile pc=0x000001fd73faccbc method=kotlin.text.StringsKt__StringsKt.indexOf(Ljava/lang/CharSequence;Ljava/lang/String;IZ)I @ 18 c2
Event: 20.680 Thread 0x000001fd28b74060 DEOPT PACKING pc=0x000001fd73faccbc sp=0x0000008f38ff98c0
Event: 20.680 Thread 0x000001fd28b74060 DEOPT UNPACKING pc=0x000001fd733a23a3 sp=0x0000008f38ff9870 mode 2
Event: 20.682 Thread 0x000001fd28b74060 Uncommon trap: trap_request=0xffffffde fr.pc=0x000001fd73faccbc relative=0x000000000000071c
Event: 20.682 Thread 0x000001fd28b74060 Uncommon trap: reason=class_check action=maybe_recompile pc=0x000001fd73faccbc method=kotlin.text.StringsKt__StringsKt.indexOf(Ljava/lang/CharSequence;Ljava/lang/String;IZ)I @ 18 c2
Event: 20.682 Thread 0x000001fd28b74060 DEOPT PACKING pc=0x000001fd73faccbc sp=0x0000008f38ff91a0
Event: 20.682 Thread 0x000001fd28b74060 DEOPT UNPACKING pc=0x000001fd733a23a3 sp=0x0000008f38ff9150 mode 2
Event: 20.682 Thread 0x000001fd28b74060 Uncommon trap: trap_request=0xffffffde fr.pc=0x000001fd73faccbc relative=0x000000000000071c
Event: 20.682 Thread 0x000001fd28b74060 Uncommon trap: reason=class_check action=maybe_recompile pc=0x000001fd73faccbc method=kotlin.text.StringsKt__StringsKt.indexOf(Ljava/lang/CharSequence;Ljava/lang/String;IZ)I @ 18 c2
Event: 20.682 Thread 0x000001fd28b74060 DEOPT PACKING pc=0x000001fd73faccbc sp=0x0000008f38ff8fe0
Event: 20.682 Thread 0x000001fd28b74060 DEOPT UNPACKING pc=0x000001fd733a23a3 sp=0x0000008f38ff8f90 mode 2
Event: 20.685 Thread 0x000001fd28b74060 Uncommon trap: trap_request=0xffffffde fr.pc=0x000001fd7402e468 relative=0x0000000000000c48
Event: 20.685 Thread 0x000001fd28b74060 Uncommon trap: reason=class_check action=maybe_recompile pc=0x000001fd7402e468 method=org.gradle.internal.ImmutableActionSet.add(Lorg/gradle/api/Action;)Lorg/gradle/internal/ImmutableActionSet; @ 62 c2
Event: 20.685 Thread 0x000001fd28b74060 DEOPT PACKING pc=0x000001fd7402e468 sp=0x0000008f38ff8d60
Event: 20.685 Thread 0x000001fd28b74060 DEOPT UNPACKING pc=0x000001fd733a23a3 sp=0x0000008f38ff8d60 mode 2

Classes unloaded (0 events):
No events

Classes redefined (0 events):
No events

Internal exceptions (20 events):
Event: 19.127 Thread 0x000001fd28b74060 Exception <a 'java/lang/ClassNotFoundException'{0x000000071583cd50}: org/gradle/internal/io/LinePerThreadBufferingOutputStreamCustomizer> (0x000000071583cd50) 
thrown [s\open\src\hotspot\share\classfile\systemDictionary.cpp, line 256]
Event: 19.147 Thread 0x000001fd28b74060 Exception <a 'java/lang/ClassNotFoundException'{0x0000000715946f50}: com/android/build/gradle/internal/api/DefaultAndroidSourceFileBeanInfo> (0x0000000715946f50) 
thrown [s\open\src\hotspot\share\classfile\systemDictionary.cpp, line 256]
Event: 19.148 Thread 0x000001fd28b74060 Exception <a 'java/lang/ClassNotFoundException'{0x0000000715958d00}: com/android/build/gradle/internal/api/DefaultAndroidSourceFileCustomizer> (0x0000000715958d00) 
thrown [s\open\src\hotspot\share\classfile\systemDictionary.cpp, line 256]
Event: 19.154 Thread 0x000001fd28b74060 Exception <a 'java/lang/ClassNotFoundException'{0x00000007159916c0}: build_6kyaa4tbgwm5rusr0b2scckhk$_run_closure4BeanInfo> (0x00000007159916c0) 
thrown [s\open\src\hotspot\share\classfile\systemDictionary.cpp, line 256]
Event: 19.154 Thread 0x000001fd28b74060 Exception <a 'java/lang/ClassNotFoundException'{0x000000071599e900}: build_6kyaa4tbgwm5rusr0b2scckhk$_run_closure4Customizer> (0x000000071599e900) 
thrown [s\open\src\hotspot\share\classfile\systemDictionary.cpp, line 256]
Event: 19.287 Thread 0x000001fd28b74060 Exception <a 'java/lang/ClassNotFoundException'{0x000000071439df90}: build_165oa18l2m6ijmkoxozga583mBeanInfo> (0x000000071439df90) 
thrown [s\open\src\hotspot\share\classfile\systemDictionary.cpp, line 256]
Event: 19.287 Thread 0x000001fd28b74060 Exception <a 'java/lang/ClassNotFoundException'{0x00000007143a5160}: build_165oa18l2m6ijmkoxozga583mCustomizer> (0x00000007143a5160) 
thrown [s\open\src\hotspot\share\classfile\systemDictionary.cpp, line 256]
Event: 19.610 Thread 0x000001fd28b74060 Exception <a 'java/lang/ClassNotFoundException'{0x0000000714064368}: build_165oa18l2m6ijmkoxozga583mBeanInfo> (0x0000000714064368) 
thrown [s\open\src\hotspot\share\classfile\systemDictionary.cpp, line 256]
Event: 19.611 Thread 0x000001fd28b74060 Exception <a 'java/lang/ClassNotFoundException'{0x000000071406b4a0}: build_165oa18l2m6ijmkoxozga583mCustomizer> (0x000000071406b4a0) 
thrown [s\open\src\hotspot\share\classfile\systemDictionary.cpp, line 256]
Event: 19.687 Thread 0x000001fd28b74060 Exception <a 'java/lang/ClassNotFoundException'{0x0000000713b328c8}: build_165oa18l2m6ijmkoxozga583m$_run_closure2BeanInfo> (0x0000000713b328c8) 
thrown [s\open\src\hotspot\share\classfile\systemDictionary.cpp, line 256]
Event: 19.688 Thread 0x000001fd28b74060 Exception <a 'java/lang/ClassNotFoundException'{0x0000000713b3fb10}: build_165oa18l2m6ijmkoxozga583m$_run_closure2Customizer> (0x0000000713b3fb10) 
thrown [s\open\src\hotspot\share\classfile\systemDictionary.cpp, line 256]
Event: 19.694 Thread 0x000001fd28b74060 Exception <a 'java/lang/ClassNotFoundException'{0x0000000713b84938}: build_165oa18l2m6ijmkoxozga583m$_run_closure2$_closure5BeanInfo> (0x0000000713b84938) 
thrown [s\open\src\hotspot\share\classfile\systemDictionary.cpp, line 256]
Event: 19.694 Thread 0x000001fd28b74060 Exception <a 'java/lang/ClassNotFoundException'{0x0000000713b92c88}: build_165oa18l2m6ijmkoxozga583m$_run_closure2$_closure5Customizer> (0x0000000713b92c88) 
thrown [s\open\src\hotspot\share\classfile\systemDictionary.cpp, line 256]
Event: 19.969 Thread 0x000001fd28b74060 Implicit null exception at 0x000001fd740ed27e to 0x000001fd740edd2c
Event: 20.110 Thread 0x000001fd28b74060 Exception <a 'sun/nio/fs/WindowsException'{0x0000000711933f98}> (0x0000000711933f98) 
thrown [s\open\src\hotspot\share\prims\jni.cpp, line 516]
Event: 20.111 Thread 0x000001fd28b74060 Exception <a 'sun/nio/fs/WindowsException'{0x00000007119355d8}> (0x00000007119355d8) 
thrown [s\open\src\hotspot\share\prims\jni.cpp, line 516]
Event: 20.111 Thread 0x000001fd28b74060 Exception <a 'sun/nio/fs/WindowsException'{0x0000000711936c68}> (0x0000000711936c68) 
thrown [s\open\src\hotspot\share\prims\jni.cpp, line 516]
Event: 20.111 Thread 0x000001fd28b74060 Exception <a 'sun/nio/fs/WindowsException'{0x00000007119382f8}> (0x00000007119382f8) 
thrown [s\open\src\hotspot\share\prims\jni.cpp, line 516]
Event: 20.263 Thread 0x000001fd28b74060 Exception <a 'java/lang/NullPointerException'{0x0000000710cf6498}> (0x0000000710cf6498) 
thrown [s\open\src\hotspot\share\interpreter\linkResolver.cpp, line 1433]
Event: 20.388 Thread 0x000001fd28b74060 Implicit null exception at 0x000001fd73a52031 to 0x000001fd73a5356c

VM Operations (20 events):
Event: 17.616 Executing VM operation: G1CollectForAllocation done
Event: 17.998 Executing VM operation: ICBufferFull
Event: 17.999 Executing VM operation: ICBufferFull done
Event: 18.328 Executing VM operation: G1CollectForAllocation
Event: 18.336 Executing VM operation: G1CollectForAllocation done
Event: 18.861 Executing VM operation: ICBufferFull
Event: 18.862 Executing VM operation: ICBufferFull done
Event: 19.089 Executing VM operation: G1CollectForAllocation
Event: 19.101 Executing VM operation: G1CollectForAllocation done
Event: 19.556 Executing VM operation: G1CollectForAllocation
Event: 19.567 Executing VM operation: G1CollectForAllocation done
Event: 19.839 Executing VM operation: ICBufferFull
Event: 19.839 Executing VM operation: ICBufferFull done
Event: 20.206 Executing VM operation: HandshakeAllThreads
Event: 20.206 Executing VM operation: HandshakeAllThreads done
Event: 20.206 Executing VM operation: HandshakeAllThreads
Event: 20.206 Executing VM operation: HandshakeAllThreads done
Event: 20.228 Executing VM operation: ICBufferFull
Event: 20.229 Executing VM operation: ICBufferFull done
Event: 20.714 Executing VM operation: G1CollectForAllocation

Events (20 events):
Event: 20.569 loading class com/sun/org/apache/xerces/internal/util/ErrorHandlerWrapper
Event: 20.569 loading class com/sun/org/apache/xerces/internal/xni/parser/XMLErrorHandler
Event: 20.569 loading class com/sun/org/apache/xerces/internal/xni/parser/XMLErrorHandler done
Event: 20.569 loading class com/sun/org/apache/xerces/internal/util/ErrorHandlerWrapper done
Event: 20.570 loading class com/sun/org/apache/xerces/internal/parsers/AbstractSAXParser$LocatorProxy
Event: 20.570 loading class org/xml/sax/ext/Locator2
Event: 20.570 loading class org/xml/sax/ext/Locator2 done
Event: 20.570 loading class com/sun/org/apache/xerces/internal/parsers/AbstractSAXParser$LocatorProxy done
Event: 20.571 loading class org/xml/sax/helpers/AttributesImpl
Event: 20.571 loading class org/xml/sax/helpers/AttributesImpl done
Event: 20.572 loading class java/util/regex/Pattern$Behind
Event: 20.572 loading class java/util/regex/Pattern$Behind done
Event: 20.572 loading class java/util/regex/Pattern$Neg
Event: 20.572 loading class java/util/regex/Pattern$Neg done
Event: 20.579 loading class javax/xml/datatype/DatatypeConfigurationException
Event: 20.579 loading class javax/xml/datatype/DatatypeConfigurationException done
Event: 20.580 loading class jdk/internal/reflect/UnsafeBooleanFieldAccessorImpl
Event: 20.580 loading class jdk/internal/reflect/UnsafeBooleanFieldAccessorImpl done
Event: 20.580 loading class jdk/internal/reflect/UnsafeIntegerFieldAccessorImpl
Event: 20.580 loading class jdk/internal/reflect/UnsafeIntegerFieldAccessorImpl done


Dynamic libraries:
0x00007ff731460000 - 0x00007ff731470000 	C:\Program Files\Java\jdk-17\bin\java.exe
0x00007ff8364d0000 - 0x00007ff8366e7000 	C:\Windows\SYSTEM32\ntdll.dll
0x00007ff834390000 - 0x00007ff834454000 	C:\Windows\System32\KERNEL32.DLL
0x00007ff833a40000 - 0x00007ff833e10000 	C:\Windows\System32\KERNELBASE.dll
0x00007ff833920000 - 0x00007ff833a31000 	C:\Windows\System32\ucrtbase.dll
0x00007ff82e7d0000 - 0x00007ff82e7e9000 	C:\Program Files\Java\jdk-17\bin\jli.dll
0x00007ff835f50000 - 0x00007ff836001000 	C:\Windows\System32\ADVAPI32.dll
0x00007ff8355f0000 - 0x00007ff835697000 	C:\Windows\System32\msvcrt.dll
0x00007ff82e7b0000 - 0x00007ff82e7cb000 	C:\Program Files\Java\jdk-17\bin\VCRUNTIME140.dll
0x00007ff835ea0000 - 0x00007ff835f47000 	C:\Windows\System32\sechost.dll
0x00007ff834190000 - 0x00007ff8341b8000 	C:\Windows\System32\bcrypt.dll
0x00007ff8345e0000 - 0x00007ff8346f4000 	C:\Windows\System32\RPCRT4.dll
0x00007ff835440000 - 0x00007ff8355ee000 	C:\Windows\System32\USER32.dll
0x00007ff833e10000 - 0x00007ff833e36000 	C:\Windows\System32\win32u.dll
0x00007ff82a9d0000 - 0x00007ff82ac62000 	C:\Windows\WinSxS\amd64_microsoft.windows.common-controls_6595b64144ccf1df_6.0.22621.4830_none_270fe7d773858e80\COMCTL32.dll
0x00007ff835a30000 - 0x00007ff835a59000 	C:\Windows\System32\GDI32.dll
0x00007ff833800000 - 0x00007ff83391b000 	C:\Windows\System32\gdi32full.dll
0x00007ff8340f0000 - 0x00007ff83418a000 	C:\Windows\System32\msvcp_win.dll
0x00007ff82a9c0000 - 0x00007ff82a9ca000 	C:\Windows\SYSTEM32\VERSION.dll
0x00007ff835110000 - 0x00007ff835141000 	C:\Windows\System32\IMM32.DLL
0x00007ff82e8c0000 - 0x00007ff82e8cc000 	C:\Program Files\Java\jdk-17\bin\vcruntime140_1.dll
0x00007ff827c40000 - 0x00007ff827cce000 	C:\Program Files\Java\jdk-17\bin\msvcp140.dll
0x00007fffef580000 - 0x00007ffff0161000 	C:\Program Files\Java\jdk-17\bin\server\jvm.dll
0x00007ff834460000 - 0x00007ff834468000 	C:\Windows\System32\PSAPI.DLL
0x00007ff82e5e0000 - 0x00007ff82e614000 	C:\Windows\SYSTEM32\WINMM.dll
0x00007ff82e660000 - 0x00007ff82e669000 	C:\Windows\SYSTEM32\WSOCK32.dll
0x00007ff835150000 - 0x00007ff8351c1000 	C:\Windows\System32\WS2_32.dll
0x00007ff832830000 - 0x00007ff832848000 	C:\Windows\SYSTEM32\kernel.appcore.dll
0x00007ff82e650000 - 0x00007ff82e65a000 	C:\Program Files\Java\jdk-17\bin\jimage.dll
0x00007ff8310b0000 - 0x00007ff8312e2000 	C:\Windows\SYSTEM32\DBGHELP.DLL
0x00007ff8356a0000 - 0x00007ff835a30000 	C:\Windows\System32\combase.dll
0x00007ff8352b0000 - 0x00007ff835387000 	C:\Windows\System32\OLEAUT32.dll
0x00007ff828080000 - 0x00007ff8280b2000 	C:\Windows\SYSTEM32\dbgcore.DLL
0x00007ff833780000 - 0x00007ff8337fb000 	C:\Windows\System32\bcryptPrimitives.dll
0x00007ff827ce0000 - 0x00007ff827cee000 	C:\Program Files\Java\jdk-17\bin\instrument.dll
0x00007ff82e0e0000 - 0x00007ff82e105000 	C:\Program Files\Java\jdk-17\bin\java.dll
0x00007ff822850000 - 0x00007ff822927000 	C:\Program Files\Java\jdk-17\bin\jsvml.dll
0x00007ff834780000 - 0x00007ff834ff8000 	C:\Windows\System32\SHELL32.dll
0x00007ff831690000 - 0x00007ff831fa0000 	C:\Windows\SYSTEM32\windows.storage.dll
0x00007ff831550000 - 0x00007ff83168f000 	C:\Windows\SYSTEM32\wintypes.dll
0x00007ff835bc0000 - 0x00007ff835cca000 	C:\Windows\System32\SHCORE.dll
0x00007ff834570000 - 0x00007ff8345ce000 	C:\Windows\System32\shlwapi.dll
0x00007ff8336b0000 - 0x00007ff8336db000 	C:\Windows\SYSTEM32\profapi.dll
0x00007ff8279e0000 - 0x00007ff8279f8000 	C:\Program Files\Java\jdk-17\bin\zip.dll
0x00007ff82c1e0000 - 0x00007ff82c1f9000 	C:\Program Files\Java\jdk-17\bin\net.dll
0x00007ff82fb20000 - 0x00007ff82fc4c000 	C:\Windows\SYSTEM32\WINHTTP.dll
0x00007ff832cb0000 - 0x00007ff832d1a000 	C:\Windows\system32\mswsock.dll
0x00007ff827a00000 - 0x00007ff827a16000 	C:\Program Files\Java\jdk-17\bin\nio.dll
0x00007ff82e640000 - 0x00007ff82e650000 	C:\Program Files\Java\jdk-17\bin\verify.dll
0x00007ff8279b0000 - 0x00007ff8279d7000 	C:\Users\Debasis\.gradle\native\c067742578af261105cb4f569cf0c3c89f3d7b1fecec35dd04571415982c5e48\windows-amd64\native-platform.dll
0x00007ff822700000 - 0x00007ff822844000 	C:\Users\Debasis\.gradle\native\100fb08df4bc3b14c8652ba06237920a3bd2aa13389f12d3474272988ae205f9\windows-amd64\native-platform-file-events.dll
0x00007ff82e210000 - 0x00007ff82e21a000 	C:\Program Files\Java\jdk-17\bin\management.dll
0x00007ff82e160000 - 0x00007ff82e16b000 	C:\Program Files\Java\jdk-17\bin\management_ext.dll
0x00007ff832f80000 - 0x00007ff832f9b000 	C:\Windows\SYSTEM32\CRYPTSP.dll
0x00007ff832720000 - 0x00007ff832755000 	C:\Windows\system32\rsaenh.dll
0x00007ff832dd0000 - 0x00007ff832df8000 	C:\Windows\SYSTEM32\USERENV.dll
0x00007ff832fa0000 - 0x00007ff832fac000 	C:\Windows\SYSTEM32\CRYPTBASE.dll
0x00007ff832240000 - 0x00007ff83226d000 	C:\Windows\SYSTEM32\IPHLPAPI.DLL
0x00007ff8351d0000 - 0x00007ff8351d9000 	C:\Windows\System32\NSI.dll
0x00007ff82f9b0000 - 0x00007ff82f9c9000 	C:\Windows\SYSTEM32\dhcpcsvc6.DLL
0x00007ff82f970000 - 0x00007ff82f98f000 	C:\Windows\SYSTEM32\dhcpcsvc.DLL
0x00007ff832270000 - 0x00007ff832372000 	C:\Windows\SYSTEM32\DNSAPI.dll
0x00007ff8278c0000 - 0x00007ff8278ce000 	C:\Program Files\Java\jdk-17\bin\sunmscapi.dll
0x00007ff833f00000 - 0x00007ff834066000 	C:\Windows\System32\CRYPT32.dll
0x00007ff833140000 - 0x00007ff83316d000 	C:\Windows\SYSTEM32\ncrypt.dll
0x00007ff833100000 - 0x00007ff833137000 	C:\Windows\SYSTEM32\NTASN1.dll
0x00007ff8232d0000 - 0x00007ff8232d8000 	C:\Windows\system32\wshunix.dll
0x00007ff800b60000 - 0x00007ff800b77000 	C:\Windows\system32\napinsp.dll
0x00007ff800210000 - 0x00007ff80022b000 	C:\Windows\system32\pnrpnsp.dll
0x00007ffffd070000 - 0x00007ffffd081000 	C:\Windows\System32\winrnr.dll
0x00007ff809ff0000 - 0x00007ff80a005000 	C:\Windows\system32\wshbth.dll
0x00007ff827b50000 - 0x00007ff827b77000 	C:\Windows\system32\nlansp_c.dll
0x00007ff82e630000 - 0x00007ff82e63a000 	C:\Windows\System32\rasadhlp.dll
0x00007ff82e830000 - 0x00007ff82e8b3000 	C:\Windows\System32\fwpuclnt.dll

dbghelp: loaded successfully - version: 4.0.5 - missing functions: none
symbol engine: initialized successfully - sym options: 0x614 - pdb path: .;C:\Program Files\Java\jdk-17\bin;C:\Windows\SYSTEM32;C:\Windows\WinSxS\amd64_microsoft.windows.common-controls_6595b64144ccf1df_6.0.22621.4830_none_270fe7d773858e80;C:\Program Files\Java\jdk-17\bin\server;C:\Users\Debasis\.gradle\native\c067742578af261105cb4f569cf0c3c89f3d7b1fecec35dd04571415982c5e48\windows-amd64;C:\Users\Debasis\.gradle\native\100fb08df4bc3b14c8652ba06237920a3bd2aa13389f12d3474272988ae205f9\windows-amd64

VM Arguments:
jvm_args: -XX:MaxMetaspaceSize=512m --add-opens=java.base/java.util=ALL-UNNAMED --add-opens=java.base/java.lang=ALL-UNNAMED --add-opens=java.base/java.lang.invoke=ALL-UNNAMED --add-opens=java.prefs/java.util.prefs=ALL-UNNAMED --add-exports=jdk.compiler/com.sun.tools.javac.api=ALL-UNNAMED --add-exports=jdk.compiler/com.sun.tools.javac.util=ALL-UNNAMED --add-opens=java.base/java.nio.charset=ALL-UNNAMED --add-opens=java.base/java.net=ALL-UNNAMED --add-opens=java.base/java.util.concurrent.atomic=ALL-UNNAMED -Xmx4096m -Dfile.encoding=windows-1252 -Duser.country=IN -Duser.language=en -Duser.variant -javaagent:C:\Users\Debasis\.gradle\wrapper\dists\gradle-8.10.2-all\7iv73wktx1xtkvlq19urqw1wm\gradle-8.10.2\lib\agents\gradle-instrumentation-agent-8.10.2.jar 
java_command: org.gradle.launcher.daemon.bootstrap.GradleDaemon 8.10.2
java_class_path (initial): C:\Users\Debasis\.gradle\wrapper\dists\gradle-8.10.2-all\7iv73wktx1xtkvlq19urqw1wm\gradle-8.10.2\lib\gradle-daemon-main-8.10.2.jar
Launcher Type: SUN_STANDARD

[Global flags]
     intx CICompilerCount                          = 4                                         {product} {ergonomic}
   size_t CompressedClassSpaceSize                 = 436207616                                 {product} {ergonomic}
     uint ConcGCThreads                            = 3                                         {product} {ergonomic}
     uint G1ConcRefinementThreads                  = 10                                        {product} {ergonomic}
   size_t G1HeapRegionSize                         = 2097152                                   {product} {ergonomic}
    uintx GCDrainStackTargetSize                   = 64                                        {product} {ergonomic}
   size_t InitialHeapSize                          = 257949696                                 {product} {ergonomic}
   size_t MarkStackSize                            = 4194304                                   {product} {ergonomic}
   size_t MaxHeapSize                              = 4294967296                                {product} {command line}
   size_t MaxMetaspaceSize                         = 536870912                                 {product} {command line}
   size_t MaxNewSize                               = 2575302656                                {product} {ergonomic}
   size_t MinHeapDeltaBytes                        = 2097152                                   {product} {ergonomic}
   size_t MinHeapSize                              = 8388608                                   {product} {ergonomic}
    uintx NonNMethodCodeHeapSize                   = 5839372                                {pd product} {ergonomic}
    uintx NonProfiledCodeHeapSize                  = 122909434                              {pd product} {ergonomic}
    uintx ProfiledCodeHeapSize                     = 122909434                              {pd product} {ergonomic}
    uintx ReservedCodeCacheSize                    = 251658240                              {pd product} {ergonomic}
     bool SegmentedCodeCache                       = true                                      {product} {ergonomic}
   size_t SoftMaxHeapSize                          = 4294967296                             {manageable} {ergonomic}
     bool UseCompressedClassPointers               = true                           {product lp64_product} {ergonomic}
     bool UseCompressedOops                        = true                           {product lp64_product} {ergonomic}
     bool UseG1GC                                  = true                                      {product} {ergonomic}
     bool UseLargePagesIndividualAllocation        = false                                  {pd product} {ergonomic}

Logging:
Log output configuration:
 #0: stdout all=warning uptime,level,tags
 #1: stderr all=off uptime,level,tags

Environment Variables:
JAVA_HOME=C:\Program Files\Java\jdk-17
CLASSPATH=C:\Users\Debasis\Desktop\hesham\faceflip\android\\gradle\wrapper\gradle-wrapper.jar
PATH=C:\Users\Debasis\Desktop\hesham\faceflip\node_modules\.bin;C:\Users\Debasis\Desktop\hesham\node_modules\.bin;C:\Users\Debasis\Desktop\node_modules\.bin;C:\Users\Debasis\node_modules\.bin;C:\Users\node_modules\.bin;C:\node_modules\.bin;C:\Users\deepa\AppData\Roaming\nvm\v20.11.1\node_modules\npm\node_modules\@npmcli\run-script\lib\node-gyp-bin;C:\Python313\Scripts\;C:\Python313\;C:\Program Files\Eclipse Adoptium\jdk-21.0.6.7-hotspot\bin;C:\Windows\system32;C:\Windows;C:\Windows\System32\Wbem;C:\Windows\System32\WindowsPowerShell\v1.0\;C:\Windows\System32\OpenSSH\;C:\Users\Debasis\AppData\Local\android\Sdk\platform-tools;C:\src\flutter\bin;C:\Program Files\Java\jdk-11\bin;C:\Users\deepa\AppData\Roaming\nvm;C:\Program Files\nodejs;C:\Program Files\Docker\Docker\resources\bin;C:\Program Files\PuTTY\;C:\Program Files\nodejs\;C:\ProgramData\chocolatey\bin;C:\Users\Debasis\AppData\Local\Microsoft\WindowsApps;C:\Users\Debasis\AppData\Local\Programs\Git\cmd;C:\Users\Debasis\AppData\Local\Programs\Microsoft VS Code\bin;C:\Users\Debasis\AppData\Local\android\Sdk;C:\Users\Debasis\AppData\Roaming\npm
USERNAME=Debasis
OS=Windows_NT
PROCESSOR_IDENTIFIER=AMD64 Family 23 Model 104 Stepping 1, AuthenticAMD



---------------  S Y S T E M  ---------------

OS:
 Windows 11 , 64 bit Build 22621 (10.0.22621.4830)
OS uptime: 0 days 16:41 hours
Hyper-V role detected

CPU: total 12 (initial active 12) (12 cores per cpu, 2 threads per core) family 23 model 104 stepping 1 microcode 0x0, cx8, cmov, fxsr, ht, mmx, 3dnowpref, sse, sse2, sse3, ssse3, sse4a, sse4.1, sse4.2, popcnt, lzcnt, tsc, tscinvbit, avx, avx2, aes, clmul, bmi1, bmi2, adx, sha, fma, vzeroupper, clflush, clflushopt, hv

Memory: 4k page, system-wide physical 15706M (3724M free)
TotalPageFile size 15706M (AvailPageFile size 16M)
current process WorkingSet (physical memory assigned to process): 671M, peak: 671M
current process commit charge ("private bytes"): 740M, peak: 1058M

vm_info: Java HotSpot(TM) 64-Bit Server VM (17.0.9+11-LTS-201) for windows-amd64 JRE (17.0.9+11-LTS-201), built on Oct 10 2023 23:16:06 by "mach5one" with MS VC++ 17.1 (VS2022)

END.
