#
# There is insufficient memory for the Java Runtime Environment to continue.
# Native memory allocation (malloc) failed to allocate 1232720 bytes for Chunk::new
# Possible reasons:
#   The system is out of physical RAM or swap space
#   The process is running with CompressedOops enabled, and the Java Heap may be blocking the growth of the native heap
# Possible solutions:
#   Reduce memory load on the system
#   Increase physical memory or swap space
#   Check if swap backing store is full
#   Decrease Java heap size (-Xmx/-Xms)
#   Decrease number of Java threads
#   Decrease Java thread stack sizes (-Xss)
#   Set larger code cache with -XX:ReservedCodeCacheSize=
#   JVM is running with Zero Based Compressed Oops mode in which the Java heap is
#     placed in the first 32GB address space. The Java Heap base address is the
#     maximum limit for the native heap growth. Please use -XX:HeapBaseMinAddress
#     to set the Java Heap base and to place the Java Heap above 32GB virtual address.
# This output file may be truncated or incomplete.
#
#  Out of Memory Error (arena.cpp:189), pid=8272, tid=7368
#
# JRE version: Java(TM) SE Runtime Environment (17.0.9+11) (build 17.0.9+11-LTS-201)
# Java VM: Java HotSpot(TM) 64-Bit Server VM (17.0.9+11-LTS-201, mixed mode, sharing, tiered, compressed oops, compressed class ptrs, g1 gc, windows-amd64)
# No core dump will be written. Minidumps are not enabled by default on client versions of Windows
#

---------------  S U M M A R Y ------------

Command Line: org.jetbrains.kotlin.cli.jvm.K2JVMCompiler @C:\Users\Debasis\Desktop\hesham\faceflip\node_modules\react-native-screens\android\build\20250310_4698640073109582385.compiler.options

Host: AMD Ryzen 5 5500U with Radeon Graphics         , 12 cores, 15G,  Windows 11 , 64 bit Build 26100 (10.0.26100.3037)
Time: Mon Mar 10 14:25:14 2025 India Standard Time elapsed time: 19.070632 seconds (0d 0h 0m 19s)

---------------  T H R E A D  ---------------

Current thread (0x000002a6e53be760):  JavaThread "C2 CompilerThread0" daemon [_thread_in_native, id=7368, stack(0x000000d3c4500000,0x000000d3c4600000)]


Current CompileTask:
C2:  19070 7944       4       org.jetbrains.kotlin.resolve.OverridingUtil::createAndBindFakeOverrides (119 bytes)

Stack: [0x000000d3c4500000,0x000000d3c4600000]
Native frames: (J=compiled Java code, j=interpreted, Vv=VM code, C=native code)
V  [jvm.dll+0x678a4a]
V  [jvm.dll+0x7d9cfd]
V  [jvm.dll+0x7db60e]
V  [jvm.dll+0x7dbc73]
V  [jvm.dll+0x245e1f]
V  [jvm.dll+0xaaafb]
V  [jvm.dll+0xab09c]
V  [jvm.dll+0x36237e]
V  [jvm.dll+0x1bbb3a]
V  [jvm.dll+0x218287]
V  [jvm.dll+0x217561]
V  [jvm.dll+0x1a3bc0]
V  [jvm.dll+0x2272de]
V  [jvm.dll+0x22548b]
V  [jvm.dll+0x78f58c]
V  [jvm.dll+0x78998a]
V  [jvm.dll+0x677875]
C  [ucrtbase.dll+0x37b0]
C  [KERNEL32.DLL+0x2e8d7]
C  [ntdll.dll+0xbbf2c]


---------------  P R O C E S S  ---------------

Threads class SMR info:
_java_thread_list=0x000002a72dbbeb60, length=14, elements={
0x000002a6c2741990, 0x000002a6e53a3160, 0x000002a6e53a4690, 0x000002a6e53b8c60,
0x000002a6e53bb630, 0x000002a6e53bbff0, 0x000002a6e53bc9b0, 0x000002a6e53be760,
0x000002a6e54d3230, 0x000002a6e54d5220, 0x000002a6e5612e20, 0x000002a6e5622100,
0x000002a72bfc3be0, 0x000002a72d7ec910
}

Java Threads: ( => current thread )
  0x000002a6c2741990 JavaThread "main" [_thread_in_Java, id=5148, stack(0x000000d3c3800000,0x000000d3c3900000)]
  0x000002a6e53a3160 JavaThread "Reference Handler" daemon [_thread_blocked, id=5152, stack(0x000000d3c3f00000,0x000000d3c4000000)]
  0x000002a6e53a4690 JavaThread "Finalizer" daemon [_thread_blocked, id=14964, stack(0x000000d3c4000000,0x000000d3c4100000)]
  0x000002a6e53b8c60 JavaThread "Signal Dispatcher" daemon [_thread_blocked, id=5028, stack(0x000000d3c4100000,0x000000d3c4200000)]
  0x000002a6e53bb630 JavaThread "Attach Listener" daemon [_thread_blocked, id=11996, stack(0x000000d3c4200000,0x000000d3c4300000)]
  0x000002a6e53bbff0 JavaThread "Service Thread" daemon [_thread_blocked, id=4028, stack(0x000000d3c4300000,0x000000d3c4400000)]
  0x000002a6e53bc9b0 JavaThread "Monitor Deflation Thread" daemon [_thread_blocked, id=2540, stack(0x000000d3c4400000,0x000000d3c4500000)]
=>0x000002a6e53be760 JavaThread "C2 CompilerThread0" daemon [_thread_in_native, id=7368, stack(0x000000d3c4500000,0x000000d3c4600000)]
  0x000002a6e54d3230 JavaThread "C1 CompilerThread0" daemon [_thread_blocked, id=3120, stack(0x000000d3c4600000,0x000000d3c4700000)]
  0x000002a6e54d5220 JavaThread "Sweeper thread" daemon [_thread_blocked, id=9000, stack(0x000000d3c4700000,0x000000d3c4800000)]
  0x000002a6e5612e20 JavaThread "Notification Thread" daemon [_thread_blocked, id=732, stack(0x000000d3c4800000,0x000000d3c4900000)]
  0x000002a6e5622100 JavaThread "Common-Cleaner" daemon [_thread_blocked, id=5576, stack(0x000000d3c4a00000,0x000000d3c4b00000)]
  0x000002a72bfc3be0 JavaThread "C2 CompilerThread1" daemon [_thread_in_native, id=14192, stack(0x000000d3c4b00000,0x000000d3c4c00000)]
  0x000002a72d7ec910 JavaThread "C2 CompilerThread2" daemon [_thread_in_native, id=12876, stack(0x000000d3c5700000,0x000000d3c5800000)]

Other Threads:
  0x000002a6e539c4a0 VMThread "VM Thread" [stack: 0x000000d3c3e00000,0x000000d3c3f00000] [id=16772]
  0x000002a6c27c2d60 WatcherThread [stack: 0x000000d3c4900000,0x000000d3c4a00000] [id=15632]
  0x000002a6c27ac630 GCTaskThread "GC Thread#0" [stack: 0x000000d3c3900000,0x000000d3c3a00000] [id=6912]
  0x000002a72b234030 GCTaskThread "GC Thread#1" [stack: 0x000000d3c4c00000,0x000000d3c4d00000] [id=15536]
  0x000002a72b2342f0 GCTaskThread "GC Thread#2" [stack: 0x000000d3c4d00000,0x000000d3c4e00000] [id=3196]
  0x000002a72b2345b0 GCTaskThread "GC Thread#3" [stack: 0x000000d3c4e00000,0x000000d3c4f00000] [id=12888]
  0x000002a72b234870 GCTaskThread "GC Thread#4" [stack: 0x000000d3c4f00000,0x000000d3c5000000] [id=14340]
  0x000002a72b2197f0 GCTaskThread "GC Thread#5" [stack: 0x000000d3c5000000,0x000000d3c5100000] [id=7884]
  0x000002a72c14ea80 GCTaskThread "GC Thread#6" [stack: 0x000000d3c5200000,0x000000d3c5300000] [id=1636]
  0x000002a72bb01730 GCTaskThread "GC Thread#7" [stack: 0x000000d3c5300000,0x000000d3c5400000] [id=4072]
  0x000002a72bb019f0 GCTaskThread "GC Thread#8" [stack: 0x000000d3c5400000,0x000000d3c5500000] [id=3932]
  0x000002a72bae9280 GCTaskThread "GC Thread#9" [stack: 0x000000d3c5100000,0x000000d3c5200000] [id=8752]
  0x000002a6c27bca00 ConcurrentGCThread "G1 Main Marker" [stack: 0x000000d3c3a00000,0x000000d3c3b00000] [id=9560]
  0x000002a6c27bd310 ConcurrentGCThread "G1 Conc#0" [stack: 0x000000d3c3b00000,0x000000d3c3c00000] [id=4292]
  0x000002a72bae8d00 ConcurrentGCThread "G1 Conc#1" [stack: 0x000000d3c5500000,0x000000d3c5600000] [id=12532]
  0x000002a72bae7f40 ConcurrentGCThread "G1 Conc#2" [stack: 0x000000d3c5600000,0x000000d3c5700000] [id=14972]
  0x000002a6e52530f0 ConcurrentGCThread "G1 Refine#0" [stack: 0x000000d3c3c00000,0x000000d3c3d00000] [id=7272]
  0x000002a72e9d28b0 ConcurrentGCThread "G1 Refine#1" [stack: 0x000000d3c5800000,0x000000d3c5900000] [id=1400]
  0x000002a6e5253a20 ConcurrentGCThread "G1 Service" [stack: 0x000000d3c3d00000,0x000000d3c3e00000] [id=16316]

Threads with active compile tasks:
C2 CompilerThread0    19093 7944       4       org.jetbrains.kotlin.resolve.OverridingUtil::createAndBindFakeOverrides (119 bytes)
C1 CompilerThread0    19093 8026       3       org.jetbrains.kotlin.types.TypeConstructorSubstitution::get (15 bytes)
C2 CompilerThread1    19093 7943       4       org.jetbrains.kotlin.resolve.OverridingUtil::generateOverridesInFunctionGroup (123 bytes)
C2 CompilerThread2    19093 8002       4       org.jetbrains.kotlin.resolve.OverridingUtil::computeVisibilityToInherit (105 bytes)

VM state: not at safepoint (normal execution)

VM Mutex/Monitor currently owned by a thread: None

Heap address: 0x000000070a800000, size: 3928 MB, Compressed Oops mode: Zero based, Oop shift amount: 3

CDS archive(s) mapped at: [0x000002a6e6000000-0x000002a6e6bd0000-0x000002a6e6bd0000), size 12386304, SharedBaseAddress: 0x000002a6e6000000, ArchiveRelocationMode: 1.
Compressed class space mapped at: 0x000002a6e7000000-0x000002a727000000, reserved size: 1073741824
Narrow klass base: 0x000002a6e6000000, Narrow klass shift: 0, Narrow klass range: 0x100000000

GC Precious Log:
 CPUs: 12 total, 12 available
 Memory: 15706M
 Large Page Support: Disabled
 NUMA Support: Disabled
 Compressed Oops: Enabled (Zero based)
 Heap Region Size: 2M
 Heap Min Capacity: 8M
 Heap Initial Capacity: 246M
 Heap Max Capacity: 3928M
 Pre-touch: Disabled
 Parallel Workers: 10
 Concurrent Workers: 3
 Concurrent Refinement Workers: 10
 Periodic GC: Disabled

Heap:
 garbage-first heap   total 116736K, used 81495K [0x000000070a800000, 0x0000000800000000)
  region size 2048K, 18 young (36864K), 3 survivors (6144K)
 Metaspace       used 47910K, committed 48192K, reserved 1114112K
  class space    used 5630K, committed 5760K, reserved 1048576K

Heap Regions: E=young(eden), S=young(survivor), O=old, HS=humongous(starts), HC=humongous(continues), CS=collection set, F=free, OA=open archive, CA=closed archive, TAMS=top-at-mark-start (previous, next)
|   0|0x000000070a800000, 0x000000070aa00000, 0x000000070aa00000|100%|HS|  |TAMS 0x000000070aa00000, 0x000000070a800000| Complete 
|   1|0x000000070aa00000, 0x000000070ac00000, 0x000000070ac00000|100%|HC|  |TAMS 0x000000070ac00000, 0x000000070aa00000| Complete 
|   2|0x000000070ac00000, 0x000000070ae00000, 0x000000070ae00000|100%| O|  |TAMS 0x000000070ae00000, 0x000000070ac00000| Untracked 
|   3|0x000000070ae00000, 0x000000070ae67800, 0x000000070b000000| 20%| O|  |TAMS 0x000000070ae67800, 0x000000070ae00000| Untracked 
|   4|0x000000070b000000, 0x000000070b200000, 0x000000070b200000|100%| O|  |TAMS 0x000000070b200000, 0x000000070b000000| Untracked 
|   5|0x000000070b200000, 0x000000070b400000, 0x000000070b400000|100%| O|  |TAMS 0x000000070b400000, 0x000000070b200000| Untracked 
|   6|0x000000070b400000, 0x000000070b600000, 0x000000070b600000|100%| O|  |TAMS 0x000000070b600000, 0x000000070b400000| Untracked 
|   7|0x000000070b600000, 0x000000070b800000, 0x000000070b800000|100%| O|  |TAMS 0x000000070b800000, 0x000000070b600000| Untracked 
|   8|0x000000070b800000, 0x000000070ba00000, 0x000000070ba00000|100%| O|  |TAMS 0x000000070ba00000, 0x000000070b800000| Untracked 
|   9|0x000000070ba00000, 0x000000070bc00000, 0x000000070bc00000|100%| O|  |TAMS 0x000000070bc00000, 0x000000070ba00000| Untracked 
|  10|0x000000070bc00000, 0x000000070be00000, 0x000000070be00000|100%|HS|  |TAMS 0x000000070be00000, 0x000000070bc00000| Complete 
|  11|0x000000070be00000, 0x000000070c000000, 0x000000070c000000|100%| O|  |TAMS 0x000000070be00000, 0x000000070be00000| Untracked 
|  12|0x000000070c000000, 0x000000070c200000, 0x000000070c200000|100%| O|  |TAMS 0x000000070c000000, 0x000000070c000000| Untracked 
|  13|0x000000070c200000, 0x000000070c400000, 0x000000070c400000|100%| O|  |TAMS 0x000000070c200000, 0x000000070c200000| Untracked 
|  14|0x000000070c400000, 0x000000070c600000, 0x000000070c600000|100%| O|  |TAMS 0x000000070c400000, 0x000000070c400000| Untracked 
|  15|0x000000070c600000, 0x000000070c800000, 0x000000070c800000|100%| O|  |TAMS 0x000000070c600000, 0x000000070c600000| Untracked 
|  16|0x000000070c800000, 0x000000070ca00000, 0x000000070ca00000|100%| O|  |TAMS 0x000000070c800000, 0x000000070c800000| Untracked 
|  17|0x000000070ca00000, 0x000000070cc00000, 0x000000070cc00000|100%| O|  |TAMS 0x000000070ca00000, 0x000000070ca00000| Untracked 
|  18|0x000000070cc00000, 0x000000070ce00000, 0x000000070ce00000|100%| O|  |TAMS 0x000000070cc00000, 0x000000070cc00000| Untracked 
|  19|0x000000070ce00000, 0x000000070d000000, 0x000000070d000000|100%| O|  |TAMS 0x000000070ce00000, 0x000000070ce00000| Untracked 
|  20|0x000000070d000000, 0x000000070d200000, 0x000000070d200000|100%| O|  |TAMS 0x000000070d000000, 0x000000070d000000| Untracked 
|  21|0x000000070d200000, 0x000000070d400000, 0x000000070d400000|100%| O|  |TAMS 0x000000070d200000, 0x000000070d200000| Untracked 
|  22|0x000000070d400000, 0x000000070d600000, 0x000000070d600000|100%| O|  |TAMS 0x000000070d400000, 0x000000070d400000| Untracked 
|  23|0x000000070d600000, 0x000000070d72e600, 0x000000070d800000| 59%| O|  |TAMS 0x000000070d600000, 0x000000070d600000| Untracked 
|  24|0x000000070d800000, 0x000000070d800000, 0x000000070da00000|  0%| F|  |TAMS 0x000000070d800000, 0x000000070d800000| Untracked 
|  25|0x000000070da00000, 0x000000070da00000, 0x000000070dc00000|  0%| F|  |TAMS 0x000000070da00000, 0x000000070da00000| Untracked 
|  26|0x000000070dc00000, 0x000000070dc00000, 0x000000070de00000|  0%| F|  |TAMS 0x000000070dc00000, 0x000000070dc00000| Untracked 
|  27|0x000000070de00000, 0x000000070de00000, 0x000000070e000000|  0%| F|  |TAMS 0x000000070de00000, 0x000000070de00000| Untracked 
|  28|0x000000070e000000, 0x000000070e000000, 0x000000070e200000|  0%| F|  |TAMS 0x000000070e000000, 0x000000070e000000| Untracked 
|  29|0x000000070e200000, 0x000000070e200000, 0x000000070e400000|  0%| F|  |TAMS 0x000000070e200000, 0x000000070e200000| Untracked 
|  30|0x000000070e400000, 0x000000070e400000, 0x000000070e600000|  0%| F|  |TAMS 0x000000070e400000, 0x000000070e400000| Untracked 
|  31|0x000000070e600000, 0x000000070e800000, 0x000000070e800000|100%| S|CS|TAMS 0x000000070e600000, 0x000000070e600000| Complete 
|  32|0x000000070e800000, 0x000000070e800000, 0x000000070ea00000|  0%| F|  |TAMS 0x000000070e800000, 0x000000070e800000| Untracked 
|  33|0x000000070ea00000, 0x000000070ea00000, 0x000000070ec00000|  0%| F|  |TAMS 0x000000070ea00000, 0x000000070ea00000| Untracked 
|  34|0x000000070ec00000, 0x000000070ec00000, 0x000000070ee00000|  0%| F|  |TAMS 0x000000070ec00000, 0x000000070ec00000| Untracked 
|  35|0x000000070ee00000, 0x000000070ee00000, 0x000000070f000000|  0%| F|  |TAMS 0x000000070ee00000, 0x000000070ee00000| Untracked 
|  36|0x000000070f000000, 0x000000070f200000, 0x000000070f200000|100%| S|CS|TAMS 0x000000070f000000, 0x000000070f000000| Complete 
|  37|0x000000070f200000, 0x000000070f400000, 0x000000070f400000|100%| S|CS|TAMS 0x000000070f200000, 0x000000070f200000| Complete 
|  38|0x000000070f400000, 0x000000070f400000, 0x000000070f600000|  0%| F|  |TAMS 0x000000070f400000, 0x000000070f400000| Untracked 
|  39|0x000000070f600000, 0x000000070f600000, 0x000000070f800000|  0%| F|  |TAMS 0x000000070f600000, 0x000000070f600000| Untracked 
|  40|0x000000070f800000, 0x000000070f800000, 0x000000070fa00000|  0%| F|  |TAMS 0x000000070f800000, 0x000000070f800000| Untracked 
|  41|0x000000070fa00000, 0x000000070fa00000, 0x000000070fc00000|  0%| F|  |TAMS 0x000000070fa00000, 0x000000070fa00000| Untracked 
|  42|0x000000070fc00000, 0x000000070fde8220, 0x000000070fe00000| 95%| E|  |TAMS 0x000000070fc00000, 0x000000070fc00000| Complete 
|  43|0x000000070fe00000, 0x0000000710000000, 0x0000000710000000|100%| E|CS|TAMS 0x000000070fe00000, 0x000000070fe00000| Complete 
|  44|0x0000000710000000, 0x0000000710200000, 0x0000000710200000|100%| E|CS|TAMS 0x0000000710000000, 0x0000000710000000| Complete 
|  45|0x0000000710200000, 0x0000000710400000, 0x0000000710400000|100%| E|CS|TAMS 0x0000000710200000, 0x0000000710200000| Complete 
|  46|0x0000000710400000, 0x0000000710600000, 0x0000000710600000|100%| E|CS|TAMS 0x0000000710400000, 0x0000000710400000| Complete 
|  47|0x0000000710600000, 0x0000000710800000, 0x0000000710800000|100%| E|CS|TAMS 0x0000000710600000, 0x0000000710600000| Complete 
|  48|0x0000000710800000, 0x0000000710a00000, 0x0000000710a00000|100%| E|CS|TAMS 0x0000000710800000, 0x0000000710800000| Complete 
|  49|0x0000000710a00000, 0x0000000710c00000, 0x0000000710c00000|100%| E|CS|TAMS 0x0000000710a00000, 0x0000000710a00000| Complete 
|  50|0x0000000710c00000, 0x0000000710e00000, 0x0000000710e00000|100%| E|CS|TAMS 0x0000000710c00000, 0x0000000710c00000| Complete 
|  57|0x0000000711a00000, 0x0000000711c00000, 0x0000000711c00000|100%| E|CS|TAMS 0x0000000711a00000, 0x0000000711a00000| Complete 
|  58|0x0000000711c00000, 0x0000000711e00000, 0x0000000711e00000|100%| E|CS|TAMS 0x0000000711c00000, 0x0000000711c00000| Complete 
|  59|0x0000000711e00000, 0x0000000712000000, 0x0000000712000000|100%| E|CS|TAMS 0x0000000711e00000, 0x0000000711e00000| Complete 
|  60|0x0000000712000000, 0x0000000712200000, 0x0000000712200000|100%| E|CS|TAMS 0x0000000712000000, 0x0000000712000000| Complete 
|  61|0x0000000712200000, 0x0000000712400000, 0x0000000712400000|100%| E|CS|TAMS 0x0000000712200000, 0x0000000712200000| Complete 
| 122|0x0000000719c00000, 0x0000000719e00000, 0x0000000719e00000|100%| E|CS|TAMS 0x0000000719c00000, 0x0000000719c00000| Complete 

Card table byte_map: [0x000002a6d9cf0000,0x000002a6da4a0000] _byte_map_base: 0x000002a6d649c000

Marking Bits (Prev, Next): (CMBitMap*) 0x000002a6c27acb50, (CMBitMap*) 0x000002a6c27acb90
 Prev Bits: [0x000002a6dac50000, 0x000002a6de9b0000)
 Next Bits: [0x000002a6de9b0000, 0x000002a6e2710000)

Polling page: 0x000002a6c06a0000

Metaspace:

Usage:
  Non-class:     41.31 MB used.
      Class:      5.50 MB used.
       Both:     46.81 MB used.

Virtual space:
  Non-class space:       64.00 MB reserved,      41.44 MB ( 65%) committed,  1 nodes.
      Class space:        1.00 GB reserved,       5.62 MB ( <1%) committed,  1 nodes.
             Both:        1.06 GB reserved,      47.06 MB (  4%) committed. 

Chunk freelists:
   Non-Class:  5.38 MB
       Class:  10.39 MB
        Both:  15.76 MB

MaxMetaspaceSize: unlimited
CompressedClassSpaceSize: 1.00 GB
Initial GC threshold: 21.00 MB
Current GC threshold: 59.50 MB
CDS: on
MetaspaceReclaimPolicy: balanced
 - commit_granule_bytes: 65536.
 - commit_granule_words: 8192.
 - virtual_space_node_default_size: 8388608.
 - enlarge_chunks_in_place: 1.
 - new_chunks_are_fully_committed: 0.
 - uncommit_free_chunks: 1.
 - use_allocation_guard: 0.
 - handle_deallocations: 1.


Internal statistics:

num_allocs_failed_limit: 6.
num_arena_births: 268.
num_arena_deaths: 0.
num_vsnodes_births: 2.
num_vsnodes_deaths: 0.
num_space_committed: 751.
num_space_uncommitted: 0.
num_chunks_returned_to_freelist: 6.
num_chunks_taken_from_freelist: 2038.
num_chunk_merges: 6.
num_chunk_splits: 1583.
num_chunks_enlarged: 1369.
num_inconsistent_stats: 0.

CodeHeap 'non-profiled nmethods': size=120000Kb used=4545Kb max_used=4545Kb free=115454Kb
 bounds [0x000002a6d1ab0000, 0x000002a6d1f30000, 0x000002a6d8fe0000]
CodeHeap 'profiled nmethods': size=120000Kb used=18434Kb max_used=18434Kb free=101565Kb
 bounds [0x000002a6c9fe0000, 0x000002a6cb1f0000, 0x000002a6d1510000]
CodeHeap 'non-nmethods': size=5760Kb used=1291Kb max_used=1371Kb free=4468Kb
 bounds [0x000002a6d1510000, 0x000002a6d1780000, 0x000002a6d1ab0000]
 total_blobs=7749 nmethods=7148 adapters=511
 compilation: enabled
              stopped_count=0, restarted_count=0
 full_count=0

Compilation events (20 events):
Event: 17.878 Thread 0x000002a6e54d3230 8013       3       org.jetbrains.kotlin.serialization.deserialization.descriptors.DeserializedSimpleFunctionDescriptor::<init> (106 bytes)
Event: 17.881 Thread 0x000002a6e54d3230 nmethod 8013 0x000002a6cb1d2210 code [0x000002a6cb1d27a0, 0x000002a6cb1d50c8]
Event: 17.881 Thread 0x000002a6e54d3230 8015       3       org.jetbrains.kotlin.types.checker.NewKotlinTypeCheckerImpl::equalTypes (34 bytes)
Event: 17.882 Thread 0x000002a6e54d3230 nmethod 8015 0x000002a6cb1d5f10 code [0x000002a6cb1d6220, 0x000002a6cb1d7188]
Event: 17.889 Thread 0x000002a6e54d3230 8016       3       org.jetbrains.kotlin.codegen.state.KotlinTypeMapper$typeMappingConfiguration$1::preprocessType (32 bytes)
Event: 17.890 Thread 0x000002a6e54d3230 nmethod 8016 0x000002a6cb1d7710 code [0x000002a6cb1d7940, 0x000002a6cb1d8168]
Event: 17.895 Thread 0x000002a72d7ec910 nmethod 8005 0x000002a6d1f17c90 code [0x000002a6d1f17e60, 0x000002a6d1f18898]
Event: 17.895 Thread 0x000002a72d7ec910 8003       4       org.jetbrains.kotlin.com.intellij.extapi.psi.StubBasedPsiElementBase::getStubOrPsiChildren (115 bytes)
Event: 17.896 Thread 0x000002a6e54d3230 8017       1       org.jetbrains.kotlin.serialization.deserialization.DeserializationComponents::getExtensionRegistryLite (5 bytes)
Event: 17.896 Thread 0x000002a6e54d3230 nmethod 8017 0x000002a6d1f18f10 code [0x000002a6d1f190a0, 0x000002a6d1f19178]
Event: 17.899 Thread 0x000002a6e54d3230 8018       3       org.jetbrains.org.objectweb.asm.Type::appendDescriptor (90 bytes)
Event: 17.899 Thread 0x000002a6e54d3230 nmethod 8018 0x000002a6cb1d8410 code [0x000002a6cb1d8620, 0x000002a6cb1d8b68]
Event: 17.900 Thread 0x000002a6e54d3230 8019       3       org.jetbrains.kotlin.serialization.deserialization.DeserializationContext::childContext (83 bytes)
Event: 17.903 Thread 0x000002a6e54d3230 nmethod 8019 0x000002a6cb1d8d90 code [0x000002a6cb1d92a0, 0x000002a6cb1db698]
Event: 17.903 Thread 0x000002a6e54d3230 8020       3       org.jetbrains.kotlin.metadata.deserialization.VersionSpecificBehaviorKt::isVersionRequirementTableWrittenCorrectly (11 bytes)
Event: 17.903 Thread 0x000002a6e54d3230 nmethod 8020 0x000002a6cb1dc390 code [0x000002a6cb1dc5a0, 0x000002a6cb1dcb48]
Event: 17.904 Thread 0x000002a6e54d3230 8021       3       org.jetbrains.kotlin.serialization.deserialization.ProtoEnumFlagsUtilsKt::descriptorVisibility (146 bytes)
Event: 17.905 Thread 0x000002a6e54d3230 nmethod 8021 0x000002a6cb1dcd90 code [0x000002a6cb1dd040, 0x000002a6cb1dda08]
Event: 17.935 Thread 0x000002a72d7ec910 nmethod 8003 0x000002a6d1f19210 code [0x000002a6d1f194a0, 0x000002a6d1f1a560]
Event: 17.935 Thread 0x000002a72d7ec910 8004       4       org.jetbrains.kotlin.resolve.OverridingUtil::resolveUnknownVisibilityForMember (248 bytes)

GC Heap History (20 events):
Event: 1.333 GC heap before
{Heap before GC invocations=0 (full 0):
 garbage-first heap   total 251904K, used 24576K [0x000000070a800000, 0x0000000800000000)
  region size 2048K, 11 young (22528K), 0 survivors (0K)
 Metaspace       used 6570K, committed 6720K, reserved 1114112K
  class space    used 682K, committed 768K, reserved 1048576K
}
Event: 1.372 GC heap after
{Heap after GC invocations=1 (full 0):
 garbage-first heap   total 251904K, used 6792K [0x000000070a800000, 0x0000000800000000)
  region size 2048K, 2 young (4096K), 2 survivors (4096K)
 Metaspace       used 6570K, committed 6720K, reserved 1114112K
  class space    used 682K, committed 768K, reserved 1048576K
}
Event: 3.168 GC heap before
{Heap before GC invocations=1 (full 0):
 garbage-first heap   total 251904K, used 45704K [0x000000070a800000, 0x0000000800000000)
  region size 2048K, 20 young (40960K), 2 survivors (4096K)
 Metaspace       used 15374K, committed 15616K, reserved 1114112K
  class space    used 2013K, committed 2112K, reserved 1048576K
}
Event: 3.176 GC heap after
{Heap after GC invocations=2 (full 0):
 garbage-first heap   total 251904K, used 12800K [0x000000070a800000, 0x0000000800000000)
  region size 2048K, 3 young (6144K), 3 survivors (6144K)
 Metaspace       used 15374K, committed 15616K, reserved 1114112K
  class space    used 2013K, committed 2112K, reserved 1048576K
}
Event: 4.468 GC heap before
{Heap before GC invocations=2 (full 0):
 garbage-first heap   total 251904K, used 41472K [0x000000070a800000, 0x0000000800000000)
  region size 2048K, 18 young (36864K), 3 survivors (6144K)
 Metaspace       used 21364K, committed 21504K, reserved 1114112K
  class space    used 2872K, committed 2944K, reserved 1048576K
}
Event: 4.477 GC heap after
{Heap after GC invocations=3 (full 0):
 garbage-first heap   total 251904K, used 14848K [0x000000070a800000, 0x0000000800000000)
  region size 2048K, 5 young (10240K), 5 survivors (10240K)
 Metaspace       used 21364K, committed 21504K, reserved 1114112K
  class space    used 2872K, committed 2944K, reserved 1048576K
}
Event: 5.312 GC heap before
{Heap before GC invocations=4 (full 0):
 garbage-first heap   total 61440K, used 41472K [0x000000070a800000, 0x0000000800000000)
  region size 2048K, 18 young (36864K), 5 survivors (10240K)
 Metaspace       used 26224K, committed 26368K, reserved 1114112K
  class space    used 3321K, committed 3392K, reserved 1048576K
}
Event: 5.328 GC heap after
{Heap after GC invocations=5 (full 0):
 garbage-first heap   total 61440K, used 18209K [0x000000070a800000, 0x0000000800000000)
  region size 2048K, 2 young (4096K), 2 survivors (4096K)
 Metaspace       used 26224K, committed 26368K, reserved 1114112K
  class space    used 3321K, committed 3392K, reserved 1048576K
}
Event: 5.400 GC heap before
{Heap before GC invocations=5 (full 0):
 garbage-first heap   total 61440K, used 20257K [0x000000070a800000, 0x0000000800000000)
  region size 2048K, 3 young (6144K), 2 survivors (4096K)
 Metaspace       used 26513K, committed 26688K, reserved 1114112K
  class space    used 3355K, committed 3456K, reserved 1048576K
}
Event: 5.407 GC heap after
{Heap after GC invocations=6 (full 0):
 garbage-first heap   total 61440K, used 19096K [0x000000070a800000, 0x0000000800000000)
  region size 2048K, 1 young (2048K), 1 survivors (2048K)
 Metaspace       used 26513K, committed 26688K, reserved 1114112K
  class space    used 3355K, committed 3456K, reserved 1048576K
}
Event: 6.498 GC heap before
{Heap before GC invocations=6 (full 0):
 garbage-first heap   total 61440K, used 43672K [0x000000070a800000, 0x0000000800000000)
  region size 2048K, 13 young (26624K), 1 survivors (2048K)
 Metaspace       used 31320K, committed 31552K, reserved 1114112K
  class space    used 3884K, committed 3968K, reserved 1048576K
}
Event: 6.512 GC heap after
{Heap after GC invocations=7 (full 0):
 garbage-first heap   total 157696K, used 22942K [0x000000070a800000, 0x0000000800000000)
  region size 2048K, 2 young (4096K), 2 survivors (4096K)
 Metaspace       used 31320K, committed 31552K, reserved 1114112K
  class space    used 3884K, committed 3968K, reserved 1048576K
}
Event: 7.948 GC heap before
{Heap before GC invocations=7 (full 0):
 garbage-first heap   total 157696K, used 53662K [0x000000070a800000, 0x0000000800000000)
  region size 2048K, 17 young (34816K), 2 survivors (4096K)
 Metaspace       used 36198K, committed 36416K, reserved 1114112K
  class space    used 4402K, committed 4544K, reserved 1048576K
}
Event: 7.963 GC heap after
{Heap after GC invocations=8 (full 0):
 garbage-first heap   total 157696K, used 30748K [0x000000070a800000, 0x0000000800000000)
  region size 2048K, 5 young (10240K), 5 survivors (10240K)
 Metaspace       used 36198K, committed 36416K, reserved 1114112K
  class space    used 4402K, committed 4544K, reserved 1048576K
}
Event: 11.464 GC heap before
{Heap before GC invocations=9 (full 0):
 garbage-first heap   total 116736K, used 90140K [0x000000070a800000, 0x0000000800000000)
  region size 2048K, 34 young (69632K), 5 survivors (10240K)
 Metaspace       used 42870K, committed 43136K, reserved 1114112K
  class space    used 5222K, committed 5376K, reserved 1048576K
}
Event: 11.491 GC heap after
{Heap after GC invocations=10 (full 0):
 garbage-first heap   total 116736K, used 36567K [0x000000070a800000, 0x0000000800000000)
  region size 2048K, 4 young (8192K), 4 survivors (8192K)
 Metaspace       used 42870K, committed 43136K, reserved 1114112K
  class space    used 5222K, committed 5376K, reserved 1048576K
}
Event: 14.762 GC heap before
{Heap before GC invocations=10 (full 0):
 garbage-first heap   total 116736K, used 79575K [0x000000070a800000, 0x0000000800000000)
  region size 2048K, 25 young (51200K), 4 survivors (8192K)
 Metaspace       used 46518K, committed 46784K, reserved 1114112K
  class space    used 5489K, committed 5632K, reserved 1048576K
}
Event: 14.796 GC heap after
{Heap after GC invocations=11 (full 0):
 garbage-first heap   total 116736K, used 45381K [0x000000070a800000, 0x0000000800000000)
  region size 2048K, 4 young (8192K), 4 survivors (8192K)
 Metaspace       used 46518K, committed 46784K, reserved 1114112K
  class space    used 5489K, committed 5632K, reserved 1048576K
}
Event: 16.540 GC heap before
{Heap before GC invocations=11 (full 0):
 garbage-first heap   total 116736K, used 84293K [0x000000070a800000, 0x0000000800000000)
  region size 2048K, 23 young (47104K), 4 survivors (8192K)
 Metaspace       used 47326K, committed 47616K, reserved 1114112K
  class space    used 5547K, committed 5696K, reserved 1048576K
}
Event: 16.578 GC heap after
{Heap after GC invocations=12 (full 0):
 garbage-first heap   total 116736K, used 52823K [0x000000070a800000, 0x0000000800000000)
  region size 2048K, 3 young (6144K), 3 survivors (6144K)
 Metaspace       used 47326K, committed 47616K, reserved 1114112K
  class space    used 5547K, committed 5696K, reserved 1048576K
}

Deoptimization events (20 events):
Event: 17.841 Thread 0x000002a6c2741990 Uncommon trap: trap_request=0xffffffc6 fr.pc=0x000002a6d1e86124 relative=0x0000000000000084
Event: 17.841 Thread 0x000002a6c2741990 Uncommon trap: reason=bimorphic_or_optimized_type_check action=maybe_recompile pc=0x000002a6d1e86124 method=org.jetbrains.kotlin.types.TypeConstructorSubstitution$Companion$createByConstructorsMap$1.isEmpty()Z @ 4 c2
Event: 17.841 Thread 0x000002a6c2741990 DEOPT PACKING pc=0x000002a6d1e86124 sp=0x000000d3c38fced0
Event: 17.841 Thread 0x000002a6c2741990 DEOPT UNPACKING pc=0x000002a6d15623a3 sp=0x000000d3c38fce58 mode 2
Event: 17.843 Thread 0x000002a6c2741990 Uncommon trap: trap_request=0xffffff45 fr.pc=0x000002a6d1efb4d8 relative=0x00000000000001f8
Event: 17.843 Thread 0x000002a6c2741990 Uncommon trap: reason=unstable_if action=reinterpret pc=0x000002a6d1efb4d8 method=org.jetbrains.kotlin.load.java.lazy.descriptors.LazyJavaClassMemberScope.computeSupertypes()Ljava/util/Collection; @ 4 c2
Event: 17.843 Thread 0x000002a6c2741990 DEOPT PACKING pc=0x000002a6d1efb4d8 sp=0x000000d3c38fd120
Event: 17.843 Thread 0x000002a6c2741990 DEOPT UNPACKING pc=0x000002a6d15623a3 sp=0x000000d3c38fd0c8 mode 2
Event: 17.864 Thread 0x000002a6c2741990 Uncommon trap: trap_request=0xffffffc6 fr.pc=0x000002a6d1e86124 relative=0x0000000000000084
Event: 17.865 Thread 0x000002a6c2741990 Uncommon trap: reason=bimorphic_or_optimized_type_check action=maybe_recompile pc=0x000002a6d1e86124 method=org.jetbrains.kotlin.types.TypeConstructorSubstitution$Companion$createByConstructorsMap$1.isEmpty()Z @ 4 c2
Event: 17.865 Thread 0x000002a6c2741990 DEOPT PACKING pc=0x000002a6d1e86124 sp=0x000000d3c38fc820
Event: 17.865 Thread 0x000002a6c2741990 DEOPT UNPACKING pc=0x000002a6d15623a3 sp=0x000000d3c38fc7a8 mode 2
Event: 17.865 Thread 0x000002a6c2741990 Uncommon trap: trap_request=0xffffff45 fr.pc=0x000002a6d1b71974 relative=0x0000000000000d94
Event: 17.865 Thread 0x000002a6c2741990 Uncommon trap: reason=unstable_if action=reinterpret pc=0x000002a6d1b71974 method=org.jetbrains.kotlin.util.Checks.isApplicable(Lorg/jetbrains/kotlin/descriptors/FunctionDescriptor;)Z @ 26 c2
Event: 17.865 Thread 0x000002a6c2741990 DEOPT PACKING pc=0x000002a6d1b71974 sp=0x000000d3c38fc290
Event: 17.865 Thread 0x000002a6c2741990 DEOPT UNPACKING pc=0x000002a6d15623a3 sp=0x000000d3c38fc238 mode 2
Event: 17.865 Thread 0x000002a6c2741990 Uncommon trap: trap_request=0xffffff45 fr.pc=0x000002a6d1ec93d0 relative=0x0000000000000210
Event: 17.865 Thread 0x000002a6c2741990 Uncommon trap: reason=unstable_if action=reinterpret pc=0x000002a6d1ec93d0 method=org.jetbrains.kotlin.util.AbstractModifierChecks.check(Lorg/jetbrains/kotlin/descriptors/FunctionDescriptor;)Lorg/jetbrains/kotlin/util/CheckResult; @ 40 c2
Event: 17.865 Thread 0x000002a6c2741990 DEOPT PACKING pc=0x000002a6d1ec93d0 sp=0x000000d3c38fc2e0
Event: 17.865 Thread 0x000002a6c2741990 DEOPT UNPACKING pc=0x000002a6d15623a3 sp=0x000000d3c38fc148 mode 2

Classes unloaded (0 events):
No events

Classes redefined (0 events):
No events

Internal exceptions (20 events):
Event: 8.205 Thread 0x000002a6c2741990 Exception <a 'java/lang/NoSuchMethodError'{0x0000000710a30f70}: 'java.lang.Object java.lang.invoke.DirectMethodHandle$Holder.invokeStatic(java.lang.Object, java.lang.Object, java.lang.Object, java.lang.Object, int)'> (0x0000000710a30f70) 
thrown [s\open\src\hotspot\share\interpreter\linkResolver.cpp, line 759]
Event: 8.206 Thread 0x000002a6c2741990 Exception <a 'java/lang/NoSuchMethodError'{0x0000000710a3ac58}: 'java.lang.Object java.lang.invoke.DirectMethodHandle$Holder.newInvokeSpecial(java.lang.Object, java.lang.Object, java.lang.Object, java.lang.Object, int)'> (0x0000000710a3ac58) 
thrown [s\open\src\hotspot\share\interpreter\linkResolver.cpp, line 759]
Event: 8.207 Thread 0x000002a6c2741990 Exception <a 'java/lang/NoSuchMethodError'{0x0000000710a3f788}: 'java.lang.Object java.lang.invoke.DirectMethodHandle$Holder.invokeSpecial(java.lang.Object, java.lang.Object, java.lang.Object, java.lang.Object, java.lang.Object, int)'> (0x0000000710a3f788) 
thrown [s\open\src\hotspot\share\interpreter\linkResolver.cpp, line 759]
Event: 8.208 Thread 0x000002a6c2741990 Exception <a 'java/lang/NoSuchMethodError'{0x0000000710a43c68}: 'java.lang.Object java.lang.invoke.Invokers$Holder.linkToTargetMethod(java.lang.Object, java.lang.Object, java.lang.Object, int, java.lang.Object)'> (0x0000000710a43c68) 
thrown [s\open\src\hotspot\share\interpreter\linkResolver.cpp, line 759]
Event: 9.924 Thread 0x000002a6c2741990 Exception <a 'java/lang/NoSuchMethodError'{0x000000070f876ac8}: 'java.lang.Object java.lang.invoke.DirectMethodHandle$Holder.newInvokeSpecial(java.lang.Object, java.lang.Object, java.lang.Object, java.lang.Object, java.lang.Object, java.lang.Object, java.lang.Object, java.lang.Object)'> (0x000000070f876ac8) 
thrown [s\open\src\hotspot\share\interpreter\linkResolver.cpp, line 759]
Event: 9.926 Thread 0x000002a6c2741990 Exception <a 'java/lang/NoSuchMethodError'{0x000000070f87c0e0}: 'java.lang.Object java.lang.invoke.DirectMethodHandle$Holder.invokeSpecial(java.lang.Object, java.lang.Object, java.lang.Object, java.lang.Object, java.lang.Object, java.lang.Object, java.lang.Object, java.lang.Object, java.lang.Object)'> (0x000000070f87c0e0) 
thrown [s\open\src\hotspot\share\interpreter\linkResolver.cpp, line 759]
Event: 9.926 Thread 0x000002a6c2741990 Exception <a 'java/lang/NoSuchMethodError'{0x000000070f881010}: 'java.lang.Object java.lang.invoke.Invokers$Holder.linkToTargetMethod(java.lang.Object, java.lang.Object, java.lang.Object, java.lang.Object, java.lang.Object, java.lang.Object, java.lang.Object, java.lang.Object)'> (0x000000070f881010) 
thrown [s\open\src\hotspot\share\interpreter\linkResolver.cpp, line 759]
Event: 11.632 Thread 0x000002a6c2741990 Exception <a 'java/lang/NoSuchMethodError'{0x0000000719de29b0}: 'java.lang.Object java.lang.invoke.DirectMethodHandle$Holder.newInvokeSpecial(java.lang.Object, int, java.lang.Object)'> (0x0000000719de29b0) 
thrown [s\open\src\hotspot\share\interpreter\linkResolver.cpp, line 759]
Event: 11.634 Thread 0x000002a6c2741990 Exception <a 'java/lang/NoSuchMethodError'{0x0000000719de8d28}: 'int java.lang.invoke.DirectMethodHandle$Holder.invokeInterface(java.lang.Object, java.lang.Object)'> (0x0000000719de8d28) 
thrown [s\open\src\hotspot\share\interpreter\linkResolver.cpp, line 759]
Event: 12.519 Thread 0x000002a6c2741990 Exception <a 'java/lang/NoSuchMethodError'{0x0000000710a80120}: 'void java.lang.invoke.DirectMethodHandle$Holder.invokeInterface(java.lang.Object, java.lang.Object)'> (0x0000000710a80120) 
thrown [s\open\src\hotspot\share\interpreter\linkResolver.cpp, line 759]
Event: 13.424 Thread 0x000002a6c2741990 Exception <a 'java/lang/NoSuchMethodError'{0x00000007105d59b8}: 'java.lang.Object java.lang.invoke.DirectMethodHandle$Holder.newInvokeSpecial(java.lang.Object, java.lang.Object, java.lang.Object, java.lang.Object, java.lang.Object, java.lang.Object)'> (0x00000007105d59b8) 
thrown [s\open\src\hotspot\share\interpreter\linkResolver.cpp, line 759]
Event: 13.452 Thread 0x000002a6c2741990 Implicit null exception at 0x000002a6d1b653ac to 0x000002a6d1b65628
Event: 14.015 Thread 0x000002a6c2741990 Exception <a 'java/lang/IncompatibleClassChangeError'{0x000000070fca3308}: Found class java.lang.Object, but interface was expected> (0x000000070fca3308) 
thrown [s\open\src\hotspot\share\interpreter\linkResolver.cpp, line 826]
Event: 14.835 Thread 0x000002a6c2741990 Implicit null exception at 0x000002a6d1c82258 to 0x000002a6d1c82b30
Event: 14.922 Thread 0x000002a6c2741990 Implicit null exception at 0x000002a6d1ddd25c to 0x000002a6d1dde1c4
Event: 14.967 Thread 0x000002a6c2741990 Exception <a 'java/lang/NoSuchMethodError'{0x0000000712144b40}: 'java.lang.Object java.lang.invoke.DirectMethodHandle$Holder.invokeSpecial(java.lang.Object, java.lang.Object, java.lang.Object, java.lang.Object, java.lang.Object, java.lang.Object, int)'> (0x0000000712144b40) 
thrown [s\open\src\hotspot\share\interpreter\linkResolver.cpp, line 759]
Event: 17.697 Thread 0x000002a6c2741990 Exception <a 'java/lang/NoSuchMethodError'{0x0000000710056f28}: 'java.lang.Object java.lang.invoke.DirectMethodHandle$Holder.newInvokeSpecial(java.lang.Object, int, java.lang.Object, java.lang.Object)'> (0x0000000710056f28) 
thrown [s\open\src\hotspot\share\interpreter\linkResolver.cpp, line 759]
Event: 17.698 Thread 0x000002a6c2741990 Exception <a 'java/lang/NoSuchMethodError'{0x000000071005b678}: 'java.lang.Object java.lang.invoke.DirectMethodHandle$Holder.invokeSpecial(java.lang.Object, java.lang.Object, int, java.lang.Object, java.lang.Object)'> (0x000000071005b678) 
thrown [s\open\src\hotspot\share\interpreter\linkResolver.cpp, line 759]
Event: 17.700 Thread 0x000002a6c2741990 Implicit null exception at 0x000002a6d1e5d353 to 0x000002a6d1e5d3fa
Event: 18.009 Thread 0x000002a6c2741990 Exception <a 'java/lang/NoSuchMethodError'{0x000000070fd256c0}: 'java.lang.Object java.lang.invoke.DirectMethodHandle$Holder.invokeStatic(java.lang.Object, int, java.lang.Object)'> (0x000000070fd256c0) 
thrown [s\open\src\hotspot\share\interpreter\linkResolver.cpp, line 759]

VM Operations (20 events):
Event: 15.011 Executing VM operation: HandshakeAllThreads done
Event: 15.226 Executing VM operation: ICBufferFull
Event: 15.227 Executing VM operation: ICBufferFull done
Event: 15.480 Executing VM operation: ICBufferFull
Event: 15.480 Executing VM operation: ICBufferFull done
Event: 16.122 Executing VM operation: ICBufferFull
Event: 16.123 Executing VM operation: ICBufferFull done
Event: 16.539 Executing VM operation: G1CollectForAllocation
Event: 16.578 Executing VM operation: G1CollectForAllocation done
Event: 17.252 Executing VM operation: ICBufferFull
Event: 17.252 Executing VM operation: ICBufferFull done
Event: 17.587 Executing VM operation: ICBufferFull
Event: 17.588 Executing VM operation: ICBufferFull done
Event: 17.758 Executing VM operation: HandshakeAllThreads
Event: 17.758 Executing VM operation: HandshakeAllThreads done
Event: 17.760 Executing VM operation: HandshakeAllThreads
Event: 17.760 Executing VM operation: HandshakeAllThreads done
Event: 17.871 Executing VM operation: HandshakeAllThreads
Event: 17.872 Executing VM operation: HandshakeAllThreads done
Event: 18.880 Executing VM operation: Cleanup

Events (20 events):
Event: 12.556 loading class jdk/internal/math/FDBigInteger done
Event: 12.590 Thread 0x000002a72d7ec910 Thread added: 0x000002a72d7ec910
Event: 12.617 loading class java/util/RegularEnumSet$EnumSetIterator
Event: 12.617 loading class java/util/RegularEnumSet$EnumSetIterator done
Event: 15.016 Thread 0x000002a6e54d5220 flushing nmethod 0x000002a6ca18b290
Event: 15.018 Thread 0x000002a6e54d5220 flushing nmethod 0x000002a6ca25e810
Event: 15.018 Thread 0x000002a6e54d5220 flushing nmethod 0x000002a6ca25ef90
Event: 15.018 Thread 0x000002a6e54d5220 flushing nmethod 0x000002a6ca25f310
Event: 15.018 Thread 0x000002a6e54d5220 flushing nmethod 0x000002a6ca299c90
Event: 15.021 Thread 0x000002a6e54d5220 flushing nmethod 0x000002a6ca527890
Event: 15.023 Thread 0x000002a6e54d5220 flushing nmethod 0x000002a6ca60d310
Event: 15.023 Thread 0x000002a6e54d5220 flushing nmethod 0x000002a6ca60dd10
Event: 15.023 Thread 0x000002a6e54d5220 flushing nmethod 0x000002a6ca60e590
Event: 15.023 Thread 0x000002a6e54d5220 flushing nmethod 0x000002a6ca60f890
Event: 15.023 Thread 0x000002a6e54d5220 flushing nmethod 0x000002a6ca635b90
Event: 15.023 Thread 0x000002a6e54d5220 flushing nmethod 0x000002a6ca668010
Event: 15.023 Thread 0x000002a6e54d5220 flushing nmethod 0x000002a6ca6a9690
Event: 15.025 Thread 0x000002a6e54d5220 flushing nmethod 0x000002a6ca7bf590
Event: 15.086 loading class java/util/concurrent/locks/AbstractQueuedSynchronizer$Node
Event: 15.086 loading class java/util/concurrent/locks/AbstractQueuedSynchronizer$Node done


Dynamic libraries:
0x00007ff644700000 - 0x00007ff644710000 	C:\Program Files\Java\jdk-17\bin\java.exe
0x00007ffde7420000 - 0x00007ffde7683000 	C:\WINDOWS\SYSTEM32\ntdll.dll
0x00007ffde5c80000 - 0x00007ffde5d47000 	C:\WINDOWS\System32\KERNEL32.DLL
0x00007ffde4d20000 - 0x00007ffde50e7000 	C:\WINDOWS\System32\KERNELBASE.dll
0x00007ffde4b40000 - 0x00007ffde4c8c000 	C:\WINDOWS\System32\ucrtbase.dll
0x00007ffd97d30000 - 0x00007ffd97d49000 	C:\Program Files\Java\jdk-17\bin\jli.dll
0x00007ffde5bc0000 - 0x00007ffde5c74000 	C:\WINDOWS\System32\ADVAPI32.dll
0x00007ffde5a20000 - 0x00007ffde5ac9000 	C:\WINDOWS\System32\msvcrt.dll
0x00007ffde5470000 - 0x00007ffde5516000 	C:\WINDOWS\System32\sechost.dll
0x00007ffde6cf0000 - 0x00007ffde6e06000 	C:\WINDOWS\System32\RPCRT4.dll
0x00007ffde6f70000 - 0x00007ffde7139000 	C:\WINDOWS\System32\USER32.dll
0x00007ffde4940000 - 0x00007ffde4967000 	C:\WINDOWS\System32\win32u.dll
0x00007ffd97d10000 - 0x00007ffd97d2b000 	C:\Program Files\Java\jdk-17\bin\VCRUNTIME140.dll
0x00007ffde5ad0000 - 0x00007ffde5afa000 	C:\WINDOWS\System32\GDI32.dll
0x00007ffde4970000 - 0x00007ffde4a9b000 	C:\WINDOWS\System32\gdi32full.dll
0x00007ffde51b0000 - 0x00007ffde5253000 	C:\WINDOWS\System32\msvcp_win.dll
0x00007ffdc9fb0000 - 0x00007ffdca240000 	C:\WINDOWS\WinSxS\amd64_microsoft.windows.common-controls_6595b64144ccf1df_6.0.26100.3037_none_3e09262ce333c378\COMCTL32.dll
0x00007ffddca30000 - 0x00007ffddca3b000 	C:\WINDOWS\SYSTEM32\VERSION.dll
0x00007ffde5b80000 - 0x00007ffde5baf000 	C:\WINDOWS\System32\IMM32.DLL
0x00007ffdb6640000 - 0x00007ffdb664c000 	C:\Program Files\Java\jdk-17\bin\vcruntime140_1.dll
0x00007ffd97c80000 - 0x00007ffd97d0e000 	C:\Program Files\Java\jdk-17\bin\msvcp140.dll
0x00007ffd97090000 - 0x00007ffd97c71000 	C:\Program Files\Java\jdk-17\bin\server\jvm.dll
0x00007ffde6020000 - 0x00007ffde6028000 	C:\WINDOWS\System32\PSAPI.DLL
0x00007ffdb60e0000 - 0x00007ffdb60ea000 	C:\WINDOWS\SYSTEM32\WSOCK32.dll
0x00007ffde5b00000 - 0x00007ffde5b74000 	C:\WINDOWS\System32\WS2_32.dll
0x00007ffddc9f0000 - 0x00007ffddca26000 	C:\WINDOWS\SYSTEM32\WINMM.dll
0x00007ffde35f0000 - 0x00007ffde360a000 	C:\WINDOWS\SYSTEM32\kernel.appcore.dll
0x00007ffdb60a0000 - 0x00007ffdb60aa000 	C:\Program Files\Java\jdk-17\bin\jimage.dll
0x00007ffde21f0000 - 0x00007ffde2431000 	C:\WINDOWS\SYSTEM32\DBGHELP.DLL
0x00007ffde6960000 - 0x00007ffde6cde000 	C:\WINDOWS\System32\combase.dll
0x00007ffde5d50000 - 0x00007ffde5e26000 	C:\WINDOWS\System32\OLEAUT32.dll
0x00007ffdb3a60000 - 0x00007ffdb3a99000 	C:\WINDOWS\SYSTEM32\dbgcore.DLL
0x00007ffde4aa0000 - 0x00007ffde4b39000 	C:\WINDOWS\System32\bcryptPrimitives.dll
0x00007ffd97060000 - 0x00007ffd97085000 	C:\Program Files\Java\jdk-17\bin\java.dll
0x00007ffd96f80000 - 0x00007ffd97057000 	C:\Program Files\Java\jdk-17\bin\jsvml.dll
0x00007ffde61c0000 - 0x00007ffde68c4000 	C:\WINDOWS\System32\SHELL32.dll
0x00007ffde24a0000 - 0x00007ffde2cd7000 	C:\WINDOWS\SYSTEM32\windows.storage.dll
0x00007ffde7160000 - 0x00007ffde7249000 	C:\WINDOWS\System32\SHCORE.dll
0x00007ffde7380000 - 0x00007ffde73dd000 	C:\WINDOWS\System32\shlwapi.dll
0x00007ffde46d0000 - 0x00007ffde46fe000 	C:\WINDOWS\SYSTEM32\profapi.dll
0x00007ffd96f60000 - 0x00007ffd96f79000 	C:\Program Files\Java\jdk-17\bin\net.dll
0x00007ffddd080000 - 0x00007ffddd19e000 	C:\WINDOWS\SYSTEM32\WINHTTP.dll
0x00007ffde3b00000 - 0x00007ffde3b6a000 	C:\WINDOWS\system32\mswsock.dll
0x00007ffd96f40000 - 0x00007ffd96f56000 	C:\Program Files\Java\jdk-17\bin\nio.dll
0x00007ffd96f20000 - 0x00007ffd96f38000 	C:\Program Files\Java\jdk-17\bin\zip.dll
0x00007ffdb3470000 - 0x00007ffdb3480000 	C:\Program Files\Java\jdk-17\bin\verify.dll

dbghelp: loaded successfully - version: 4.0.5 - missing functions: none
symbol engine: initialized successfully - sym options: 0x614 - pdb path: .;C:\Program Files\Java\jdk-17\bin;C:\WINDOWS\SYSTEM32;C:\WINDOWS\WinSxS\amd64_microsoft.windows.common-controls_6595b64144ccf1df_6.0.26100.3037_none_3e09262ce333c378;C:\Program Files\Java\jdk-17\bin\server

VM Arguments:
java_command: org.jetbrains.kotlin.cli.jvm.K2JVMCompiler @C:\Users\Debasis\Desktop\hesham\faceflip\node_modules\react-native-screens\android\build\20250310_4698640073109582385.compiler.options
java_class_path (initial): C:\Users\Debasis\.gradle\caches\modules-2\files-2.1\org.jetbrains.kotlin\kotlin-compiler-embeddable\1.9.24\78dab849090e6c5e2eadb6e59a11cdc28fb67a08\kotlin-compiler-embeddable-1.9.24.jar;C:\Users\Debasis\.gradle\caches\modules-2\files-2.1\org.jetbrains.kotlin\kotlin-stdlib\1.9.24\9928532f12c66ad816a625b3f9984f8368ca6d2b\kotlin-stdlib-1.9.24.jar;C:\Users\Debasis\.gradle\caches\modules-2\files-2.1\org.jetbrains.kotlin\kotlin-script-runtime\1.9.24\96771497da90fbc5af1c90fce148db2595a62502\kotlin-script-runtime-1.9.24.jar;C:\Users\Debasis\.gradle\caches\modules-2\files-2.1\org.jetbrains.kotlin\kotlin-reflect\1.6.10\1cbe9c92c12a94eea200d23c2bbaedaf3daf5132\kotlin-reflect-1.6.10.jar;C:\Users\Debasis\.gradle\caches\modules-2\files-2.1\org.jetbrains.kotlin\kotlin-daemon-embeddable\1.9.24\86685b9c5e8d170925bd9ddbdc263374a6a73281\kotlin-daemon-embeddable-1.9.24.jar;C:\Users\Debasis\.gradle\caches\modules-2\files-2.1\org.jetbrains.intellij.deps\trove4j\1.0.20200330\3afb14d5f9ceb459d724e907a21145e8ff394f02\trove4j-1.0.20200330.jar;C:\Users\Debasis\.gradle\caches\modules-2\files-2.1\org.jetbrains\annotations\13.0\919f0dfe192fb4e063e7dacadee7f8bb9a2672a9\annotations-13.0.jar
Launcher Type: SUN_STANDARD

[Global flags]
     intx CICompilerCount                          = 4                                         {product} {ergonomic}
     uint ConcGCThreads                            = 3                                         {product} {ergonomic}
     uint G1ConcRefinementThreads                  = 10                                        {product} {ergonomic}
   size_t G1HeapRegionSize                         = 2097152                                   {product} {ergonomic}
    uintx GCDrainStackTargetSize                   = 64                                        {product} {ergonomic}
   size_t InitialHeapSize                          = 257949696                                 {product} {ergonomic}
   size_t MarkStackSize                            = 4194304                                   {product} {ergonomic}
   size_t MaxHeapSize                              = 4118806528                                {product} {ergonomic}
   size_t MaxNewSize                               = 2470445056                                {product} {ergonomic}
   size_t MinHeapDeltaBytes                        = 2097152                                   {product} {ergonomic}
   size_t MinHeapSize                              = 8388608                                   {product} {ergonomic}
    uintx NonNMethodCodeHeapSize                   = 5839372                                {pd product} {ergonomic}
    uintx NonProfiledCodeHeapSize                  = 122909434                              {pd product} {ergonomic}
    uintx ProfiledCodeHeapSize                     = 122909434                              {pd product} {ergonomic}
    uintx ReservedCodeCacheSize                    = 251658240                              {pd product} {ergonomic}
     bool SegmentedCodeCache                       = true                                      {product} {ergonomic}
   size_t SoftMaxHeapSize                          = 4118806528                             {manageable} {ergonomic}
     bool UseCompressedClassPointers               = true                           {product lp64_product} {ergonomic}
     bool UseCompressedOops                        = true                           {product lp64_product} {ergonomic}
     bool UseG1GC                                  = true                                      {product} {ergonomic}
     bool UseLargePagesIndividualAllocation        = false                                  {pd product} {ergonomic}

Logging:
Log output configuration:
 #0: stdout all=warning uptime,level,tags
 #1: stderr all=off uptime,level,tags

Environment Variables:
JAVA_HOME=C:\Program Files\Java\jdk-17
CLASSPATH=C:\Users\Debasis\Desktop\hesham\faceflip\android\\gradle\wrapper\gradle-wrapper.jar
PATH=C:\Users\Debasis\Desktop\hesham\faceflip\node_modules\.bin;C:\Users\Debasis\Desktop\hesham\node_modules\.bin;C:\Users\Debasis\Desktop\node_modules\.bin;C:\Users\Debasis\node_modules\.bin;C:\Users\node_modules\.bin;C:\node_modules\.bin;C:\Users\deepa\AppData\Roaming\nvm\v20.11.1\node_modules\npm\node_modules\@npmcli\run-script\lib\node-gyp-bin;C:\Python313\Scripts\;C:\Python313\;C:\Program Files\Eclipse Adoptium\jdk-21.0.6.7-hotspot\bin;C:\WINDOWS\system32;C:\WINDOWS;C:\WINDOWS\System32\Wbem;C:\WINDOWS\System32\WindowsPowerShell\v1.0\;C:\WINDOWS\System32\OpenSSH\;C:\Users\Debasis\AppData\Local\android\Sdk\platform-tools;C:\src\flutter\bin;C:\Program Files\Java\jdk-11\bin;C:\Users\deepa\AppData\Roaming\nvm;C:\Program Files\nodejs;C:\Program Files\Docker\Docker\resources\bin;C:\Program Files\PuTTY\;C:\Program Files\nodejs\;C:\ProgramData\chocolatey\bin;C:\Users\Debasis\AppData\Local\Microsoft\WindowsApps;C:\Users\Debasis\AppData\Local\Programs\Git\cmd;C:\Users\Debasis\AppData\Local\Programs\Microsoft VS Code\bin;C:\Users\Debasis\AppData\Local\android\Sdk;C:\Users\Debasis\AppData\Roaming\npm;
USERNAME=Debasis
OS=Windows_NT
PROCESSOR_IDENTIFIER=AMD64 Family 23 Model 104 Stepping 1, AuthenticAMD



---------------  S Y S T E M  ---------------

OS:
 Windows 11 , 64 bit Build 26100 (10.0.26100.3037)
OS uptime: 0 days 0:36 hours
Hyper-V role detected

CPU: total 12 (initial active 12) (12 cores per cpu, 2 threads per core) family 23 model 104 stepping 1 microcode 0x8608103, cx8, cmov, fxsr, ht, mmx, 3dnowpref, sse, sse2, sse3, ssse3, sse4a, sse4.1, sse4.2, popcnt, lzcnt, tsc, tscinvbit, avx, avx2, aes, clmul, bmi1, bmi2, adx, sha, fma, vzeroupper, clflush, clflushopt, hv

Memory: 4k page, system-wide physical 15706M (3273M free)
TotalPageFile size 15706M (AvailPageFile size 241M)
current process WorkingSet (physical memory assigned to process): 289M, peak: 293M
current process commit charge ("private bytes"): 335M, peak: 399M

vm_info: Java HotSpot(TM) 64-Bit Server VM (17.0.9+11-LTS-201) for windows-amd64 JRE (17.0.9+11-LTS-201), built on Oct 10 2023 23:16:06 by "mach5one" with MS VC++ 17.1 (VS2022)

END.
