#
# There is insufficient memory for the Java Runtime Environment to continue.
# Native memory allocation (malloc) failed to allocate 1898704 bytes for Chunk::new
# Possible reasons:
#   The system is out of physical RAM or swap space
#   The process is running with CompressedOops enabled, and the Java Heap may be blocking the growth of the native heap
# Possible solutions:
#   Reduce memory load on the system
#   Increase physical memory or swap space
#   Check if swap backing store is full
#   Decrease Java heap size (-Xmx/-Xms)
#   Decrease number of Java threads
#   Decrease Java thread stack sizes (-Xss)
#   Set larger code cache with -XX:ReservedCodeCacheSize=
#   JVM is running with Zero Based Compressed Oops mode in which the Java heap is
#     placed in the first 32GB address space. The Java Heap base address is the
#     maximum limit for the native heap growth. Please use -XX:HeapBaseMinAddress
#     to set the Java Heap base and to place the Java Heap above 32GB virtual address.
# This output file may be truncated or incomplete.
#
#  Out of Memory Error (arena.cpp:189), pid=3824, tid=10172
#
# JRE version: Java(TM) SE Runtime Environment (17.0.9+11) (build 17.0.9+11-LTS-201)
# Java VM: Java HotSpot(TM) 64-Bit Server VM (17.0.9+11-LTS-201, mixed mode, sharing, tiered, compressed oops, compressed class ptrs, g1 gc, windows-amd64)
# No core dump will be written. Minidumps are not enabled by default on client versions of Windows
#

---------------  S U M M A R Y ------------

Command Line: org.jetbrains.kotlin.cli.jvm.K2JVMCompiler @C:\Users\Debasis\Desktop\hesham\faceflip\node_modules\react-native-screens\android\build\20250310_14222671090997403167.compiler.options

Host: AMD Ryzen 5 5500U with Radeon Graphics         , 12 cores, 15G,  Windows 11 , 64 bit Build 26100 (10.0.26100.3037)
Time: Mon Mar 10 14:10:27 2025 India Standard Time elapsed time: 24.358867 seconds (0d 0h 0m 24s)

---------------  T H R E A D  ---------------

Current thread (0x000002116a746590):  JavaThread "C2 CompilerThread1" daemon [_thread_in_native, id=10172, stack(0x0000007316300000,0x0000007316400000)]


Current CompileTask:
C2:  24358 11830       4       org.jetbrains.kotlin.load.java.typeEnhancement.JavaTypeEnhancement::enhanceInflexible (1026 bytes)

Stack: [0x0000007316300000,0x0000007316400000]
Native frames: (J=compiled Java code, j=interpreted, Vv=VM code, C=native code)
V  [jvm.dll+0x678a4a]
V  [jvm.dll+0x7d9cfd]
V  [jvm.dll+0x7db60e]
V  [jvm.dll+0x7dbc73]
V  [jvm.dll+0x245e1f]
V  [jvm.dll+0xaaafb]
V  [jvm.dll+0xab09c]
V  [jvm.dll+0x36237e]
V  [jvm.dll+0x1bb94a]
V  [jvm.dll+0x218287]
V  [jvm.dll+0x217561]
V  [jvm.dll+0x1a3bc0]
V  [jvm.dll+0x2272de]
V  [jvm.dll+0x22548b]
V  [jvm.dll+0x78f58c]
V  [jvm.dll+0x78998a]
V  [jvm.dll+0x677875]
C  [ucrtbase.dll+0x37b0]
C  [KERNEL32.DLL+0x2e8d7]
C  [ntdll.dll+0xbbf2c]


---------------  P R O C E S S  ---------------

Threads class SMR info:
_java_thread_list=0x000002116c2160f0, length=14, elements={
0x00000211009468a0, 0x00000211235a9e20, 0x00000211235aa7e0, 0x00000211235c15e0,
0x00000211235c1fa0, 0x00000211235c2960, 0x00000211235c3320, 0x00000211235c9030,
0x00000211235c9ae0, 0x00000211235cb400, 0x00000211237157a0, 0x00000211237220d0,
0x000002116a746590, 0x000002116a746040
}

Java Threads: ( => current thread )
  0x00000211009468a0 JavaThread "main" [_thread_in_Java, id=6628, stack(0x0000007314b00000,0x0000007314c00000)]
  0x00000211235a9e20 JavaThread "Reference Handler" daemon [_thread_blocked, id=2880, stack(0x0000007315200000,0x0000007315300000)]
  0x00000211235aa7e0 JavaThread "Finalizer" daemon [_thread_blocked, id=13476, stack(0x0000007315300000,0x0000007315400000)]
  0x00000211235c15e0 JavaThread "Signal Dispatcher" daemon [_thread_blocked, id=11464, stack(0x0000007315400000,0x0000007315500000)]
  0x00000211235c1fa0 JavaThread "Attach Listener" daemon [_thread_blocked, id=9796, stack(0x0000007315500000,0x0000007315600000)]
  0x00000211235c2960 JavaThread "Service Thread" daemon [_thread_blocked, id=12948, stack(0x0000007315600000,0x0000007315700000)]
  0x00000211235c3320 JavaThread "Monitor Deflation Thread" daemon [_thread_blocked, id=13292, stack(0x0000007315700000,0x0000007315800000)]
  0x00000211235c9030 JavaThread "C2 CompilerThread0" daemon [_thread_in_native, id=7364, stack(0x0000007315800000,0x0000007315900000)]
  0x00000211235c9ae0 JavaThread "C1 CompilerThread0" daemon [_thread_blocked, id=2828, stack(0x0000007315900000,0x0000007315a00000)]
  0x00000211235cb400 JavaThread "Sweeper thread" daemon [_thread_blocked, id=2576, stack(0x0000007315a00000,0x0000007315b00000)]
  0x00000211237157a0 JavaThread "Notification Thread" daemon [_thread_blocked, id=4316, stack(0x0000007315b00000,0x0000007315c00000)]
  0x00000211237220d0 JavaThread "Common-Cleaner" daemon [_thread_blocked, id=5740, stack(0x0000007315d00000,0x0000007315e00000)]
=>0x000002116a746590 JavaThread "C2 CompilerThread1" daemon [_thread_in_native, id=10172, stack(0x0000007316300000,0x0000007316400000)]
  0x000002116a746040 JavaThread "C2 CompilerThread2" daemon [_thread_in_native, id=13532, stack(0x0000007316a00000,0x0000007316b00000)]

Other Threads:
  0x00000211235a4470 VMThread "VM Thread" [stack: 0x0000007315100000,0x0000007315200000] [id=2536]
  0x00000211009c8ac0 WatcherThread [stack: 0x0000007315c00000,0x0000007315d00000] [id=2152]
  0x00000211009ae6a0 GCTaskThread "GC Thread#0" [stack: 0x0000007314c00000,0x0000007314d00000] [id=1348]
  0x00000211691ee190 GCTaskThread "GC Thread#1" [stack: 0x0000007315e00000,0x0000007315f00000] [id=6088]
  0x00000211691ee450 GCTaskThread "GC Thread#2" [stack: 0x0000007315f00000,0x0000007316000000] [id=6056]
  0x00000211691ee710 GCTaskThread "GC Thread#3" [stack: 0x0000007316000000,0x0000007316100000] [id=7432]
  0x0000021169222f60 GCTaskThread "GC Thread#4" [stack: 0x0000007316100000,0x0000007316200000] [id=1992]
  0x000002116926f700 GCTaskThread "GC Thread#5" [stack: 0x0000007316200000,0x0000007316300000] [id=3728]
  0x0000021169d247a0 GCTaskThread "GC Thread#6" [stack: 0x0000007316500000,0x0000007316600000] [id=2172]
  0x00000211699873d0 GCTaskThread "GC Thread#7" [stack: 0x0000007316600000,0x0000007316700000] [id=14960]
  0x0000021169a3e4f0 GCTaskThread "GC Thread#8" [stack: 0x0000007316700000,0x0000007316800000] [id=3772]
  0x0000021169a3ed30 GCTaskThread "GC Thread#9" [stack: 0x0000007316400000,0x0000007316500000] [id=15384]
  0x00000211009bea70 ConcurrentGCThread "G1 Main Marker" [stack: 0x0000007314d00000,0x0000007314e00000] [id=5792]
  0x00000211009c0050 ConcurrentGCThread "G1 Conc#0" [stack: 0x0000007314e00000,0x0000007314f00000] [id=2892]
  0x0000021169a3e7b0 ConcurrentGCThread "G1 Conc#1" [stack: 0x0000007316800000,0x0000007316900000] [id=3352]
  0x0000021169a3d9f0 ConcurrentGCThread "G1 Conc#2" [stack: 0x0000007316900000,0x0000007316a00000] [id=16188]
  0x0000021123457680 ConcurrentGCThread "G1 Refine#0" [stack: 0x0000007314f00000,0x0000007315000000] [id=16276]
  0x000002116bb1e110 ConcurrentGCThread "G1 Refine#1" [stack: 0x0000007316b00000,0x0000007316c00000] [id=10304]
  0x0000021123458d70 ConcurrentGCThread "G1 Service" [stack: 0x0000007315000000,0x0000007315100000] [id=16272]

Threads with active compile tasks:
C2 CompilerThread0    24377 12132       4       kotlin.collections.ArraysKt___ArraysKt::minOrNull (77 bytes)
C2 CompilerThread1    24377 11830       4       org.jetbrains.kotlin.load.java.typeEnhancement.JavaTypeEnhancement::enhanceInflexible (1026 bytes)
C2 CompilerThread2    24377 12003       4       org.jetbrains.kotlin.types.checker.NewCapturedTypeKt::captureArguments (656 bytes)

VM state: not at safepoint (normal execution)

VM Mutex/Monitor currently owned by a thread: None

Heap address: 0x000000070a800000, size: 3928 MB, Compressed Oops mode: Zero based, Oop shift amount: 3

CDS archive(s) mapped at: [0x0000021124000000-0x0000021124bd0000-0x0000021124bd0000), size 12386304, SharedBaseAddress: 0x0000021124000000, ArchiveRelocationMode: 1.
Compressed class space mapped at: 0x0000021125000000-0x0000021165000000, reserved size: 1073741824
Narrow klass base: 0x0000021124000000, Narrow klass shift: 0, Narrow klass range: 0x100000000

GC Precious Log:
 CPUs: 12 total, 12 available
 Memory: 15706M
 Large Page Support: Disabled
 NUMA Support: Disabled
 Compressed Oops: Enabled (Zero based)
 Heap Region Size: 2M
 Heap Min Capacity: 8M
 Heap Initial Capacity: 246M
 Heap Max Capacity: 3928M
 Pre-touch: Disabled
 Parallel Workers: 10
 Concurrent Workers: 3
 Concurrent Refinement Workers: 10
 Periodic GC: Disabled

Heap:
 garbage-first heap   total 188416K, used 97621K [0x000000070a800000, 0x0000000800000000)
  region size 2048K, 11 young (22528K), 5 survivors (10240K)
 Metaspace       used 55316K, committed 55616K, reserved 1114112K
  class space    used 6252K, committed 6400K, reserved 1048576K

Heap Regions: E=young(eden), S=young(survivor), O=old, HS=humongous(starts), HC=humongous(continues), CS=collection set, F=free, OA=open archive, CA=closed archive, TAMS=top-at-mark-start (previous, next)
|   0|0x000000070a800000, 0x000000070aa00000, 0x000000070aa00000|100%|HS|  |TAMS 0x000000070aa00000, 0x000000070a800000| Complete 
|   1|0x000000070aa00000, 0x000000070ac00000, 0x000000070ac00000|100%|HC|  |TAMS 0x000000070ac00000, 0x000000070aa00000| Complete 
|   2|0x000000070ac00000, 0x000000070ae00000, 0x000000070ae00000|100%| O|  |TAMS 0x000000070ae00000, 0x000000070ac00000| Untracked 
|   3|0x000000070ae00000, 0x000000070b000000, 0x000000070b000000|100%|HS|  |TAMS 0x000000070b000000, 0x000000070ae00000| Complete 
|   4|0x000000070b000000, 0x000000070b200000, 0x000000070b200000|100%| O|  |TAMS 0x000000070b200000, 0x000000070b000000| Untracked 
|   5|0x000000070b200000, 0x000000070b400000, 0x000000070b400000|100%| O|  |TAMS 0x000000070b400000, 0x000000070b200000| Untracked 
|   6|0x000000070b400000, 0x000000070b600000, 0x000000070b600000|100%| O|  |TAMS 0x000000070b600000, 0x000000070b400000| Untracked 
|   7|0x000000070b600000, 0x000000070b800000, 0x000000070b800000|100%| O|  |TAMS 0x000000070b800000, 0x000000070b600000| Untracked 
|   8|0x000000070b800000, 0x000000070ba00000, 0x000000070ba00000|100%| O|  |TAMS 0x000000070ba00000, 0x000000070b800000| Untracked 
|   9|0x000000070ba00000, 0x000000070bc00000, 0x000000070bc00000|100%| O|  |TAMS 0x000000070ba00000, 0x000000070ba00000| Untracked 
|  10|0x000000070bc00000, 0x000000070be00000, 0x000000070be00000|100%| O|  |TAMS 0x000000070be00000, 0x000000070bc00000| Untracked 
|  11|0x000000070be00000, 0x000000070c000000, 0x000000070c000000|100%| O|  |TAMS 0x000000070c000000, 0x000000070be00000| Untracked 
|  12|0x000000070c000000, 0x000000070c200000, 0x000000070c200000|100%| O|  |TAMS 0x000000070c200000, 0x000000070c000000| Untracked 
|  13|0x000000070c200000, 0x000000070c400000, 0x000000070c400000|100%| O|  |TAMS 0x000000070c400000, 0x000000070c200000| Untracked 
|  14|0x000000070c400000, 0x000000070c600000, 0x000000070c600000|100%| O|  |TAMS 0x000000070c600000, 0x000000070c400000| Untracked 
|  15|0x000000070c600000, 0x000000070c800000, 0x000000070c800000|100%| O|  |TAMS 0x000000070c800000, 0x000000070c600000| Untracked 
|  16|0x000000070c800000, 0x000000070ca00000, 0x000000070ca00000|100%| O|  |TAMS 0x000000070ca00000, 0x000000070c800000| Untracked 
|  17|0x000000070ca00000, 0x000000070cc00000, 0x000000070cc00000|100%| O|  |TAMS 0x000000070cc00000, 0x000000070ca00000| Untracked 
|  18|0x000000070cc00000, 0x000000070ce00000, 0x000000070ce00000|100%| O|  |TAMS 0x000000070ce00000, 0x000000070cc00000| Untracked 
|  19|0x000000070ce00000, 0x000000070d000000, 0x000000070d000000|100%| O|  |TAMS 0x000000070d000000, 0x000000070ce00000| Untracked 
|  20|0x000000070d000000, 0x000000070d200000, 0x000000070d200000|100%| O|  |TAMS 0x000000070d200000, 0x000000070d000000| Untracked 
|  21|0x000000070d200000, 0x000000070d400000, 0x000000070d400000|100%| O|  |TAMS 0x000000070d400000, 0x000000070d200000| Untracked 
|  22|0x000000070d400000, 0x000000070d600000, 0x000000070d600000|100%| O|  |TAMS 0x000000070d600000, 0x000000070d400000| Untracked 
|  23|0x000000070d600000, 0x000000070d800000, 0x000000070d800000|100%| O|  |TAMS 0x000000070d800000, 0x000000070d600000| Untracked 
|  24|0x000000070d800000, 0x000000070da00000, 0x000000070da00000|100%| O|  |TAMS 0x000000070da00000, 0x000000070d800000| Untracked 
|  25|0x000000070da00000, 0x000000070dc00000, 0x000000070dc00000|100%| O|  |TAMS 0x000000070dc00000, 0x000000070da00000| Untracked 
|  26|0x000000070dc00000, 0x000000070de00000, 0x000000070de00000|100%| O|  |TAMS 0x000000070de00000, 0x000000070dc00000| Untracked 
|  27|0x000000070de00000, 0x000000070e000000, 0x000000070e000000|100%| O|  |TAMS 0x000000070e000000, 0x000000070de00000| Untracked 
|  28|0x000000070e000000, 0x000000070e200000, 0x000000070e200000|100%| O|  |TAMS 0x000000070e200000, 0x000000070e000000| Untracked 
|  29|0x000000070e200000, 0x000000070e400000, 0x000000070e400000|100%| O|  |TAMS 0x000000070e400000, 0x000000070e200000| Untracked 
|  30|0x000000070e400000, 0x000000070e600000, 0x000000070e600000|100%| O|  |TAMS 0x000000070e600000, 0x000000070e400000| Untracked 
|  31|0x000000070e600000, 0x000000070e600000, 0x000000070e800000|  0%| F|  |TAMS 0x000000070e600000, 0x000000070e600000| Untracked 
|  32|0x000000070e800000, 0x000000070ea00000, 0x000000070ea00000|100%| O|  |TAMS 0x000000070ea00000, 0x000000070e800000| Untracked 
|  33|0x000000070ea00000, 0x000000070ec00000, 0x000000070ec00000|100%| O|  |TAMS 0x000000070ec00000, 0x000000070ea00000| Untracked 
|  34|0x000000070ec00000, 0x000000070ee00000, 0x000000070ee00000|100%|HS|  |TAMS 0x000000070ee00000, 0x000000070ec00000| Complete 
|  35|0x000000070ee00000, 0x000000070f000000, 0x000000070f000000|100%| O|  |TAMS 0x000000070f000000, 0x000000070ee00000| Untracked 
|  36|0x000000070f000000, 0x000000070f200000, 0x000000070f200000|100%| O|  |TAMS 0x000000070f200000, 0x000000070f000000| Untracked 
|  37|0x000000070f200000, 0x000000070f400000, 0x000000070f400000|100%| O|  |TAMS 0x000000070f37fc00, 0x000000070f200000| Untracked 
|  38|0x000000070f400000, 0x000000070f600000, 0x000000070f600000|100%| O|  |TAMS 0x000000070f400000, 0x000000070f400000| Untracked 
|  39|0x000000070f600000, 0x000000070f687a00, 0x000000070f800000| 26%| O|  |TAMS 0x000000070f600000, 0x000000070f600000| Untracked 
|  40|0x000000070f800000, 0x000000070f800000, 0x000000070fa00000|  0%| F|  |TAMS 0x000000070f800000, 0x000000070f800000| Untracked 
|  41|0x000000070fa00000, 0x000000070fa00000, 0x000000070fc00000|  0%| F|  |TAMS 0x000000070fa00000, 0x000000070fa00000| Untracked 
|  42|0x000000070fc00000, 0x000000070fc00000, 0x000000070fe00000|  0%| F|  |TAMS 0x000000070fc00000, 0x000000070fc00000| Untracked 
|  43|0x000000070fe00000, 0x000000070fe00000, 0x0000000710000000|  0%| F|  |TAMS 0x000000070fe00000, 0x000000070fe00000| Untracked 
|  44|0x0000000710000000, 0x0000000710000000, 0x0000000710200000|  0%| F|  |TAMS 0x0000000710000000, 0x0000000710000000| Untracked 
|  45|0x0000000710200000, 0x0000000710200000, 0x0000000710400000|  0%| F|  |TAMS 0x0000000710200000, 0x0000000710200000| Untracked 
|  46|0x0000000710400000, 0x0000000710400000, 0x0000000710600000|  0%| F|  |TAMS 0x0000000710400000, 0x0000000710400000| Untracked 
|  47|0x0000000710600000, 0x0000000710600000, 0x0000000710800000|  0%| F|  |TAMS 0x0000000710600000, 0x0000000710600000| Untracked 
|  48|0x0000000710800000, 0x0000000710800000, 0x0000000710a00000|  0%| F|  |TAMS 0x0000000710800000, 0x0000000710800000| Untracked 
|  49|0x0000000710a00000, 0x0000000710a00000, 0x0000000710c00000|  0%| F|  |TAMS 0x0000000710a00000, 0x0000000710a00000| Untracked 
|  50|0x0000000710c00000, 0x0000000710c00000, 0x0000000710e00000|  0%| F|  |TAMS 0x0000000710c00000, 0x0000000710c00000| Untracked 
|  51|0x0000000710e00000, 0x0000000710ecdd90, 0x0000000711000000| 40%| S|CS|TAMS 0x0000000710e00000, 0x0000000710e00000| Complete 
|  52|0x0000000711000000, 0x0000000711200000, 0x0000000711200000|100%| S|CS|TAMS 0x0000000711000000, 0x0000000711000000| Complete 
|  53|0x0000000711200000, 0x0000000711400000, 0x0000000711400000|100%| S|CS|TAMS 0x0000000711200000, 0x0000000711200000| Complete 
|  54|0x0000000711400000, 0x0000000711600000, 0x0000000711600000|100%| S|CS|TAMS 0x0000000711400000, 0x0000000711400000| Complete 
|  55|0x0000000711600000, 0x0000000711800000, 0x0000000711800000|100%| S|CS|TAMS 0x0000000711600000, 0x0000000711600000| Complete 
|  56|0x0000000711800000, 0x0000000711800000, 0x0000000711a00000|  0%| F|  |TAMS 0x0000000711800000, 0x0000000711800000| Untracked 
|  57|0x0000000711a00000, 0x0000000711a00000, 0x0000000711c00000|  0%| F|  |TAMS 0x0000000711a00000, 0x0000000711a00000| Untracked 
|  58|0x0000000711c00000, 0x0000000711c00000, 0x0000000711e00000|  0%| F|  |TAMS 0x0000000711c00000, 0x0000000711c00000| Untracked 
|  59|0x0000000711e00000, 0x0000000711e00000, 0x0000000712000000|  0%| F|  |TAMS 0x0000000711e00000, 0x0000000711e00000| Untracked 
|  60|0x0000000712000000, 0x0000000712000000, 0x0000000712200000|  0%| F|  |TAMS 0x0000000712000000, 0x0000000712000000| Untracked 
|  61|0x0000000712200000, 0x0000000712200000, 0x0000000712400000|  0%| F|  |TAMS 0x0000000712200000, 0x0000000712200000| Untracked 
|  62|0x0000000712400000, 0x0000000712400000, 0x0000000712600000|  0%| F|  |TAMS 0x0000000712400000, 0x0000000712400000| Untracked 
|  63|0x0000000712600000, 0x0000000712600000, 0x0000000712800000|  0%| F|  |TAMS 0x0000000712600000, 0x0000000712600000| Untracked 
|  64|0x0000000712800000, 0x0000000712800000, 0x0000000712a00000|  0%| F|  |TAMS 0x0000000712800000, 0x0000000712800000| Untracked 
|  65|0x0000000712a00000, 0x0000000712a00000, 0x0000000712c00000|  0%| F|  |TAMS 0x0000000712a00000, 0x0000000712a00000| Untracked 
|  66|0x0000000712c00000, 0x0000000712c00000, 0x0000000712e00000|  0%| F|  |TAMS 0x0000000712c00000, 0x0000000712c00000| Untracked 
|  67|0x0000000712e00000, 0x0000000712e00000, 0x0000000713000000|  0%| F|  |TAMS 0x0000000712e00000, 0x0000000712e00000| Untracked 
|  68|0x0000000713000000, 0x0000000713000000, 0x0000000713200000|  0%| F|  |TAMS 0x0000000713000000, 0x0000000713000000| Untracked 
|  69|0x0000000713200000, 0x0000000713200000, 0x0000000713400000|  0%| F|  |TAMS 0x0000000713200000, 0x0000000713200000| Untracked 
|  70|0x0000000713400000, 0x0000000713400000, 0x0000000713600000|  0%| F|  |TAMS 0x0000000713400000, 0x0000000713400000| Untracked 
|  71|0x0000000713600000, 0x0000000713600000, 0x0000000713800000|  0%| F|  |TAMS 0x0000000713600000, 0x0000000713600000| Untracked 
|  72|0x0000000713800000, 0x0000000713800000, 0x0000000713a00000|  0%| F|  |TAMS 0x0000000713800000, 0x0000000713800000| Untracked 
|  73|0x0000000713a00000, 0x0000000713a00000, 0x0000000713c00000|  0%| F|  |TAMS 0x0000000713a00000, 0x0000000713a00000| Untracked 
|  74|0x0000000713c00000, 0x0000000713c00000, 0x0000000713e00000|  0%| F|  |TAMS 0x0000000713c00000, 0x0000000713c00000| Untracked 
|  75|0x0000000713e00000, 0x0000000713e00000, 0x0000000714000000|  0%| F|  |TAMS 0x0000000713e00000, 0x0000000713e00000| Untracked 
|  76|0x0000000714000000, 0x0000000714000000, 0x0000000714200000|  0%| F|  |TAMS 0x0000000714000000, 0x0000000714000000| Untracked 
|  77|0x0000000714200000, 0x0000000714200000, 0x0000000714400000|  0%| F|  |TAMS 0x0000000714200000, 0x0000000714200000| Untracked 
|  78|0x0000000714400000, 0x0000000714400000, 0x0000000714600000|  0%| F|  |TAMS 0x0000000714400000, 0x0000000714400000| Untracked 
|  79|0x0000000714600000, 0x0000000714600000, 0x0000000714800000|  0%| F|  |TAMS 0x0000000714600000, 0x0000000714600000| Untracked 
|  80|0x0000000714800000, 0x0000000714800000, 0x0000000714a00000|  0%| F|  |TAMS 0x0000000714800000, 0x0000000714800000| Untracked 
|  81|0x0000000714a00000, 0x0000000714a00000, 0x0000000714c00000|  0%| F|  |TAMS 0x0000000714a00000, 0x0000000714a00000| Untracked 
|  82|0x0000000714c00000, 0x0000000714c00000, 0x0000000714e00000|  0%| F|  |TAMS 0x0000000714c00000, 0x0000000714c00000| Untracked 
|  83|0x0000000714e00000, 0x0000000714e00000, 0x0000000715000000|  0%| F|  |TAMS 0x0000000714e00000, 0x0000000714e00000| Untracked 
|  84|0x0000000715000000, 0x0000000715000000, 0x0000000715200000|  0%| F|  |TAMS 0x0000000715000000, 0x0000000715000000| Untracked 
|  98|0x0000000716c00000, 0x0000000716d00800, 0x0000000716e00000| 50%| E|  |TAMS 0x0000000716c00000, 0x0000000716c00000| Complete 
|  99|0x0000000716e00000, 0x0000000717000000, 0x0000000717000000|100%| E|CS|TAMS 0x0000000716e00000, 0x0000000716e00000| Complete 
| 100|0x0000000717000000, 0x0000000717200000, 0x0000000717200000|100%| E|CS|TAMS 0x0000000717000000, 0x0000000717000000| Complete 
| 104|0x0000000717800000, 0x0000000717a00000, 0x0000000717a00000|100%| E|CS|TAMS 0x0000000717800000, 0x0000000717800000| Complete 
| 105|0x0000000717a00000, 0x0000000717c00000, 0x0000000717c00000|100%| E|CS|TAMS 0x0000000717a00000, 0x0000000717a00000| Complete 
| 106|0x0000000717c00000, 0x0000000717e00000, 0x0000000717e00000|100%| E|CS|TAMS 0x0000000717c00000, 0x0000000717c00000| Complete 
| 122|0x0000000719c00000, 0x0000000719e00000, 0x0000000719e00000|100%| E|CS|TAMS 0x0000000719c00000, 0x0000000719c00000| Complete 

Card table byte_map: [0x0000021117ee0000,0x0000021118690000] _byte_map_base: 0x000002111468c000

Marking Bits (Prev, Next): (CMBitMap*) 0x00000211009aebc0, (CMBitMap*) 0x00000211009aec00
 Prev Bits: [0x0000021118e40000, 0x000002111cba0000)
 Next Bits: [0x000002111cba0000, 0x0000021120900000)

Polling page: 0x0000021100020000

Metaspace:

Usage:
  Non-class:     47.91 MB used.
      Class:      6.11 MB used.
       Both:     54.02 MB used.

Virtual space:
  Non-class space:       64.00 MB reserved,      48.06 MB ( 75%) committed,  1 nodes.
      Class space:        1.00 GB reserved,       6.25 MB ( <1%) committed,  1 nodes.
             Both:        1.06 GB reserved,      54.31 MB (  5%) committed. 

Chunk freelists:
   Non-Class:  14.89 MB
       Class:  9.78 MB
        Both:  24.67 MB

MaxMetaspaceSize: unlimited
CompressedClassSpaceSize: 1.00 GB
Initial GC threshold: 21.00 MB
Current GC threshold: 80.00 MB
CDS: on
MetaspaceReclaimPolicy: balanced
 - commit_granule_bytes: 65536.
 - commit_granule_words: 8192.
 - virtual_space_node_default_size: 8388608.
 - enlarge_chunks_in_place: 1.
 - new_chunks_are_fully_committed: 0.
 - uncommit_free_chunks: 1.
 - use_allocation_guard: 0.
 - handle_deallocations: 1.


Internal statistics:

num_allocs_failed_limit: 6.
num_arena_births: 304.
num_arena_deaths: 0.
num_vsnodes_births: 2.
num_vsnodes_deaths: 0.
num_space_committed: 867.
num_space_uncommitted: 0.
num_chunks_returned_to_freelist: 6.
num_chunks_taken_from_freelist: 2355.
num_chunk_merges: 6.
num_chunk_splits: 1828.
num_chunks_enlarged: 1590.
num_inconsistent_stats: 0.

CodeHeap 'non-profiled nmethods': size=120000Kb used=6436Kb max_used=6436Kb free=113563Kb
 bounds [0x000002110fcb0000, 0x0000021110300000, 0x00000211171e0000]
CodeHeap 'profiled nmethods': size=120000Kb used=29503Kb max_used=29503Kb free=90496Kb
 bounds [0x00000211081e0000, 0x0000021109eb0000, 0x000002110f710000]
CodeHeap 'non-nmethods': size=5760Kb used=1338Kb max_used=1369Kb free=4421Kb
 bounds [0x000002110f710000, 0x000002110f980000, 0x000002110fcb0000]
 total_blobs=10727 nmethods=10116 adapters=518
 compilation: enabled
              stopped_count=0, restarted_count=0
 full_count=0

Compilation events (20 events):
Event: 23.293 Thread 0x00000211235c9ae0 nmethod 12126 0x00000211102f5690 code [0x00000211102f5820, 0x00000211102f58f8]
Event: 23.293 Thread 0x00000211235c9030 nmethod 12124 0x00000211102f5990 code [0x00000211102f5b20, 0x00000211102f5c78]
Event: 23.306 Thread 0x00000211235c9030 12127       4       org.jetbrains.kotlin.contracts.EffectSystem$getContextInfoWhen$$inlined$filterIsInstance$1::invoke (6 bytes)
Event: 23.307 Thread 0x00000211235c9030 nmethod 12127 0x00000211102f5e10 code [0x00000211102f5f80, 0x00000211102f6058]
Event: 23.316 Thread 0x00000211235c9030 12128       4       org.jetbrains.kotlin.resolve.lazy.LazyImportScope$getClassifier$1::invoke (5 bytes)
Event: 23.318 Thread 0x00000211235c9ae0 12129       3       org.jetbrains.kotlin.resolve.calls.inference.components.ConstraintInjector::addSubTypeConstraintAndIncorporateIt (50 bytes)
Event: 23.319 Thread 0x00000211235c9ae0 nmethod 12129 0x0000021109e91290 code [0x0000021109e916a0, 0x0000021109e93128]
Event: 23.323 Thread 0x00000211235c9ae0 12133       3       org.jetbrains.kotlin.descriptors.impl.ClassDescriptorImpl::getKind (14 bytes)
Event: 23.324 Thread 0x00000211235c9ae0 nmethod 12133 0x0000021109e93a90 code [0x0000021109e93c40, 0x0000021109e93dc8]
Event: 23.326 Thread 0x00000211235c9ae0 12134       3       org.jetbrains.kotlin.types.RangeUtilKt::getRangeOrProgressionElementType (588 bytes)
Event: 23.339 Thread 0x00000211235c9ae0 nmethod 12134 0x0000021109e93e90 code [0x0000021109e94e20, 0x0000021109e9da38]
Event: 23.340 Thread 0x00000211235c9ae0 12135       3       org.jetbrains.kotlin.resolve.calls.components.ClassicTypeSystemContextForCSKt::NewConstraintSystemImpl (46 bytes)
Event: 23.341 Thread 0x00000211235c9ae0 nmethod 12135 0x0000021109ea0090 code [0x0000021109ea0520, 0x0000021109ea24c8]
Event: 23.342 Thread 0x00000211235c9ae0 12136       3       org.jetbrains.kotlin.resolve.calls.components.ArgumentsUtilsKt::getStableType (83 bytes)
Event: 23.344 Thread 0x00000211235c9ae0 nmethod 12136 0x0000021109ea2f90 code [0x0000021109ea34a0, 0x0000021109ea5928]
Event: 23.345 Thread 0x00000211235c9ae0 12137       3       org.jetbrains.kotlin.psi.KtPsiUtil::visitChildren (57 bytes)
Event: 23.345 Thread 0x00000211235c9ae0 nmethod 12137 0x0000021109ea6390 code [0x0000021109ea65a0, 0x0000021109ea6ce8]
Event: 23.345 Thread 0x00000211235c9ae0 12138       3       org.jetbrains.kotlin.com.intellij.openapi.util.Ref::<init> (10 bytes)
Event: 23.345 Thread 0x00000211235c9ae0 nmethod 12138 0x0000021109ea6f10 code [0x0000021109ea70a0, 0x0000021109ea7258]
Event: 23.349 Thread 0x00000211235c9ae0 12139       3       org.jetbrains.kotlin.resolve.calls.smartcasts.IdentifierInfoKt::getIdForSimpleNameExpression (280 bytes)

GC Heap History (20 events):
Event: 13.630 GC heap before
{Heap before GC invocations=15 (full 0):
 garbage-first heap   total 114688K, used 84374K [0x000000070a800000, 0x0000000800000000)
  region size 2048K, 17 young (34816K), 2 survivors (4096K)
 Metaspace       used 47849K, committed 48128K, reserved 1114112K
  class space    used 5632K, committed 5760K, reserved 1048576K
}
Event: 13.651 GC heap after
{Heap after GC invocations=16 (full 0):
 garbage-first heap   total 114688K, used 59167K [0x000000070a800000, 0x0000000800000000)
  region size 2048K, 3 young (6144K), 3 survivors (6144K)
 Metaspace       used 47849K, committed 48128K, reserved 1114112K
  class space    used 5632K, committed 5760K, reserved 1048576K
}
Event: 14.186 GC heap before
{Heap before GC invocations=16 (full 0):
 garbage-first heap   total 114688K, used 85791K [0x000000070a800000, 0x0000000800000000)
  region size 2048K, 16 young (32768K), 3 survivors (6144K)
 Metaspace       used 47971K, committed 48256K, reserved 1114112K
  class space    used 5638K, committed 5760K, reserved 1048576K
}
Event: 14.209 GC heap after
{Heap after GC invocations=17 (full 0):
 garbage-first heap   total 114688K, used 63830K [0x000000070a800000, 0x0000000800000000)
  region size 2048K, 2 young (4096K), 2 survivors (4096K)
 Metaspace       used 47971K, committed 48256K, reserved 1114112K
  class space    used 5638K, committed 5760K, reserved 1048576K
}
Event: 14.686 GC heap before
{Heap before GC invocations=18 (full 0):
 garbage-first heap   total 116736K, used 88406K [0x000000070a800000, 0x0000000800000000)
  region size 2048K, 14 young (28672K), 2 survivors (4096K)
 Metaspace       used 48030K, committed 48320K, reserved 1114112K
  class space    used 5639K, committed 5760K, reserved 1048576K
}
Event: 14.702 GC heap after
{Heap after GC invocations=19 (full 0):
 garbage-first heap   total 116736K, used 68605K [0x000000070a800000, 0x0000000800000000)
  region size 2048K, 2 young (4096K), 2 survivors (4096K)
 Metaspace       used 48030K, committed 48320K, reserved 1114112K
  class space    used 5639K, committed 5760K, reserved 1048576K
}
Event: 15.227 GC heap before
{Heap before GC invocations=19 (full 0):
 garbage-first heap   total 116736K, used 91133K [0x000000070a800000, 0x0000000800000000)
  region size 2048K, 13 young (26624K), 2 survivors (4096K)
 Metaspace       used 48191K, committed 48448K, reserved 1114112K
  class space    used 5645K, committed 5760K, reserved 1048576K
}
Event: 15.246 GC heap after
{Heap after GC invocations=20 (full 0):
 garbage-first heap   total 116736K, used 72535K [0x000000070a800000, 0x0000000800000000)
  region size 2048K, 2 young (4096K), 2 survivors (4096K)
 Metaspace       used 48191K, committed 48448K, reserved 1114112K
  class space    used 5645K, committed 5760K, reserved 1048576K
}
Event: 15.539 GC heap before
{Heap before GC invocations=21 (full 0):
 garbage-first heap   total 131072K, used 95063K [0x000000070a800000, 0x0000000800000000)
  region size 2048K, 12 young (24576K), 2 survivors (4096K)
 Metaspace       used 48379K, committed 48704K, reserved 1114112K
  class space    used 5665K, committed 5824K, reserved 1048576K
}
Event: 15.547 GC heap after
{Heap after GC invocations=22 (full 0):
 garbage-first heap   total 131072K, used 76337K [0x000000070a800000, 0x0000000800000000)
  region size 2048K, 1 young (2048K), 1 survivors (2048K)
 Metaspace       used 48379K, committed 48704K, reserved 1114112K
  class space    used 5665K, committed 5824K, reserved 1048576K
}
Event: 15.603 GC heap before
{Heap before GC invocations=22 (full 0):
 garbage-first heap   total 131072K, used 80433K [0x000000070a800000, 0x0000000800000000)
  region size 2048K, 3 young (6144K), 1 survivors (2048K)
 Metaspace       used 48474K, committed 48768K, reserved 1114112K
  class space    used 5678K, committed 5824K, reserved 1048576K
}
Event: 15.607 GC heap after
{Heap after GC invocations=23 (full 0):
 garbage-first heap   total 131072K, used 75618K [0x000000070a800000, 0x0000000800000000)
  region size 2048K, 1 young (2048K), 1 survivors (2048K)
 Metaspace       used 48474K, committed 48768K, reserved 1114112K
  class space    used 5678K, committed 5824K, reserved 1048576K
}
Event: 15.944 GC heap before
{Heap before GC invocations=23 (full 0):
 garbage-first heap   total 131072K, used 102242K [0x000000070a800000, 0x0000000800000000)
  region size 2048K, 14 young (28672K), 1 survivors (2048K)
 Metaspace       used 48853K, committed 49152K, reserved 1114112K
  class space    used 5719K, committed 5888K, reserved 1048576K
}
Event: 15.948 GC heap after
{Heap after GC invocations=24 (full 0):
 garbage-first heap   total 188416K, used 76221K [0x000000070a800000, 0x0000000800000000)
  region size 2048K, 1 young (2048K), 1 survivors (2048K)
 Metaspace       used 48853K, committed 49152K, reserved 1114112K
  class space    used 5719K, committed 5888K, reserved 1048576K
}
Event: 17.939 GC heap before
{Heap before GC invocations=25 (full 0):
 garbage-first heap   total 188416K, used 141757K [0x000000070a800000, 0x0000000800000000)
  region size 2048K, 33 young (67584K), 1 survivors (2048K)
 Metaspace       used 51528K, committed 51776K, reserved 1114112K
  class space    used 5944K, committed 6080K, reserved 1048576K
}
Event: 17.948 GC heap after
{Heap after GC invocations=26 (full 0):
 garbage-first heap   total 188416K, used 79205K [0x000000070a800000, 0x0000000800000000)
  region size 2048K, 2 young (4096K), 2 survivors (4096K)
 Metaspace       used 51528K, committed 51776K, reserved 1114112K
  class space    used 5944K, committed 6080K, reserved 1048576K
}
Event: 18.264 GC heap before
{Heap before GC invocations=26 (full 0):
 garbage-first heap   total 188416K, used 83301K [0x000000070a800000, 0x0000000800000000)
  region size 2048K, 4 young (8192K), 2 survivors (4096K)
 Metaspace       used 52239K, committed 52480K, reserved 1114112K
  class space    used 6030K, committed 6144K, reserved 1048576K
}
Event: 18.272 GC heap after
{Heap after GC invocations=27 (full 0):
 garbage-first heap   total 188416K, used 78985K [0x000000070a800000, 0x0000000800000000)
  region size 2048K, 1 young (2048K), 1 survivors (2048K)
 Metaspace       used 52239K, committed 52480K, reserved 1114112K
  class space    used 6030K, committed 6144K, reserved 1048576K
}
Event: 22.364 GC heap before
{Heap before GC invocations=27 (full 0):
 garbage-first heap   total 188416K, used 150665K [0x000000070a800000, 0x0000000800000000)
  region size 2048K, 36 young (73728K), 1 survivors (2048K)
 Metaspace       used 54881K, committed 55168K, reserved 1114112K
  class space    used 6214K, committed 6336K, reserved 1048576K
}
Event: 22.378 GC heap after
{Heap after GC invocations=28 (full 0):
 garbage-first heap   total 188416K, used 87381K [0x000000070a800000, 0x0000000800000000)
  region size 2048K, 5 young (10240K), 5 survivors (10240K)
 Metaspace       used 54881K, committed 55168K, reserved 1114112K
  class space    used 6214K, committed 6336K, reserved 1048576K
}

Deoptimization events (20 events):
Event: 23.092 Thread 0x00000211009468a0 Uncommon trap: trap_request=0xffffffde fr.pc=0x000002110fdf83f8 relative=0x00000000000009b8
Event: 23.092 Thread 0x00000211009468a0 Uncommon trap: reason=class_check action=maybe_recompile pc=0x000002110fdf83f8 method=org.jetbrains.kotlin.parsing.KotlinParserDefinition.createElement(Lorg/jetbrains/kotlin/com/intellij/lang/ASTNode;)Lorg/jetbrains/kotlin/com/intellij/psi/PsiElement; @ 1
Event: 23.092 Thread 0x00000211009468a0 DEOPT PACKING pc=0x000002110fdf83f8 sp=0x0000007314bfdef0
Event: 23.092 Thread 0x00000211009468a0 DEOPT UNPACKING pc=0x000002110f7623a3 sp=0x0000007314bfdec0 mode 2
Event: 23.106 Thread 0x00000211009468a0 Uncommon trap: trap_request=0xffffffde fr.pc=0x000002110fdf83f8 relative=0x00000000000009b8
Event: 23.106 Thread 0x00000211009468a0 Uncommon trap: reason=class_check action=maybe_recompile pc=0x000002110fdf83f8 method=org.jetbrains.kotlin.parsing.KotlinParserDefinition.createElement(Lorg/jetbrains/kotlin/com/intellij/lang/ASTNode;)Lorg/jetbrains/kotlin/com/intellij/psi/PsiElement; @ 1
Event: 23.106 Thread 0x00000211009468a0 DEOPT PACKING pc=0x000002110fdf83f8 sp=0x0000007314bfdf20
Event: 23.106 Thread 0x00000211009468a0 DEOPT UNPACKING pc=0x000002110f7623a3 sp=0x0000007314bfdef0 mode 2
Event: 23.106 Thread 0x00000211009468a0 Uncommon trap: trap_request=0xffffffde fr.pc=0x000002110fdf83f8 relative=0x00000000000009b8
Event: 23.106 Thread 0x00000211009468a0 Uncommon trap: reason=class_check action=maybe_recompile pc=0x000002110fdf83f8 method=org.jetbrains.kotlin.parsing.KotlinParserDefinition.createElement(Lorg/jetbrains/kotlin/com/intellij/lang/ASTNode;)Lorg/jetbrains/kotlin/com/intellij/psi/PsiElement; @ 1
Event: 23.106 Thread 0x00000211009468a0 DEOPT PACKING pc=0x000002110fdf83f8 sp=0x0000007314bfdef0
Event: 23.106 Thread 0x00000211009468a0 DEOPT UNPACKING pc=0x000002110f7623a3 sp=0x0000007314bfdec0 mode 2
Event: 23.201 Thread 0x00000211009468a0 Uncommon trap: trap_request=0xffffff45 fr.pc=0x000002110fe30acc relative=0x0000000000000b0c
Event: 23.201 Thread 0x00000211009468a0 Uncommon trap: reason=unstable_if action=reinterpret pc=0x000002110fe30acc method=org.jetbrains.kotlin.load.java.descriptors.JavaMethodDescriptor.createSubstitutedCopy(Lorg/jetbrains/kotlin/descriptors/DeclarationDescriptor;Lorg/jetbrains/kotlin/descripto
Event: 23.201 Thread 0x00000211009468a0 DEOPT PACKING pc=0x000002110fe30acc sp=0x0000007314bf8420
Event: 23.201 Thread 0x00000211009468a0 DEOPT UNPACKING pc=0x000002110f7623a3 sp=0x0000007314bf8328 mode 2
Event: 23.203 Thread 0x00000211009468a0 Uncommon trap: trap_request=0xffffff45 fr.pc=0x00000211100990cc relative=0x0000000000000b0c
Event: 23.203 Thread 0x00000211009468a0 Uncommon trap: reason=unstable_if action=reinterpret pc=0x00000211100990cc method=org.jetbrains.kotlin.load.java.descriptors.JavaMethodDescriptor.createSubstitutedCopy(Lorg/jetbrains/kotlin/descriptors/DeclarationDescriptor;Lorg/jetbrains/kotlin/descripto
Event: 23.203 Thread 0x00000211009468a0 DEOPT PACKING pc=0x00000211100990cc sp=0x0000007314bf6f40
Event: 23.203 Thread 0x00000211009468a0 DEOPT UNPACKING pc=0x000002110f7623a3 sp=0x0000007314bf6f10 mode 2

Classes unloaded (0 events):
No events

Classes redefined (0 events):
No events

Internal exceptions (20 events):
Event: 6.424 Thread 0x00000211009468a0 Exception <a 'java/lang/NoSuchMethodError'{0x000000070ece8930}: 'java.lang.Object java.lang.invoke.Invokers$Holder.linkToTargetMethod(java.lang.Object, java.lang.Object, java.lang.Object, java.lang.Object, java.lang.Object, java.lang.Object, java.lang.Object, java.lang.Object)'> (0x000000070ece8930) 
thrown [s\open\src\hotspot\share\interpreter\linkResolver.cpp, line 759]
Event: 7.557 Thread 0x00000211009468a0 Exception <a 'java/lang/NoSuchMethodError'{0x000000070ea65328}: 'java.lang.Object java.lang.invoke.DirectMethodHandle$Holder.newInvokeSpecial(java.lang.Object, int, java.lang.Object)'> (0x000000070ea65328) 
thrown [s\open\src\hotspot\share\interpreter\linkResolver.cpp, line 759]
Event: 7.559 Thread 0x00000211009468a0 Exception <a 'java/lang/NoSuchMethodError'{0x000000070ea6b6a0}: 'int java.lang.invoke.DirectMethodHandle$Holder.invokeInterface(java.lang.Object, java.lang.Object)'> (0x000000070ea6b6a0) 
thrown [s\open\src\hotspot\share\interpreter\linkResolver.cpp, line 759]
Event: 8.594 Thread 0x00000211009468a0 Exception <a 'java/lang/NoSuchMethodError'{0x0000000717ae4790}: 'void java.lang.invoke.DirectMethodHandle$Holder.invokeInterface(java.lang.Object, java.lang.Object)'> (0x0000000717ae4790) 
thrown [s\open\src\hotspot\share\interpreter\linkResolver.cpp, line 759]
Event: 9.508 Thread 0x00000211009468a0 Exception <a 'java/lang/NoSuchMethodError'{0x0000000716ff5228}: 'java.lang.Object java.lang.invoke.DirectMethodHandle$Holder.newInvokeSpecial(java.lang.Object, java.lang.Object, java.lang.Object, java.lang.Object, java.lang.Object, java.lang.Object)'> (0x0000000716ff5228) 
thrown [s\open\src\hotspot\share\interpreter\linkResolver.cpp, line 759]
Event: 9.987 Thread 0x00000211009468a0 Exception <a 'java/lang/IncompatibleClassChangeError'{0x000000070f0bda60}: Found class java.lang.Object, but interface was expected> (0x000000070f0bda60) 
thrown [s\open\src\hotspot\share\interpreter\linkResolver.cpp, line 826]
Event: 10.945 Thread 0x00000211009468a0 Implicit null exception at 0x000002110ff89558 to 0x000002110ff89e30
Event: 11.039 Thread 0x00000211009468a0 Exception <a 'java/lang/NoSuchMethodError'{0x000000071717b0b8}: 'java.lang.Object java.lang.invoke.DirectMethodHandle$Holder.invokeSpecial(java.lang.Object, java.lang.Object, java.lang.Object, java.lang.Object, java.lang.Object, java.lang.Object, int)'> (0x000000071717b0b8) 
thrown [s\open\src\hotspot\share\interpreter\linkResolver.cpp, line 759]
Event: 13.390 Thread 0x00000211009468a0 Exception <a 'java/lang/NoSuchMethodError'{0x00000007100919a8}: 'java.lang.Object java.lang.invoke.DirectMethodHandle$Holder.newInvokeSpecial(java.lang.Object, int, java.lang.Object, java.lang.Object)'> (0x00000007100919a8) 
thrown [s\open\src\hotspot\share\interpreter\linkResolver.cpp, line 759]
Event: 13.391 Thread 0x00000211009468a0 Exception <a 'java/lang/NoSuchMethodError'{0x00000007100960f8}: 'java.lang.Object java.lang.invoke.DirectMethodHandle$Holder.invokeSpecial(java.lang.Object, java.lang.Object, int, java.lang.Object, java.lang.Object)'> (0x00000007100960f8) 
thrown [s\open\src\hotspot\share\interpreter\linkResolver.cpp, line 759]
Event: 13.394 Thread 0x00000211009468a0 Implicit null exception at 0x000002111003bf17 to 0x000002111003c46b
Event: 13.553 Thread 0x00000211009468a0 Exception <a 'java/lang/NoSuchMethodError'{0x000000070fd60fa0}: 'java.lang.Object java.lang.invoke.DirectMethodHandle$Holder.invokeStatic(java.lang.Object, int, java.lang.Object)'> (0x000000070fd60fa0) 
thrown [s\open\src\hotspot\share\interpreter\linkResolver.cpp, line 759]
Event: 15.886 Thread 0x00000211009468a0 Implicit null exception at 0x00000211100a8d3f to 0x00000211100acd58
Event: 16.337 Thread 0x00000211009468a0 Exception <a 'java/lang/NoSuchMethodError'{0x0000000713e586d8}: 'java.lang.Object java.lang.invoke.DirectMethodHandle$Holder.newInvokeSpecial(java.lang.Object, java.lang.Object, java.lang.Object, java.lang.Object, java.lang.Object, java.lang.Object, java.lang.Object)'> (0x0000000713e586d8) 
thrown [s\open\src\hotspot\share\interpreter\linkResolver.cpp, line 759]
Event: 16.337 Thread 0x00000211009468a0 Exception <a 'java/lang/NoSuchMethodError'{0x0000000713e5d290}: 'java.lang.Object java.lang.invoke.Invokers$Holder.linkToTargetMethod(java.lang.Object, java.lang.Object, java.lang.Object, java.lang.Object, java.lang.Object, java.lang.Object, java.lang.Object)'> (0x0000000713e5d290) 
thrown [s\open\src\hotspot\share\interpreter\linkResolver.cpp, line 759]
Event: 16.522 Thread 0x00000211009468a0 Exception <a 'java/lang/NoSuchMethodError'{0x00000007138b4eb8}: 'int java.lang.invoke.DirectMethodHandle$Holder.invokeStaticInit(java.lang.Object, int)'> (0x00000007138b4eb8) 
thrown [s\open\src\hotspot\share\interpreter\linkResolver.cpp, line 759]
Event: 17.435 Thread 0x00000211009468a0 Implicit null exception at 0x000002111018ff57 to 0x0000021110196948
Event: 18.082 Thread 0x00000211009468a0 Exception <a 'java/lang/NoSuchMethodError'{0x0000000719d89310}: 'java.lang.Object java.lang.invoke.DirectMethodHandle$Holder.invokeInterface(java.lang.Object, java.lang.Object, java.lang.Object)'> (0x0000000719d89310) 
thrown [s\open\src\hotspot\share\interpreter\linkResolver.cpp, line 759]
Event: 18.082 Thread 0x00000211009468a0 Exception <a 'java/lang/IncompatibleClassChangeError'{0x0000000719d8cc80}: Found class java.lang.Object, but interface was expected> (0x0000000719d8cc80) 
thrown [s\open\src\hotspot\share\interpreter\linkResolver.cpp, line 826]
Event: 18.216 Thread 0x00000211009468a0 Implicit null exception at 0x0000021110053fb7 to 0x000002111005451b

VM Operations (20 events):
Event: 21.858 Executing VM operation: HandshakeAllThreads done
Event: 22.117 Executing VM operation: ICBufferFull
Event: 22.118 Executing VM operation: ICBufferFull done
Event: 22.322 Executing VM operation: HandshakeAllThreads
Event: 22.322 Executing VM operation: HandshakeAllThreads done
Event: 22.356 Executing VM operation: HandshakeAllThreads
Event: 22.356 Executing VM operation: HandshakeAllThreads done
Event: 22.360 Executing VM operation: HandshakeAllThreads
Event: 22.361 Executing VM operation: HandshakeAllThreads done
Event: 22.363 Executing VM operation: G1CollectForAllocation
Event: 22.378 Executing VM operation: G1CollectForAllocation done
Event: 22.389 Executing VM operation: HandshakeAllThreads
Event: 22.389 Executing VM operation: HandshakeAllThreads done
Event: 22.786 Executing VM operation: ICBufferFull
Event: 22.787 Executing VM operation: ICBufferFull done
Event: 22.793 Executing VM operation: HandshakeAllThreads
Event: 22.793 Executing VM operation: HandshakeAllThreads done
Event: 23.097 Executing VM operation: ICBufferFull
Event: 23.097 Executing VM operation: ICBufferFull done
Event: 24.105 Executing VM operation: Cleanup

Events (20 events):
Event: 19.566 Thread 0x00000211235cb400 flushing nmethod 0x00000211093f0f10
Event: 19.566 Thread 0x00000211235cb400 flushing nmethod 0x00000211093f7810
Event: 19.566 Thread 0x00000211235cb400 flushing nmethod 0x0000021109402e10
Event: 19.567 Thread 0x00000211235cb400 flushing nmethod 0x000002110942c910
Event: 19.567 Thread 0x00000211235cb400 flushing nmethod 0x000002110944a490
Event: 19.567 Thread 0x00000211235cb400 flushing nmethod 0x00000211094e0090
Event: 19.568 Thread 0x00000211235cb400 flushing nmethod 0x00000211095a6410
Event: 19.568 Thread 0x00000211235cb400 flushing nmethod 0x00000211095a8910
Event: 19.568 Thread 0x00000211235cb400 flushing nmethod 0x00000211095ab690
Event: 19.568 Thread 0x00000211235cb400 flushing nmethod 0x00000211095d1d90
Event: 19.568 Thread 0x00000211235cb400 flushing nmethod 0x00000211095e2190
Event: 19.568 Thread 0x00000211235cb400 flushing nmethod 0x00000211095f7f90
Event: 19.569 Thread 0x00000211235cb400 flushing nmethod 0x0000021109674e90
Event: 19.570 Thread 0x00000211235cb400 flushing nmethod 0x00000211096cda90
Event: 19.570 Thread 0x00000211235cb400 flushing nmethod 0x0000021109703590
Event: 19.571 Thread 0x00000211235cb400 flushing nmethod 0x00000211097af790
Event: 21.861 Thread 0x00000211235cb400 flushing nmethod 0x0000021110034e90
Event: 21.861 Thread 0x00000211235cb400 flushing nmethod 0x0000021110045090
Event: 21.862 Thread 0x00000211235cb400 flushing nmethod 0x0000021110112e10
Event: 21.875 Thread 0x00000211235cb400 flushing nmethod 0x0000021108a3dc10


Dynamic libraries:
0x00007ff644700000 - 0x00007ff644710000 	C:\Program Files\Java\jdk-17\bin\java.exe
0x00007ffde7420000 - 0x00007ffde7683000 	C:\WINDOWS\SYSTEM32\ntdll.dll
0x00007ffde5c80000 - 0x00007ffde5d47000 	C:\WINDOWS\System32\KERNEL32.DLL
0x00007ffde4d20000 - 0x00007ffde50e7000 	C:\WINDOWS\System32\KERNELBASE.dll
0x00007ffde4b40000 - 0x00007ffde4c8c000 	C:\WINDOWS\System32\ucrtbase.dll
0x00007ffd97d10000 - 0x00007ffd97d2b000 	C:\Program Files\Java\jdk-17\bin\VCRUNTIME140.dll
0x00007ffd97d30000 - 0x00007ffd97d49000 	C:\Program Files\Java\jdk-17\bin\jli.dll
0x00007ffde5bc0000 - 0x00007ffde5c74000 	C:\WINDOWS\System32\ADVAPI32.dll
0x00007ffde5a20000 - 0x00007ffde5ac9000 	C:\WINDOWS\System32\msvcrt.dll
0x00007ffde5470000 - 0x00007ffde5516000 	C:\WINDOWS\System32\sechost.dll
0x00007ffde6cf0000 - 0x00007ffde6e06000 	C:\WINDOWS\System32\RPCRT4.dll
0x00007ffde6f70000 - 0x00007ffde7139000 	C:\WINDOWS\System32\USER32.dll
0x00007ffdc9fb0000 - 0x00007ffdca240000 	C:\WINDOWS\WinSxS\amd64_microsoft.windows.common-controls_6595b64144ccf1df_6.0.26100.3037_none_3e09262ce333c378\COMCTL32.dll
0x00007ffde4940000 - 0x00007ffde4967000 	C:\WINDOWS\System32\win32u.dll
0x00007ffde5ad0000 - 0x00007ffde5afa000 	C:\WINDOWS\System32\GDI32.dll
0x00007ffde4970000 - 0x00007ffde4a9b000 	C:\WINDOWS\System32\gdi32full.dll
0x00007ffde51b0000 - 0x00007ffde5253000 	C:\WINDOWS\System32\msvcp_win.dll
0x00007ffddca30000 - 0x00007ffddca3b000 	C:\WINDOWS\SYSTEM32\VERSION.dll
0x00007ffde5b80000 - 0x00007ffde5baf000 	C:\WINDOWS\System32\IMM32.DLL
0x00007ffdb6640000 - 0x00007ffdb664c000 	C:\Program Files\Java\jdk-17\bin\vcruntime140_1.dll
0x00007ffd97c80000 - 0x00007ffd97d0e000 	C:\Program Files\Java\jdk-17\bin\msvcp140.dll
0x00007ffd97090000 - 0x00007ffd97c71000 	C:\Program Files\Java\jdk-17\bin\server\jvm.dll
0x00007ffde6020000 - 0x00007ffde6028000 	C:\WINDOWS\System32\PSAPI.DLL
0x00007ffdb60e0000 - 0x00007ffdb60ea000 	C:\WINDOWS\SYSTEM32\WSOCK32.dll
0x00007ffde5b00000 - 0x00007ffde5b74000 	C:\WINDOWS\System32\WS2_32.dll
0x00007ffddc9f0000 - 0x00007ffddca26000 	C:\WINDOWS\SYSTEM32\WINMM.dll
0x00007ffde35f0000 - 0x00007ffde360a000 	C:\WINDOWS\SYSTEM32\kernel.appcore.dll
0x00007ffdb60a0000 - 0x00007ffdb60aa000 	C:\Program Files\Java\jdk-17\bin\jimage.dll
0x00007ffde21f0000 - 0x00007ffde2431000 	C:\WINDOWS\SYSTEM32\DBGHELP.DLL
0x00007ffde6960000 - 0x00007ffde6cde000 	C:\WINDOWS\System32\combase.dll
0x00007ffde5d50000 - 0x00007ffde5e26000 	C:\WINDOWS\System32\OLEAUT32.dll
0x00007ffdb3a60000 - 0x00007ffdb3a99000 	C:\WINDOWS\SYSTEM32\dbgcore.DLL
0x00007ffde4aa0000 - 0x00007ffde4b39000 	C:\WINDOWS\System32\bcryptPrimitives.dll
0x00007ffd97060000 - 0x00007ffd97085000 	C:\Program Files\Java\jdk-17\bin\java.dll
0x00007ffd96f80000 - 0x00007ffd97057000 	C:\Program Files\Java\jdk-17\bin\jsvml.dll
0x00007ffde61c0000 - 0x00007ffde68c4000 	C:\WINDOWS\System32\SHELL32.dll
0x00007ffde24a0000 - 0x00007ffde2cd7000 	C:\WINDOWS\SYSTEM32\windows.storage.dll
0x00007ffde7160000 - 0x00007ffde7249000 	C:\WINDOWS\System32\SHCORE.dll
0x00007ffde7380000 - 0x00007ffde73dd000 	C:\WINDOWS\System32\shlwapi.dll
0x00007ffde46d0000 - 0x00007ffde46fe000 	C:\WINDOWS\SYSTEM32\profapi.dll
0x00007ffd96f60000 - 0x00007ffd96f79000 	C:\Program Files\Java\jdk-17\bin\net.dll
0x00007ffddd080000 - 0x00007ffddd19e000 	C:\WINDOWS\SYSTEM32\WINHTTP.dll
0x00007ffde3b00000 - 0x00007ffde3b6a000 	C:\WINDOWS\system32\mswsock.dll
0x00007ffd96f40000 - 0x00007ffd96f56000 	C:\Program Files\Java\jdk-17\bin\nio.dll
0x00007ffd96f20000 - 0x00007ffd96f38000 	C:\Program Files\Java\jdk-17\bin\zip.dll
0x00007ffdb3470000 - 0x00007ffdb3480000 	C:\Program Files\Java\jdk-17\bin\verify.dll

dbghelp: loaded successfully - version: 4.0.5 - missing functions: none
symbol engine: initialized successfully - sym options: 0x614 - pdb path: .;C:\Program Files\Java\jdk-17\bin;C:\WINDOWS\SYSTEM32;C:\WINDOWS\WinSxS\amd64_microsoft.windows.common-controls_6595b64144ccf1df_6.0.26100.3037_none_3e09262ce333c378;C:\Program Files\Java\jdk-17\bin\server

VM Arguments:
java_command: org.jetbrains.kotlin.cli.jvm.K2JVMCompiler @C:\Users\Debasis\Desktop\hesham\faceflip\node_modules\react-native-screens\android\build\20250310_14222671090997403167.compiler.options
java_class_path (initial): C:\Users\Debasis\.gradle\caches\modules-2\files-2.1\org.jetbrains.kotlin\kotlin-compiler-embeddable\1.9.24\78dab849090e6c5e2eadb6e59a11cdc28fb67a08\kotlin-compiler-embeddable-1.9.24.jar;C:\Users\Debasis\.gradle\caches\modules-2\files-2.1\org.jetbrains.kotlin\kotlin-stdlib\1.9.24\9928532f12c66ad816a625b3f9984f8368ca6d2b\kotlin-stdlib-1.9.24.jar;C:\Users\Debasis\.gradle\caches\modules-2\files-2.1\org.jetbrains.kotlin\kotlin-script-runtime\1.9.24\96771497da90fbc5af1c90fce148db2595a62502\kotlin-script-runtime-1.9.24.jar;C:\Users\Debasis\.gradle\caches\modules-2\files-2.1\org.jetbrains.kotlin\kotlin-reflect\1.6.10\1cbe9c92c12a94eea200d23c2bbaedaf3daf5132\kotlin-reflect-1.6.10.jar;C:\Users\Debasis\.gradle\caches\modules-2\files-2.1\org.jetbrains.kotlin\kotlin-daemon-embeddable\1.9.24\86685b9c5e8d170925bd9ddbdc263374a6a73281\kotlin-daemon-embeddable-1.9.24.jar;C:\Users\Debasis\.gradle\caches\modules-2\files-2.1\org.jetbrains.intellij.deps\trove4j\1.0.20200330\3afb14d5f9ceb459d724e907a21145e8ff394f02\trove4j-1.0.20200330.jar;C:\Users\Debasis\.gradle\caches\modules-2\files-2.1\org.jetbrains\annotations\13.0\919f0dfe192fb4e063e7dacadee7f8bb9a2672a9\annotations-13.0.jar
Launcher Type: SUN_STANDARD

[Global flags]
     intx CICompilerCount                          = 4                                         {product} {ergonomic}
     uint ConcGCThreads                            = 3                                         {product} {ergonomic}
     uint G1ConcRefinementThreads                  = 10                                        {product} {ergonomic}
   size_t G1HeapRegionSize                         = 2097152                                   {product} {ergonomic}
    uintx GCDrainStackTargetSize                   = 64                                        {product} {ergonomic}
   size_t InitialHeapSize                          = 257949696                                 {product} {ergonomic}
   size_t MarkStackSize                            = 4194304                                   {product} {ergonomic}
   size_t MaxHeapSize                              = 4118806528                                {product} {ergonomic}
   size_t MaxNewSize                               = 2470445056                                {product} {ergonomic}
   size_t MinHeapDeltaBytes                        = 2097152                                   {product} {ergonomic}
   size_t MinHeapSize                              = 8388608                                   {product} {ergonomic}
    uintx NonNMethodCodeHeapSize                   = 5839372                                {pd product} {ergonomic}
    uintx NonProfiledCodeHeapSize                  = 122909434                              {pd product} {ergonomic}
    uintx ProfiledCodeHeapSize                     = 122909434                              {pd product} {ergonomic}
    uintx ReservedCodeCacheSize                    = 251658240                              {pd product} {ergonomic}
     bool SegmentedCodeCache                       = true                                      {product} {ergonomic}
   size_t SoftMaxHeapSize                          = 4118806528                             {manageable} {ergonomic}
     bool UseCompressedClassPointers               = true                           {product lp64_product} {ergonomic}
     bool UseCompressedOops                        = true                           {product lp64_product} {ergonomic}
     bool UseG1GC                                  = true                                      {product} {ergonomic}
     bool UseLargePagesIndividualAllocation        = false                                  {pd product} {ergonomic}

Logging:
Log output configuration:
 #0: stdout all=warning uptime,level,tags
 #1: stderr all=off uptime,level,tags

Environment Variables:
JAVA_HOME=C:\Program Files\Java\jdk-17
CLASSPATH=C:\Users\Debasis\Desktop\hesham\faceflip\android\\gradle\wrapper\gradle-wrapper.jar
PATH=C:\Users\Debasis\Desktop\hesham\faceflip\node_modules\.bin;C:\Users\Debasis\Desktop\hesham\node_modules\.bin;C:\Users\Debasis\Desktop\node_modules\.bin;C:\Users\Debasis\node_modules\.bin;C:\Users\node_modules\.bin;C:\node_modules\.bin;C:\Users\deepa\AppData\Roaming\nvm\v20.11.1\node_modules\npm\node_modules\@npmcli\run-script\lib\node-gyp-bin;C:\Python313\Scripts\;C:\Python313\;C:\Program Files\Eclipse Adoptium\jdk-21.0.6.7-hotspot\bin;C:\WINDOWS\system32;C:\WINDOWS;C:\WINDOWS\System32\Wbem;C:\WINDOWS\System32\WindowsPowerShell\v1.0\;C:\WINDOWS\System32\OpenSSH\;C:\Users\Debasis\AppData\Local\android\Sdk\platform-tools;C:\src\flutter\bin;C:\Program Files\Java\jdk-11\bin;C:\Users\deepa\AppData\Roaming\nvm;C:\Program Files\nodejs;C:\Program Files\Docker\Docker\resources\bin;C:\Program Files\PuTTY\;C:\Program Files\nodejs\;C:\ProgramData\chocolatey\bin;C:\Users\Debasis\AppData\Local\Microsoft\WindowsApps;C:\Users\Debasis\AppData\Local\Programs\Git\cmd;C:\Users\Debasis\AppData\Local\Programs\Microsoft VS Code\bin;C:\Users\Debasis\AppData\Local\android\Sdk;C:\Users\Debasis\AppData\Roaming\npm;
USERNAME=Debasis
OS=Windows_NT
PROCESSOR_IDENTIFIER=AMD64 Family 23 Model 104 Stepping 1, AuthenticAMD



---------------  S Y S T E M  ---------------

OS:
 Windows 11 , 64 bit Build 26100 (10.0.26100.3037)
OS uptime: 0 days 0:21 hours
Hyper-V role detected

CPU: total 12 (initial active 12) (12 cores per cpu, 2 threads per core) family 23 model 104 stepping 1 microcode 0x8608103, cx8, cmov, fxsr, ht, mmx, 3dnowpref, sse, sse2, sse3, ssse3, sse4a, sse4.1, sse4.2, popcnt, lzcnt, tsc, tscinvbit, avx, avx2, aes, clmul, bmi1, bmi2, adx, sha, fma, vzeroupper, clflush, clflushopt, hv

Memory: 4k page, system-wide physical 15706M (2925M free)
TotalPageFile size 15706M (AvailPageFile size 15M)
current process WorkingSet (physical memory assigned to process): 380M, peak: 396M
current process commit charge ("private bytes"): 426M, peak: 442M

vm_info: Java HotSpot(TM) 64-Bit Server VM (17.0.9+11-LTS-201) for windows-amd64 JRE (17.0.9+11-LTS-201), built on Oct 10 2023 23:16:06 by "mach5one" with MS VC++ 17.1 (VS2022)

END.
