#
# There is insufficient memory for the Java Runtime Environment to continue.
# Native memory allocation (malloc) failed to allocate 32744 bytes for ChunkPool::allocate
# Possible reasons:
#   The system is out of physical RAM or swap space
#   The process is running with CompressedOops enabled, and the Java Heap may be blocking the growth of the native heap
# Possible solutions:
#   Reduce memory load on the system
#   Increase physical memory or swap space
#   Check if swap backing store is full
#   Decrease Java heap size (-Xmx/-Xms)
#   Decrease number of Java threads
#   Decrease Java thread stack sizes (-Xss)
#   Set larger code cache with -XX:ReservedCodeCacheSize=
#   JVM is running with Unscaled Compressed Oops mode in which the Java heap is
#     placed in the first 4GB address space. The Java Heap base address is the
#     maximum limit for the native heap growth. Please use -XX:HeapBaseMinAddress
#     to set the Java Heap base and to place the Java Heap above 4GB virtual address.
# This output file may be truncated or incomplete.
#
#  Out of Memory Error (arena.cpp:78), pid=19088, tid=19092
#
# JRE version: Java(TM) SE Runtime Environment (17.0.9+11) (build 17.0.9+11-LTS-201)
# Java VM: Java HotSpot(TM) 64-Bit Server VM (17.0.9+11-LTS-201, mixed mode, sharing, tiered, compressed oops, compressed class ptrs, g1 gc, windows-amd64)
# No core dump will be written. Minidumps are not enabled by default on client versions of Windows
#

---------------  S U M M A R Y ------------

Command Line: -Xmx64m -Xms64m -Dorg.gradle.appname=gradlew org.gradle.wrapper.GradleWrapperMain assembleRelease

Host: AMD Ryzen 5 5500U with Radeon Graphics         , 12 cores, 15G,  Windows 11 , 64 bit Build 26100 (10.0.26100.3037)
Time: Mon Mar 10 13:47:15 2025 India Standard Time elapsed time: 165.697883 seconds (0d 0h 2m 45s)

---------------  T H R E A D  ---------------

Current thread (0x00000239592d1bb0):  JavaThread "C2 CompilerThread0" daemon [_thread_in_native, id=19092, stack(0x0000004e47400000,0x0000004e47500000)]


Current CompileTask:
C2: 165697 1921       4       org.fusesource.jansi.Ansi::flushAttributes (94 bytes)

Stack: [0x0000004e47400000,0x0000004e47500000]
Native frames: (J=compiled Java code, j=interpreted, Vv=VM code, C=native code)
V  [jvm.dll+0x678a4a]
V  [jvm.dll+0x7d9cfd]
V  [jvm.dll+0x7db60e]
V  [jvm.dll+0x7dbc73]
V  [jvm.dll+0x245e1f]
V  [jvm.dll+0xaad50]
V  [jvm.dll+0xab09c]
V  [jvm.dll+0x2a0e43]
V  [jvm.dll+0x2a0bff]
V  [jvm.dll+0x79d2e0]
V  [jvm.dll+0x347141]
V  [jvm.dll+0x344fcc]
V  [jvm.dll+0x54976f]
V  [jvm.dll+0x55b627]
V  [jvm.dll+0x547273]
V  [jvm.dll+0x2aaa1c]
V  [jvm.dll+0x691043]
V  [jvm.dll+0x689016]
V  [jvm.dll+0x688660]
V  [jvm.dll+0x68656a]
V  [jvm.dll+0x1a6ddc]
V  [jvm.dll+0x2aaa1c]
V  [jvm.dll+0x691043]
V  [jvm.dll+0x689016]
V  [jvm.dll+0x688660]
V  [jvm.dll+0x68656a]
V  [jvm.dll+0x1a6ddc]
V  [jvm.dll+0x1a796b]
V  [jvm.dll+0x2aaa1c]
V  [jvm.dll+0x691043]
V  [jvm.dll+0x689016]
V  [jvm.dll+0x688660]
V  [jvm.dll+0x68656a]
V  [jvm.dll+0x1a6ddc]
V  [jvm.dll+0x217118]
V  [jvm.dll+0x1a3bc0]
V  [jvm.dll+0x2272de]
V  [jvm.dll+0x22548b]
V  [jvm.dll+0x78f58c]
V  [jvm.dll+0x78998a]
V  [jvm.dll+0x677875]
C  [ucrtbase.dll+0x37b0]
C  [KERNEL32.DLL+0x2e8d7]
C  [ntdll.dll+0xbbf2c]


---------------  P R O C E S S  ---------------

Threads class SMR info:
_java_thread_list=0x000002399fef6120, length=13, elements={
0x000002393f71bd80, 0x000002393f7d4560, 0x000002393f7d7130, 0x00000239592cf1c0,
0x00000239592cfa90, 0x00000239592d0450, 0x00000239592d0e10, 0x00000239592d1bb0,
0x00000239592d2660, 0x00000239592d3060, 0x0000023959531830, 0x00000239595331e0,
0x000002399f60e090
}

Java Threads: ( => current thread )
  0x000002393f71bd80 JavaThread "main" [_thread_in_native, id=9300, stack(0x0000004e46700000,0x0000004e46800000)]
  0x000002393f7d4560 JavaThread "Reference Handler" daemon [_thread_blocked, id=7864, stack(0x0000004e46e00000,0x0000004e46f00000)]
  0x000002393f7d7130 JavaThread "Finalizer" daemon [_thread_blocked, id=19436, stack(0x0000004e46f00000,0x0000004e47000000)]
  0x00000239592cf1c0 JavaThread "Signal Dispatcher" daemon [_thread_blocked, id=18192, stack(0x0000004e47000000,0x0000004e47100000)]
  0x00000239592cfa90 JavaThread "Attach Listener" daemon [_thread_blocked, id=18204, stack(0x0000004e47100000,0x0000004e47200000)]
  0x00000239592d0450 JavaThread "Service Thread" daemon [_thread_blocked, id=18136, stack(0x0000004e47200000,0x0000004e47300000)]
  0x00000239592d0e10 JavaThread "Monitor Deflation Thread" daemon [_thread_blocked, id=18200, stack(0x0000004e47300000,0x0000004e47400000)]
=>0x00000239592d1bb0 JavaThread "C2 CompilerThread0" daemon [_thread_in_native, id=19092, stack(0x0000004e47400000,0x0000004e47500000)]
  0x00000239592d2660 JavaThread "C1 CompilerThread0" daemon [_thread_blocked, id=9720, stack(0x0000004e47500000,0x0000004e47600000)]
  0x00000239592d3060 JavaThread "Sweeper thread" daemon [_thread_blocked, id=18228, stack(0x0000004e47600000,0x0000004e47700000)]
  0x0000023959531830 JavaThread "Notification Thread" daemon [_thread_blocked, id=16684, stack(0x0000004e47700000,0x0000004e47800000)]
  0x00000239595331e0 JavaThread "Common-Cleaner" daemon [_thread_blocked, id=17452, stack(0x0000004e47900000,0x0000004e47a00000)]
  0x000002399f60e090 JavaThread "pool-1-thread-1" [_thread_blocked, id=17380, stack(0x0000004e47f00000,0x0000004e48000000)]

Other Threads:
  0x000002393f7d0680 VMThread "VM Thread" [stack: 0x0000004e46d00000,0x0000004e46e00000] [id=19336]
  0x0000023959532730 WatcherThread [stack: 0x0000004e47800000,0x0000004e47900000] [id=11572]
  0x000002393f73d3a0 GCTaskThread "GC Thread#0" [stack: 0x0000004e46800000,0x0000004e46900000] [id=18532]
  0x000002399f0b4a20 GCTaskThread "GC Thread#1" [stack: 0x0000004e47c00000,0x0000004e47d00000] [id=12032]
  0x000002399f367cf0 GCTaskThread "GC Thread#2" [stack: 0x0000004e47d00000,0x0000004e47e00000] [id=10256]
  0x000002399f3bbc60 GCTaskThread "GC Thread#3" [stack: 0x0000004e47e00000,0x0000004e47f00000] [id=17404]
  0x00000239a017acf0 GCTaskThread "GC Thread#4" [stack: 0x0000004e47a00000,0x0000004e47b00000] [id=18196]
  0x000002399fbc18d0 GCTaskThread "GC Thread#5" [stack: 0x0000004e47b00000,0x0000004e47c00000] [id=16548]
  0x000002399f950180 GCTaskThread "GC Thread#6" [stack: 0x0000004e48000000,0x0000004e48100000] [id=2784]
  0x000002393f73eaf0 ConcurrentGCThread "G1 Main Marker" [stack: 0x0000004e46900000,0x0000004e46a00000] [id=8616]
  0x000002393f7411e0 ConcurrentGCThread "G1 Conc#0" [stack: 0x0000004e46a00000,0x0000004e46b00000] [id=19244]
  0x000002393f7af280 ConcurrentGCThread "G1 Refine#0" [stack: 0x0000004e46b00000,0x0000004e46c00000] [id=18980]
  0x000002393f7b0b60 ConcurrentGCThread "G1 Service" [stack: 0x0000004e46c00000,0x0000004e46d00000] [id=19320]

Threads with active compile tasks:
C2 CompilerThread0   166735 1921       4       org.fusesource.jansi.Ansi::flushAttributes (94 bytes)

VM state: not at safepoint (normal execution)

VM Mutex/Monitor currently owned by a thread: None

Heap address: 0x00000000fc000000, size: 64 MB, Compressed Oops mode: 32-bit

CDS archive(s) mapped at: [0x000002395a000000-0x000002395abd0000-0x000002395abd0000), size 12386304, SharedBaseAddress: 0x000002395a000000, ArchiveRelocationMode: 1.
Compressed class space mapped at: 0x000002395b000000-0x000002399b000000, reserved size: 1073741824
Narrow klass base: 0x000002395a000000, Narrow klass shift: 0, Narrow klass range: 0x100000000

GC Precious Log:
 CPUs: 12 total, 12 available
 Memory: 15706M
 Large Page Support: Disabled
 NUMA Support: Disabled
 Compressed Oops: Enabled (32-bit)
 Heap Region Size: 1M
 Heap Min Capacity: 64M
 Heap Initial Capacity: 64M
 Heap Max Capacity: 64M
 Pre-touch: Disabled
 Parallel Workers: 10
 Concurrent Workers: 3
 Concurrent Refinement Workers: 10
 Periodic GC: Disabled

Heap:
 garbage-first heap   total 65536K, used 21838K [0x00000000fc000000, 0x0000000100000000)
  region size 1024K, 14 young (14336K), 4 survivors (4096K)
 Metaspace       used 10034K, committed 10240K, reserved 1114112K
  class space    used 1308K, committed 1408K, reserved 1048576K

Heap Regions: E=young(eden), S=young(survivor), O=old, HS=humongous(starts), HC=humongous(continues), CS=collection set, F=free, OA=open archive, CA=closed archive, TAMS=top-at-mark-start (previous, next)
|   0|0x00000000fc000000, 0x00000000fc100000, 0x00000000fc100000|100%| O|  |TAMS 0x00000000fc000000, 0x00000000fc000000| Untracked 
|   1|0x00000000fc100000, 0x00000000fc200000, 0x00000000fc200000|100%| O|  |TAMS 0x00000000fc100000, 0x00000000fc100000| Untracked 
|   2|0x00000000fc200000, 0x00000000fc300000, 0x00000000fc300000|100%|HS|  |TAMS 0x00000000fc200000, 0x00000000fc200000| Complete 
|   3|0x00000000fc300000, 0x00000000fc400000, 0x00000000fc400000|100%|HC|  |TAMS 0x00000000fc300000, 0x00000000fc300000| Complete 
|   4|0x00000000fc400000, 0x00000000fc500000, 0x00000000fc500000|100%|HC|  |TAMS 0x00000000fc400000, 0x00000000fc400000| Complete 
|   5|0x00000000fc500000, 0x00000000fc600000, 0x00000000fc600000|100%|HC|  |TAMS 0x00000000fc500000, 0x00000000fc500000| Complete 
|   6|0x00000000fc600000, 0x00000000fc700000, 0x00000000fc700000|100%| O|  |TAMS 0x00000000fc600000, 0x00000000fc600000| Untracked 
|   7|0x00000000fc700000, 0x00000000fc800000, 0x00000000fc800000|100%| O|  |TAMS 0x00000000fc700000, 0x00000000fc700000| Untracked 
|   8|0x00000000fc800000, 0x00000000fc865e00, 0x00000000fc900000| 39%| O|  |TAMS 0x00000000fc800000, 0x00000000fc800000| Untracked 
|   9|0x00000000fc900000, 0x00000000fc900000, 0x00000000fca00000|  0%| F|  |TAMS 0x00000000fc900000, 0x00000000fc900000| Untracked 
|  10|0x00000000fca00000, 0x00000000fca00000, 0x00000000fcb00000|  0%| F|  |TAMS 0x00000000fca00000, 0x00000000fca00000| Untracked 
|  11|0x00000000fcb00000, 0x00000000fcb00000, 0x00000000fcc00000|  0%| F|  |TAMS 0x00000000fcb00000, 0x00000000fcb00000| Untracked 
|  12|0x00000000fcc00000, 0x00000000fcc00000, 0x00000000fcd00000|  0%| F|  |TAMS 0x00000000fcc00000, 0x00000000fcc00000| Untracked 
|  13|0x00000000fcd00000, 0x00000000fcd00000, 0x00000000fce00000|  0%| F|  |TAMS 0x00000000fcd00000, 0x00000000fcd00000| Untracked 
|  14|0x00000000fce00000, 0x00000000fce00000, 0x00000000fcf00000|  0%| F|  |TAMS 0x00000000fce00000, 0x00000000fce00000| Untracked 
|  15|0x00000000fcf00000, 0x00000000fcf00000, 0x00000000fd000000|  0%| F|  |TAMS 0x00000000fcf00000, 0x00000000fcf00000| Untracked 
|  16|0x00000000fd000000, 0x00000000fd000000, 0x00000000fd100000|  0%| F|  |TAMS 0x00000000fd000000, 0x00000000fd000000| Untracked 
|  17|0x00000000fd100000, 0x00000000fd100000, 0x00000000fd200000|  0%| F|  |TAMS 0x00000000fd100000, 0x00000000fd100000| Untracked 
|  18|0x00000000fd200000, 0x00000000fd200000, 0x00000000fd300000|  0%| F|  |TAMS 0x00000000fd200000, 0x00000000fd200000| Untracked 
|  19|0x00000000fd300000, 0x00000000fd300000, 0x00000000fd400000|  0%| F|  |TAMS 0x00000000fd300000, 0x00000000fd300000| Untracked 
|  20|0x00000000fd400000, 0x00000000fd400000, 0x00000000fd500000|  0%| F|  |TAMS 0x00000000fd400000, 0x00000000fd400000| Untracked 
|  21|0x00000000fd500000, 0x00000000fd500000, 0x00000000fd600000|  0%| F|  |TAMS 0x00000000fd500000, 0x00000000fd500000| Untracked 
|  22|0x00000000fd600000, 0x00000000fd600000, 0x00000000fd700000|  0%| F|  |TAMS 0x00000000fd600000, 0x00000000fd600000| Untracked 
|  23|0x00000000fd700000, 0x00000000fd700000, 0x00000000fd800000|  0%| F|  |TAMS 0x00000000fd700000, 0x00000000fd700000| Untracked 
|  24|0x00000000fd800000, 0x00000000fd800000, 0x00000000fd900000|  0%| F|  |TAMS 0x00000000fd800000, 0x00000000fd800000| Untracked 
|  25|0x00000000fd900000, 0x00000000fd900000, 0x00000000fda00000|  0%| F|  |TAMS 0x00000000fd900000, 0x00000000fd900000| Untracked 
|  26|0x00000000fda00000, 0x00000000fda00000, 0x00000000fdb00000|  0%| F|  |TAMS 0x00000000fda00000, 0x00000000fda00000| Untracked 
|  27|0x00000000fdb00000, 0x00000000fdb00000, 0x00000000fdc00000|  0%| F|  |TAMS 0x00000000fdb00000, 0x00000000fdb00000| Untracked 
|  28|0x00000000fdc00000, 0x00000000fdc00000, 0x00000000fdd00000|  0%| F|  |TAMS 0x00000000fdc00000, 0x00000000fdc00000| Untracked 
|  29|0x00000000fdd00000, 0x00000000fdd00000, 0x00000000fde00000|  0%| F|  |TAMS 0x00000000fdd00000, 0x00000000fdd00000| Untracked 
|  30|0x00000000fde00000, 0x00000000fdeedc00, 0x00000000fdf00000| 92%| S|CS|TAMS 0x00000000fde00000, 0x00000000fde00000| Complete 
|  31|0x00000000fdf00000, 0x00000000fe000000, 0x00000000fe000000|100%| S|CS|TAMS 0x00000000fdf00000, 0x00000000fdf00000| Complete 
|  32|0x00000000fe000000, 0x00000000fe100000, 0x00000000fe100000|100%| S|CS|TAMS 0x00000000fe000000, 0x00000000fe000000| Complete 
|  33|0x00000000fe100000, 0x00000000fe200000, 0x00000000fe200000|100%| S|CS|TAMS 0x00000000fe100000, 0x00000000fe100000| Complete 
|  34|0x00000000fe200000, 0x00000000fe200000, 0x00000000fe300000|  0%| F|  |TAMS 0x00000000fe200000, 0x00000000fe200000| Untracked 
|  35|0x00000000fe300000, 0x00000000fe300000, 0x00000000fe400000|  0%| F|  |TAMS 0x00000000fe300000, 0x00000000fe300000| Untracked 
|  36|0x00000000fe400000, 0x00000000fe400000, 0x00000000fe500000|  0%| F|  |TAMS 0x00000000fe400000, 0x00000000fe400000| Untracked 
|  37|0x00000000fe500000, 0x00000000fe500000, 0x00000000fe600000|  0%| F|  |TAMS 0x00000000fe500000, 0x00000000fe500000| Untracked 
|  38|0x00000000fe600000, 0x00000000fe600000, 0x00000000fe700000|  0%| F|  |TAMS 0x00000000fe600000, 0x00000000fe600000| Untracked 
|  39|0x00000000fe700000, 0x00000000fe700000, 0x00000000fe800000|  0%| F|  |TAMS 0x00000000fe700000, 0x00000000fe700000| Untracked 
|  40|0x00000000fe800000, 0x00000000fe800000, 0x00000000fe900000|  0%| F|  |TAMS 0x00000000fe800000, 0x00000000fe800000| Untracked 
|  41|0x00000000fe900000, 0x00000000fe900000, 0x00000000fea00000|  0%| F|  |TAMS 0x00000000fe900000, 0x00000000fe900000| Untracked 
|  42|0x00000000fea00000, 0x00000000fea00000, 0x00000000feb00000|  0%| F|  |TAMS 0x00000000fea00000, 0x00000000fea00000| Untracked 
|  43|0x00000000feb00000, 0x00000000feb00000, 0x00000000fec00000|  0%| F|  |TAMS 0x00000000feb00000, 0x00000000feb00000| Untracked 
|  44|0x00000000fec00000, 0x00000000fec00000, 0x00000000fed00000|  0%| F|  |TAMS 0x00000000fec00000, 0x00000000fec00000| Untracked 
|  45|0x00000000fed00000, 0x00000000fed00000, 0x00000000fee00000|  0%| F|  |TAMS 0x00000000fed00000, 0x00000000fed00000| Untracked 
|  46|0x00000000fee00000, 0x00000000fee00000, 0x00000000fef00000|  0%| F|  |TAMS 0x00000000fee00000, 0x00000000fee00000| Untracked 
|  47|0x00000000fef00000, 0x00000000fef00000, 0x00000000ff000000|  0%| F|  |TAMS 0x00000000fef00000, 0x00000000fef00000| Untracked 
|  48|0x00000000ff000000, 0x00000000ff000000, 0x00000000ff100000|  0%| F|  |TAMS 0x00000000ff000000, 0x00000000ff000000| Untracked 
|  49|0x00000000ff100000, 0x00000000ff100000, 0x00000000ff200000|  0%| F|  |TAMS 0x00000000ff100000, 0x00000000ff100000| Untracked 
|  50|0x00000000ff200000, 0x00000000ff200000, 0x00000000ff300000|  0%| F|  |TAMS 0x00000000ff200000, 0x00000000ff200000| Untracked 
|  51|0x00000000ff300000, 0x00000000ff300000, 0x00000000ff400000|  0%| F|  |TAMS 0x00000000ff300000, 0x00000000ff300000| Untracked 
|  52|0x00000000ff400000, 0x00000000ff400000, 0x00000000ff500000|  0%| F|  |TAMS 0x00000000ff400000, 0x00000000ff400000| Untracked 
|  53|0x00000000ff500000, 0x00000000ff500000, 0x00000000ff600000|  0%| F|  |TAMS 0x00000000ff500000, 0x00000000ff500000| Untracked 
|  54|0x00000000ff600000, 0x00000000ff6628d0, 0x00000000ff700000| 38%| E|  |TAMS 0x00000000ff600000, 0x00000000ff600000| Complete 
|  55|0x00000000ff700000, 0x00000000ff800000, 0x00000000ff800000|100%| E|CS|TAMS 0x00000000ff700000, 0x00000000ff700000| Complete 
|  56|0x00000000ff800000, 0x00000000ff900000, 0x00000000ff900000|100%| E|CS|TAMS 0x00000000ff800000, 0x00000000ff800000| Complete 
|  57|0x00000000ff900000, 0x00000000ffa00000, 0x00000000ffa00000|100%| E|CS|TAMS 0x00000000ff900000, 0x00000000ff900000| Complete 
|  58|0x00000000ffa00000, 0x00000000ffb00000, 0x00000000ffb00000|100%| E|CS|TAMS 0x00000000ffa00000, 0x00000000ffa00000| Complete 
|  59|0x00000000ffb00000, 0x00000000ffc00000, 0x00000000ffc00000|100%| E|CS|TAMS 0x00000000ffb00000, 0x00000000ffb00000| Complete 
|  60|0x00000000ffc00000, 0x00000000ffd00000, 0x00000000ffd00000|100%| E|CS|TAMS 0x00000000ffc00000, 0x00000000ffc00000| Complete 
|  61|0x00000000ffd00000, 0x00000000ffe00000, 0x00000000ffe00000|100%| E|CS|TAMS 0x00000000ffd00000, 0x00000000ffd00000| Complete 
|  62|0x00000000ffe00000, 0x00000000fff00000, 0x00000000fff00000|100%| E|CS|TAMS 0x00000000ffe00000, 0x00000000ffe00000| Complete 
|  63|0x00000000fff00000, 0x0000000100000000, 0x0000000100000000|100%| E|CS|TAMS 0x00000000fff00000, 0x00000000fff00000| Complete 

Card table byte_map: [0x000002393ee20000,0x000002393ee40000] _byte_map_base: 0x000002393e640000

Marking Bits (Prev, Next): (CMBitMap*) 0x000002393f73d9c0, (CMBitMap*) 0x000002393f73da00
 Prev Bits: [0x0000023956510000, 0x0000023956610000)
 Next Bits: [0x0000023956610000, 0x0000023956710000)

Polling page: 0x000002393d3d0000

Metaspace:

Usage:
  Non-class:      8.52 MB used.
      Class:      1.28 MB used.
       Both:      9.80 MB used.

Virtual space:
  Non-class space:       64.00 MB reserved,       8.62 MB ( 13%) committed,  1 nodes.
      Class space:        1.00 GB reserved,       1.38 MB ( <1%) committed,  1 nodes.
             Both:        1.06 GB reserved,      10.00 MB ( <1%) committed. 

Chunk freelists:
   Non-Class:  7.26 MB
       Class:  14.47 MB
        Both:  21.73 MB

MaxMetaspaceSize: unlimited
CompressedClassSpaceSize: 1.00 GB
Initial GC threshold: 21.00 MB
Current GC threshold: 21.00 MB
CDS: on
MetaspaceReclaimPolicy: balanced
 - commit_granule_bytes: 65536.
 - commit_granule_words: 8192.
 - virtual_space_node_default_size: 8388608.
 - enlarge_chunks_in_place: 1.
 - new_chunks_are_fully_committed: 0.
 - uncommit_free_chunks: 1.
 - use_allocation_guard: 0.
 - handle_deallocations: 1.


Internal statistics:

num_allocs_failed_limit: 0.
num_arena_births: 74.
num_arena_deaths: 0.
num_vsnodes_births: 2.
num_vsnodes_deaths: 0.
num_space_committed: 160.
num_space_uncommitted: 0.
num_chunks_returned_to_freelist: 0.
num_chunks_taken_from_freelist: 352.
num_chunk_merges: 0.
num_chunk_splits: 237.
num_chunks_enlarged: 197.
num_inconsistent_stats: 0.

CodeHeap 'non-profiled nmethods': size=120000Kb used=851Kb max_used=851Kb free=119148Kb
 bounds [0x000002394ea90000, 0x000002394ed00000, 0x0000023955fc0000]
CodeHeap 'profiled nmethods': size=120000Kb used=3563Kb max_used=3563Kb free=116436Kb
 bounds [0x0000023946fc0000, 0x0000023947340000, 0x000002394e4f0000]
CodeHeap 'non-nmethods': size=5760Kb used=1180Kb max_used=1218Kb free=4579Kb
 bounds [0x000002394e4f0000, 0x000002394e760000, 0x000002394ea90000]
 total_blobs=2390 nmethods=1920 adapters=382
 compilation: enabled
              stopped_count=0, restarted_count=0
 full_count=0

Compilation events (20 events):
Event: 153.157 Thread 0x00000239592d2660 1913       3       java.util.ArrayList::equalsArrayList (108 bytes)
Event: 153.157 Thread 0x00000239592d2660 nmethod 1913 0x000002394733a110 code [0x000002394733a320, 0x000002394733aa88]
Event: 153.451 Thread 0x00000239592d1bb0 nmethod 1911 0x000002394eb55910 code [0x000002394eb56120, 0x000002394eb5bfe0]
Event: 153.451 Thread 0x00000239592d1bb0 1914       4       java.util.HashSet::contains (9 bytes)
Event: 153.453 Thread 0x00000239592d1bb0 nmethod 1914 0x000002394eb60f10 code [0x000002394eb610c0, 0x000002394eb613d8]
Event: 153.453 Thread 0x00000239592d1bb0 1912       4       java.util.concurrent.locks.ReentrantLock$NonfairSync::initialTryLock (58 bytes)
Event: 153.454 Thread 0x00000239592d1bb0 nmethod 1912 0x000002394eb61690 code [0x000002394eb61800, 0x000002394eb61978]
Event: 154.362 Thread 0x00000239592d1bb0 1915       4       java.util.concurrent.ThreadPoolExecutor::afterExecute (1 bytes)
Event: 154.362 Thread 0x00000239592d1bb0 nmethod 1915 0x000002394eb61a10 code [0x000002394eb61b80, 0x000002394eb61bf8]
Event: 154.455 Thread 0x00000239592d1bb0 1916       4       java.util.concurrent.locks.AbstractQueuedSynchronizer$Node::setStatusRelaxed (12 bytes)
Event: 154.456 Thread 0x00000239592d1bb0 nmethod 1916 0x000002394eb61d10 code [0x000002394eb61e80, 0x000002394eb61ef8]
Event: 157.877 Thread 0x00000239592d1bb0 1917       4       java.lang.AbstractStringBuilder::insert (54 bytes)
Event: 157.887 Thread 0x00000239592d1bb0 nmethod 1917 0x000002394eb62010 code [0x000002394eb621c0, 0x000002394eb62a48]
Event: 159.761 Thread 0x00000239592d1bb0 1918       4       java.util.AbstractList::listIterator (6 bytes)
Event: 159.763 Thread 0x00000239592d1bb0 nmethod 1918 0x000002394eb62f10 code [0x000002394eb630c0, 0x000002394eb63288]
Event: 161.432 Thread 0x00000239592d1bb0 1919       4       java.util.AbstractList::equals (117 bytes)
Event: 161.451 Thread 0x00000239592d1bb0 nmethod 1919 0x000002394eb63410 code [0x000002394eb63660, 0x000002394eb64138]
Event: 161.451 Thread 0x00000239592d1bb0 1920       4       java.util.Collections$SingletonList::get (41 bytes)
Event: 161.451 Thread 0x00000239592d1bb0 nmethod 1920 0x000002394eb64b10 code [0x000002394eb64c80, 0x000002394eb64d18]
Event: 162.662 Thread 0x00000239592d1bb0 1921       4       org.fusesource.jansi.Ansi::flushAttributes (94 bytes)

GC Heap History (4 events):
Event: 0.415 GC heap before
{Heap before GC invocations=0 (full 0):
 garbage-first heap   total 65536K, used 22528K [0x00000000fc000000, 0x0000000100000000)
  region size 1024K, 23 young (23552K), 0 survivors (0K)
 Metaspace       used 1821K, committed 1920K, reserved 1114112K
  class space    used 159K, committed 192K, reserved 1048576K
}
Event: 0.418 GC heap after
{Heap after GC invocations=1 (full 0):
 garbage-first heap   total 65536K, used 4552K [0x00000000fc000000, 0x0000000100000000)
  region size 1024K, 3 young (3072K), 3 survivors (3072K)
 Metaspace       used 1821K, committed 1920K, reserved 1114112K
  class space    used 159K, committed 192K, reserved 1048576K
}
Event: 1.102 GC heap before
{Heap before GC invocations=1 (full 0):
 garbage-first heap   total 65536K, used 35272K [0x00000000fc000000, 0x0000000100000000)
  region size 1024K, 30 young (30720K), 3 survivors (3072K)
 Metaspace       used 8114K, committed 8320K, reserved 1114112K
  class space    used 1107K, committed 1216K, reserved 1048576K
}
Event: 1.106 GC heap after
{Heap after GC invocations=2 (full 0):
 garbage-first heap   total 65536K, used 12622K [0x00000000fc000000, 0x0000000100000000)
  region size 1024K, 4 young (4096K), 4 survivors (4096K)
 Metaspace       used 8114K, committed 8320K, reserved 1114112K
  class space    used 1107K, committed 1216K, reserved 1048576K
}

Deoptimization events (20 events):
Event: 1.266 Thread 0x000002399f60e090 DEOPT PACKING pc=0x000002394eac29d4 sp=0x0000004e47ffedd0
Event: 1.266 Thread 0x000002399f60e090 DEOPT UNPACKING pc=0x000002394e5423a3 sp=0x0000004e47ffed68 mode 2
Event: 1.540 Thread 0x000002393f71bd80 Uncommon trap: trap_request=0xffffffc6 fr.pc=0x000002394eb112c0 relative=0x0000000000000560
Event: 1.540 Thread 0x000002393f71bd80 Uncommon trap: reason=bimorphic_or_optimized_type_check action=maybe_recompile pc=0x000002394eb112c0 method=java.util.concurrent.ConcurrentHashMap.get(Ljava/lang/Object;)Ljava/lang/Object; @ 149 c2
Event: 1.540 Thread 0x000002393f71bd80 DEOPT PACKING pc=0x000002394eb112c0 sp=0x0000004e467fd490
Event: 1.540 Thread 0x000002393f71bd80 DEOPT UNPACKING pc=0x000002394e5423a3 sp=0x0000004e467fd430 mode 2
Event: 1.540 Thread 0x000002393f71bd80 Uncommon trap: trap_request=0xffffffc6 fr.pc=0x000002394eb112c0 relative=0x0000000000000560
Event: 1.540 Thread 0x000002393f71bd80 Uncommon trap: reason=bimorphic_or_optimized_type_check action=maybe_recompile pc=0x000002394eb112c0 method=java.util.concurrent.ConcurrentHashMap.get(Ljava/lang/Object;)Ljava/lang/Object; @ 149 c2
Event: 1.540 Thread 0x000002393f71bd80 DEOPT PACKING pc=0x000002394eb112c0 sp=0x0000004e467fd490
Event: 1.540 Thread 0x000002393f71bd80 DEOPT UNPACKING pc=0x000002394e5423a3 sp=0x0000004e467fd430 mode 2
Event: 1.812 Thread 0x000002393f71bd80 Uncommon trap: trap_request=0xffffffc6 fr.pc=0x000002394eb112c0 relative=0x0000000000000560
Event: 1.812 Thread 0x000002393f71bd80 Uncommon trap: reason=bimorphic_or_optimized_type_check action=maybe_recompile pc=0x000002394eb112c0 method=java.util.concurrent.ConcurrentHashMap.get(Ljava/lang/Object;)Ljava/lang/Object; @ 149 c2
Event: 1.812 Thread 0x000002393f71bd80 DEOPT PACKING pc=0x000002394eb112c0 sp=0x0000004e467fd490
Event: 1.812 Thread 0x000002393f71bd80 DEOPT UNPACKING pc=0x000002394e5423a3 sp=0x0000004e467fd430 mode 2
Event: 93.995 Thread 0x000002393f71bd80 DEOPT PACKING pc=0x000002394722d74d sp=0x0000004e467fced0
Event: 93.995 Thread 0x000002393f71bd80 DEOPT UNPACKING pc=0x000002394e542b43 sp=0x0000004e467fc368 mode 0
Event: 126.853 Thread 0x000002399f60e090 DEOPT PACKING pc=0x00000239472f7e74 sp=0x0000004e47ffecf0
Event: 126.853 Thread 0x000002399f60e090 DEOPT UNPACKING pc=0x000002394e542b43 sp=0x0000004e47ffe1c0 mode 0
Event: 130.258 Thread 0x000002399f60e090 DEOPT PACKING pc=0x00000239472a8783 sp=0x0000004e47ffe410
Event: 130.258 Thread 0x000002399f60e090 DEOPT UNPACKING pc=0x000002394e542b43 sp=0x0000004e47ffd880 mode 0

Classes unloaded (0 events):
No events

Classes redefined (0 events):
No events

Internal exceptions (20 events):
Event: 0.120 Thread 0x000002393f71bd80 Exception <a 'java/lang/NoSuchMethodError'{0x00000000ffde7450}: 'int java.lang.invoke.DirectMethodHandle$Holder.invokeStaticInit(java.lang.Object, java.lang.Object)'> (0x00000000ffde7450) 
thrown [s\open\src\hotspot\share\interpreter\linkResolver.cpp, line 759]
Event: 0.654 Thread 0x000002393f71bd80 Exception <a 'java/lang/NoSuchMethodError'{0x00000000ff6b4a48}: 'void java.lang.invoke.DirectMethodHandle$Holder.invokeStatic(java.lang.Object, java.lang.Object)'> (0x00000000ff6b4a48) 
thrown [s\open\src\hotspot\share\interpreter\linkResolver.cpp, line 759]
Event: 0.675 Thread 0x000002393f71bd80 Exception <a 'java/lang/NoClassDefFoundError'{0x00000000ff56c840}: org/slf4j/impl/StaticMarkerBinder> (0x00000000ff56c840) 
thrown [s\open\src\hotspot\share\classfile\systemDictionary.cpp, line 245]
Event: 0.696 Thread 0x000002393f71bd80 Exception <a 'java/lang/NoSuchMethodError'{0x00000000ff44c340}: 'java.lang.Object java.lang.invoke.Invokers$Holder.invoker(java.lang.Object, java.lang.Object, java.lang.Object)'> (0x00000000ff44c340) 
thrown [s\open\src\hotspot\share\interpreter\linkResolver.cpp, line 759]
Event: 0.697 Thread 0x000002393f71bd80 Exception <a 'java/lang/NoSuchMethodError'{0x00000000ff455410}: 'java.lang.Object java.lang.invoke.DirectMethodHandle$Holder.invokeStatic(java.lang.Object, java.lang.Object, int)'> (0x00000000ff455410) 
thrown [s\open\src\hotspot\share\interpreter\linkResolver.cpp, line 759]
Event: 0.698 Thread 0x000002393f71bd80 Exception <a 'java/lang/NoSuchMethodError'{0x00000000ff461100}: 'void java.lang.invoke.DelegatingMethodHandle$Holder.delegate(java.lang.Object, java.lang.Object, int, java.lang.Object)'> (0x00000000ff461100) 
thrown [s\open\src\hotspot\share\interpreter\linkResolver.cpp, line 759]
Event: 0.699 Thread 0x000002393f71bd80 Exception <a 'java/lang/NoSuchMethodError'{0x00000000ff465138}: 'int java.lang.invoke.DirectMethodHandle$Holder.invokeSpecial(java.lang.Object, java.lang.Object, java.lang.Object)'> (0x00000000ff465138) 
thrown [s\open\src\hotspot\share\interpreter\linkResolver.cpp, line 759]
Event: 0.701 Thread 0x000002393f71bd80 Exception <a 'java/lang/NoSuchMethodError'{0x00000000ff478248}: 'java.lang.Object java.lang.invoke.Invokers$Holder.invokeExact_MT(java.lang.Object, java.lang.Object, java.lang.Object, java.lang.Object)'> (0x00000000ff478248) 
thrown [s\open\src\hotspot\share\interpreter\linkResolver.cpp, line 759]
Event: 0.708 Thread 0x000002393f71bd80 Exception <a 'java/lang/NoSuchMethodError'{0x00000000ff4b2c78}: 'java.lang.Object java.lang.invoke.DirectMethodHandle$Holder.invokeVirtual(java.lang.Object, java.lang.Object, java.lang.Object)'> (0x00000000ff4b2c78) 
thrown [s\open\src\hotspot\share\interpreter\linkResolver.cpp, line 759]
Event: 0.780 Thread 0x000002393f71bd80 Exception <a 'java/lang/NoSuchMethodError'{0x00000000ff0f59c0}: 'java.lang.Object java.lang.invoke.DirectMethodHandle$Holder.newInvokeSpecial(java.lang.Object, java.lang.Object, java.lang.Object, java.lang.Object, java.lang.Object)'> (0x00000000ff0f59c0) 
thrown [s\open\src\hotspot\share\interpreter\linkResolver.cpp, line 759]
Event: 0.815 Thread 0x000002393f71bd80 Exception <a 'java/lang/NoSuchMethodError'{0x00000000fedc43a0}: 'void java.lang.invoke.DirectMethodHandle$Holder.invokeSpecial(java.lang.Object, java.lang.Object, java.lang.Object)'> (0x00000000fedc43a0) 
thrown [s\open\src\hotspot\share\interpreter\linkResolver.cpp, line 759]
Event: 0.824 Thread 0x000002393f71bd80 Implicit null exception at 0x000002394eaf690f to 0x000002394eaf6e50
Event: 0.824 Thread 0x000002393f71bd80 Implicit null exception at 0x000002394ead2c0f to 0x000002394ead315c
Event: 0.842 Thread 0x000002393f71bd80 Exception <a 'java/lang/NoSuchMethodError'{0x00000000feb348f0}: 'java.lang.Object java.lang.invoke.DirectMethodHandle$Holder.invokeStaticInit(java.lang.Object)'> (0x00000000feb348f0) 
thrown [s\open\src\hotspot\share\interpreter\linkResolver.cpp, line 759]
Event: 0.859 Thread 0x000002393f71bd80 Exception <a 'java/lang/NoSuchMethodError'{0x00000000febd6010}: 'int java.lang.invoke.DirectMethodHandle$Holder.invokeVirtual(java.lang.Object, java.lang.Object, java.lang.Object)'> (0x00000000febd6010) 
thrown [s\open\src\hotspot\share\interpreter\linkResolver.cpp, line 759]
Event: 0.895 Thread 0x000002393f71bd80 Exception <a 'java/lang/NoSuchMethodError'{0x00000000fe572d98}: 'java.lang.Object java.lang.invoke.DirectMethodHandle$Holder.invokeSpecialIFC(java.lang.Object, java.lang.Object, java.lang.Object, java.lang.Object)'> (0x00000000fe572d98) 
thrown [s\open\src\hotspot\share\interpreter\linkResolver.cpp, line 759]
Event: 0.935 Thread 0x000002393f71bd80 Exception <a 'java/lang/NoSuchMethodError'{0x00000000fe23cd88}: 'java.lang.Object java.lang.invoke.DirectMethodHandle$Holder.invokeStaticInit(java.lang.Object, int, int, int, int)'> (0x00000000fe23cd88) 
thrown [s\open\src\hotspot\share\interpreter\linkResolver.cpp, line 759]
Event: 0.979 Thread 0x000002393f71bd80 Exception <a 'java/lang/NoSuchMethodError'{0x00000000fe28d7e8}: 'java.lang.Object java.lang.invoke.DirectMethodHandle$Holder.invokeStaticInit(java.lang.Object, java.lang.Object, int, int, int, int)'> (0x00000000fe28d7e8) 
thrown [s\open\src\hotspot\share\interpreter\linkResolver.cpp, line 759]
Event: 1.098 Thread 0x000002393f71bd80 Exception <a 'java/lang/NoSuchMethodError'{0x00000000fe2c1040}: 'void java.lang.invoke.DirectMethodHandle$Holder.invokeStatic(java.lang.Object, java.lang.Object, java.lang.Object)'> (0x00000000fe2c1040) 
thrown [s\open\src\hotspot\share\interpreter\linkResolver.cpp, line 759]
Event: 1.122 Thread 0x000002393f71bd80 Implicit null exception at 0x000002394eaceef2 to 0x000002394eacf4c0

VM Operations (20 events):
Event: 126.977 Executing VM operation: Cleanup
Event: 126.978 Executing VM operation: Cleanup done
Event: 131.010 Executing VM operation: Cleanup
Event: 131.010 Executing VM operation: Cleanup done
Event: 135.044 Executing VM operation: Cleanup
Event: 135.044 Executing VM operation: Cleanup done
Event: 136.058 Executing VM operation: Cleanup
Event: 136.058 Executing VM operation: Cleanup done
Event: 152.183 Executing VM operation: Cleanup
Event: 152.183 Executing VM operation: Cleanup done
Event: 153.187 Executing VM operation: Cleanup
Event: 153.188 Executing VM operation: Cleanup done
Event: 154.190 Executing VM operation: Cleanup
Event: 154.190 Executing VM operation: Cleanup done
Event: 155.198 Executing VM operation: Cleanup
Event: 155.198 Executing VM operation: Cleanup done
Event: 160.219 Executing VM operation: Cleanup
Event: 160.219 Executing VM operation: Cleanup done
Event: 161.221 Executing VM operation: Cleanup
Event: 161.221 Executing VM operation: Cleanup done

Events (20 events):
Event: 88.692 loading class jdk/internal/logger/LazyLoggers$1
Event: 88.692 loading class jdk/internal/logger/LazyLoggers$1 done
Event: 88.692 loading class jdk/internal/logger/LazyLoggers$LazyLoggerFactories
Event: 88.692 loading class jdk/internal/logger/LazyLoggers$LazyLoggerFactories done
Event: 88.693 loading class jdk/internal/logger/LoggerFinderLoader
Event: 88.693 loading class jdk/internal/logger/LoggerFinderLoader done
Event: 88.694 loading class sun/util/logging/internal/LoggingProviderImpl$JULWrapper
Event: 88.694 loading class sun/util/logging/PlatformLogger$ConfigurableBridge$LoggerConfiguration
Event: 88.694 loading class sun/util/logging/PlatformLogger$ConfigurableBridge$LoggerConfiguration done
Event: 88.694 loading class sun/util/logging/internal/LoggingProviderImpl$JULWrapper done
Event: 88.695 loading class java/io/ObjectInputFilter
Event: 88.695 loading class java/io/ObjectInputFilter done
Event: 88.695 loading class java/io/ObjectInputFilter$Config$BuiltinFilterFactory
Event: 88.695 loading class java/io/ObjectInputFilter$Config$BuiltinFilterFactory done
Event: 88.696 loading class jdk/internal/access/JavaObjectInputFilterAccess
Event: 88.696 loading class jdk/internal/access/JavaObjectInputFilterAccess done
Event: 88.696 loading class java/lang/System$Logger$Level
Event: 88.696 loading class java/lang/System$Logger$Level done
Event: 88.696 loading class java/io/Bits
Event: 88.696 loading class java/io/Bits done


Dynamic libraries:
0x00007ff7eeb10000 - 0x00007ff7eeb20000 	C:\Program Files\Java\jdk-17\bin\java.exe
0x00007ffb461c0000 - 0x00007ffb46423000 	C:\WINDOWS\SYSTEM32\ntdll.dll
0x00007ffb457f0000 - 0x00007ffb458b7000 	C:\WINDOWS\System32\KERNEL32.DLL
0x00007ffb43610000 - 0x00007ffb439d7000 	C:\WINDOWS\System32\KERNELBASE.dll
0x00007ffb43ca0000 - 0x00007ffb43dec000 	C:\WINDOWS\System32\ucrtbase.dll
0x00007ffb222f0000 - 0x00007ffb22309000 	C:\Program Files\Java\jdk-17\bin\jli.dll
0x00007ffb262b0000 - 0x00007ffb262cb000 	C:\Program Files\Java\jdk-17\bin\VCRUNTIME140.dll
0x00007ffb443e0000 - 0x00007ffb44494000 	C:\WINDOWS\System32\ADVAPI32.dll
0x00007ffb460b0000 - 0x00007ffb46159000 	C:\WINDOWS\System32\msvcrt.dll
0x00007ffb44680000 - 0x00007ffb44726000 	C:\WINDOWS\System32\sechost.dll
0x00007ffb45c30000 - 0x00007ffb45d46000 	C:\WINDOWS\System32\RPCRT4.dll
0x00007ffb45a30000 - 0x00007ffb45bf9000 	C:\WINDOWS\System32\USER32.dll
0x00007ffb28320000 - 0x00007ffb285b0000 	C:\WINDOWS\WinSxS\amd64_microsoft.windows.common-controls_6595b64144ccf1df_6.0.26100.3037_none_3e09262ce333c378\COMCTL32.dll
0x00007ffb43c70000 - 0x00007ffb43c97000 	C:\WINDOWS\System32\win32u.dll
0x00007ffb44840000 - 0x00007ffb4486a000 	C:\WINDOWS\System32\GDI32.dll
0x00007ffb439e0000 - 0x00007ffb43b0b000 	C:\WINDOWS\System32\gdi32full.dll
0x00007ffb43560000 - 0x00007ffb43603000 	C:\WINDOWS\System32\msvcp_win.dll
0x00007ffb3b7d0000 - 0x00007ffb3b7db000 	C:\WINDOWS\SYSTEM32\VERSION.dll
0x00007ffb44000000 - 0x00007ffb4402f000 	C:\WINDOWS\System32\IMM32.DLL
0x00007ffb3e0a0000 - 0x00007ffb3e0ac000 	C:\Program Files\Java\jdk-17\bin\vcruntime140_1.dll
0x00007ffb21860000 - 0x00007ffb218ee000 	C:\Program Files\Java\jdk-17\bin\msvcp140.dll
0x00007ffaf42b0000 - 0x00007ffaf4e91000 	C:\Program Files\Java\jdk-17\bin\server\jvm.dll
0x00007ffb44040000 - 0x00007ffb44048000 	C:\WINDOWS\System32\PSAPI.DLL
0x00007ffb2dd30000 - 0x00007ffb2dd3a000 	C:\WINDOWS\SYSTEM32\WSOCK32.dll
0x00007ffb459b0000 - 0x00007ffb45a24000 	C:\WINDOWS\System32\WS2_32.dll
0x00007ffb3b790000 - 0x00007ffb3b7c6000 	C:\WINDOWS\SYSTEM32\WINMM.dll
0x00007ffb42390000 - 0x00007ffb423aa000 	C:\WINDOWS\SYSTEM32\kernel.appcore.dll
0x00007ffb262a0000 - 0x00007ffb262aa000 	C:\Program Files\Java\jdk-17\bin\jimage.dll
0x00007ffb40fc0000 - 0x00007ffb41201000 	C:\WINDOWS\SYSTEM32\DBGHELP.DLL
0x00007ffb44050000 - 0x00007ffb443ce000 	C:\WINDOWS\System32\combase.dll
0x00007ffb44880000 - 0x00007ffb44956000 	C:\WINDOWS\System32\OLEAUT32.dll
0x00007ffb16ce0000 - 0x00007ffb16d19000 	C:\WINDOWS\SYSTEM32\dbgcore.DLL
0x00007ffb43bd0000 - 0x00007ffb43c69000 	C:\WINDOWS\System32\bcryptPrimitives.dll
0x00007ffb21780000 - 0x00007ffb217a5000 	C:\Program Files\Java\jdk-17\bin\java.dll
0x00007ffaff730000 - 0x00007ffaff807000 	C:\Program Files\Java\jdk-17\bin\jsvml.dll
0x00007ffb44b00000 - 0x00007ffb45204000 	C:\WINDOWS\System32\SHELL32.dll
0x00007ffb41240000 - 0x00007ffb41a77000 	C:\WINDOWS\SYSTEM32\windows.storage.dll
0x00007ffb45eb0000 - 0x00007ffb45f99000 	C:\WINDOWS\System32\SHCORE.dll
0x00007ffb44730000 - 0x00007ffb4478d000 	C:\WINDOWS\System32\shlwapi.dll
0x00007ffb43470000 - 0x00007ffb4349e000 	C:\WINDOWS\SYSTEM32\profapi.dll
0x00007ffb21800000 - 0x00007ffb21819000 	C:\Program Files\Java\jdk-17\bin\net.dll
0x00007ffb3bfd0000 - 0x00007ffb3c0ee000 	C:\WINDOWS\SYSTEM32\WINHTTP.dll
0x00007ffb428a0000 - 0x00007ffb4290a000 	C:\WINDOWS\system32\mswsock.dll
0x00007ffb21760000 - 0x00007ffb21776000 	C:\Program Files\Java\jdk-17\bin\nio.dll
0x00007ffb216b0000 - 0x00007ffb216c8000 	C:\Program Files\Java\jdk-17\bin\zip.dll
0x00007ffb21750000 - 0x00007ffb21760000 	C:\Program Files\Java\jdk-17\bin\verify.dll
0x00007ffb0d860000 - 0x00007ffb0d887000 	C:\Users\Debasis\.gradle\native\c067742578af261105cb4f569cf0c3c89f3d7b1fecec35dd04571415982c5e48\windows-amd64\native-platform.dll
0x00007ffb3e070000 - 0x00007ffb3e07a000 	C:\Users\Debasis\.gradle\native\jansi\1.18\windows64\jansi.dll
0x00007ffb1de20000 - 0x00007ffb1de2a000 	C:\Program Files\Java\jdk-17\bin\management.dll
0x00007ffb1de10000 - 0x00007ffb1de1b000 	C:\Program Files\Java\jdk-17\bin\management_ext.dll
0x00007ffb42b40000 - 0x00007ffb42b5c000 	C:\WINDOWS\SYSTEM32\CRYPTSP.dll
0x00007ffb422f0000 - 0x00007ffb42328000 	C:\WINDOWS\system32\rsaenh.dll
0x00007ffb42940000 - 0x00007ffb4296b000 	C:\WINDOWS\SYSTEM32\USERENV.dll
0x00007ffb42d80000 - 0x00007ffb42da6000 	C:\WINDOWS\SYSTEM32\bcrypt.dll
0x00007ffb42b60000 - 0x00007ffb42b6c000 	C:\WINDOWS\SYSTEM32\CRYPTBASE.dll
0x00007ffb41db0000 - 0x00007ffb41de2000 	C:\WINDOWS\SYSTEM32\IPHLPAPI.DLL
0x00007ffb44870000 - 0x00007ffb4487a000 	C:\WINDOWS\System32\NSI.dll
0x00007ffb3d6e0000 - 0x00007ffb3d6ff000 	C:\WINDOWS\SYSTEM32\dhcpcsvc6.DLL
0x00007ffb3d5b0000 - 0x00007ffb3d5d5000 	C:\WINDOWS\SYSTEM32\dhcpcsvc.DLL
0x00007ffb41e40000 - 0x00007ffb41f65000 	C:\WINDOWS\SYSTEM32\DNSAPI.dll
0x00007ffb198a0000 - 0x00007ffb198ae000 	C:\Program Files\Java\jdk-17\bin\sunmscapi.dll
0x00007ffb43df0000 - 0x00007ffb43f66000 	C:\WINDOWS\System32\CRYPT32.dll
0x00007ffb42cd0000 - 0x00007ffb42d00000 	C:\WINDOWS\SYSTEM32\ncrypt.dll
0x00007ffb42c80000 - 0x00007ffb42cbf000 	C:\WINDOWS\SYSTEM32\NTASN1.dll
0x00007ffb15110000 - 0x00007ffb15118000 	C:\WINDOWS\system32\wshunix.dll

dbghelp: loaded successfully - version: 4.0.5 - missing functions: none
symbol engine: initialized successfully - sym options: 0x614 - pdb path: .;C:\Program Files\Java\jdk-17\bin;C:\WINDOWS\SYSTEM32;C:\WINDOWS\WinSxS\amd64_microsoft.windows.common-controls_6595b64144ccf1df_6.0.26100.3037_none_3e09262ce333c378;C:\Program Files\Java\jdk-17\bin\server;C:\Users\Debasis\.gradle\native\c067742578af261105cb4f569cf0c3c89f3d7b1fecec35dd04571415982c5e48\windows-amd64;C:\Users\Debasis\.gradle\native\jansi\1.18\windows64

VM Arguments:
jvm_args: -Xmx64m -Xms64m -Dorg.gradle.appname=gradlew 
java_command: org.gradle.wrapper.GradleWrapperMain assembleRelease
java_class_path (initial): C:\Users\Debasis\Desktop\hesham\faceflip\android\\gradle\wrapper\gradle-wrapper.jar
Launcher Type: SUN_STANDARD

[Global flags]
     intx CICompilerCount                          = 4                                         {product} {ergonomic}
     uint ConcGCThreads                            = 3                                         {product} {ergonomic}
     uint G1ConcRefinementThreads                  = 10                                        {product} {ergonomic}
   size_t G1HeapRegionSize                         = 1048576                                   {product} {ergonomic}
    uintx GCDrainStackTargetSize                   = 64                                        {product} {ergonomic}
   size_t InitialHeapSize                          = 67108864                                  {product} {command line}
   size_t MarkStackSize                            = 4194304                                   {product} {ergonomic}
   size_t MaxHeapSize                              = 67108864                                  {product} {command line}
   size_t MaxNewSize                               = 39845888                                  {product} {ergonomic}
   size_t MinHeapDeltaBytes                        = 1048576                                   {product} {ergonomic}
   size_t MinHeapSize                              = 67108864                                  {product} {command line}
    uintx NonNMethodCodeHeapSize                   = 5839372                                {pd product} {ergonomic}
    uintx NonProfiledCodeHeapSize                  = 122909434                              {pd product} {ergonomic}
    uintx ProfiledCodeHeapSize                     = 122909434                              {pd product} {ergonomic}
    uintx ReservedCodeCacheSize                    = 251658240                              {pd product} {ergonomic}
     bool SegmentedCodeCache                       = true                                      {product} {ergonomic}
   size_t SoftMaxHeapSize                          = 67108864                               {manageable} {ergonomic}
     bool UseCompressedClassPointers               = true                           {product lp64_product} {ergonomic}
     bool UseCompressedOops                        = true                           {product lp64_product} {ergonomic}
     bool UseG1GC                                  = true                                      {product} {ergonomic}
     bool UseLargePagesIndividualAllocation        = false                                  {pd product} {ergonomic}

Logging:
Log output configuration:
 #0: stdout all=warning uptime,level,tags
 #1: stderr all=off uptime,level,tags

Environment Variables:
JAVA_HOME=C:\Program Files\Java\jdk-17
CLASSPATH=C:\Users\Debasis\Desktop\hesham\faceflip\android\\gradle\wrapper\gradle-wrapper.jar
PATH=C:\Python313\Scripts\;C:\Python313\;C:\Program Files\Eclipse Adoptium\jdk-21.0.6.7-hotspot\bin;C:\WINDOWS\system32;C:\WINDOWS;C:\WINDOWS\System32\Wbem;C:\WINDOWS\System32\WindowsPowerShell\v1.0\;C:\WINDOWS\System32\OpenSSH\;C:\Users\Debasis\AppData\Local\android\Sdk\platform-tools;C:\src\flutter\bin;C:\Program Files\Java\jdk-11\bin;C:\Users\deepa\AppData\Roaming\nvm;C:\Program Files\nodejs;C:\Program Files\Docker\Docker\resources\bin;C:\Program Files\PuTTY\;C:\Program Files\nodejs\;C:\ProgramData\chocolatey\bin;C:\Users\Debasis\AppData\Local\Microsoft\WindowsApps;C:\Users\Debasis\AppData\Local\Programs\Git\cmd;C:\Users\Debasis\AppData\Local\Programs\Microsoft VS Code\bin;C:\Users\Debasis\AppData\Local\android\Sdk;C:\Users\Debasis\AppData\Roaming\npm;
USERNAME=Debasis
OS=Windows_NT
PROCESSOR_IDENTIFIER=AMD64 Family 23 Model 104 Stepping 1, AuthenticAMD



---------------  S Y S T E M  ---------------

OS:
 Windows 11 , 64 bit Build 26100 (10.0.26100.3037)
OS uptime: 0 days 3:00 hours
Hyper-V role detected

CPU: total 12 (initial active 12) (12 cores per cpu, 2 threads per core) family 23 model 104 stepping 1 microcode 0x8608103, cx8, cmov, fxsr, ht, mmx, 3dnowpref, sse, sse2, sse3, ssse3, sse4a, sse4.1, sse4.2, popcnt, lzcnt, tsc, tscinvbit, avx, avx2, aes, clmul, bmi1, bmi2, adx, sha, fma, vzeroupper, clflush, clflushopt, hv

Memory: 4k page, system-wide physical 15706M (3448M free)
TotalPageFile size 15706M (AvailPageFile size 2M)
current process WorkingSet (physical memory assigned to process): 103M, peak: 123M
current process commit charge ("private bytes"): 170M, peak: 191M

vm_info: Java HotSpot(TM) 64-Bit Server VM (17.0.9+11-LTS-201) for windows-amd64 JRE (17.0.9+11-LTS-201), built on Oct 10 2023 23:16:06 by "mach5one" with MS VC++ 17.1 (VS2022)

END.
