#
# There is insufficient memory for the Java Runtime Environment to continue.
# Native memory allocation (mmap) failed to map 65536 bytes for Failed to commit metaspace.
# Possible reasons:
#   The system is out of physical RAM or swap space
#   The process is running with CompressedOops enabled, and the Java Heap may be blocking the growth of the native heap
# Possible solutions:
#   Reduce memory load on the system
#   Increase physical memory or swap space
#   Check if swap backing store is full
#   Decrease Java heap size (-Xmx/-Xms)
#   Decrease number of Java threads
#   Decrease Java thread stack sizes (-Xss)
#   Set larger code cache with -XX:ReservedCodeCacheSize=
#   JVM is running with Zero Based Compressed Oops mode in which the Java heap is
#     placed in the first 32GB address space. The Java Heap base address is the
#     maximum limit for the native heap growth. Please use -XX:HeapBaseMinAddress
#     to set the Java Heap base and to place the Java Heap above 32GB virtual address.
# This output file may be truncated or incomplete.
#
#  Out of Memory Error (virtualSpaceNode.cpp:110), pid=6968, tid=15048
#
# JRE version: Java(TM) SE Runtime Environment (17.0.9+11) (build 17.0.9+11-LTS-201)
# Java VM: Java HotSpot(TM) 64-Bit Server VM (17.0.9+11-LTS-201, mixed mode, sharing, tiered, compressed oops, compressed class ptrs, g1 gc, windows-amd64)
# No core dump will be written. Minidumps are not enabled by default on client versions of Windows
#

---------------  S U M M A R Y ------------

Command Line: org.jetbrains.kotlin.cli.jvm.K2JVMCompiler @C:\Users\Debasis\Desktop\hesham\faceflip\node_modules\react-native-screens\android\build\20250304_11263782658038936344.compiler.options

Host: AMD Ryzen 5 5500U with Radeon Graphics         , 12 cores, 15G,  Windows 11 , 64 bit Build 22621 (10.0.22621.4830)
Time: Tue Mar  4 11:31:11 2025 India Standard Time elapsed time: 1.457732 seconds (0d 0h 0m 1s)

---------------  T H R E A D  ---------------

Current thread (0x00000256313166b0):  JavaThread "main" [_thread_in_vm, id=15048, stack(0x000000efcd300000,0x000000efcd400000)]

Stack: [0x000000efcd300000,0x000000efcd400000]
Native frames: (J=compiled Java code, j=interpreted, Vv=VM code, C=native code)
V  [jvm.dll+0x678a4a]
V  [jvm.dll+0x7d9cfd]
V  [jvm.dll+0x7db60e]
V  [jvm.dll+0x7dbc73]
V  [jvm.dll+0x245e1f]
V  [jvm.dll+0x7d5a0b]
V  [jvm.dll+0x61ebc6]
V  [jvm.dll+0x1c01f7]
V  [jvm.dll+0x621530]
V  [jvm.dll+0x61f586]
V  [jvm.dll+0x1e0104]
V  [jvm.dll+0x1e4112]
V  [jvm.dll+0x1e38da]
V  [jvm.dll+0x1eabeb]
V  [jvm.dll+0x1e0391]
V  [jvm.dll+0x53eaec]
V  [jvm.dll+0x754538]
V  [jvm.dll+0x754624]
V  [jvm.dll+0x40c73f]
V  [jvm.dll+0x412759]
C  [java.dll+0x17ec]

Java frames: (J=compiled Java code, j=interpreted, Vv=VM code)
J 463  java.lang.ClassLoader.defineClass1(Ljava/lang/ClassLoader;Ljava/lang/String;[BIILjava/security/ProtectionDomain;Ljava/lang/String;)Ljava/lang/Class; java.base@17.0.9 (0 bytes) @ 0x00000256406a23e3 [0x00000256406a2320+0x00000000000000c3]
J 629 c1 java.lang.ClassLoader.defineClass(Ljava/lang/String;[BIILjava/security/ProtectionDomain;)Ljava/lang/Class; java.base@17.0.9 (43 bytes) @ 0x0000025638cc08dc [0x0000025638cc0580+0x000000000000035c]
J 599 c1 java.security.SecureClassLoader.defineClass(Ljava/lang/String;[BIILjava/security/CodeSource;)Ljava/lang/Class; java.base@17.0.9 (16 bytes) @ 0x0000025638cad40c [0x0000025638cad340+0x00000000000000cc]
J 536 c1 jdk.internal.loader.BuiltinClassLoader.defineClass(Ljava/lang/String;Ljdk/internal/loader/Resource;)Ljava/lang/Class; java.base@17.0.9 (121 bytes) @ 0x0000025638c85674 [0x0000025638c84440+0x0000000000001234]
J 442 c1 jdk.internal.loader.BuiltinClassLoader.findClassOnClassPathOrNull(Ljava/lang/String;)Ljava/lang/Class; java.base@17.0.9 (64 bytes) @ 0x0000025638c50de4 [0x0000025638c4fd60+0x0000000000001084]
J 219 c1 jdk.internal.loader.BuiltinClassLoader.loadClassOrNull(Ljava/lang/String;Z)Ljava/lang/Class; java.base@17.0.9 (143 bytes) @ 0x0000025638bf8054 [0x0000025638bf7140+0x0000000000000f14]
J 336 c1 jdk.internal.loader.ClassLoaders$AppClassLoader.loadClass(Ljava/lang/String;Z)Ljava/lang/Class; java.base@17.0.9 (40 bytes) @ 0x0000025638c2b40c [0x0000025638c2ade0+0x000000000000062c]
J 335 c1 java.lang.ClassLoader.loadClass(Ljava/lang/String;)Ljava/lang/Class; java.base@17.0.9 (7 bytes) @ 0x0000025638c2aa4c [0x0000025638c2a940+0x000000000000010c]
v  ~StubRoutines::call_stub
j  org.jetbrains.kotlin.com.intellij.core.CoreProjectScopeBuilder.<init>(Lorg/jetbrains/kotlin/com/intellij/openapi/project/Project;Lorg/jetbrains/kotlin/com/intellij/openapi/roots/FileIndexFacade;)V+15
j  org.jetbrains.kotlin.com.intellij.core.CoreProjectEnvironment.createProjectScopeBuilder()Lorg/jetbrains/kotlin/com/intellij/psi/search/ProjectScopeBuilder;+12
j  org.jetbrains.kotlin.com.intellij.core.CoreProjectEnvironment.<init>(Lorg/jetbrains/kotlin/com/intellij/openapi/Disposable;Lorg/jetbrains/kotlin/com/intellij/core/CoreApplicationEnvironment;)V+300
j  org.jetbrains.kotlin.com.intellij.core.JavaCoreProjectEnvironment.<init>(Lorg/jetbrains/kotlin/com/intellij/openapi/Disposable;Lorg/jetbrains/kotlin/com/intellij/core/CoreApplicationEnvironment;)V+19
j  org.jetbrains.kotlin.cli.jvm.compiler.KotlinCoreProjectEnvironment.<init>(Lorg/jetbrains/kotlin/com/intellij/openapi/Disposable;Lorg/jetbrains/kotlin/cli/jvm/compiler/KotlinCoreApplicationEnvironment;)V+18
j  org.jetbrains.kotlin.cli.jvm.compiler.KotlinCoreEnvironment$ProjectEnvironment.<init>(Lorg/jetbrains/kotlin/com/intellij/openapi/Disposable;Lorg/jetbrains/kotlin/cli/jvm/compiler/KotlinCoreApplicationEnvironment;Lorg/jetbrains/kotlin/config/CompilerConfiguration;)V+21
j  org.jetbrains.kotlin.cli.jvm.compiler.KotlinCoreEnvironment$Companion.createForProduction(Lorg/jetbrains/kotlin/com/intellij/openapi/Disposable;Lorg/jetbrains/kotlin/config/CompilerConfiguration;Lorg/jetbrains/kotlin/cli/jvm/compiler/EnvironmentConfigFiles;)Lorg/jetbrains/kotlin/cli/jvm/compiler/KotlinCoreEnvironment;+38
j  org.jetbrains.kotlin.cli.jvm.K2JVMCompiler.createCoreEnvironment(Lorg/jetbrains/kotlin/com/intellij/openapi/Disposable;Lorg/jetbrains/kotlin/config/CompilerConfiguration;Lorg/jetbrains/kotlin/cli/common/messages/MessageCollector;Ljava/lang/String;)Lorg/jetbrains/kotlin/cli/jvm/compiler/KotlinCoreEnvironment;+19
j  org.jetbrains.kotlin.cli.jvm.K2JVMCompiler.doExecute(Lorg/jetbrains/kotlin/cli/common/arguments/K2JVMCompilerArguments;Lorg/jetbrains/kotlin/config/CompilerConfiguration;Lorg/jetbrains/kotlin/com/intellij/openapi/Disposable;Lorg/jetbrains/kotlin/utils/KotlinPaths;)Lorg/jetbrains/kotlin/cli/common/ExitCode;+943
j  org.jetbrains.kotlin.cli.jvm.K2JVMCompiler.doExecute(Lorg/jetbrains/kotlin/cli/common/arguments/CommonCompilerArguments;Lorg/jetbrains/kotlin/config/CompilerConfiguration;Lorg/jetbrains/kotlin/com/intellij/openapi/Disposable;Lorg/jetbrains/kotlin/utils/KotlinPaths;)Lorg/jetbrains/kotlin/cli/common/ExitCode;+9
j  org.jetbrains.kotlin.cli.common.CLICompiler.execImpl(Lorg/jetbrains/kotlin/cli/common/messages/MessageCollector;Lorg/jetbrains/kotlin/config/Services;Lorg/jetbrains/kotlin/cli/common/arguments/CommonCompilerArguments;)Lorg/jetbrains/kotlin/cli/common/ExitCode;+220
j  org.jetbrains.kotlin.cli.common.CLICompiler.execImpl(Lorg/jetbrains/kotlin/cli/common/messages/MessageCollector;Lorg/jetbrains/kotlin/config/Services;Lorg/jetbrains/kotlin/cli/common/arguments/CommonToolArguments;)Lorg/jetbrains/kotlin/cli/common/ExitCode;+7
j  org.jetbrains.kotlin.cli.common.CLITool.exec(Lorg/jetbrains/kotlin/cli/common/messages/MessageCollector;Lorg/jetbrains/kotlin/config/Services;Lorg/jetbrains/kotlin/cli/common/arguments/CommonToolArguments;)Lorg/jetbrains/kotlin/cli/common/ExitCode;+76
j  org.jetbrains.kotlin.cli.common.CLITool.exec(Ljava/io/PrintStream;Lorg/jetbrains/kotlin/config/Services;Lorg/jetbrains/kotlin/cli/common/messages/MessageRenderer;[Ljava/lang/String;)Lorg/jetbrains/kotlin/cli/common/ExitCode;+239
j  org.jetbrains.kotlin.cli.common.CLITool.exec(Ljava/io/PrintStream;Lorg/jetbrains/kotlin/cli/common/messages/MessageRenderer;[Ljava/lang/String;)Lorg/jetbrains/kotlin/cli/common/ExitCode;+25
j  org.jetbrains.kotlin.cli.common.CLITool$Companion.doMainNoExit(Lorg/jetbrains/kotlin/cli/common/CLITool;[Ljava/lang/String;Lorg/jetbrains/kotlin/cli/common/messages/MessageRenderer;)Lorg/jetbrains/kotlin/cli/common/ExitCode;+39
j  org.jetbrains.kotlin.cli.common.CLITool$Companion.doMainNoExit$default(Lorg/jetbrains/kotlin/cli/common/CLITool$Companion;Lorg/jetbrains/kotlin/cli/common/CLITool;[Ljava/lang/String;Lorg/jetbrains/kotlin/cli/common/messages/MessageRenderer;ILjava/lang/Object;)Lorg/jetbrains/kotlin/cli/common/ExitCode;+16
j  org.jetbrains.kotlin.cli.common.CLITool$Companion.doMain(Lorg/jetbrains/kotlin/cli/common/CLITool;[Ljava/lang/String;)V+54
j  org.jetbrains.kotlin.cli.jvm.K2JVMCompiler$Companion.main([Ljava/lang/String;)V+20
j  org.jetbrains.kotlin.cli.jvm.K2JVMCompiler.main([Ljava/lang/String;)V+4
v  ~StubRoutines::call_stub

---------------  P R O C E S S  ---------------

Threads class SMR info:
_java_thread_list=0x00000256994ebf00, length=12, elements={
0x00000256313166b0, 0x0000025653f60bd0, 0x0000025653f61ff0, 0x0000025653f74990,
0x0000025653f75350, 0x0000025653f75d10, 0x0000025653f79af0, 0x0000025653f7a890,
0x0000025653f7b340, 0x0000025653f7ccf0, 0x0000025699234a10, 0x000002569923dc20
}

Java Threads: ( => current thread )
=>0x00000256313166b0 JavaThread "main" [_thread_in_vm, id=15048, stack(0x000000efcd300000,0x000000efcd400000)]
  0x0000025653f60bd0 JavaThread "Reference Handler" daemon [_thread_blocked, id=9248, stack(0x000000efcda00000,0x000000efcdb00000)]
  0x0000025653f61ff0 JavaThread "Finalizer" daemon [_thread_blocked, id=10204, stack(0x000000efcdb00000,0x000000efcdc00000)]
  0x0000025653f74990 JavaThread "Signal Dispatcher" daemon [_thread_blocked, id=6592, stack(0x000000efcdc00000,0x000000efcdd00000)]
  0x0000025653f75350 JavaThread "Attach Listener" daemon [_thread_blocked, id=3020, stack(0x000000efcdd00000,0x000000efcde00000)]
  0x0000025653f75d10 JavaThread "Service Thread" daemon [_thread_blocked, id=18596, stack(0x000000efcde00000,0x000000efcdf00000)]
  0x0000025653f79af0 JavaThread "Monitor Deflation Thread" daemon [_thread_blocked, id=3836, stack(0x000000efcdf00000,0x000000efce000000)]
  0x0000025653f7a890 JavaThread "C2 CompilerThread0" daemon [_thread_blocked, id=15712, stack(0x000000efce000000,0x000000efce100000)]
  0x0000025653f7b340 JavaThread "C1 CompilerThread0" daemon [_thread_blocked, id=16448, stack(0x000000efce100000,0x000000efce200000)]
  0x0000025653f7ccf0 JavaThread "Sweeper thread" daemon [_thread_blocked, id=13496, stack(0x000000efce200000,0x000000efce300000)]
  0x0000025699234a10 JavaThread "Notification Thread" daemon [_thread_blocked, id=11112, stack(0x000000efce300000,0x000000efce400000)]
  0x000002569923dc20 JavaThread "Common-Cleaner" daemon [_thread_blocked, id=2632, stack(0x000000efce500000,0x000000efce600000)]

Other Threads:
  0x0000025653f5a100 VMThread "VM Thread" [stack: 0x000000efcd900000,0x000000efcda00000] [id=14740]
  0x0000025699237150 WatcherThread [stack: 0x000000efce400000,0x000000efce500000] [id=16032]
  0x0000025631381370 GCTaskThread "GC Thread#0" [stack: 0x000000efcd400000,0x000000efcd500000] [id=9904]
  0x00000256996386f0 GCTaskThread "GC Thread#1" [stack: 0x000000efce600000,0x000000efce700000] [id=3404]
  0x0000025699637670 GCTaskThread "GC Thread#2" [stack: 0x000000efce700000,0x000000efce800000] [id=17608]
  0x00000256996389b0 GCTaskThread "GC Thread#3" [stack: 0x000000efce800000,0x000000efce900000] [id=7280]
  0x00000256996370f0 GCTaskThread "GC Thread#4" [stack: 0x000000efce900000,0x000000efcea00000] [id=8392]
  0x0000025699637bf0 GCTaskThread "GC Thread#5" [stack: 0x000000efcea00000,0x000000efceb00000] [id=6080]
  0x0000025631391740 ConcurrentGCThread "G1 Main Marker" [stack: 0x000000efcd500000,0x000000efcd600000] [id=1452]
  0x0000025631392050 ConcurrentGCThread "G1 Conc#0" [stack: 0x000000efcd600000,0x000000efcd700000] [id=19004]
  0x0000025653e134f0 ConcurrentGCThread "G1 Refine#0" [stack: 0x000000efcd700000,0x000000efcd800000] [id=18836]
  0x0000025653e13bd0 ConcurrentGCThread "G1 Service" [stack: 0x000000efcd800000,0x000000efcd900000] [id=19368]

Threads with active compile tasks:

VM state: not at safepoint (normal execution)

VM Mutex/Monitor currently owned by a thread:  ([mutex/lock_event])
[0x0000025631310180] Metaspace_lock - owner thread: 0x00000256313166b0

Heap address: 0x000000070a800000, size: 3928 MB, Compressed Oops mode: Zero based, Oop shift amount: 3

CDS archive(s) mapped at: [0x0000025654000000-0x0000025654bd0000-0x0000025654bd0000), size 12386304, SharedBaseAddress: 0x0000025654000000, ArchiveRelocationMode: 1.
Compressed class space mapped at: 0x0000025655000000-0x0000025695000000, reserved size: 1073741824
Narrow klass base: 0x0000025654000000, Narrow klass shift: 0, Narrow klass range: 0x100000000

GC Precious Log:
 CPUs: 12 total, 12 available
 Memory: 15706M
 Large Page Support: Disabled
 NUMA Support: Disabled
 Compressed Oops: Enabled (Zero based)
 Heap Region Size: 2M
 Heap Min Capacity: 8M
 Heap Initial Capacity: 246M
 Heap Max Capacity: 3928M
 Pre-touch: Disabled
 Parallel Workers: 10
 Concurrent Workers: 3
 Concurrent Refinement Workers: 10
 Periodic GC: Disabled

Heap:
 garbage-first heap   total 251904K, used 19136K [0x000000070a800000, 0x0000000800000000)
  region size 2048K, 9 young (18432K), 2 survivors (4096K)
 Metaspace       used 10535K, committed 10688K, reserved 1114112K
  class space    used 1140K, committed 1216K, reserved 1048576K

Heap Regions: E=young(eden), S=young(survivor), O=old, HS=humongous(starts), HC=humongous(continues), CS=collection set, F=free, OA=open archive, CA=closed archive, TAMS=top-at-mark-start (previous, next)
|   0|0x000000070a800000, 0x000000070aa00000, 0x000000070aa00000|100%|HS|  |TAMS 0x000000070a800000, 0x000000070a800000| Complete 
|   1|0x000000070aa00000, 0x000000070ac00000, 0x000000070ac00000|100%|HC|  |TAMS 0x000000070aa00000, 0x000000070aa00000| Complete 
|   2|0x000000070ac00000, 0x000000070ac00000, 0x000000070ae00000|  0%| F|  |TAMS 0x000000070ac00000, 0x000000070ac00000| Untracked 
|   3|0x000000070ae00000, 0x000000070ae00000, 0x000000070b000000|  0%| F|  |TAMS 0x000000070ae00000, 0x000000070ae00000| Untracked 
|   4|0x000000070b000000, 0x000000070b000000, 0x000000070b200000|  0%| F|  |TAMS 0x000000070b000000, 0x000000070b000000| Untracked 
|   5|0x000000070b200000, 0x000000070b200000, 0x000000070b400000|  0%| F|  |TAMS 0x000000070b200000, 0x000000070b200000| Untracked 
|   6|0x000000070b400000, 0x000000070b400000, 0x000000070b600000|  0%| F|  |TAMS 0x000000070b400000, 0x000000070b400000| Untracked 
|   7|0x000000070b600000, 0x000000070b600000, 0x000000070b800000|  0%| F|  |TAMS 0x000000070b600000, 0x000000070b600000| Untracked 
|   8|0x000000070b800000, 0x000000070b800000, 0x000000070ba00000|  0%| F|  |TAMS 0x000000070b800000, 0x000000070b800000| Untracked 
|   9|0x000000070ba00000, 0x000000070ba00000, 0x000000070bc00000|  0%| F|  |TAMS 0x000000070ba00000, 0x000000070ba00000| Untracked 
|  10|0x000000070bc00000, 0x000000070bc00000, 0x000000070be00000|  0%| F|  |TAMS 0x000000070bc00000, 0x000000070bc00000| Untracked 
|  11|0x000000070be00000, 0x000000070be00000, 0x000000070c000000|  0%| F|  |TAMS 0x000000070be00000, 0x000000070be00000| Untracked 
|  12|0x000000070c000000, 0x000000070c000000, 0x000000070c200000|  0%| F|  |TAMS 0x000000070c000000, 0x000000070c000000| Untracked 
|  13|0x000000070c200000, 0x000000070c200000, 0x000000070c400000|  0%| F|  |TAMS 0x000000070c200000, 0x000000070c200000| Untracked 
|  14|0x000000070c400000, 0x000000070c400000, 0x000000070c600000|  0%| F|  |TAMS 0x000000070c400000, 0x000000070c400000| Untracked 
|  15|0x000000070c600000, 0x000000070c600000, 0x000000070c800000|  0%| F|  |TAMS 0x000000070c600000, 0x000000070c600000| Untracked 
|  16|0x000000070c800000, 0x000000070c800000, 0x000000070ca00000|  0%| F|  |TAMS 0x000000070c800000, 0x000000070c800000| Untracked 
|  17|0x000000070ca00000, 0x000000070ca00000, 0x000000070cc00000|  0%| F|  |TAMS 0x000000070ca00000, 0x000000070ca00000| Untracked 
|  18|0x000000070cc00000, 0x000000070cc00000, 0x000000070ce00000|  0%| F|  |TAMS 0x000000070cc00000, 0x000000070cc00000| Untracked 
|  19|0x000000070ce00000, 0x000000070ce00000, 0x000000070d000000|  0%| F|  |TAMS 0x000000070ce00000, 0x000000070ce00000| Untracked 
|  20|0x000000070d000000, 0x000000070d000000, 0x000000070d200000|  0%| F|  |TAMS 0x000000070d000000, 0x000000070d000000| Untracked 
|  21|0x000000070d200000, 0x000000070d200000, 0x000000070d400000|  0%| F|  |TAMS 0x000000070d200000, 0x000000070d200000| Untracked 
|  22|0x000000070d400000, 0x000000070d400000, 0x000000070d600000|  0%| F|  |TAMS 0x000000070d400000, 0x000000070d400000| Untracked 
|  23|0x000000070d600000, 0x000000070d600000, 0x000000070d800000|  0%| F|  |TAMS 0x000000070d600000, 0x000000070d600000| Untracked 
|  24|0x000000070d800000, 0x000000070d800000, 0x000000070da00000|  0%| F|  |TAMS 0x000000070d800000, 0x000000070d800000| Untracked 
|  25|0x000000070da00000, 0x000000070da00000, 0x000000070dc00000|  0%| F|  |TAMS 0x000000070da00000, 0x000000070da00000| Untracked 
|  26|0x000000070dc00000, 0x000000070dc00000, 0x000000070de00000|  0%| F|  |TAMS 0x000000070dc00000, 0x000000070dc00000| Untracked 
|  27|0x000000070de00000, 0x000000070de00000, 0x000000070e000000|  0%| F|  |TAMS 0x000000070de00000, 0x000000070de00000| Untracked 
|  28|0x000000070e000000, 0x000000070e000000, 0x000000070e200000|  0%| F|  |TAMS 0x000000070e000000, 0x000000070e000000| Untracked 
|  29|0x000000070e200000, 0x000000070e200000, 0x000000070e400000|  0%| F|  |TAMS 0x000000070e200000, 0x000000070e200000| Untracked 
|  30|0x000000070e400000, 0x000000070e400000, 0x000000070e600000|  0%| F|  |TAMS 0x000000070e400000, 0x000000070e400000| Untracked 
|  31|0x000000070e600000, 0x000000070e600000, 0x000000070e800000|  0%| F|  |TAMS 0x000000070e600000, 0x000000070e600000| Untracked 
|  32|0x000000070e800000, 0x000000070e800000, 0x000000070ea00000|  0%| F|  |TAMS 0x000000070e800000, 0x000000070e800000| Untracked 
|  33|0x000000070ea00000, 0x000000070ea00000, 0x000000070ec00000|  0%| F|  |TAMS 0x000000070ea00000, 0x000000070ea00000| Untracked 
|  34|0x000000070ec00000, 0x000000070ec00000, 0x000000070ee00000|  0%| F|  |TAMS 0x000000070ec00000, 0x000000070ec00000| Untracked 
|  35|0x000000070ee00000, 0x000000070ee00000, 0x000000070f000000|  0%| F|  |TAMS 0x000000070ee00000, 0x000000070ee00000| Untracked 
|  36|0x000000070f000000, 0x000000070f000000, 0x000000070f200000|  0%| F|  |TAMS 0x000000070f000000, 0x000000070f000000| Untracked 
|  37|0x000000070f200000, 0x000000070f200000, 0x000000070f400000|  0%| F|  |TAMS 0x000000070f200000, 0x000000070f200000| Untracked 
|  38|0x000000070f400000, 0x000000070f400000, 0x000000070f600000|  0%| F|  |TAMS 0x000000070f400000, 0x000000070f400000| Untracked 
|  39|0x000000070f600000, 0x000000070f600000, 0x000000070f800000|  0%| F|  |TAMS 0x000000070f600000, 0x000000070f600000| Untracked 
|  40|0x000000070f800000, 0x000000070f800000, 0x000000070fa00000|  0%| F|  |TAMS 0x000000070f800000, 0x000000070f800000| Untracked 
|  41|0x000000070fa00000, 0x000000070fa00000, 0x000000070fc00000|  0%| F|  |TAMS 0x000000070fa00000, 0x000000070fa00000| Untracked 
|  42|0x000000070fc00000, 0x000000070fc00000, 0x000000070fe00000|  0%| F|  |TAMS 0x000000070fc00000, 0x000000070fc00000| Untracked 
|  43|0x000000070fe00000, 0x000000070fe00000, 0x0000000710000000|  0%| F|  |TAMS 0x000000070fe00000, 0x000000070fe00000| Untracked 
|  44|0x0000000710000000, 0x0000000710000000, 0x0000000710200000|  0%| F|  |TAMS 0x0000000710000000, 0x0000000710000000| Untracked 
|  45|0x0000000710200000, 0x0000000710200000, 0x0000000710400000|  0%| F|  |TAMS 0x0000000710200000, 0x0000000710200000| Untracked 
|  46|0x0000000710400000, 0x0000000710400000, 0x0000000710600000|  0%| F|  |TAMS 0x0000000710400000, 0x0000000710400000| Untracked 
|  47|0x0000000710600000, 0x0000000710600000, 0x0000000710800000|  0%| F|  |TAMS 0x0000000710600000, 0x0000000710600000| Untracked 
|  48|0x0000000710800000, 0x0000000710800000, 0x0000000710a00000|  0%| F|  |TAMS 0x0000000710800000, 0x0000000710800000| Untracked 
|  49|0x0000000710a00000, 0x0000000710a00000, 0x0000000710c00000|  0%| F|  |TAMS 0x0000000710a00000, 0x0000000710a00000| Untracked 
|  50|0x0000000710c00000, 0x0000000710c00000, 0x0000000710e00000|  0%| F|  |TAMS 0x0000000710c00000, 0x0000000710c00000| Untracked 
|  51|0x0000000710e00000, 0x0000000710e00000, 0x0000000711000000|  0%| F|  |TAMS 0x0000000710e00000, 0x0000000710e00000| Untracked 
|  52|0x0000000711000000, 0x0000000711000000, 0x0000000711200000|  0%| F|  |TAMS 0x0000000711000000, 0x0000000711000000| Untracked 
|  53|0x0000000711200000, 0x0000000711200000, 0x0000000711400000|  0%| F|  |TAMS 0x0000000711200000, 0x0000000711200000| Untracked 
|  54|0x0000000711400000, 0x0000000711400000, 0x0000000711600000|  0%| F|  |TAMS 0x0000000711400000, 0x0000000711400000| Untracked 
|  55|0x0000000711600000, 0x0000000711600000, 0x0000000711800000|  0%| F|  |TAMS 0x0000000711600000, 0x0000000711600000| Untracked 
|  56|0x0000000711800000, 0x0000000711800000, 0x0000000711a00000|  0%| F|  |TAMS 0x0000000711800000, 0x0000000711800000| Untracked 
|  57|0x0000000711a00000, 0x0000000711a00000, 0x0000000711c00000|  0%| F|  |TAMS 0x0000000711a00000, 0x0000000711a00000| Untracked 
|  58|0x0000000711c00000, 0x0000000711c00000, 0x0000000711e00000|  0%| F|  |TAMS 0x0000000711c00000, 0x0000000711c00000| Untracked 
|  59|0x0000000711e00000, 0x0000000711e00000, 0x0000000712000000|  0%| F|  |TAMS 0x0000000711e00000, 0x0000000711e00000| Untracked 
|  60|0x0000000712000000, 0x0000000712000000, 0x0000000712200000|  0%| F|  |TAMS 0x0000000712000000, 0x0000000712000000| Untracked 
|  61|0x0000000712200000, 0x0000000712200000, 0x0000000712400000|  0%| F|  |TAMS 0x0000000712200000, 0x0000000712200000| Untracked 
|  62|0x0000000712400000, 0x0000000712400000, 0x0000000712600000|  0%| F|  |TAMS 0x0000000712400000, 0x0000000712400000| Untracked 
|  63|0x0000000712600000, 0x0000000712600000, 0x0000000712800000|  0%| F|  |TAMS 0x0000000712600000, 0x0000000712600000| Untracked 
|  64|0x0000000712800000, 0x0000000712800000, 0x0000000712a00000|  0%| F|  |TAMS 0x0000000712800000, 0x0000000712800000| Untracked 
|  65|0x0000000712a00000, 0x0000000712a00000, 0x0000000712c00000|  0%| F|  |TAMS 0x0000000712a00000, 0x0000000712a00000| Untracked 
|  66|0x0000000712c00000, 0x0000000712c00000, 0x0000000712e00000|  0%| F|  |TAMS 0x0000000712c00000, 0x0000000712c00000| Untracked 
|  67|0x0000000712e00000, 0x0000000712e00000, 0x0000000713000000|  0%| F|  |TAMS 0x0000000712e00000, 0x0000000712e00000| Untracked 
|  68|0x0000000713000000, 0x0000000713000000, 0x0000000713200000|  0%| F|  |TAMS 0x0000000713000000, 0x0000000713000000| Untracked 
|  69|0x0000000713200000, 0x0000000713200000, 0x0000000713400000|  0%| F|  |TAMS 0x0000000713200000, 0x0000000713200000| Untracked 
|  70|0x0000000713400000, 0x0000000713400000, 0x0000000713600000|  0%| F|  |TAMS 0x0000000713400000, 0x0000000713400000| Untracked 
|  71|0x0000000713600000, 0x0000000713600000, 0x0000000713800000|  0%| F|  |TAMS 0x0000000713600000, 0x0000000713600000| Untracked 
|  72|0x0000000713800000, 0x0000000713800000, 0x0000000713a00000|  0%| F|  |TAMS 0x0000000713800000, 0x0000000713800000| Untracked 
|  73|0x0000000713a00000, 0x0000000713a00000, 0x0000000713c00000|  0%| F|  |TAMS 0x0000000713a00000, 0x0000000713a00000| Untracked 
|  74|0x0000000713c00000, 0x0000000713c00000, 0x0000000713e00000|  0%| F|  |TAMS 0x0000000713c00000, 0x0000000713c00000| Untracked 
|  75|0x0000000713e00000, 0x0000000713e00000, 0x0000000714000000|  0%| F|  |TAMS 0x0000000713e00000, 0x0000000713e00000| Untracked 
|  76|0x0000000714000000, 0x0000000714000000, 0x0000000714200000|  0%| F|  |TAMS 0x0000000714000000, 0x0000000714000000| Untracked 
|  77|0x0000000714200000, 0x0000000714200000, 0x0000000714400000|  0%| F|  |TAMS 0x0000000714200000, 0x0000000714200000| Untracked 
|  78|0x0000000714400000, 0x0000000714400000, 0x0000000714600000|  0%| F|  |TAMS 0x0000000714400000, 0x0000000714400000| Untracked 
|  79|0x0000000714600000, 0x0000000714600000, 0x0000000714800000|  0%| F|  |TAMS 0x0000000714600000, 0x0000000714600000| Untracked 
|  80|0x0000000714800000, 0x0000000714800000, 0x0000000714a00000|  0%| F|  |TAMS 0x0000000714800000, 0x0000000714800000| Untracked 
|  81|0x0000000714a00000, 0x0000000714a00000, 0x0000000714c00000|  0%| F|  |TAMS 0x0000000714a00000, 0x0000000714a00000| Untracked 
|  82|0x0000000714c00000, 0x0000000714c00000, 0x0000000714e00000|  0%| F|  |TAMS 0x0000000714c00000, 0x0000000714c00000| Untracked 
|  83|0x0000000714e00000, 0x0000000714e00000, 0x0000000715000000|  0%| F|  |TAMS 0x0000000714e00000, 0x0000000714e00000| Untracked 
|  84|0x0000000715000000, 0x0000000715000000, 0x0000000715200000|  0%| F|  |TAMS 0x0000000715000000, 0x0000000715000000| Untracked 
|  85|0x0000000715200000, 0x0000000715200000, 0x0000000715400000|  0%| F|  |TAMS 0x0000000715200000, 0x0000000715200000| Untracked 
|  86|0x0000000715400000, 0x0000000715400000, 0x0000000715600000|  0%| F|  |TAMS 0x0000000715400000, 0x0000000715400000| Untracked 
|  87|0x0000000715600000, 0x0000000715600000, 0x0000000715800000|  0%| F|  |TAMS 0x0000000715600000, 0x0000000715600000| Untracked 
|  88|0x0000000715800000, 0x0000000715800000, 0x0000000715a00000|  0%| F|  |TAMS 0x0000000715800000, 0x0000000715800000| Untracked 
|  89|0x0000000715a00000, 0x0000000715a00000, 0x0000000715c00000|  0%| F|  |TAMS 0x0000000715a00000, 0x0000000715a00000| Untracked 
|  90|0x0000000715c00000, 0x0000000715c00000, 0x0000000715e00000|  0%| F|  |TAMS 0x0000000715c00000, 0x0000000715c00000| Untracked 
|  91|0x0000000715e00000, 0x0000000715e00000, 0x0000000716000000|  0%| F|  |TAMS 0x0000000715e00000, 0x0000000715e00000| Untracked 
|  92|0x0000000716000000, 0x0000000716000000, 0x0000000716200000|  0%| F|  |TAMS 0x0000000716000000, 0x0000000716000000| Untracked 
|  93|0x0000000716200000, 0x0000000716200000, 0x0000000716400000|  0%| F|  |TAMS 0x0000000716200000, 0x0000000716200000| Untracked 
|  94|0x0000000716400000, 0x0000000716400000, 0x0000000716600000|  0%| F|  |TAMS 0x0000000716400000, 0x0000000716400000| Untracked 
|  95|0x0000000716600000, 0x0000000716600000, 0x0000000716800000|  0%| F|  |TAMS 0x0000000716600000, 0x0000000716600000| Untracked 
|  96|0x0000000716800000, 0x0000000716800000, 0x0000000716a00000|  0%| F|  |TAMS 0x0000000716800000, 0x0000000716800000| Untracked 
|  97|0x0000000716a00000, 0x0000000716a00000, 0x0000000716c00000|  0%| F|  |TAMS 0x0000000716a00000, 0x0000000716a00000| Untracked 
|  98|0x0000000716c00000, 0x0000000716c00000, 0x0000000716e00000|  0%| F|  |TAMS 0x0000000716c00000, 0x0000000716c00000| Untracked 
|  99|0x0000000716e00000, 0x0000000716e00000, 0x0000000717000000|  0%| F|  |TAMS 0x0000000716e00000, 0x0000000716e00000| Untracked 
| 100|0x0000000717000000, 0x0000000717000000, 0x0000000717200000|  0%| F|  |TAMS 0x0000000717000000, 0x0000000717000000| Untracked 
| 101|0x0000000717200000, 0x0000000717200000, 0x0000000717400000|  0%| F|  |TAMS 0x0000000717200000, 0x0000000717200000| Untracked 
| 102|0x0000000717400000, 0x0000000717400000, 0x0000000717600000|  0%| F|  |TAMS 0x0000000717400000, 0x0000000717400000| Untracked 
| 103|0x0000000717600000, 0x0000000717600000, 0x0000000717800000|  0%| F|  |TAMS 0x0000000717600000, 0x0000000717600000| Untracked 
| 104|0x0000000717800000, 0x0000000717800000, 0x0000000717a00000|  0%| F|  |TAMS 0x0000000717800000, 0x0000000717800000| Untracked 
| 105|0x0000000717a00000, 0x0000000717a00000, 0x0000000717c00000|  0%| F|  |TAMS 0x0000000717a00000, 0x0000000717a00000| Untracked 
| 106|0x0000000717c00000, 0x0000000717c00000, 0x0000000717e00000|  0%| F|  |TAMS 0x0000000717c00000, 0x0000000717c00000| Untracked 
| 107|0x0000000717e00000, 0x0000000717e00000, 0x0000000718000000|  0%| F|  |TAMS 0x0000000717e00000, 0x0000000717e00000| Untracked 
| 108|0x0000000718000000, 0x0000000718000000, 0x0000000718200000|  0%| F|  |TAMS 0x0000000718000000, 0x0000000718000000| Untracked 
| 109|0x0000000718200000, 0x0000000718200000, 0x0000000718400000|  0%| F|  |TAMS 0x0000000718200000, 0x0000000718200000| Untracked 
| 110|0x0000000718400000, 0x00000007184b0000, 0x0000000718600000| 34%| S|CS|TAMS 0x0000000718400000, 0x0000000718400000| Complete 
| 111|0x0000000718600000, 0x0000000718800000, 0x0000000718800000|100%| S|CS|TAMS 0x0000000718600000, 0x0000000718600000| Complete 
| 112|0x0000000718800000, 0x0000000718800000, 0x0000000718a00000|  0%| F|  |TAMS 0x0000000718800000, 0x0000000718800000| Untracked 
| 113|0x0000000718a00000, 0x0000000718a00000, 0x0000000718c00000|  0%| F|  |TAMS 0x0000000718a00000, 0x0000000718a00000| Untracked 
| 114|0x0000000718c00000, 0x0000000718c00000, 0x0000000718e00000|  0%| F|  |TAMS 0x0000000718c00000, 0x0000000718c00000| Untracked 
| 115|0x0000000718e00000, 0x0000000718e00000, 0x0000000719000000|  0%| F|  |TAMS 0x0000000718e00000, 0x0000000718e00000| Untracked 
| 116|0x0000000719000000, 0x00000007191663a0, 0x0000000719200000| 69%| E|  |TAMS 0x0000000719000000, 0x0000000719000000| Complete 
| 117|0x0000000719200000, 0x0000000719400000, 0x0000000719400000|100%| E|CS|TAMS 0x0000000719200000, 0x0000000719200000| Complete 
| 118|0x0000000719400000, 0x0000000719600000, 0x0000000719600000|100%| E|CS|TAMS 0x0000000719400000, 0x0000000719400000| Complete 
| 119|0x0000000719600000, 0x0000000719800000, 0x0000000719800000|100%| E|CS|TAMS 0x0000000719600000, 0x0000000719600000| Complete 
| 120|0x0000000719800000, 0x0000000719a00000, 0x0000000719a00000|100%| E|CS|TAMS 0x0000000719800000, 0x0000000719800000| Complete 
| 121|0x0000000719a00000, 0x0000000719c00000, 0x0000000719c00000|100%| E|CS|TAMS 0x0000000719a00000, 0x0000000719a00000| Complete 
| 122|0x0000000719c00000, 0x0000000719e00000, 0x0000000719e00000|100%| E|CS|TAMS 0x0000000719c00000, 0x0000000719c00000| Complete 

Card table byte_map: [0x00000256488c0000,0x0000025649070000] _byte_map_base: 0x000002564506c000

Marking Bits (Prev, Next): (CMBitMap*) 0x0000025631381890, (CMBitMap*) 0x00000256313818d0
 Prev Bits: [0x0000025649820000, 0x000002564d580000)
 Next Bits: [0x000002564d580000, 0x00000256512e0000)

Polling page: 0x000002562f310000

Metaspace:

Usage:
  Non-class:      9.18 MB used.
      Class:      1.11 MB used.
       Both:     10.29 MB used.

Virtual space:
  Non-class space:       64.00 MB reserved,       9.25 MB ( 14%) committed,  1 nodes.
      Class space:        1.00 GB reserved,       1.19 MB ( <1%) committed,  1 nodes.
             Both:        1.06 GB reserved,      10.44 MB ( <1%) committed. 

Chunk freelists:
   Non-Class:  4.23 MB
       Class:  14.73 MB
        Both:  18.97 MB

MaxMetaspaceSize: unlimited
CompressedClassSpaceSize: 1.00 GB
Initial GC threshold: 21.00 MB
Current GC threshold: 21.00 MB
CDS: on
MetaspaceReclaimPolicy: balanced
 - commit_granule_bytes: 65536.
 - commit_granule_words: 8192.
 - virtual_space_node_default_size: 8388608.
 - enlarge_chunks_in_place: 1.
 - new_chunks_are_fully_committed: 0.
 - uncommit_free_chunks: 1.
 - use_allocation_guard: 0.
 - handle_deallocations: 1.


Internal statistics:

num_allocs_failed_limit: 0.
num_arena_births: 100.
num_arena_deaths: 0.
num_vsnodes_births: 2.
num_vsnodes_deaths: 0.
num_space_committed: 167.
num_space_uncommitted: 0.
num_chunks_returned_to_freelist: 0.
num_chunks_taken_from_freelist: 452.
num_chunk_merges: 0.
num_chunk_splits: 344.
num_chunks_enlarged: 301.
num_inconsistent_stats: 0.

CodeHeap 'non-profiled nmethods': size=120000Kb used=273Kb max_used=273Kb free=119726Kb
 bounds [0x0000025640680000, 0x00000256408f0000, 0x0000025647bb0000]
CodeHeap 'profiled nmethods': size=120000Kb used=1427Kb max_used=1427Kb free=118572Kb
 bounds [0x0000025638bb0000, 0x0000025638e20000, 0x00000256400e0000]
CodeHeap 'non-nmethods': size=5760Kb used=1170Kb max_used=1183Kb free=4589Kb
 bounds [0x00000256400e0000, 0x0000025640350000, 0x0000025640680000]
 total_blobs=1332 nmethods=867 adapters=378
 compilation: enabled
              stopped_count=0, restarted_count=0
 full_count=0

Compilation events (20 events):
Event: 1.405 Thread 0x0000025653f7b340  858       3       jdk.internal.org.objectweb.asm.MethodWriter::visitFrameStart (55 bytes)
Event: 1.405 Thread 0x0000025653f7b340 nmethod 858 0x0000025638d0f290 code [0x0000025638d0f440, 0x0000025638d0f778]
Event: 1.412 Thread 0x0000025653f7b340  859       3       java.lang.invoke.MemberName::isCallerSensitive (8 bytes)
Event: 1.413 Thread 0x0000025653f7b340 nmethod 859 0x0000025638d0f910 code [0x0000025638d0fac0, 0x0000025638d0fcf8]
Event: 1.413 Thread 0x0000025653f7b340  860       3       jdk.internal.org.objectweb.asm.MethodWriter::visitFieldInsn (258 bytes)
Event: 1.414 Thread 0x0000025653f7b340 nmethod 860 0x0000025638d0fe10 code [0x0000025638d10080, 0x0000025638d10c08]
Event: 1.414 Thread 0x0000025653f7b340  861       3       jdk.internal.org.objectweb.asm.SymbolTable::addConstantFieldref (10 bytes)
Event: 1.414 Thread 0x0000025653f7b340 nmethod 861 0x0000025638d11010 code [0x0000025638d111a0, 0x0000025638d112e8]
Event: 1.415 Thread 0x0000025653f7b340  862       3       sun.invoke.util.BytecodeDescriptor::unparse (24 bytes)
Event: 1.416 Thread 0x0000025653f7b340 nmethod 862 0x0000025638d11390 code [0x0000025638d11540, 0x0000025638d11748]
Event: 1.427 Thread 0x0000025653f7b340  863       3       java.lang.StringBuilder::<init> (6 bytes)
Event: 1.427 Thread 0x0000025653f7b340 nmethod 863 0x0000025638d11810 code [0x0000025638d119a0, 0x0000025638d11ae8]
Event: 1.427 Thread 0x0000025653f7b340  864       3       java.lang.invoke.MethodType::toMethodDescriptorString (28 bytes)
Event: 1.427 Thread 0x0000025653f7b340 nmethod 864 0x0000025638d11b90 code [0x0000025638d11d40, 0x0000025638d11f28]
Event: 1.429 Thread 0x0000025653f7a890  865       4       jdk.internal.org.objectweb.asm.ByteVector::putShort (52 bytes)
Event: 1.430 Thread 0x0000025653f7a890 nmethod 865 0x00000256406c4390 code [0x00000256406c4500, 0x00000256406c4638]
Event: 1.438 Thread 0x0000025653f7b340  866       3       java.lang.invoke.MemberName::checkForTypeAlias (172 bytes)
Event: 1.440 Thread 0x0000025653f7b340 nmethod 866 0x0000025638d12010 code [0x0000025638d12480, 0x0000025638d14338]
Event: 1.440 Thread 0x0000025653f7b340  867       3       jdk.internal.reflect.MagicAccessorImpl::<init> (5 bytes)
Event: 1.440 Thread 0x0000025653f7b340 nmethod 867 0x0000025638d14c10 code [0x0000025638d14da0, 0x0000025638d14ef8]

GC Heap History (2 events):
Event: 1.009 GC heap before
{Heap before GC invocations=0 (full 0):
 garbage-first heap   total 251904K, used 24576K [0x000000070a800000, 0x0000000800000000)
  region size 2048K, 11 young (22528K), 0 survivors (0K)
 Metaspace       used 6587K, committed 6784K, reserved 1114112K
  class space    used 683K, committed 768K, reserved 1048576K
}
Event: 1.017 GC heap after
{Heap after GC invocations=1 (full 0):
 garbage-first heap   total 251904K, used 6848K [0x000000070a800000, 0x0000000800000000)
  region size 2048K, 2 young (4096K), 2 survivors (4096K)
 Metaspace       used 6587K, committed 6784K, reserved 1114112K
  class space    used 683K, committed 768K, reserved 1048576K
}

Deoptimization events (20 events):
Event: 0.160 Thread 0x00000256313166b0 DEOPT PACKING pc=0x0000025638bc7f0c sp=0x000000efcd3fdde0
Event: 0.160 Thread 0x00000256313166b0 DEOPT UNPACKING pc=0x0000025640132b43 sp=0x000000efcd3fd270 mode 0
Event: 0.229 Thread 0x00000256313166b0 Uncommon trap: trap_request=0xffffff45 fr.pc=0x0000025640684ab4 relative=0x00000000000006d4
Event: 0.229 Thread 0x00000256313166b0 Uncommon trap: reason=unstable_if action=reinterpret pc=0x0000025640684ab4 method=java.util.zip.ZipFile$Source.checkAndAddEntry(II)I @ 50 c2
Event: 0.229 Thread 0x00000256313166b0 DEOPT PACKING pc=0x0000025640684ab4 sp=0x000000efcd3fe980
Event: 0.229 Thread 0x00000256313166b0 DEOPT UNPACKING pc=0x00000256401323a3 sp=0x000000efcd3fe8f0 mode 2
Event: 0.326 Thread 0x00000256313166b0 DEOPT PACKING pc=0x0000025638bc6267 sp=0x000000efcd3fe6c0
Event: 0.326 Thread 0x00000256313166b0 DEOPT UNPACKING pc=0x0000025640132b43 sp=0x000000efcd3fdae0 mode 0
Event: 0.350 Thread 0x00000256313166b0 DEOPT PACKING pc=0x0000025638bc55d1 sp=0x000000efcd3fe5b0
Event: 0.350 Thread 0x00000256313166b0 DEOPT UNPACKING pc=0x0000025640132b43 sp=0x000000efcd3fda28 mode 0
Event: 0.402 Thread 0x00000256313166b0 Uncommon trap: trap_request=0xffffff45 fr.pc=0x0000025640694d14 relative=0x00000000000003d4
Event: 0.402 Thread 0x00000256313166b0 Uncommon trap: reason=unstable_if action=reinterpret pc=0x0000025640694d14 method=org.jetbrains.kotlin.cli.common.arguments.PreprocessCommandLineArgumentsKt.nextChar(Ljava/io/Reader;)Ljava/lang/Character; @ 20 c2
Event: 0.402 Thread 0x00000256313166b0 DEOPT PACKING pc=0x0000025640694d14 sp=0x000000efcd3feec0
Event: 0.402 Thread 0x00000256313166b0 DEOPT UNPACKING pc=0x00000256401323a3 sp=0x000000efcd3fee80 mode 2
Event: 0.674 Thread 0x00000256313166b0 DEOPT PACKING pc=0x0000025638bdf256 sp=0x000000efcd3fa8e0
Event: 0.674 Thread 0x00000256313166b0 DEOPT UNPACKING pc=0x0000025640132b43 sp=0x000000efcd3f9d68 mode 0
Event: 0.931 Thread 0x00000256313166b0 DEOPT PACKING pc=0x0000025638c07ee5 sp=0x000000efcd3fecb0
Event: 0.931 Thread 0x00000256313166b0 DEOPT UNPACKING pc=0x0000025640132b43 sp=0x000000efcd3fe100 mode 0
Event: 0.985 Thread 0x00000256313166b0 DEOPT PACKING pc=0x0000025638bfe1c8 sp=0x000000efcd3f6c80
Event: 0.985 Thread 0x00000256313166b0 DEOPT UNPACKING pc=0x0000025640132b43 sp=0x000000efcd3f6198 mode 0

Classes unloaded (0 events):
No events

Classes redefined (0 events):
No events

Internal exceptions (20 events):
Event: 1.026 Thread 0x00000256313166b0 Exception <a 'java/lang/NoSuchMethodError'{0x0000000719c27e08}: 'java.lang.Object java.lang.invoke.DirectMethodHandle$Holder.invokeStaticInit(java.lang.Object, int)'> (0x0000000719c27e08) 
thrown [s\open\src\hotspot\share\interpreter\linkResolver.cpp, line 759]
Event: 1.030 Thread 0x00000256313166b0 Exception <a 'java/lang/NoSuchMethodError'{0x0000000719c34b68}: 'java.lang.Object java.lang.invoke.DirectMethodHandle$Holder.invokeInterface(java.lang.Object, java.lang.Object)'> (0x0000000719c34b68) 
thrown [s\open\src\hotspot\share\interpreter\linkResolver.cpp, line 759]
Event: 1.044 Thread 0x00000256313166b0 Exception <a 'java/lang/NoSuchMethodError'{0x0000000719cbcbb0}: 'java.lang.Object java.lang.invoke.DirectMethodHandle$Holder.invokeStaticInit(java.lang.Object, java.lang.Object, java.lang.Object)'> (0x0000000719cbcbb0) 
thrown [s\open\src\hotspot\share\interpreter\linkResolver.cpp, line 759]
Event: 1.065 Thread 0x00000256313166b0 Exception <a 'java/lang/NoSuchMethodError'{0x0000000719dc4108}: 'long java.lang.invoke.DirectMethodHandle$Holder.invokeStatic(java.lang.Object)'> (0x0000000719dc4108) 
thrown [s\open\src\hotspot\share\interpreter\linkResolver.cpp, line 759]
Event: 1.066 Thread 0x00000256313166b0 Exception <a 'java/lang/NoSuchMethodError'{0x0000000719dc7860}: 'long java.lang.invoke.DirectMethodHandle$Holder.invokeStaticInit(java.lang.Object)'> (0x0000000719dc7860) 
thrown [s\open\src\hotspot\share\interpreter\linkResolver.cpp, line 759]
Event: 1.119 Thread 0x00000256313166b0 Exception <a 'java/lang/NoSuchMethodError'{0x0000000719b85c08}: 'int java.lang.invoke.DirectMethodHandle$Holder.invokeStaticInit(java.lang.Object, java.lang.Object, java.lang.Object, java.lang.Object)'> (0x0000000719b85c08) 
thrown [s\open\src\hotspot\share\interpreter\linkResolver.cpp, line 759]
Event: 1.151 Thread 0x00000256313166b0 Exception <a 'java/lang/NoSuchMethodError'{0x0000000719949550}: 'long java.lang.invoke.Invokers$Holder.invoke_MT(java.lang.Object, java.lang.Object, java.lang.Object, java.lang.Object)'> (0x0000000719949550) 
thrown [s\open\src\hotspot\share\interpreter\linkResolver.cpp, line 759]
Event: 1.154 Thread 0x00000256313166b0 Exception <a 'java/lang/NoSuchMethodError'{0x0000000719954be0}: 'int java.lang.invoke.DirectMethodHandle$Holder.invokeSpecial(java.lang.Object, java.lang.Object, java.lang.Object)'> (0x0000000719954be0) 
thrown [s\open\src\hotspot\share\interpreter\linkResolver.cpp, line 759]
Event: 1.154 Thread 0x00000256313166b0 Exception <a 'java/lang/NoSuchMethodError'{0x00000007199588d0}: 'int java.lang.invoke.DirectMethodHandle$Holder.invokeSpecial(java.lang.Object, java.lang.Object, java.lang.Object, java.lang.Object)'> (0x00000007199588d0) 
thrown [s\open\src\hotspot\share\interpreter\linkResolver.cpp, line 759]
Event: 1.155 Thread 0x00000256313166b0 Exception <a 'java/lang/NoSuchMethodError'{0x000000071995bf38}: 'int java.lang.invoke.Invokers$Holder.invoke_MT(java.lang.Object, java.lang.Object, java.lang.Object, java.lang.Object)'> (0x000000071995bf38) 
thrown [s\open\src\hotspot\share\interpreter\linkResolver.cpp, line 759]
Event: 1.159 Thread 0x00000256313166b0 Exception <a 'java/lang/NoSuchMethodError'{0x000000071996b900}: 'void java.lang.invoke.DelegatingMethodHandle$Holder.reinvoke_L(java.lang.Object, java.lang.Object, java.lang.Object, long, java.lang.Object)'> (0x000000071996b900) 
thrown [s\open\src\hotspot\share\interpreter\linkResolver.cpp, line 759]
Event: 1.160 Thread 0x00000256313166b0 Exception <a 'java/lang/NoSuchMethodError'{0x0000000719973538}: 'java.lang.Object java.lang.invoke.DirectMethodHandle$Holder.invokeSpecial(java.lang.Object, java.lang.Object, java.lang.Object, java.lang.Object, long)'> (0x0000000719973538) 
thrown [s\open\src\hotspot\share\interpreter\linkResolver.cpp, line 759]
Event: 1.175 Thread 0x00000256313166b0 Exception <a 'java/lang/NoSuchMethodError'{0x00000007199828f8}: 'int java.lang.invoke.DelegatingMethodHandle$Holder.reinvoke_L(java.lang.Object, java.lang.Object, java.lang.Object, long, java.lang.Object, java.lang.Object)'> (0x00000007199828f8) 
thrown [s\open\src\hotspot\share\interpreter\linkResolver.cpp, line 759]
Event: 1.179 Thread 0x00000256313166b0 Exception <a 'java/lang/NoSuchMethodError'{0x0000000719991488}: 'int java.lang.invoke.DelegatingMethodHandle$Holder.reinvoke_L(java.lang.Object, java.lang.Object, java.lang.Object, long, int, int)'> (0x0000000719991488) 
thrown [s\open\src\hotspot\share\interpreter\linkResolver.cpp, line 759]
Event: 1.182 Thread 0x00000256313166b0 Exception <a 'java/lang/NoSuchMethodError'{0x000000071999fdc0}: 'int java.lang.invoke.DelegatingMethodHandle$Holder.reinvoke_L(java.lang.Object, java.lang.Object, java.lang.Object, long, long, long)'> (0x000000071999fdc0) 
thrown [s\open\src\hotspot\share\interpreter\linkResolver.cpp, line 759]
Event: 1.185 Thread 0x00000256313166b0 Exception <a 'java/lang/NoSuchMethodError'{0x00000007199ae3d8}: 'int java.lang.invoke.DelegatingMethodHandle$Holder.reinvoke_L(java.lang.Object, java.lang.Object, java.lang.Object, long, int)'> (0x00000007199ae3d8) 
thrown [s\open\src\hotspot\share\interpreter\linkResolver.cpp, line 759]
Event: 1.208 Thread 0x00000256313166b0 Exception <a 'java/lang/NoSuchMethodError'{0x00000007196570e8}: 'int java.lang.invoke.DirectMethodHandle$Holder.invokeStaticInit(java.lang.Object, java.lang.Object, java.lang.Object)'> (0x00000007196570e8) 
thrown [s\open\src\hotspot\share\interpreter\linkResolver.cpp, line 759]
Event: 1.217 Thread 0x00000256313166b0 Exception <a 'java/lang/NoSuchMethodError'{0x0000000719680198}: 'int java.lang.invoke.DirectMethodHandle$Holder.invokeStaticInit(java.lang.Object, java.lang.Object)'> (0x0000000719680198) 
thrown [s\open\src\hotspot\share\interpreter\linkResolver.cpp, line 759]
Event: 1.247 Thread 0x00000256313166b0 Exception <a 'java/lang/NoSuchMethodError'{0x000000071975f6f0}: 'void java.lang.invoke.DirectMethodHandle$Holder.invokeSpecial(java.lang.Object, java.lang.Object, java.lang.Object)'> (0x000000071975f6f0) 
thrown [s\open\src\hotspot\share\interpreter\linkResolver.cpp, line 759]
Event: 1.366 Thread 0x00000256313166b0 Exception <a 'java/lang/NoSuchMethodError'{0x0000000719283a40}: 'void java.lang.invoke.DirectMethodHandle$Holder.invokeStatic(java.lang.Object, java.lang.Object, java.lang.Object, java.lang.Object)'> (0x0000000719283a40) 
thrown [s\open\src\hotspot\share\interpreter\linkResolver.cpp, line 759]

VM Operations (8 events):
Event: 0.167 Executing VM operation: HandshakeAllThreads
Event: 0.167 Executing VM operation: HandshakeAllThreads done
Event: 0.631 Executing VM operation: HandshakeAllThreads
Event: 0.631 Executing VM operation: HandshakeAllThreads done
Event: 0.754 Executing VM operation: HandshakeAllThreads
Event: 0.754 Executing VM operation: HandshakeAllThreads done
Event: 1.009 Executing VM operation: G1CollectForAllocation
Event: 1.017 Executing VM operation: G1CollectForAllocation done

Events (20 events):
Event: 1.327 loading class java/text/ParseException
Event: 1.327 loading class java/text/ParseException done
Event: 1.332 loading class javax/xml/stream/Location
Event: 1.332 loading class javax/xml/stream/Location done
Event: 1.332 loading class java/io/CharConversionException
Event: 1.332 loading class java/io/CharConversionException done
Event: 1.332 loading class java/io/UnsupportedEncodingException
Event: 1.332 loading class java/io/UnsupportedEncodingException done
Event: 1.333 loading class javax/xml/namespace/NamespaceContext
Event: 1.333 loading class javax/xml/namespace/NamespaceContext done
Event: 1.333 loading class javax/xml/stream/XMLStreamConstants
Event: 1.333 loading class javax/xml/stream/XMLStreamConstants done
Event: 1.338 loading class javax/xml/stream/XMLStreamReader
Event: 1.338 loading class javax/xml/stream/XMLStreamReader done
Event: 1.371 loading class javax/swing/Icon
Event: 1.371 loading class javax/swing/Icon done
Event: 1.371 loading class sun/invoke/util/VerifyAccess$1
Event: 1.371 loading class sun/invoke/util/VerifyAccess$1 done
Event: 1.409 loading class java/util/concurrent/atomic/AtomicReferenceArray
Event: 1.409 loading class java/util/concurrent/atomic/AtomicReferenceArray done


Dynamic libraries:
0x00007ff706210000 - 0x00007ff706220000 	C:\Program Files\Java\jdk-17\bin\java.exe
0x00007ffb43430000 - 0x00007ffb43647000 	C:\Windows\SYSTEM32\ntdll.dll
0x00007ffb41970000 - 0x00007ffb41a34000 	C:\Windows\System32\KERNEL32.DLL
0x00007ffb40cb0000 - 0x00007ffb41080000 	C:\Windows\System32\KERNELBASE.dll
0x00007ffb40ad0000 - 0x00007ffb40be1000 	C:\Windows\System32\ucrtbase.dll
0x00007ffb309e0000 - 0x00007ffb309f9000 	C:\Program Files\Java\jdk-17\bin\jli.dll
0x00007ffb30ab0000 - 0x00007ffb30acb000 	C:\Program Files\Java\jdk-17\bin\VCRUNTIME140.dll
0x00007ffb42710000 - 0x00007ffb427c1000 	C:\Windows\System32\ADVAPI32.dll
0x00007ffb41240000 - 0x00007ffb412e7000 	C:\Windows\System32\msvcrt.dll
0x00007ffb428b0000 - 0x00007ffb42957000 	C:\Windows\System32\sechost.dll
0x00007ffb40aa0000 - 0x00007ffb40ac8000 	C:\Windows\System32\bcrypt.dll
0x00007ffb42250000 - 0x00007ffb42364000 	C:\Windows\System32\RPCRT4.dll
0x00007ffb42370000 - 0x00007ffb4251e000 	C:\Windows\System32\USER32.dll
0x00007ffb40950000 - 0x00007ffb40976000 	C:\Windows\System32\win32u.dll
0x00007ffb41190000 - 0x00007ffb411b9000 	C:\Windows\System32\GDI32.dll
0x00007ffb40980000 - 0x00007ffb40a9b000 	C:\Windows\System32\gdi32full.dll
0x00007ffb41080000 - 0x00007ffb4111a000 	C:\Windows\System32\msvcp_win.dll
0x00007ffb36a60000 - 0x00007ffb36cf2000 	C:\Windows\WinSxS\amd64_microsoft.windows.common-controls_6595b64144ccf1df_6.0.22621.4830_none_270fe7d773858e80\COMCTL32.dll
0x00007ffb36930000 - 0x00007ffb3693a000 	C:\Windows\SYSTEM32\VERSION.dll
0x00007ffb42520000 - 0x00007ffb42551000 	C:\Windows\System32\IMM32.DLL
0x00007ffb3c7a0000 - 0x00007ffb3c7ac000 	C:\Program Files\Java\jdk-17\bin\vcruntime140_1.dll
0x00007ffb1b970000 - 0x00007ffb1b9fe000 	C:\Program Files\Java\jdk-17\bin\msvcp140.dll
0x00007ffae5490000 - 0x00007ffae6071000 	C:\Program Files\Java\jdk-17\bin\server\jvm.dll
0x00007ffb41630000 - 0x00007ffb41638000 	C:\Windows\System32\PSAPI.DLL
0x00007ffb38e60000 - 0x00007ffb38e69000 	C:\Windows\SYSTEM32\WSOCK32.dll
0x00007ffb412f0000 - 0x00007ffb41361000 	C:\Windows\System32\WS2_32.dll
0x00007ffb3b770000 - 0x00007ffb3b7a4000 	C:\Windows\SYSTEM32\WINMM.dll
0x00007ffb3f720000 - 0x00007ffb3f738000 	C:\Windows\SYSTEM32\kernel.appcore.dll
0x00007ffb36940000 - 0x00007ffb3694a000 	C:\Program Files\Java\jdk-17\bin\jimage.dll
0x00007ffb3dec0000 - 0x00007ffb3e0f2000 	C:\Windows\SYSTEM32\DBGHELP.DLL
0x00007ffb41a40000 - 0x00007ffb41dd0000 	C:\Windows\System32\combase.dll
0x00007ffb427d0000 - 0x00007ffb428a7000 	C:\Windows\System32\OLEAUT32.dll
0x00007ffb32cb0000 - 0x00007ffb32ce2000 	C:\Windows\SYSTEM32\dbgcore.DLL
0x00007ffb40850000 - 0x00007ffb408cb000 	C:\Windows\System32\bcryptPrimitives.dll
0x00007ffb309b0000 - 0x00007ffb309d5000 	C:\Program Files\Java\jdk-17\bin\java.dll
0x00007ffafa090000 - 0x00007ffafa167000 	C:\Program Files\Java\jdk-17\bin\jsvml.dll
0x00007ffb42b20000 - 0x00007ffb43398000 	C:\Windows\System32\SHELL32.dll
0x00007ffb3e5f0000 - 0x00007ffb3ef00000 	C:\Windows\SYSTEM32\windows.storage.dll
0x00007ffb3e4b0000 - 0x00007ffb3e5ef000 	C:\Windows\SYSTEM32\wintypes.dll
0x00007ffb42960000 - 0x00007ffb42a6a000 	C:\Windows\System32\SHCORE.dll
0x00007ffb41120000 - 0x00007ffb4117e000 	C:\Windows\System32\shlwapi.dll
0x00007ffb40610000 - 0x00007ffb4063b000 	C:\Windows\SYSTEM32\profapi.dll
0x00007ffb30990000 - 0x00007ffb309a9000 	C:\Program Files\Java\jdk-17\bin\net.dll
0x00007ffb3cd10000 - 0x00007ffb3ce3c000 	C:\Windows\SYSTEM32\WINHTTP.dll
0x00007ffb3fc10000 - 0x00007ffb3fc7a000 	C:\Windows\system32\mswsock.dll
0x00007ffb1d260000 - 0x00007ffb1d276000 	C:\Program Files\Java\jdk-17\bin\nio.dll
0x00007ffb1c690000 - 0x00007ffb1c6a8000 	C:\Program Files\Java\jdk-17\bin\zip.dll

dbghelp: loaded successfully - version: 4.0.5 - missing functions: none
symbol engine: initialized successfully - sym options: 0x614 - pdb path: .;C:\Program Files\Java\jdk-17\bin;C:\Windows\SYSTEM32;C:\Windows\WinSxS\amd64_microsoft.windows.common-controls_6595b64144ccf1df_6.0.22621.4830_none_270fe7d773858e80;C:\Program Files\Java\jdk-17\bin\server

VM Arguments:
java_command: org.jetbrains.kotlin.cli.jvm.K2JVMCompiler @C:\Users\Debasis\Desktop\hesham\faceflip\node_modules\react-native-screens\android\build\20250304_11263782658038936344.compiler.options
java_class_path (initial): C:\Users\Debasis\.gradle\caches\modules-2\files-2.1\org.jetbrains.kotlin\kotlin-compiler-embeddable\1.9.24\78dab849090e6c5e2eadb6e59a11cdc28fb67a08\kotlin-compiler-embeddable-1.9.24.jar;C:\Users\Debasis\.gradle\caches\modules-2\files-2.1\org.jetbrains.kotlin\kotlin-stdlib\1.9.24\9928532f12c66ad816a625b3f9984f8368ca6d2b\kotlin-stdlib-1.9.24.jar;C:\Users\Debasis\.gradle\caches\modules-2\files-2.1\org.jetbrains.kotlin\kotlin-script-runtime\1.9.24\96771497da90fbc5af1c90fce148db2595a62502\kotlin-script-runtime-1.9.24.jar;C:\Users\Debasis\.gradle\caches\modules-2\files-2.1\org.jetbrains.kotlin\kotlin-reflect\1.6.10\1cbe9c92c12a94eea200d23c2bbaedaf3daf5132\kotlin-reflect-1.6.10.jar;C:\Users\Debasis\.gradle\caches\modules-2\files-2.1\org.jetbrains.kotlin\kotlin-daemon-embeddable\1.9.24\86685b9c5e8d170925bd9ddbdc263374a6a73281\kotlin-daemon-embeddable-1.9.24.jar;C:\Users\Debasis\.gradle\caches\modules-2\files-2.1\org.jetbrains.intellij.deps\trove4j\1.0.20200330\3afb14d5f9ceb459d724e907a21145e8ff394f02\trove4j-1.0.20200330.jar;C:\Users\Debasis\.gradle\caches\modules-2\files-2.1\org.jetbrains\annotations\13.0\919f0dfe192fb4e063e7dacadee7f8bb9a2672a9\annotations-13.0.jar
Launcher Type: SUN_STANDARD

[Global flags]
     intx CICompilerCount                          = 4                                         {product} {ergonomic}
     uint ConcGCThreads                            = 3                                         {product} {ergonomic}
     uint G1ConcRefinementThreads                  = 10                                        {product} {ergonomic}
   size_t G1HeapRegionSize                         = 2097152                                   {product} {ergonomic}
    uintx GCDrainStackTargetSize                   = 64                                        {product} {ergonomic}
   size_t InitialHeapSize                          = 257949696                                 {product} {ergonomic}
   size_t MarkStackSize                            = 4194304                                   {product} {ergonomic}
   size_t MaxHeapSize                              = 4118806528                                {product} {ergonomic}
   size_t MaxNewSize                               = 2470445056                                {product} {ergonomic}
   size_t MinHeapDeltaBytes                        = 2097152                                   {product} {ergonomic}
   size_t MinHeapSize                              = 8388608                                   {product} {ergonomic}
    uintx NonNMethodCodeHeapSize                   = 5839372                                {pd product} {ergonomic}
    uintx NonProfiledCodeHeapSize                  = 122909434                              {pd product} {ergonomic}
    uintx ProfiledCodeHeapSize                     = 122909434                              {pd product} {ergonomic}
    uintx ReservedCodeCacheSize                    = 251658240                              {pd product} {ergonomic}
     bool SegmentedCodeCache                       = true                                      {product} {ergonomic}
   size_t SoftMaxHeapSize                          = 4118806528                             {manageable} {ergonomic}
     bool UseCompressedClassPointers               = true                           {product lp64_product} {ergonomic}
     bool UseCompressedOops                        = true                           {product lp64_product} {ergonomic}
     bool UseG1GC                                  = true                                      {product} {ergonomic}
     bool UseLargePagesIndividualAllocation        = false                                  {pd product} {ergonomic}

Logging:
Log output configuration:
 #0: stdout all=warning uptime,level,tags
 #1: stderr all=off uptime,level,tags

Environment Variables:
JAVA_HOME=C:\Program Files\Java\jdk-17
CLASSPATH=C:\Users\Debasis\Desktop\hesham\faceflip\android\\gradle\wrapper\gradle-wrapper.jar
PATH=C:\Users\Debasis\Desktop\hesham\faceflip\node_modules\.bin;C:\Users\Debasis\Desktop\hesham\node_modules\.bin;C:\Users\Debasis\Desktop\node_modules\.bin;C:\Users\Debasis\node_modules\.bin;C:\Users\node_modules\.bin;C:\node_modules\.bin;C:\Users\deepa\AppData\Roaming\nvm\v20.11.1\node_modules\npm\node_modules\@npmcli\run-script\lib\node-gyp-bin;C:\Python313\Scripts\;C:\Python313\;C:\Program Files\Eclipse Adoptium\jdk-21.0.6.7-hotspot\bin;C:\Windows\system32;C:\Windows;C:\Windows\System32\Wbem;C:\Windows\System32\WindowsPowerShell\v1.0\;C:\Windows\System32\OpenSSH\;C:\Users\Debasis\AppData\Local\android\Sdk\platform-tools;C:\src\flutter\bin;C:\Program Files\Java\jdk-11\bin;C:\Users\deepa\AppData\Roaming\nvm;C:\Program Files\nodejs;C:\Program Files\Docker\Docker\resources\bin;C:\Program Files\PuTTY\;C:\Program Files\nodejs\;C:\ProgramData\chocolatey\bin;C:\Users\Debasis\AppData\Local\Microsoft\WindowsApps;C:\Users\Debasis\AppData\Local\Programs\Git\cmd;C:\Users\Debasis\AppData\Local\Programs\Microsoft VS Code\bin;C:\Users\Debasis\AppData\Local\android\Sdk;C:\Users\Debasis\AppData\Roaming\npm
USERNAME=Debasis
OS=Windows_NT
PROCESSOR_IDENTIFIER=AMD64 Family 23 Model 104 Stepping 1, AuthenticAMD



---------------  S Y S T E M  ---------------

OS:
 Windows 11 , 64 bit Build 22621 (10.0.22621.4830)
OS uptime: 1 days 23:03 hours
Hyper-V role detected

CPU: total 12 (initial active 12) (12 cores per cpu, 2 threads per core) family 23 model 104 stepping 1 microcode 0x0, cx8, cmov, fxsr, ht, mmx, 3dnowpref, sse, sse2, sse3, ssse3, sse4a, sse4.1, sse4.2, popcnt, lzcnt, tsc, tscinvbit, avx, avx2, aes, clmul, bmi1, bmi2, adx, sha, fma, vzeroupper, clflush, clflushopt, hv

Memory: 4k page, system-wide physical 15706M (2988M free)
TotalPageFile size 15706M (AvailPageFile size 8M)
current process WorkingSet (physical memory assigned to process): 83M, peak: 83M
current process commit charge ("private bytes"): 354M, peak: 354M

vm_info: Java HotSpot(TM) 64-Bit Server VM (17.0.9+11-LTS-201) for windows-amd64 JRE (17.0.9+11-LTS-201), built on Oct 10 2023 23:16:06 by "mach5one" with MS VC++ 17.1 (VS2022)

END.
