#
# There is insufficient memory for the Java Runtime Environment to continue.
# Native memory allocation (malloc) failed to allocate 32784 bytes for Chunk::new
# Possible reasons:
#   The system is out of physical RAM or swap space
#   The process is running with CompressedOops enabled, and the Java Heap may be blocking the growth of the native heap
# Possible solutions:
#   Reduce memory load on the system
#   Increase physical memory or swap space
#   Check if swap backing store is full
#   Decrease Java heap size (-Xmx/-Xms)
#   Decrease number of Java threads
#   Decrease Java thread stack sizes (-Xss)
#   Set larger code cache with -XX:ReservedCodeCacheSize=
#   JVM is running with Unscaled Compressed Oops mode in which the Java heap is
#     placed in the first 4GB address space. The Java Heap base address is the
#     maximum limit for the native heap growth. Please use -XX:HeapBaseMinAddress
#     to set the Java Heap base and to place the Java Heap above 4GB virtual address.
# This output file may be truncated or incomplete.
#
#  Out of Memory Error (arena.cpp:189), pid=17324, tid=17616
#
# JRE version: Java(TM) SE Runtime Environment (17.0.9+11) (build 17.0.9+11-LTS-201)
# Java VM: Java HotSpot(TM) 64-Bit Server VM (17.0.9+11-LTS-201, mixed mode, sharing, tiered, compressed oops, compressed class ptrs, g1 gc, windows-amd64)
# No core dump will be written. Minidumps are not enabled by default on client versions of Windows
#

---------------  S U M M A R Y ------------

Command Line: -Xmx64m -Xms64m -Dorg.gradle.appname=gradlew org.gradle.wrapper.GradleWrapperMain assembleRelease

Host: AMD Ryzen 5 5500U with Radeon Graphics         , 12 cores, 15G,  Windows 11 , 64 bit Build 26100 (10.0.26100.3037)
Time: Fri Mar  7 18:56:32 2025 India Standard Time elapsed time: 202.482849 seconds (0d 0h 3m 22s)

---------------  T H R E A D  ---------------

Current thread (0x000001436b9c4210):  JavaThread "C2 CompilerThread0" daemon [_thread_in_native, id=17616, stack(0x0000001d5ea00000,0x0000001d5eb00000)]


Current CompileTask:
C2: 202483 1925       4       org.fusesource.jansi.Ansi::flushAttributes (94 bytes)

Stack: [0x0000001d5ea00000,0x0000001d5eb00000]
Native frames: (J=compiled Java code, j=interpreted, Vv=VM code, C=native code)
V  [jvm.dll+0x678a4a]
V  [jvm.dll+0x7d9cfd]
V  [jvm.dll+0x7db60e]
V  [jvm.dll+0x7dbc73]
V  [jvm.dll+0x245e1f]
V  [jvm.dll+0xaaafb]
V  [jvm.dll+0xab09c]
V  [jvm.dll+0xaac14]
V  [jvm.dll+0x6cf1fc]
V  [jvm.dll+0x58aac7]
V  [jvm.dll+0x58d800]
V  [jvm.dll+0x577a2c]
V  [jvm.dll+0x5781c4]
V  [jvm.dll+0x57a535]
V  [jvm.dll+0x57a069]
V  [jvm.dll+0x579f50]
V  [jvm.dll+0x57a0d7]
V  [jvm.dll+0x581b6a]
V  [jvm.dll+0x220c52]
V  [jvm.dll+0x219d2d]
V  [jvm.dll+0x217459]
V  [jvm.dll+0x1a3bc0]
V  [jvm.dll+0x2272de]
V  [jvm.dll+0x22548b]
V  [jvm.dll+0x78f58c]
V  [jvm.dll+0x78998a]
V  [jvm.dll+0x677875]
C  [ucrtbase.dll+0x37b0]
C  [KERNEL32.DLL+0x2e8d7]
C  [ntdll.dll+0xbbf2c]


---------------  P R O C E S S  ---------------

Threads class SMR info:
_java_thread_list=0x0000014371026c00, length=13, elements={
0x0000014351dfd790, 0x0000014351eb4dd0, 0x0000014351eb5990, 0x0000014351ecb280,
0x0000014351ecde50, 0x0000014351ece910, 0x000001436b9c0f20, 0x000001436b9c4210,
0x000001436b9c66a0, 0x000001436b9c9b30, 0x000001436bc13250, 0x000001436bc1cf70,
0x000001436bf85280
}

Java Threads: ( => current thread )
  0x0000014351dfd790 JavaThread "main" [_thread_in_native, id=4844, stack(0x0000001d5dd00000,0x0000001d5de00000)]
  0x0000014351eb4dd0 JavaThread "Reference Handler" daemon [_thread_blocked, id=16524, stack(0x0000001d5e400000,0x0000001d5e500000)]
  0x0000014351eb5990 JavaThread "Finalizer" daemon [_thread_blocked, id=16584, stack(0x0000001d5e500000,0x0000001d5e600000)]
  0x0000014351ecb280 JavaThread "Signal Dispatcher" daemon [_thread_blocked, id=9960, stack(0x0000001d5e600000,0x0000001d5e700000)]
  0x0000014351ecde50 JavaThread "Attach Listener" daemon [_thread_blocked, id=7828, stack(0x0000001d5e700000,0x0000001d5e800000)]
  0x0000014351ece910 JavaThread "Service Thread" daemon [_thread_blocked, id=1392, stack(0x0000001d5e800000,0x0000001d5e900000)]
  0x000001436b9c0f20 JavaThread "Monitor Deflation Thread" daemon [_thread_blocked, id=16904, stack(0x0000001d5e900000,0x0000001d5ea00000)]
=>0x000001436b9c4210 JavaThread "C2 CompilerThread0" daemon [_thread_in_native, id=17616, stack(0x0000001d5ea00000,0x0000001d5eb00000)]
  0x000001436b9c66a0 JavaThread "C1 CompilerThread0" daemon [_thread_blocked, id=6592, stack(0x0000001d5eb00000,0x0000001d5ec00000)]
  0x000001436b9c9b30 JavaThread "Sweeper thread" daemon [_thread_blocked, id=11564, stack(0x0000001d5ec00000,0x0000001d5ed00000)]
  0x000001436bc13250 JavaThread "Notification Thread" daemon [_thread_blocked, id=9424, stack(0x0000001d5ed00000,0x0000001d5ee00000)]
  0x000001436bc1cf70 JavaThread "Common-Cleaner" daemon [_thread_blocked, id=17556, stack(0x0000001d5ef00000,0x0000001d5f000000)]
  0x000001436bf85280 JavaThread "pool-1-thread-1" [_thread_blocked, id=10928, stack(0x0000001d5f500000,0x0000001d5f600000)]

Other Threads:
  0x0000014351eac790 VMThread "VM Thread" [stack: 0x0000001d5e300000,0x0000001d5e400000] [id=18100]
  0x0000014351e2bbc0 WatcherThread [stack: 0x0000001d5ee00000,0x0000001d5ef00000] [id=15156]
  0x0000014351e1f880 GCTaskThread "GC Thread#0" [stack: 0x0000001d5de00000,0x0000001d5df00000] [id=9092]
  0x000001436be92c50 GCTaskThread "GC Thread#1" [stack: 0x0000001d5f200000,0x0000001d5f300000] [id=11612]
  0x00000143703cd0e0 GCTaskThread "GC Thread#2" [stack: 0x0000001d5f300000,0x0000001d5f400000] [id=1540]
  0x000001436bfadf70 GCTaskThread "GC Thread#3" [stack: 0x0000001d5f400000,0x0000001d5f500000] [id=7228]
  0x000001436bddaa80 GCTaskThread "GC Thread#4" [stack: 0x0000001d5f100000,0x0000001d5f200000] [id=6756]
  0x0000014370bdb5e0 GCTaskThread "GC Thread#5" [stack: 0x0000001d5f600000,0x0000001d5f700000] [id=15456]
  0x0000014370bdb8a0 GCTaskThread "GC Thread#6" [stack: 0x0000001d5f700000,0x0000001d5f800000] [id=5520]
  0x0000014351e21fe0 ConcurrentGCThread "G1 Main Marker" [stack: 0x0000001d5df00000,0x0000001d5e000000] [id=1484]
  0x0000014351e229f0 ConcurrentGCThread "G1 Conc#0" [stack: 0x0000001d5e000000,0x0000001d5e100000] [id=17572]
  0x0000014351e93470 ConcurrentGCThread "G1 Refine#0" [stack: 0x0000001d5e100000,0x0000001d5e200000] [id=3484]
  0x0000014351e93ea0 ConcurrentGCThread "G1 Service" [stack: 0x0000001d5e200000,0x0000001d5e300000] [id=16940]

Threads with active compile tasks:
C2 CompilerThread0   202513 1925       4       org.fusesource.jansi.Ansi::flushAttributes (94 bytes)

VM state: not at safepoint (normal execution)

VM Mutex/Monitor currently owned by a thread: None

Heap address: 0x00000000fc000000, size: 64 MB, Compressed Oops mode: 32-bit

CDS archive(s) mapped at: [0x0000014300000000-0x0000014300bd0000-0x0000014300bd0000), size 12386304, SharedBaseAddress: 0x0000014300000000, ArchiveRelocationMode: 1.
Compressed class space mapped at: 0x0000014301000000-0x0000014341000000, reserved size: 1073741824
Narrow klass base: 0x0000014300000000, Narrow klass shift: 0, Narrow klass range: 0x100000000

GC Precious Log:
 CPUs: 12 total, 12 available
 Memory: 15706M
 Large Page Support: Disabled
 NUMA Support: Disabled
 Compressed Oops: Enabled (32-bit)
 Heap Region Size: 1M
 Heap Min Capacity: 64M
 Heap Initial Capacity: 64M
 Heap Max Capacity: 64M
 Pre-touch: Disabled
 Parallel Workers: 10
 Concurrent Workers: 3
 Concurrent Refinement Workers: 10
 Periodic GC: Disabled

Heap:
 garbage-first heap   total 65536K, used 21970K [0x00000000fc000000, 0x0000000100000000)
  region size 1024K, 14 young (14336K), 4 survivors (4096K)
 Metaspace       used 10014K, committed 10176K, reserved 1114112K
  class space    used 1309K, committed 1408K, reserved 1048576K

Heap Regions: E=young(eden), S=young(survivor), O=old, HS=humongous(starts), HC=humongous(continues), CS=collection set, F=free, OA=open archive, CA=closed archive, TAMS=top-at-mark-start (previous, next)
|   0|0x00000000fc000000, 0x00000000fc100000, 0x00000000fc100000|100%| O|  |TAMS 0x00000000fc000000, 0x00000000fc000000| Untracked 
|   1|0x00000000fc100000, 0x00000000fc200000, 0x00000000fc200000|100%| O|  |TAMS 0x00000000fc100000, 0x00000000fc100000| Untracked 
|   2|0x00000000fc200000, 0x00000000fc300000, 0x00000000fc300000|100%|HS|  |TAMS 0x00000000fc200000, 0x00000000fc200000| Complete 
|   3|0x00000000fc300000, 0x00000000fc400000, 0x00000000fc400000|100%|HC|  |TAMS 0x00000000fc300000, 0x00000000fc300000| Complete 
|   4|0x00000000fc400000, 0x00000000fc500000, 0x00000000fc500000|100%|HC|  |TAMS 0x00000000fc400000, 0x00000000fc400000| Complete 
|   5|0x00000000fc500000, 0x00000000fc600000, 0x00000000fc600000|100%|HC|  |TAMS 0x00000000fc500000, 0x00000000fc500000| Complete 
|   6|0x00000000fc600000, 0x00000000fc700000, 0x00000000fc700000|100%| O|  |TAMS 0x00000000fc600000, 0x00000000fc600000| Untracked 
|   7|0x00000000fc700000, 0x00000000fc800000, 0x00000000fc800000|100%| O|  |TAMS 0x00000000fc700000, 0x00000000fc700000| Untracked 
|   8|0x00000000fc800000, 0x00000000fc896800, 0x00000000fc900000| 58%| O|  |TAMS 0x00000000fc800000, 0x00000000fc800000| Untracked 
|   9|0x00000000fc900000, 0x00000000fc900000, 0x00000000fca00000|  0%| F|  |TAMS 0x00000000fc900000, 0x00000000fc900000| Untracked 
|  10|0x00000000fca00000, 0x00000000fca00000, 0x00000000fcb00000|  0%| F|  |TAMS 0x00000000fca00000, 0x00000000fca00000| Untracked 
|  11|0x00000000fcb00000, 0x00000000fcb00000, 0x00000000fcc00000|  0%| F|  |TAMS 0x00000000fcb00000, 0x00000000fcb00000| Untracked 
|  12|0x00000000fcc00000, 0x00000000fcc00000, 0x00000000fcd00000|  0%| F|  |TAMS 0x00000000fcc00000, 0x00000000fcc00000| Untracked 
|  13|0x00000000fcd00000, 0x00000000fcd00000, 0x00000000fce00000|  0%| F|  |TAMS 0x00000000fcd00000, 0x00000000fcd00000| Untracked 
|  14|0x00000000fce00000, 0x00000000fce00000, 0x00000000fcf00000|  0%| F|  |TAMS 0x00000000fce00000, 0x00000000fce00000| Untracked 
|  15|0x00000000fcf00000, 0x00000000fcf00000, 0x00000000fd000000|  0%| F|  |TAMS 0x00000000fcf00000, 0x00000000fcf00000| Untracked 
|  16|0x00000000fd000000, 0x00000000fd000000, 0x00000000fd100000|  0%| F|  |TAMS 0x00000000fd000000, 0x00000000fd000000| Untracked 
|  17|0x00000000fd100000, 0x00000000fd100000, 0x00000000fd200000|  0%| F|  |TAMS 0x00000000fd100000, 0x00000000fd100000| Untracked 
|  18|0x00000000fd200000, 0x00000000fd200000, 0x00000000fd300000|  0%| F|  |TAMS 0x00000000fd200000, 0x00000000fd200000| Untracked 
|  19|0x00000000fd300000, 0x00000000fd300000, 0x00000000fd400000|  0%| F|  |TAMS 0x00000000fd300000, 0x00000000fd300000| Untracked 
|  20|0x00000000fd400000, 0x00000000fd400000, 0x00000000fd500000|  0%| F|  |TAMS 0x00000000fd400000, 0x00000000fd400000| Untracked 
|  21|0x00000000fd500000, 0x00000000fd500000, 0x00000000fd600000|  0%| F|  |TAMS 0x00000000fd500000, 0x00000000fd500000| Untracked 
|  22|0x00000000fd600000, 0x00000000fd600000, 0x00000000fd700000|  0%| F|  |TAMS 0x00000000fd600000, 0x00000000fd600000| Untracked 
|  23|0x00000000fd700000, 0x00000000fd700000, 0x00000000fd800000|  0%| F|  |TAMS 0x00000000fd700000, 0x00000000fd700000| Untracked 
|  24|0x00000000fd800000, 0x00000000fd800000, 0x00000000fd900000|  0%| F|  |TAMS 0x00000000fd800000, 0x00000000fd800000| Untracked 
|  25|0x00000000fd900000, 0x00000000fd900000, 0x00000000fda00000|  0%| F|  |TAMS 0x00000000fd900000, 0x00000000fd900000| Untracked 
|  26|0x00000000fda00000, 0x00000000fda00000, 0x00000000fdb00000|  0%| F|  |TAMS 0x00000000fda00000, 0x00000000fda00000| Untracked 
|  27|0x00000000fdb00000, 0x00000000fdb00000, 0x00000000fdc00000|  0%| F|  |TAMS 0x00000000fdb00000, 0x00000000fdb00000| Untracked 
|  28|0x00000000fdc00000, 0x00000000fdc00000, 0x00000000fdd00000|  0%| F|  |TAMS 0x00000000fdc00000, 0x00000000fdc00000| Untracked 
|  29|0x00000000fdd00000, 0x00000000fdd00000, 0x00000000fde00000|  0%| F|  |TAMS 0x00000000fdd00000, 0x00000000fdd00000| Untracked 
|  30|0x00000000fde00000, 0x00000000fdede2b0, 0x00000000fdf00000| 86%| S|CS|TAMS 0x00000000fde00000, 0x00000000fde00000| Complete 
|  31|0x00000000fdf00000, 0x00000000fe000000, 0x00000000fe000000|100%| S|CS|TAMS 0x00000000fdf00000, 0x00000000fdf00000| Complete 
|  32|0x00000000fe000000, 0x00000000fe100000, 0x00000000fe100000|100%| S|CS|TAMS 0x00000000fe000000, 0x00000000fe000000| Complete 
|  33|0x00000000fe100000, 0x00000000fe200000, 0x00000000fe200000|100%| S|CS|TAMS 0x00000000fe100000, 0x00000000fe100000| Complete 
|  34|0x00000000fe200000, 0x00000000fe200000, 0x00000000fe300000|  0%| F|  |TAMS 0x00000000fe200000, 0x00000000fe200000| Untracked 
|  35|0x00000000fe300000, 0x00000000fe300000, 0x00000000fe400000|  0%| F|  |TAMS 0x00000000fe300000, 0x00000000fe300000| Untracked 
|  36|0x00000000fe400000, 0x00000000fe400000, 0x00000000fe500000|  0%| F|  |TAMS 0x00000000fe400000, 0x00000000fe400000| Untracked 
|  37|0x00000000fe500000, 0x00000000fe500000, 0x00000000fe600000|  0%| F|  |TAMS 0x00000000fe500000, 0x00000000fe500000| Untracked 
|  38|0x00000000fe600000, 0x00000000fe600000, 0x00000000fe700000|  0%| F|  |TAMS 0x00000000fe600000, 0x00000000fe600000| Untracked 
|  39|0x00000000fe700000, 0x00000000fe700000, 0x00000000fe800000|  0%| F|  |TAMS 0x00000000fe700000, 0x00000000fe700000| Untracked 
|  40|0x00000000fe800000, 0x00000000fe800000, 0x00000000fe900000|  0%| F|  |TAMS 0x00000000fe800000, 0x00000000fe800000| Untracked 
|  41|0x00000000fe900000, 0x00000000fe900000, 0x00000000fea00000|  0%| F|  |TAMS 0x00000000fe900000, 0x00000000fe900000| Untracked 
|  42|0x00000000fea00000, 0x00000000fea00000, 0x00000000feb00000|  0%| F|  |TAMS 0x00000000fea00000, 0x00000000fea00000| Untracked 
|  43|0x00000000feb00000, 0x00000000feb00000, 0x00000000fec00000|  0%| F|  |TAMS 0x00000000feb00000, 0x00000000feb00000| Untracked 
|  44|0x00000000fec00000, 0x00000000fec00000, 0x00000000fed00000|  0%| F|  |TAMS 0x00000000fec00000, 0x00000000fec00000| Untracked 
|  45|0x00000000fed00000, 0x00000000fed00000, 0x00000000fee00000|  0%| F|  |TAMS 0x00000000fed00000, 0x00000000fed00000| Untracked 
|  46|0x00000000fee00000, 0x00000000fee00000, 0x00000000fef00000|  0%| F|  |TAMS 0x00000000fee00000, 0x00000000fee00000| Untracked 
|  47|0x00000000fef00000, 0x00000000fef00000, 0x00000000ff000000|  0%| F|  |TAMS 0x00000000fef00000, 0x00000000fef00000| Untracked 
|  48|0x00000000ff000000, 0x00000000ff000000, 0x00000000ff100000|  0%| F|  |TAMS 0x00000000ff000000, 0x00000000ff000000| Untracked 
|  49|0x00000000ff100000, 0x00000000ff100000, 0x00000000ff200000|  0%| F|  |TAMS 0x00000000ff100000, 0x00000000ff100000| Untracked 
|  50|0x00000000ff200000, 0x00000000ff200000, 0x00000000ff300000|  0%| F|  |TAMS 0x00000000ff200000, 0x00000000ff200000| Untracked 
|  51|0x00000000ff300000, 0x00000000ff300000, 0x00000000ff400000|  0%| F|  |TAMS 0x00000000ff300000, 0x00000000ff300000| Untracked 
|  52|0x00000000ff400000, 0x00000000ff400000, 0x00000000ff500000|  0%| F|  |TAMS 0x00000000ff400000, 0x00000000ff400000| Untracked 
|  53|0x00000000ff500000, 0x00000000ff500000, 0x00000000ff600000|  0%| F|  |TAMS 0x00000000ff500000, 0x00000000ff500000| Untracked 
|  54|0x00000000ff600000, 0x00000000ff6a3f40, 0x00000000ff700000| 64%| E|  |TAMS 0x00000000ff600000, 0x00000000ff600000| Complete 
|  55|0x00000000ff700000, 0x00000000ff800000, 0x00000000ff800000|100%| E|CS|TAMS 0x00000000ff700000, 0x00000000ff700000| Complete 
|  56|0x00000000ff800000, 0x00000000ff900000, 0x00000000ff900000|100%| E|CS|TAMS 0x00000000ff800000, 0x00000000ff800000| Complete 
|  57|0x00000000ff900000, 0x00000000ffa00000, 0x00000000ffa00000|100%| E|CS|TAMS 0x00000000ff900000, 0x00000000ff900000| Complete 
|  58|0x00000000ffa00000, 0x00000000ffb00000, 0x00000000ffb00000|100%| E|CS|TAMS 0x00000000ffa00000, 0x00000000ffa00000| Complete 
|  59|0x00000000ffb00000, 0x00000000ffc00000, 0x00000000ffc00000|100%| E|CS|TAMS 0x00000000ffb00000, 0x00000000ffb00000| Complete 
|  60|0x00000000ffc00000, 0x00000000ffd00000, 0x00000000ffd00000|100%| E|CS|TAMS 0x00000000ffc00000, 0x00000000ffc00000| Complete 
|  61|0x00000000ffd00000, 0x00000000ffe00000, 0x00000000ffe00000|100%| E|CS|TAMS 0x00000000ffd00000, 0x00000000ffd00000| Complete 
|  62|0x00000000ffe00000, 0x00000000fff00000, 0x00000000fff00000|100%| E|CS|TAMS 0x00000000ffe00000, 0x00000000ffe00000| Complete 
|  63|0x00000000fff00000, 0x0000000100000000, 0x0000000100000000|100%| E|CS|TAMS 0x00000000fff00000, 0x00000000fff00000| Complete 

Card table byte_map: [0x0000014351d50000,0x0000014351d70000] _byte_map_base: 0x0000014351570000

Marking Bits (Prev, Next): (CMBitMap*) 0x0000014351e20eb0, (CMBitMap*) 0x0000014351e20ef0
 Prev Bits: [0x0000014368c00000, 0x0000014368d00000)
 Next Bits: [0x0000014368d00000, 0x0000014368e00000)

Polling page: 0x00000143515d0000

Metaspace:

Usage:
  Non-class:      8.50 MB used.
      Class:      1.28 MB used.
       Both:      9.78 MB used.

Virtual space:
  Non-class space:       64.00 MB reserved,       8.56 MB ( 13%) committed,  1 nodes.
      Class space:        1.00 GB reserved,       1.38 MB ( <1%) committed,  1 nodes.
             Both:        1.06 GB reserved,       9.94 MB ( <1%) committed. 

Chunk freelists:
   Non-Class:  7.26 MB
       Class:  14.45 MB
        Both:  21.72 MB

MaxMetaspaceSize: unlimited
CompressedClassSpaceSize: 1.00 GB
Initial GC threshold: 21.00 MB
Current GC threshold: 21.00 MB
CDS: on
MetaspaceReclaimPolicy: balanced
 - commit_granule_bytes: 65536.
 - commit_granule_words: 8192.
 - virtual_space_node_default_size: 8388608.
 - enlarge_chunks_in_place: 1.
 - new_chunks_are_fully_committed: 0.
 - uncommit_free_chunks: 1.
 - use_allocation_guard: 0.
 - handle_deallocations: 1.


Internal statistics:

num_allocs_failed_limit: 0.
num_arena_births: 74.
num_arena_deaths: 0.
num_vsnodes_births: 2.
num_vsnodes_deaths: 0.
num_space_committed: 159.
num_space_uncommitted: 0.
num_chunks_returned_to_freelist: 0.
num_chunks_taken_from_freelist: 356.
num_chunk_merges: 0.
num_chunk_splits: 238.
num_chunks_enlarged: 196.
num_inconsistent_stats: 0.

CodeHeap 'non-profiled nmethods': size=120000Kb used=862Kb max_used=862Kb free=119137Kb
 bounds [0x0000014361170000, 0x00000143613e0000, 0x00000143686a0000]
CodeHeap 'profiled nmethods': size=120000Kb used=3513Kb max_used=3513Kb free=116486Kb
 bounds [0x00000143596a0000, 0x0000014359a10000, 0x0000014360bd0000]
CodeHeap 'non-nmethods': size=5760Kb used=1178Kb max_used=1215Kb free=4581Kb
 bounds [0x0000014360bd0000, 0x0000014360e40000, 0x0000014361170000]
 total_blobs=2394 nmethods=1924 adapters=382
 compilation: enabled
              stopped_count=0, restarted_count=0
 full_count=0

Compilation events (20 events):
Event: 172.162 Thread 0x000001436b9c4210 nmethod 1915 0x0000014361245210 code [0x0000014361245380, 0x0000014361245518]
Event: 172.189 Thread 0x000001436b9c4210 1916       4       java.util.AbstractList::listIterator (6 bytes)
Event: 172.191 Thread 0x000001436b9c4210 nmethod 1916 0x0000014361245590 code [0x0000014361245740, 0x0000014361245908]
Event: 173.134 Thread 0x000001436b9c4210 1917       4       java.util.Collections$SingletonList::get (41 bytes)
Event: 173.135 Thread 0x000001436b9c4210 nmethod 1917 0x0000014361245a90 code [0x0000014361245c00, 0x0000014361245c98]
Event: 175.880 Thread 0x000001436b9c4210 1918       4       java.util.AbstractList::equals (117 bytes)
Event: 175.899 Thread 0x000001436b9c4210 nmethod 1918 0x0000014361245d90 code [0x0000014361245fe0, 0x0000014361246ab8]
Event: 180.839 Thread 0x000001436b9c4210 1919       4       java.util.concurrent.ScheduledThreadPoolExecutor::canRunInCurrentRunState (61 bytes)
Event: 180.840 Thread 0x000001436b9c4210 nmethod 1919 0x0000014361247510 code [0x0000014361247680, 0x0000014361247738]
Event: 183.365 Thread 0x000001436b9c66a0 1920       3       com.google.common.collect.Lists$ReverseList$1::next (30 bytes)
Event: 183.366 Thread 0x000001436b9c66a0 nmethod 1920 0x0000014359a0c190 code [0x0000014359a0c360, 0x0000014359a0c788]
Event: 183.366 Thread 0x000001436b9c66a0 1921       3       java.util.ArrayList$ListItr::previous (59 bytes)
Event: 183.366 Thread 0x000001436b9c66a0 nmethod 1921 0x0000014359a0c910 code [0x0000014359a0cb00, 0x0000014359a0cf08]
Event: 183.366 Thread 0x000001436b9c66a0 1922       3       org.fusesource.jansi.Ansi::fg (17 bytes)
Event: 183.367 Thread 0x000001436b9c66a0 nmethod 1922 0x0000014359a0d110 code [0x0000014359a0d320, 0x0000014359a0dac8]
Event: 192.244 Thread 0x000001436b9c4210 1923       4       java.util.ArrayDeque$DeqIterator::hasNext (13 bytes)
Event: 192.244 Thread 0x000001436b9c4210 nmethod 1923 0x0000014361247810 code [0x0000014361247980, 0x0000014361247a18]
Event: 193.129 Thread 0x000001436b9c66a0 1924       3       com.google.common.collect.Lists::newArrayList (28 bytes)
Event: 193.129 Thread 0x000001436b9c66a0 nmethod 1924 0x0000014359a0de10 code [0x0000014359a0e000, 0x0000014359a0e518]
Event: 199.437 Thread 0x000001436b9c4210 1925       4       org.fusesource.jansi.Ansi::flushAttributes (94 bytes)

GC Heap History (4 events):
Event: 0.385 GC heap before
{Heap before GC invocations=0 (full 0):
 garbage-first heap   total 65536K, used 22528K [0x00000000fc000000, 0x0000000100000000)
  region size 1024K, 23 young (23552K), 0 survivors (0K)
 Metaspace       used 1815K, committed 1920K, reserved 1114112K
  class space    used 159K, committed 192K, reserved 1048576K
}
Event: 0.389 GC heap after
{Heap after GC invocations=1 (full 0):
 garbage-first heap   total 65536K, used 4400K [0x00000000fc000000, 0x0000000100000000)
  region size 1024K, 3 young (3072K), 3 survivors (3072K)
 Metaspace       used 1815K, committed 1920K, reserved 1114112K
  class space    used 159K, committed 192K, reserved 1048576K
}
Event: 1.043 GC heap before
{Heap before GC invocations=1 (full 0):
 garbage-first heap   total 65536K, used 36144K [0x00000000fc000000, 0x0000000100000000)
  region size 1024K, 30 young (30720K), 3 survivors (3072K)
 Metaspace       used 8170K, committed 8384K, reserved 1114112K
  class space    used 1109K, committed 1216K, reserved 1048576K
}
Event: 1.047 GC heap after
{Heap after GC invocations=2 (full 0):
 garbage-first heap   total 65536K, used 12754K [0x00000000fc000000, 0x0000000100000000)
  region size 1024K, 4 young (4096K), 4 survivors (4096K)
 Metaspace       used 8170K, committed 8384K, reserved 1114112K
  class space    used 1109K, committed 1216K, reserved 1048576K
}

Deoptimization events (20 events):
Event: 1.507 Thread 0x0000014351dfd790 Uncommon trap: trap_request=0xffffffc6 fr.pc=0x00000143611f2cc0 relative=0x0000000000000560
Event: 1.507 Thread 0x0000014351dfd790 Uncommon trap: reason=bimorphic_or_optimized_type_check action=maybe_recompile pc=0x00000143611f2cc0 method=java.util.concurrent.ConcurrentHashMap.get(Ljava/lang/Object;)Ljava/lang/Object; @ 149 c2
Event: 1.507 Thread 0x0000014351dfd790 DEOPT PACKING pc=0x00000143611f2cc0 sp=0x0000001d5ddfd3e0
Event: 1.507 Thread 0x0000014351dfd790 DEOPT UNPACKING pc=0x0000014360c223a3 sp=0x0000001d5ddfd380 mode 2
Event: 1.507 Thread 0x0000014351dfd790 Uncommon trap: trap_request=0xffffffc6 fr.pc=0x00000143611f2cc0 relative=0x0000000000000560
Event: 1.507 Thread 0x0000014351dfd790 Uncommon trap: reason=bimorphic_or_optimized_type_check action=maybe_recompile pc=0x00000143611f2cc0 method=java.util.concurrent.ConcurrentHashMap.get(Ljava/lang/Object;)Ljava/lang/Object; @ 149 c2
Event: 1.507 Thread 0x0000014351dfd790 DEOPT PACKING pc=0x00000143611f2cc0 sp=0x0000001d5ddfd3e0
Event: 1.507 Thread 0x0000014351dfd790 DEOPT UNPACKING pc=0x0000014360c223a3 sp=0x0000001d5ddfd380 mode 2
Event: 1.821 Thread 0x0000014351dfd790 Uncommon trap: trap_request=0xffffffc6 fr.pc=0x00000143611f2cc0 relative=0x0000000000000560
Event: 1.821 Thread 0x0000014351dfd790 Uncommon trap: reason=bimorphic_or_optimized_type_check action=maybe_recompile pc=0x00000143611f2cc0 method=java.util.concurrent.ConcurrentHashMap.get(Ljava/lang/Object;)Ljava/lang/Object; @ 149 c2
Event: 1.821 Thread 0x0000014351dfd790 DEOPT PACKING pc=0x00000143611f2cc0 sp=0x0000001d5ddfd3e0
Event: 1.821 Thread 0x0000014351dfd790 DEOPT UNPACKING pc=0x0000014360c223a3 sp=0x0000001d5ddfd380 mode 2
Event: 118.782 Thread 0x0000014351dfd790 DEOPT PACKING pc=0x000001435990824d sp=0x0000001d5ddfce20
Event: 118.782 Thread 0x0000014351dfd790 DEOPT UNPACKING pc=0x0000014360c22b43 sp=0x0000001d5ddfc2b8 mode 0
Event: 119.343 Thread 0x0000014351dfd790 Uncommon trap: trap_request=0xffffff45 fr.pc=0x00000143612213d8 relative=0x00000000000001b8
Event: 119.343 Thread 0x0000014351dfd790 Uncommon trap: reason=unstable_if action=reinterpret pc=0x00000143612213d8 method=com.esotericsoftware.kryo.io.Input.require(I)I @ 65 c2
Event: 119.343 Thread 0x0000014351dfd790 DEOPT PACKING pc=0x00000143612213d8 sp=0x0000001d5ddfcee0
Event: 119.343 Thread 0x0000014351dfd790 DEOPT UNPACKING pc=0x0000014360c223a3 sp=0x0000001d5ddfce90 mode 2
Event: 165.136 Thread 0x000001436bf85280 DEOPT PACKING pc=0x00000143599a5f03 sp=0x0000001d5f5feac0
Event: 165.136 Thread 0x000001436bf85280 DEOPT UNPACKING pc=0x0000014360c22b43 sp=0x0000001d5f5fdf30 mode 0

Classes unloaded (0 events):
No events

Classes redefined (0 events):
No events

Internal exceptions (20 events):
Event: 0.123 Thread 0x0000014351dfd790 Exception <a 'java/lang/NoSuchMethodError'{0x00000000ffde7450}: 'int java.lang.invoke.DirectMethodHandle$Holder.invokeStaticInit(java.lang.Object, java.lang.Object)'> (0x00000000ffde7450) 
thrown [s\open\src\hotspot\share\interpreter\linkResolver.cpp, line 759]
Event: 0.618 Thread 0x0000014351dfd790 Exception <a 'java/lang/NoSuchMethodError'{0x00000000ff6c1108}: 'void java.lang.invoke.DirectMethodHandle$Holder.invokeStatic(java.lang.Object, java.lang.Object)'> (0x00000000ff6c1108) 
thrown [s\open\src\hotspot\share\interpreter\linkResolver.cpp, line 759]
Event: 0.644 Thread 0x0000014351dfd790 Exception <a 'java/lang/NoClassDefFoundError'{0x00000000ff578e60}: org/slf4j/impl/StaticMarkerBinder> (0x00000000ff578e60) 
thrown [s\open\src\hotspot\share\classfile\systemDictionary.cpp, line 245]
Event: 0.673 Thread 0x0000014351dfd790 Exception <a 'java/lang/NoSuchMethodError'{0x00000000ff458c68}: 'java.lang.Object java.lang.invoke.Invokers$Holder.invoker(java.lang.Object, java.lang.Object, java.lang.Object)'> (0x00000000ff458c68) 
thrown [s\open\src\hotspot\share\interpreter\linkResolver.cpp, line 759]
Event: 0.675 Thread 0x0000014351dfd790 Exception <a 'java/lang/NoSuchMethodError'{0x00000000ff461dc0}: 'java.lang.Object java.lang.invoke.DirectMethodHandle$Holder.invokeStatic(java.lang.Object, java.lang.Object, int)'> (0x00000000ff461dc0) 
thrown [s\open\src\hotspot\share\interpreter\linkResolver.cpp, line 759]
Event: 0.676 Thread 0x0000014351dfd790 Exception <a 'java/lang/NoSuchMethodError'{0x00000000ff46dab0}: 'void java.lang.invoke.DelegatingMethodHandle$Holder.delegate(java.lang.Object, java.lang.Object, int, java.lang.Object)'> (0x00000000ff46dab0) 
thrown [s\open\src\hotspot\share\interpreter\linkResolver.cpp, line 759]
Event: 0.676 Thread 0x0000014351dfd790 Exception <a 'java/lang/NoSuchMethodError'{0x00000000ff471ae8}: 'int java.lang.invoke.DirectMethodHandle$Holder.invokeSpecial(java.lang.Object, java.lang.Object, java.lang.Object)'> (0x00000000ff471ae8) 
thrown [s\open\src\hotspot\share\interpreter\linkResolver.cpp, line 759]
Event: 0.678 Thread 0x0000014351dfd790 Exception <a 'java/lang/NoSuchMethodError'{0x00000000ff484e60}: 'java.lang.Object java.lang.invoke.Invokers$Holder.invokeExact_MT(java.lang.Object, java.lang.Object, java.lang.Object, java.lang.Object)'> (0x00000000ff484e60) 
thrown [s\open\src\hotspot\share\interpreter\linkResolver.cpp, line 759]
Event: 0.685 Thread 0x0000014351dfd790 Exception <a 'java/lang/NoSuchMethodError'{0x00000000ff4be8f8}: 'java.lang.Object java.lang.invoke.DirectMethodHandle$Holder.invokeVirtual(java.lang.Object, java.lang.Object, java.lang.Object)'> (0x00000000ff4be8f8) 
thrown [s\open\src\hotspot\share\interpreter\linkResolver.cpp, line 759]
Event: 0.755 Thread 0x0000014351dfd790 Exception <a 'java/lang/NoSuchMethodError'{0x00000000fef03f78}: 'java.lang.Object java.lang.invoke.DirectMethodHandle$Holder.newInvokeSpecial(java.lang.Object, java.lang.Object, java.lang.Object, java.lang.Object, java.lang.Object)'> (0x00000000fef03f78) 
thrown [s\open\src\hotspot\share\interpreter\linkResolver.cpp, line 759]
Event: 0.794 Thread 0x0000014351dfd790 Exception <a 'java/lang/NoSuchMethodError'{0x00000000fedd2ba8}: 'void java.lang.invoke.DirectMethodHandle$Holder.invokeSpecial(java.lang.Object, java.lang.Object, java.lang.Object)'> (0x00000000fedd2ba8) 
thrown [s\open\src\hotspot\share\interpreter\linkResolver.cpp, line 759]
Event: 0.800 Thread 0x0000014351dfd790 Implicit null exception at 0x00000143611d2d8f to 0x00000143611d32d0
Event: 0.801 Thread 0x0000014351dfd790 Implicit null exception at 0x00000143611b458f to 0x00000143611b4adc
Event: 0.814 Thread 0x0000014351dfd790 Exception <a 'java/lang/NoSuchMethodError'{0x00000000feb42b00}: 'java.lang.Object java.lang.invoke.DirectMethodHandle$Holder.invokeStaticInit(java.lang.Object)'> (0x00000000feb42b00) 
thrown [s\open\src\hotspot\share\interpreter\linkResolver.cpp, line 759]
Event: 0.837 Thread 0x0000014351dfd790 Exception <a 'java/lang/NoSuchMethodError'{0x00000000febe44f8}: 'int java.lang.invoke.DirectMethodHandle$Holder.invokeVirtual(java.lang.Object, java.lang.Object, java.lang.Object)'> (0x00000000febe44f8) 
thrown [s\open\src\hotspot\share\interpreter\linkResolver.cpp, line 759]
Event: 0.881 Thread 0x0000014351dfd790 Exception <a 'java/lang/NoSuchMethodError'{0x00000000fe5833f0}: 'java.lang.Object java.lang.invoke.DirectMethodHandle$Holder.invokeSpecialIFC(java.lang.Object, java.lang.Object, java.lang.Object, java.lang.Object)'> (0x00000000fe5833f0) 
thrown [s\open\src\hotspot\share\interpreter\linkResolver.cpp, line 759]
Event: 0.916 Thread 0x0000014351dfd790 Exception <a 'java/lang/NoSuchMethodError'{0x00000000fe24cd38}: 'java.lang.Object java.lang.invoke.DirectMethodHandle$Holder.invokeStaticInit(java.lang.Object, int, int, int, int)'> (0x00000000fe24cd38) 
thrown [s\open\src\hotspot\share\interpreter\linkResolver.cpp, line 759]
Event: 0.954 Thread 0x0000014351dfd790 Exception <a 'java/lang/NoSuchMethodError'{0x00000000fe275b20}: 'java.lang.Object java.lang.invoke.DirectMethodHandle$Holder.invokeStaticInit(java.lang.Object, java.lang.Object, int, int, int, int)'> (0x00000000fe275b20) 
thrown [s\open\src\hotspot\share\interpreter\linkResolver.cpp, line 759]
Event: 1.037 Thread 0x0000014351dfd790 Exception <a 'java/lang/NoSuchMethodError'{0x00000000fe2a8660}: 'void java.lang.invoke.DirectMethodHandle$Holder.invokeStatic(java.lang.Object, java.lang.Object, java.lang.Object)'> (0x00000000fe2a8660) 
thrown [s\open\src\hotspot\share\interpreter\linkResolver.cpp, line 759]
Event: 1.059 Thread 0x0000014351dfd790 Implicit null exception at 0x00000143611b0572 to 0x00000143611b0b40

VM Operations (20 events):
Event: 148.102 Executing VM operation: Cleanup
Event: 148.102 Executing VM operation: Cleanup done
Event: 157.187 Executing VM operation: Cleanup
Event: 157.187 Executing VM operation: Cleanup done
Event: 159.195 Executing VM operation: Cleanup
Event: 159.195 Executing VM operation: Cleanup done
Event: 165.228 Executing VM operation: Cleanup
Event: 165.229 Executing VM operation: Cleanup done
Event: 167.234 Executing VM operation: Cleanup
Event: 167.234 Executing VM operation: Cleanup done
Event: 168.238 Executing VM operation: Cleanup
Event: 168.238 Executing VM operation: Cleanup done
Event: 169.250 Executing VM operation: Cleanup
Event: 169.251 Executing VM operation: Cleanup done
Event: 172.293 Executing VM operation: Cleanup
Event: 172.294 Executing VM operation: Cleanup done
Event: 174.312 Executing VM operation: Cleanup
Event: 174.312 Executing VM operation: Cleanup done
Event: 192.462 Executing VM operation: Cleanup
Event: 192.462 Executing VM operation: Cleanup done

Events (20 events):
Event: 111.384 loading class jdk/internal/logger/LazyLoggers$1
Event: 111.384 loading class jdk/internal/logger/LazyLoggers$1 done
Event: 111.384 loading class jdk/internal/logger/LazyLoggers$LazyLoggerFactories
Event: 111.384 loading class jdk/internal/logger/LazyLoggers$LazyLoggerFactories done
Event: 111.385 loading class jdk/internal/logger/LoggerFinderLoader
Event: 111.385 loading class jdk/internal/logger/LoggerFinderLoader done
Event: 111.386 loading class sun/util/logging/internal/LoggingProviderImpl$JULWrapper
Event: 111.386 loading class sun/util/logging/PlatformLogger$ConfigurableBridge$LoggerConfiguration
Event: 111.386 loading class sun/util/logging/PlatformLogger$ConfigurableBridge$LoggerConfiguration done
Event: 111.386 loading class sun/util/logging/internal/LoggingProviderImpl$JULWrapper done
Event: 111.387 loading class java/io/ObjectInputFilter
Event: 111.387 loading class java/io/ObjectInputFilter done
Event: 111.388 loading class java/io/ObjectInputFilter$Config$BuiltinFilterFactory
Event: 111.388 loading class java/io/ObjectInputFilter$Config$BuiltinFilterFactory done
Event: 111.388 loading class jdk/internal/access/JavaObjectInputFilterAccess
Event: 111.388 loading class jdk/internal/access/JavaObjectInputFilterAccess done
Event: 111.389 loading class java/lang/System$Logger$Level
Event: 111.389 loading class java/lang/System$Logger$Level done
Event: 111.389 loading class java/io/Bits
Event: 111.389 loading class java/io/Bits done


Dynamic libraries:
0x00007ff6042d0000 - 0x00007ff6042e0000 	C:\Program Files\Java\jdk-17\bin\java.exe
0x00007ffd476c0000 - 0x00007ffd47923000 	C:\WINDOWS\SYSTEM32\ntdll.dll
0x00007ffd475b0000 - 0x00007ffd47677000 	C:\WINDOWS\System32\KERNEL32.DLL
0x00007ffd44da0000 - 0x00007ffd45167000 	C:\WINDOWS\System32\KERNELBASE.dll
0x00007ffd44a90000 - 0x00007ffd44bdc000 	C:\WINDOWS\System32\ucrtbase.dll
0x00007ffd211b0000 - 0x00007ffd211c9000 	C:\Program Files\Java\jdk-17\bin\jli.dll
0x00007ffd45c80000 - 0x00007ffd45d34000 	C:\WINDOWS\System32\ADVAPI32.dll
0x00007ffd1e760000 - 0x00007ffd1e77b000 	C:\Program Files\Java\jdk-17\bin\VCRUNTIME140.dll
0x00007ffd45f70000 - 0x00007ffd46019000 	C:\WINDOWS\System32\msvcrt.dll
0x00007ffd45500000 - 0x00007ffd455a6000 	C:\WINDOWS\System32\sechost.dll
0x00007ffd45b60000 - 0x00007ffd45c76000 	C:\WINDOWS\System32\RPCRT4.dll
0x00007ffd47160000 - 0x00007ffd47329000 	C:\WINDOWS\System32\USER32.dll
0x00007ffd44a60000 - 0x00007ffd44a87000 	C:\WINDOWS\System32\win32u.dll
0x00007ffd2bcf0000 - 0x00007ffd2bf80000 	C:\WINDOWS\WinSxS\amd64_microsoft.windows.common-controls_6595b64144ccf1df_6.0.26100.3037_none_3e09262ce333c378\COMCTL32.dll
0x00007ffd47330000 - 0x00007ffd4735a000 	C:\WINDOWS\System32\GDI32.dll
0x00007ffd44c70000 - 0x00007ffd44d9b000 	C:\WINDOWS\System32\gdi32full.dll
0x00007ffd452f0000 - 0x00007ffd45393000 	C:\WINDOWS\System32\msvcp_win.dll
0x00007ffd3c9b0000 - 0x00007ffd3c9bb000 	C:\WINDOWS\SYSTEM32\VERSION.dll
0x00007ffd46150000 - 0x00007ffd4617f000 	C:\WINDOWS\System32\IMM32.DLL
0x00007ffd211a0000 - 0x00007ffd211ac000 	C:\Program Files\Java\jdk-17\bin\vcruntime140_1.dll
0x00007ffd1a220000 - 0x00007ffd1a2ae000 	C:\Program Files\Java\jdk-17\bin\msvcp140.dll
0x00007ffcf3450000 - 0x00007ffcf4031000 	C:\Program Files\Java\jdk-17\bin\server\jvm.dll
0x00007ffd45dc0000 - 0x00007ffd45dc8000 	C:\WINDOWS\System32\PSAPI.DLL
0x00007ffd3c970000 - 0x00007ffd3c9a6000 	C:\WINDOWS\SYSTEM32\WINMM.dll
0x00007ffd1a210000 - 0x00007ffd1a21a000 	C:\WINDOWS\SYSTEM32\WSOCK32.dll
0x00007ffd47360000 - 0x00007ffd473d4000 	C:\WINDOWS\System32\WS2_32.dll
0x00007ffd43890000 - 0x00007ffd438aa000 	C:\WINDOWS\SYSTEM32\kernel.appcore.dll
0x00007ffd1a200000 - 0x00007ffd1a20a000 	C:\Program Files\Java\jdk-17\bin\jimage.dll
0x00007ffd424a0000 - 0x00007ffd426e1000 	C:\WINDOWS\SYSTEM32\DBGHELP.DLL
0x00007ffd46d40000 - 0x00007ffd470be000 	C:\WINDOWS\System32\combase.dll
0x00007ffd45780000 - 0x00007ffd45856000 	C:\WINDOWS\System32\OLEAUT32.dll
0x00007ffd12e30000 - 0x00007ffd12e69000 	C:\WINDOWS\SYSTEM32\dbgcore.DLL
0x00007ffd45460000 - 0x00007ffd454f9000 	C:\WINDOWS\System32\bcryptPrimitives.dll
0x00007ffcf50e0000 - 0x00007ffcf5105000 	C:\Program Files\Java\jdk-17\bin\java.dll
0x00007ffcf4080000 - 0x00007ffcf4157000 	C:\Program Files\Java\jdk-17\bin\jsvml.dll
0x00007ffd46630000 - 0x00007ffd46d34000 	C:\WINDOWS\System32\SHELL32.dll
0x00007ffd42740000 - 0x00007ffd42f77000 	C:\WINDOWS\SYSTEM32\windows.storage.dll
0x00007ffd458e0000 - 0x00007ffd459c9000 	C:\WINDOWS\System32\SHCORE.dll
0x00007ffd455b0000 - 0x00007ffd4560d000 	C:\WINDOWS\System32\shlwapi.dll
0x00007ffd44970000 - 0x00007ffd4499e000 	C:\WINDOWS\SYSTEM32\profapi.dll
0x00007ffd1a1e0000 - 0x00007ffd1a1f9000 	C:\Program Files\Java\jdk-17\bin\net.dll
0x00007ffd3d320000 - 0x00007ffd3d43e000 	C:\WINDOWS\SYSTEM32\WINHTTP.dll
0x00007ffd43da0000 - 0x00007ffd43e0a000 	C:\WINDOWS\system32\mswsock.dll
0x00007ffcf50c0000 - 0x00007ffcf50d6000 	C:\Program Files\Java\jdk-17\bin\nio.dll
0x00007ffcf50a0000 - 0x00007ffcf50b8000 	C:\Program Files\Java\jdk-17\bin\zip.dll
0x00007ffd16980000 - 0x00007ffd16990000 	C:\Program Files\Java\jdk-17\bin\verify.dll
0x00007ffcf5070000 - 0x00007ffcf5097000 	C:\Users\Debasis\.gradle\native\c067742578af261105cb4f569cf0c3c89f3d7b1fecec35dd04571415982c5e48\windows-amd64\native-platform.dll
0x00007ffd3f5b0000 - 0x00007ffd3f5ba000 	C:\Users\Debasis\.gradle\native\jansi\1.18\windows64\jansi.dll
0x00007ffcf5060000 - 0x00007ffcf506a000 	C:\Program Files\Java\jdk-17\bin\management.dll
0x00007ffcf5050000 - 0x00007ffcf505b000 	C:\Program Files\Java\jdk-17\bin\management_ext.dll
0x00007ffd44040000 - 0x00007ffd4405c000 	C:\WINDOWS\SYSTEM32\CRYPTSP.dll
0x00007ffd437f0000 - 0x00007ffd43828000 	C:\WINDOWS\system32\rsaenh.dll
0x00007ffd43e40000 - 0x00007ffd43e6b000 	C:\WINDOWS\SYSTEM32\USERENV.dll
0x00007ffd44210000 - 0x00007ffd44236000 	C:\WINDOWS\SYSTEM32\bcrypt.dll
0x00007ffd44060000 - 0x00007ffd4406c000 	C:\WINDOWS\SYSTEM32\CRYPTBASE.dll
0x00007ffd432b0000 - 0x00007ffd432e2000 	C:\WINDOWS\SYSTEM32\IPHLPAPI.DLL
0x00007ffd45610000 - 0x00007ffd4561a000 	C:\WINDOWS\System32\NSI.dll
0x00007ffd3eb60000 - 0x00007ffd3eb7f000 	C:\WINDOWS\SYSTEM32\dhcpcsvc6.DLL
0x00007ffd3ea20000 - 0x00007ffd3ea45000 	C:\WINDOWS\SYSTEM32\dhcpcsvc.DLL
0x00007ffd43340000 - 0x00007ffd43465000 	C:\WINDOWS\SYSTEM32\DNSAPI.dll
0x00007ffd08fd0000 - 0x00007ffd08fde000 	C:\Program Files\Java\jdk-17\bin\sunmscapi.dll
0x00007ffd45170000 - 0x00007ffd452e6000 	C:\WINDOWS\System32\CRYPT32.dll
0x00007ffd441d0000 - 0x00007ffd44200000 	C:\WINDOWS\SYSTEM32\ncrypt.dll
0x00007ffd44180000 - 0x00007ffd441bf000 	C:\WINDOWS\SYSTEM32\NTASN1.dll
0x00007ffd12b00000 - 0x00007ffd12b08000 	C:\WINDOWS\system32\wshunix.dll

dbghelp: loaded successfully - version: 4.0.5 - missing functions: none
symbol engine: initialized successfully - sym options: 0x614 - pdb path: .;C:\Program Files\Java\jdk-17\bin;C:\WINDOWS\SYSTEM32;C:\WINDOWS\WinSxS\amd64_microsoft.windows.common-controls_6595b64144ccf1df_6.0.26100.3037_none_3e09262ce333c378;C:\Program Files\Java\jdk-17\bin\server;C:\Users\Debasis\.gradle\native\c067742578af261105cb4f569cf0c3c89f3d7b1fecec35dd04571415982c5e48\windows-amd64;C:\Users\Debasis\.gradle\native\jansi\1.18\windows64

VM Arguments:
jvm_args: -Xmx64m -Xms64m -Dorg.gradle.appname=gradlew 
java_command: org.gradle.wrapper.GradleWrapperMain assembleRelease
java_class_path (initial): C:\Users\Debasis\Desktop\hesham\faceflip\android\\gradle\wrapper\gradle-wrapper.jar
Launcher Type: SUN_STANDARD

[Global flags]
     intx CICompilerCount                          = 4                                         {product} {ergonomic}
     uint ConcGCThreads                            = 3                                         {product} {ergonomic}
     uint G1ConcRefinementThreads                  = 10                                        {product} {ergonomic}
   size_t G1HeapRegionSize                         = 1048576                                   {product} {ergonomic}
    uintx GCDrainStackTargetSize                   = 64                                        {product} {ergonomic}
   size_t InitialHeapSize                          = 67108864                                  {product} {command line}
   size_t MarkStackSize                            = 4194304                                   {product} {ergonomic}
   size_t MaxHeapSize                              = 67108864                                  {product} {command line}
   size_t MaxNewSize                               = 39845888                                  {product} {ergonomic}
   size_t MinHeapDeltaBytes                        = 1048576                                   {product} {ergonomic}
   size_t MinHeapSize                              = 67108864                                  {product} {command line}
    uintx NonNMethodCodeHeapSize                   = 5839372                                {pd product} {ergonomic}
    uintx NonProfiledCodeHeapSize                  = 122909434                              {pd product} {ergonomic}
    uintx ProfiledCodeHeapSize                     = 122909434                              {pd product} {ergonomic}
    uintx ReservedCodeCacheSize                    = 251658240                              {pd product} {ergonomic}
     bool SegmentedCodeCache                       = true                                      {product} {ergonomic}
   size_t SoftMaxHeapSize                          = 67108864                               {manageable} {ergonomic}
     bool UseCompressedClassPointers               = true                           {product lp64_product} {ergonomic}
     bool UseCompressedOops                        = true                           {product lp64_product} {ergonomic}
     bool UseG1GC                                  = true                                      {product} {ergonomic}
     bool UseLargePagesIndividualAllocation        = false                                  {pd product} {ergonomic}

Logging:
Log output configuration:
 #0: stdout all=warning uptime,level,tags
 #1: stderr all=off uptime,level,tags

Environment Variables:
JAVA_HOME=C:\Program Files\Java\jdk-17
CLASSPATH=C:\Users\Debasis\Desktop\hesham\faceflip\android\\gradle\wrapper\gradle-wrapper.jar
PATH=C:\Python313\Scripts\;C:\Python313\;C:\Program Files\Eclipse Adoptium\jdk-21.0.6.7-hotspot\bin;C:\WINDOWS\system32;C:\WINDOWS;C:\WINDOWS\System32\Wbem;C:\WINDOWS\System32\WindowsPowerShell\v1.0\;C:\WINDOWS\System32\OpenSSH\;C:\Users\Debasis\AppData\Local\android\Sdk\platform-tools;C:\src\flutter\bin;C:\Program Files\Java\jdk-11\bin;C:\Users\deepa\AppData\Roaming\nvm;C:\Program Files\nodejs;C:\Program Files\Docker\Docker\resources\bin;C:\Program Files\PuTTY\;C:\Program Files\nodejs\;C:\ProgramData\chocolatey\bin;C:\Users\Debasis\AppData\Local\Microsoft\WindowsApps;C:\Users\Debasis\AppData\Local\Programs\Git\cmd;C:\Users\Debasis\AppData\Local\Programs\Microsoft VS Code\bin;C:\Users\Debasis\AppData\Local\android\Sdk;C:\Users\Debasis\AppData\Roaming\npm;
USERNAME=Debasis
OS=Windows_NT
PROCESSOR_IDENTIFIER=AMD64 Family 23 Model 104 Stepping 1, AuthenticAMD



---------------  S Y S T E M  ---------------

OS:
 Windows 11 , 64 bit Build 26100 (10.0.26100.3037)
OS uptime: 0 days 0:19 hours
Hyper-V role detected

CPU: total 12 (initial active 12) (12 cores per cpu, 2 threads per core) family 23 model 104 stepping 1 microcode 0x8608103, cx8, cmov, fxsr, ht, mmx, 3dnowpref, sse, sse2, sse3, ssse3, sse4a, sse4.1, sse4.2, popcnt, lzcnt, tsc, tscinvbit, avx, avx2, aes, clmul, bmi1, bmi2, adx, sha, fma, vzeroupper, clflush, clflushopt, hv

Memory: 4k page, system-wide physical 15706M (2703M free)
TotalPageFile size 15706M (AvailPageFile size 6M)
current process WorkingSet (physical memory assigned to process): 106M, peak: 121M
current process commit charge ("private bytes"): 170M, peak: 188M

vm_info: Java HotSpot(TM) 64-Bit Server VM (17.0.9+11-LTS-201) for windows-amd64 JRE (17.0.9+11-LTS-201), built on Oct 10 2023 23:16:06 by "mach5one" with MS VC++ 17.1 (VS2022)

END.
